#
# A fatal error has been detected by the Java Runtime Environment:
#
#  SIGSEGV (0xb) at pc=0x00007ff0447f6134, pid=22214, tid=22215
#
# JRE version: Java(TM) SE Runtime Environment (9.0+152) (build 9-ea+152)
# Java VM: Java HotSpot(TM) 64-Bit Server VM (9-ea+152, mixed mode, tiered, compressed oops, g1 gc, linux-amd64)
# Problematic frame:
# C  [libpcap.so.0.8+0xf134]  pcap_next+0x4
#
# Core dump will be written. Default location: Core dumps may be processed with "/usr/share/apport/apport %p %s %c %P" (or dumping to /home/bruce/Desktop/project1/ns/adapter_demo/adapter_demo/core.22214)
#
# If you would like to submit a bug report, please visit:
#   http://bugreport.java.com/bugreport/crash.jsp
# The crash happened outside the Java Virtual Machine in native code.
# See problematic frame for where to report the bug.
#

---------------  S U M M A R Y ------------

Command Line: -Djava.library.path=. PacketDriverExample

Host: Intel(R) Core(TM) i5-4460  CPU @ 3.20GHz, 4 cores, 7G, Ubuntu 16.04.1 LTS
Time: Fri Feb 10 02:20:33 2017 CST elapsed time: 0 seconds (0d 0h 0m 0s)

---------------  T H R E A D  ---------------

Current thread (0x00007ff090012800):  JavaThread "main" [_thread_in_native, id=22215, stack(0x00007ff0987ae000,0x00007ff0988ae000)]

Stack: [0x00007ff0987ae000,0x00007ff0988ae000],  sp=0x00007ff0988ac920,  free space=1018k
Native frames: (J=compiled Java code, A=aot compiled Java code, j=interpreted, Vv=VM code, C=native code)
C  [libpcap.so.0.8+0xf134]  pcap_next+0x4
j  SimplePacketDriver.readPacket()[B+0
j  PacketDriverExample.main([Ljava/lang/String;)V+79
v  ~StubRoutines::call_stub
V  [libjvm.so+0x837620]  JavaCalls::call_helper(JavaValue*, methodHandle const&, JavaCallArguments*, Thread*)+0x3f0
V  [libjvm.so+0x89083f]  jni_invoke_static(JNIEnv_*, JavaValue*, _jobject*, JNICallType, _jmethodID*, JNI_ArgumentPusher*, Thread*) [clone .isra.88]+0x21f
V  [libjvm.so+0x89d3ae]  jni_CallStaticVoidMethod+0x14e
C  [libjli.so+0x3c52]  JavaMain+0x812
C  [libpthread.so.0+0x76ba]  start_thread+0xca

Java frames: (J=compiled Java code, j=interpreted, Vv=VM code)
j  SimplePacketDriver.readPacket()[B+0
j  PacketDriverExample.main([Ljava/lang/String;)V+79
v  ~StubRoutines::call_stub

siginfo: si_signo: 11 (SIGSEGV), si_code: 1 (SEGV_MAPERR), si_addr: 0x0000000000000260

Register to memory mapping:

RAX=0x0000000000000000 is an unknown value
RBX={method} {0x00007ff07456bef0} 'readPacket' '()[B' in 'SimplePacketDriver'
RCX=0x00007ff097b8e6fd: __write+0x000000000000002d in /lib/x86_64-linux-gnu/libc.so.6 at 0x00007ff097a98000
RDX=0x00007ff0988ac980 is pointing into the stack for thread: 0x00007ff090012800
RSP=0x00007ff0988ac920 is pointing into the stack for thread: 0x00007ff090012800
RBP=0x00007ff0988ac9a0 is pointing into the stack for thread: 0x00007ff090012800
RSI=0x00007ff0988ac980 is pointing into the stack for thread: 0x00007ff090012800
RDI=0x0000000000000000 is an unknown value
R8 =0x00007ff090000228 is an unknown value
R9 =0x0000000000000000 is an unknown value
R10=0x0000000000000077 is an unknown value
R11=0x00007ff0447f6130: pcap_next+0x0000000000000000 in /usr/lib/x86_64-linux-gnu/libpcap.so.0.8 at 0x00007ff0447e7000
R12=0x0000000000000000 is an unknown value
R13={method} {0x00007ff07456bef0} 'readPacket' '()[B' in 'SimplePacketDriver'
R14=0x00007ff0988aca20 is pointing into the stack for thread: 0x00007ff090012800
R15=0x00007ff090012800 is a thread


Registers:
RAX=0x0000000000000000, RBX=0x00007ff07456bef0, RCX=0x00007ff097b8e6fd, RDX=0x00007ff0988ac980
RSP=0x00007ff0988ac920, RBP=0x00007ff0988ac9a0, RSI=0x00007ff0988ac980, RDI=0x0000000000000000
R8 =0x00007ff090000228, R9 =0x0000000000000000, R10=0x0000000000000077, R11=0x00007ff0447f6130
R12=0x0000000000000000, R13=0x00007ff07456bef0, R14=0x00007ff0988aca20, R15=0x00007ff090012800
RIP=0x00007ff0447f6134, EFLAGS=0x0000000000010202, CSGSFS=0x0000000000000033, ERR=0x0000000000000004
  TRAPNO=0x000000000000000e

Top of Stack: (sp=0x00007ff0988ac920)
0x00007ff0988ac920:   0000000000000000 00007ff090000228
0x00007ff0988ac930:   0000000000000000 00007ff097b077fa
0x00007ff0988ac940:   00007ff07456bef0 00007ff090265dc0
0x00007ff0988ac950:   0000000000000002 00007ff044c430b5 

Instructions: (pc=0x00007ff0447f6134)
0x00007ff0447f6114:   e0 90 66 2e 0f 1f 84 00 00 00 00 00 eb ee 0f 1f
0x00007ff0447f6124:   40 00 66 2e 0f 1f 84 00 00 00 00 00 48 83 ec 38
0x00007ff0447f6134:   48 8b 97 60 02 00 00 64 48 8b 04 25 28 00 00 00
0x00007ff0447f6144:   48 89 44 24 28 31 c0 48 8d 4c 24 10 48 8d 44 24 


---------------  P R O C E S S  ---------------

Java Threads: ( => current thread )
  0x00007ff09024f800 JavaThread "Service Thread" daemon [_thread_blocked, id=22236, stack(0x00007ff044f46000,0x00007ff045047000)]
  0x00007ff090177800 JavaThread "Common-Cleaner" daemon [_thread_blocked, id=22235, stack(0x00007ff045047000,0x00007ff045148000)]
  0x00007ff090163000 JavaThread "Sweeper thread" daemon [_thread_blocked, id=22234, stack(0x00007ff04556f000,0x00007ff045670000)]
  0x00007ff090161800 JavaThread "C1 CompilerThread2" daemon [_thread_blocked, id=22233, stack(0x00007ff045670000,0x00007ff045771000)]
  0x00007ff09015f800 JavaThread "C2 CompilerThread1" daemon [_thread_blocked, id=22232, stack(0x00007ff045771000,0x00007ff045872000)]
  0x00007ff09015d800 JavaThread "C2 CompilerThread0" daemon [_thread_blocked, id=22231, stack(0x00007ff045872000,0x00007ff045973000)]
  0x00007ff09015b800 JavaThread "Signal Dispatcher" daemon [_thread_blocked, id=22230, stack(0x00007ff045973000,0x00007ff045a74000)]
  0x00007ff090144800 JavaThread "Finalizer" daemon [_thread_blocked, id=22229, stack(0x00007ff045eff000,0x00007ff046000000)]
  0x00007ff09013e800 JavaThread "Reference Handler" daemon [_thread_blocked, id=22228, stack(0x00007ff04c03e000,0x00007ff04c13f000)]
=>0x00007ff090012800 JavaThread "main" [_thread_in_native, id=22215, stack(0x00007ff0987ae000,0x00007ff0988ae000)]

Other Threads:
  0x00007ff090130800 VMThread "VM Thread" [stack: 0x00007ff04c140000,0x00007ff04c240000] [id=22227]
  0x00007ff09025a800 WatcherThread [stack: 0x00007ff044e46000,0x00007ff044f46000] [id=22237]
  0x00007ff090029800 GCTaskThread "GC Thread#0" [stack: 0x00007ff094eae000,0x00007ff094fae000] [id=22216]
  0x00007ff09002b000 GCTaskThread "GC Thread#1" [stack: 0x00007ff094dad000,0x00007ff094ead000] [id=22217]
  0x00007ff09002d000 GCTaskThread "GC Thread#2" [stack: 0x00007ff094cac000,0x00007ff094dac000] [id=22218]
  0x00007ff09002e800 GCTaskThread "GC Thread#3" [stack: 0x00007ff094bab000,0x00007ff094cab000] [id=22219]
  0x00007ff09005d000 ConcurrentGCThread "G1 Main Marker" [stack: 0x00007ff0941a1000,0x00007ff0942a1000] [id=22225]
  0x00007ff09005f000 ConcurrentGCThread "G1 Marker#0" [stack: 0x00007ff0940a0000,0x00007ff0941a0000] [id=22226]
  0x00007ff090036000 ConcurrentGCThread "G1 Refine#0" [stack: 0x00007ff0943a3000,0x00007ff0944a3000] [id=22223]
  0x00007ff090034000 ConcurrentGCThread "G1 Refine#1" [stack: 0x00007ff0944a4000,0x00007ff0945a4000] [id=22222]
  0x00007ff090032800 ConcurrentGCThread "G1 Refine#2" [stack: 0x00007ff0945a5000,0x00007ff0946a5000] [id=22221]
  0x00007ff090030800 ConcurrentGCThread "G1 Refine#3" [stack: 0x00007ff0946a6000,0x00007ff0947a6000] [id=22220]
  0x00007ff090037800 ConcurrentGCThread "G1 Young RemSet Sampling" [stack: 0x00007ff0942a2000,0x00007ff0943a2000] [id=22224]

Threads with active compile tasks:

VM state:not at safepoint (normal execution)

VM Mutex/Monitor currently owned by a thread: None

Heap address: 0x0000000084800000, size: 1976 MB, Compressed Oops mode: 32-bit
Narrow klass base: 0x0000000000000000, Narrow klass shift: 3
Compressed class space size: 1073741824 Address: 0x0000000100000000

Heap:
 garbage-first heap   total 126976K, used 2048K [0x0000000084800000, 0x00000000849003e0, 0x0000000100000000)
  region size 1024K, 3 young (3072K), 0 survivors (0K)
 Metaspace       used 5280K, capacity 5388K, committed 5632K, reserved 1056768K
  class space    used 453K, capacity 490K, committed 512K, reserved 1048576K
Heap Regions: E=young(eden), S=young(survivor), O=old, HS=humongous(starts), HC=humongous(continues), CS=collection set, F=free, A=archive, TS=gc time stamp, AC=allocation context, TAMS=top-at-mark-start (previous, next)
|   0|0x0000000084800000, 0x0000000084800000, 0x0000000084900000|  0%| F|  |TS  0|AC  0|TAMS 0x0000000084800000, 0x0000000084800000|
|   1|0x0000000084900000, 0x0000000084900000, 0x0000000084a00000|  0%| F|  |TS  0|AC  0|TAMS 0x0000000084900000, 0x0000000084900000|
|   2|0x0000000084a00000, 0x0000000084a00000, 0x0000000084b00000|  0%| F|  |TS  0|AC  0|TAMS 0x0000000084a00000, 0x0000000084a00000|
|   3|0x0000000084b00000, 0x0000000084b00000, 0x0000000084c00000|  0%| F|  |TS  0|AC  0|TAMS 0x0000000084b00000, 0x0000000084b00000|
|   4|0x0000000084c00000, 0x0000000084c00000, 0x0000000084d00000|  0%| F|  |TS  0|AC  0|TAMS 0x0000000084c00000, 0x0000000084c00000|
|   5|0x0000000084d00000, 0x0000000084d00000, 0x0000000084e00000|  0%| F|  |TS  0|AC  0|TAMS 0x0000000084d00000, 0x0000000084d00000|
|   6|0x0000000084e00000, 0x0000000084e00000, 0x0000000084f00000|  0%| F|  |TS  0|AC  0|TAMS 0x0000000084e00000, 0x0000000084e00000|
|   7|0x0000000084f00000, 0x0000000084f00000, 0x0000000085000000|  0%| F|  |TS  0|AC  0|TAMS 0x0000000084f00000, 0x0000000084f00000|
|   8|0x0000000085000000, 0x0000000085000000, 0x0000000085100000|  0%| F|  |TS  0|AC  0|TAMS 0x0000000085000000, 0x0000000085000000|
|   9|0x0000000085100000, 0x0000000085100000, 0x0000000085200000|  0%| F|  |TS  0|AC  0|TAMS 0x0000000085100000, 0x0000000085100000|
|  10|0x0000000085200000, 0x0000000085200000, 0x0000000085300000|  0%| F|  |TS  0|AC  0|TAMS 0x0000000085200000, 0x0000000085200000|
|  11|0x0000000085300000, 0x0000000085300000, 0x0000000085400000|  0%| F|  |TS  0|AC  0|TAMS 0x0000000085300000, 0x0000000085300000|
|  12|0x0000000085400000, 0x0000000085400000, 0x0000000085500000|  0%| F|  |TS  0|AC  0|TAMS 0x0000000085400000, 0x0000000085400000|
|  13|0x0000000085500000, 0x0000000085500000, 0x0000000085600000|  0%| F|  |TS  0|AC  0|TAMS 0x0000000085500000, 0x0000000085500000|
|  14|0x0000000085600000, 0x0000000085600000, 0x0000000085700000|  0%| F|  |TS  0|AC  0|TAMS 0x0000000085600000, 0x0000000085600000|
|  15|0x0000000085700000, 0x0000000085700000, 0x0000000085800000|  0%| F|  |TS  0|AC  0|TAMS 0x0000000085700000, 0x0000000085700000|
|  16|0x0000000085800000, 0x0000000085800000, 0x0000000085900000|  0%| F|  |TS  0|AC  0|TAMS 0x0000000085800000, 0x0000000085800000|
|  17|0x0000000085900000, 0x0000000085900000, 0x0000000085a00000|  0%| F|  |TS  0|AC  0|TAMS 0x0000000085900000, 0x0000000085900000|
|  18|0x0000000085a00000, 0x0000000085a00000, 0x0000000085b00000|  0%| F|  |TS  0|AC  0|TAMS 0x0000000085a00000, 0x0000000085a00000|
|  19|0x0000000085b00000, 0x0000000085b00000, 0x0000000085c00000|  0%| F|  |TS  0|AC  0|TAMS 0x0000000085b00000, 0x0000000085b00000|
|  20|0x0000000085c00000, 0x0000000085c00000, 0x0000000085d00000|  0%| F|  |TS  0|AC  0|TAMS 0x0000000085c00000, 0x0000000085c00000|
|  21|0x0000000085d00000, 0x0000000085d00000, 0x0000000085e00000|  0%| F|  |TS  0|AC  0|TAMS 0x0000000085d00000, 0x0000000085d00000|
|  22|0x0000000085e00000, 0x0000000085e00000, 0x0000000085f00000|  0%| F|  |TS  0|AC  0|TAMS 0x0000000085e00000, 0x0000000085e00000|
|  23|0x0000000085f00000, 0x0000000085f00000, 0x0000000086000000|  0%| F|  |TS  0|AC  0|TAMS 0x0000000085f00000, 0x0000000085f00000|
|  24|0x0000000086000000, 0x0000000086000000, 0x0000000086100000|  0%| F|  |TS  0|AC  0|TAMS 0x0000000086000000, 0x0000000086000000|
|  25|0x0000000086100000, 0x0000000086100000, 0x0000000086200000|  0%| F|  |TS  0|AC  0|TAMS 0x0000000086100000, 0x0000000086100000|
|  26|0x0000000086200000, 0x0000000086200000, 0x0000000086300000|  0%| F|  |TS  0|AC  0|TAMS 0x0000000086200000, 0x0000000086200000|
|  27|0x0000000086300000, 0x0000000086300000, 0x0000000086400000|  0%| F|  |TS  0|AC  0|TAMS 0x0000000086300000, 0x0000000086300000|
|  28|0x0000000086400000, 0x0000000086400000, 0x0000000086500000|  0%| F|  |TS  0|AC  0|TAMS 0x0000000086400000, 0x0000000086400000|
|  29|0x0000000086500000, 0x0000000086500000, 0x0000000086600000|  0%| F|  |TS  0|AC  0|TAMS 0x0000000086500000, 0x0000000086500000|
|  30|0x0000000086600000, 0x0000000086600000, 0x0000000086700000|  0%| F|  |TS  0|AC  0|TAMS 0x0000000086600000, 0x0000000086600000|
|  31|0x0000000086700000, 0x0000000086700000, 0x0000000086800000|  0%| F|  |TS  0|AC  0|TAMS 0x0000000086700000, 0x0000000086700000|
|  32|0x0000000086800000, 0x0000000086800000, 0x0000000086900000|  0%| F|  |TS  0|AC  0|TAMS 0x0000000086800000, 0x0000000086800000|
|  33|0x0000000086900000, 0x0000000086900000, 0x0000000086a00000|  0%| F|  |TS  0|AC  0|TAMS 0x0000000086900000, 0x0000000086900000|
|  34|0x0000000086a00000, 0x0000000086a00000, 0x0000000086b00000|  0%| F|  |TS  0|AC  0|TAMS 0x0000000086a00000, 0x0000000086a00000|
|  35|0x0000000086b00000, 0x0000000086b00000, 0x0000000086c00000|  0%| F|  |TS  0|AC  0|TAMS 0x0000000086b00000, 0x0000000086b00000|
|  36|0x0000000086c00000, 0x0000000086c00000, 0x0000000086d00000|  0%| F|  |TS  0|AC  0|TAMS 0x0000000086c00000, 0x0000000086c00000|
|  37|0x0000000086d00000, 0x0000000086d00000, 0x0000000086e00000|  0%| F|  |TS  0|AC  0|TAMS 0x0000000086d00000, 0x0000000086d00000|
|  38|0x0000000086e00000, 0x0000000086e00000, 0x0000000086f00000|  0%| F|  |TS  0|AC  0|TAMS 0x0000000086e00000, 0x0000000086e00000|
|  39|0x0000000086f00000, 0x0000000086f00000, 0x0000000087000000|  0%| F|  |TS  0|AC  0|TAMS 0x0000000086f00000, 0x0000000086f00000|
|  40|0x0000000087000000, 0x0000000087000000, 0x0000000087100000|  0%| F|  |TS  0|AC  0|TAMS 0x0000000087000000, 0x0000000087000000|
|  41|0x0000000087100000, 0x0000000087100000, 0x0000000087200000|  0%| F|  |TS  0|AC  0|TAMS 0x0000000087100000, 0x0000000087100000|
|  42|0x0000000087200000, 0x0000000087200000, 0x0000000087300000|  0%| F|  |TS  0|AC  0|TAMS 0x0000000087200000, 0x0000000087200000|
|  43|0x0000000087300000, 0x0000000087300000, 0x0000000087400000|  0%| F|  |TS  0|AC  0|TAMS 0x0000000087300000, 0x0000000087300000|
|  44|0x0000000087400000, 0x0000000087400000, 0x0000000087500000|  0%| F|  |TS  0|AC  0|TAMS 0x0000000087400000, 0x0000000087400000|
|  45|0x0000000087500000, 0x0000000087500000, 0x0000000087600000|  0%| F|  |TS  0|AC  0|TAMS 0x0000000087500000, 0x0000000087500000|
|  46|0x0000000087600000, 0x0000000087600000, 0x0000000087700000|  0%| F|  |TS  0|AC  0|TAMS 0x0000000087600000, 0x0000000087600000|
|  47|0x0000000087700000, 0x0000000087700000, 0x0000000087800000|  0%| F|  |TS  0|AC  0|TAMS 0x0000000087700000, 0x0000000087700000|
|  48|0x0000000087800000, 0x0000000087800000, 0x0000000087900000|  0%| F|  |TS  0|AC  0|TAMS 0x0000000087800000, 0x0000000087800000|
|  49|0x0000000087900000, 0x0000000087900000, 0x0000000087a00000|  0%| F|  |TS  0|AC  0|TAMS 0x0000000087900000, 0x0000000087900000|
|  50|0x0000000087a00000, 0x0000000087a00000, 0x0000000087b00000|  0%| F|  |TS  0|AC  0|TAMS 0x0000000087a00000, 0x0000000087a00000|
|  51|0x0000000087b00000, 0x0000000087b00000, 0x0000000087c00000|  0%| F|  |TS  0|AC  0|TAMS 0x0000000087b00000, 0x0000000087b00000|
|  52|0x0000000087c00000, 0x0000000087c00000, 0x0000000087d00000|  0%| F|  |TS  0|AC  0|TAMS 0x0000000087c00000, 0x0000000087c00000|
|  53|0x0000000087d00000, 0x0000000087d00000, 0x0000000087e00000|  0%| F|  |TS  0|AC  0|TAMS 0x0000000087d00000, 0x0000000087d00000|
|  54|0x0000000087e00000, 0x0000000087e00000, 0x0000000087f00000|  0%| F|  |TS  0|AC  0|TAMS 0x0000000087e00000, 0x0000000087e00000|
|  55|0x0000000087f00000, 0x0000000087f00000, 0x0000000088000000|  0%| F|  |TS  0|AC  0|TAMS 0x0000000087f00000, 0x0000000087f00000|
|  56|0x0000000088000000, 0x0000000088000000, 0x0000000088100000|  0%| F|  |TS  0|AC  0|TAMS 0x0000000088000000, 0x0000000088000000|
|  57|0x0000000088100000, 0x0000000088100000, 0x0000000088200000|  0%| F|  |TS  0|AC  0|TAMS 0x0000000088100000, 0x0000000088100000|
|  58|0x0000000088200000, 0x0000000088200000, 0x0000000088300000|  0%| F|  |TS  0|AC  0|TAMS 0x0000000088200000, 0x0000000088200000|
|  59|0x0000000088300000, 0x0000000088300000, 0x0000000088400000|  0%| F|  |TS  0|AC  0|TAMS 0x0000000088300000, 0x0000000088300000|
|  60|0x0000000088400000, 0x0000000088400000, 0x0000000088500000|  0%| F|  |TS  0|AC  0|TAMS 0x0000000088400000, 0x0000000088400000|
|  61|0x0000000088500000, 0x0000000088500000, 0x0000000088600000|  0%| F|  |TS  0|AC  0|TAMS 0x0000000088500000, 0x0000000088500000|
|  62|0x0000000088600000, 0x0000000088600000, 0x0000000088700000|  0%| F|  |TS  0|AC  0|TAMS 0x0000000088600000, 0x0000000088600000|
|  63|0x0000000088700000, 0x0000000088700000, 0x0000000088800000|  0%| F|  |TS  0|AC  0|TAMS 0x0000000088700000, 0x0000000088700000|
|  64|0x0000000088800000, 0x0000000088800000, 0x0000000088900000|  0%| F|  |TS  0|AC  0|TAMS 0x0000000088800000, 0x0000000088800000|
|  65|0x0000000088900000, 0x0000000088900000, 0x0000000088a00000|  0%| F|  |TS  0|AC  0|TAMS 0x0000000088900000, 0x0000000088900000|
|  66|0x0000000088a00000, 0x0000000088a00000, 0x0000000088b00000|  0%| F|  |TS  0|AC  0|TAMS 0x0000000088a00000, 0x0000000088a00000|
|  67|0x0000000088b00000, 0x0000000088b00000, 0x0000000088c00000|  0%| F|  |TS  0|AC  0|TAMS 0x0000000088b00000, 0x0000000088b00000|
|  68|0x0000000088c00000, 0x0000000088c00000, 0x0000000088d00000|  0%| F|  |TS  0|AC  0|TAMS 0x0000000088c00000, 0x0000000088c00000|
|  69|0x0000000088d00000, 0x0000000088d00000, 0x0000000088e00000|  0%| F|  |TS  0|AC  0|TAMS 0x0000000088d00000, 0x0000000088d00000|
|  70|0x0000000088e00000, 0x0000000088e00000, 0x0000000088f00000|  0%| F|  |TS  0|AC  0|TAMS 0x0000000088e00000, 0x0000000088e00000|
|  71|0x0000000088f00000, 0x0000000088f00000, 0x0000000089000000|  0%| F|  |TS  0|AC  0|TAMS 0x0000000088f00000, 0x0000000088f00000|
|  72|0x0000000089000000, 0x0000000089000000, 0x0000000089100000|  0%| F|  |TS  0|AC  0|TAMS 0x0000000089000000, 0x0000000089000000|
|  73|0x0000000089100000, 0x0000000089100000, 0x0000000089200000|  0%| F|  |TS  0|AC  0|TAMS 0x0000000089100000, 0x0000000089100000|
|  74|0x0000000089200000, 0x0000000089200000, 0x0000000089300000|  0%| F|  |TS  0|AC  0|TAMS 0x0000000089200000, 0x0000000089200000|
|  75|0x0000000089300000, 0x0000000089300000, 0x0000000089400000|  0%| F|  |TS  0|AC  0|TAMS 0x0000000089300000, 0x0000000089300000|
|  76|0x0000000089400000, 0x0000000089400000, 0x0000000089500000|  0%| F|  |TS  0|AC  0|TAMS 0x0000000089400000, 0x0000000089400000|
|  77|0x0000000089500000, 0x0000000089500000, 0x0000000089600000|  0%| F|  |TS  0|AC  0|TAMS 0x0000000089500000, 0x0000000089500000|
|  78|0x0000000089600000, 0x0000000089600000, 0x0000000089700000|  0%| F|  |TS  0|AC  0|TAMS 0x0000000089600000, 0x0000000089600000|
|  79|0x0000000089700000, 0x0000000089700000, 0x0000000089800000|  0%| F|  |TS  0|AC  0|TAMS 0x0000000089700000, 0x0000000089700000|
|  80|0x0000000089800000, 0x0000000089800000, 0x0000000089900000|  0%| F|  |TS  0|AC  0|TAMS 0x0000000089800000, 0x0000000089800000|
|  81|0x0000000089900000, 0x0000000089900000, 0x0000000089a00000|  0%| F|  |TS  0|AC  0|TAMS 0x0000000089900000, 0x0000000089900000|
|  82|0x0000000089a00000, 0x0000000089a00000, 0x0000000089b00000|  0%| F|  |TS  0|AC  0|TAMS 0x0000000089a00000, 0x0000000089a00000|
|  83|0x0000000089b00000, 0x0000000089b00000, 0x0000000089c00000|  0%| F|  |TS  0|AC  0|TAMS 0x0000000089b00000, 0x0000000089b00000|
|  84|0x0000000089c00000, 0x0000000089c00000, 0x0000000089d00000|  0%| F|  |TS  0|AC  0|TAMS 0x0000000089c00000, 0x0000000089c00000|
|  85|0x0000000089d00000, 0x0000000089d00000, 0x0000000089e00000|  0%| F|  |TS  0|AC  0|TAMS 0x0000000089d00000, 0x0000000089d00000|
|  86|0x0000000089e00000, 0x0000000089e00000, 0x0000000089f00000|  0%| F|  |TS  0|AC  0|TAMS 0x0000000089e00000, 0x0000000089e00000|
|  87|0x0000000089f00000, 0x0000000089f00000, 0x000000008a000000|  0%| F|  |TS  0|AC  0|TAMS 0x0000000089f00000, 0x0000000089f00000|
|  88|0x000000008a000000, 0x000000008a000000, 0x000000008a100000|  0%| F|  |TS  0|AC  0|TAMS 0x000000008a000000, 0x000000008a000000|
|  89|0x000000008a100000, 0x000000008a100000, 0x000000008a200000|  0%| F|  |TS  0|AC  0|TAMS 0x000000008a100000, 0x000000008a100000|
|  90|0x000000008a200000, 0x000000008a200000, 0x000000008a300000|  0%| F|  |TS  0|AC  0|TAMS 0x000000008a200000, 0x000000008a200000|
|  91|0x000000008a300000, 0x000000008a300000, 0x000000008a400000|  0%| F|  |TS  0|AC  0|TAMS 0x000000008a300000, 0x000000008a300000|
|  92|0x000000008a400000, 0x000000008a400000, 0x000000008a500000|  0%| F|  |TS  0|AC  0|TAMS 0x000000008a400000, 0x000000008a400000|
|  93|0x000000008a500000, 0x000000008a500000, 0x000000008a600000|  0%| F|  |TS  0|AC  0|TAMS 0x000000008a500000, 0x000000008a500000|
|  94|0x000000008a600000, 0x000000008a600000, 0x000000008a700000|  0%| F|  |TS  0|AC  0|TAMS 0x000000008a600000, 0x000000008a600000|
|  95|0x000000008a700000, 0x000000008a700000, 0x000000008a800000|  0%| F|  |TS  0|AC  0|TAMS 0x000000008a700000, 0x000000008a700000|
|  96|0x000000008a800000, 0x000000008a800000, 0x000000008a900000|  0%| F|  |TS  0|AC  0|TAMS 0x000000008a800000, 0x000000008a800000|
|  97|0x000000008a900000, 0x000000008a900000, 0x000000008aa00000|  0%| F|  |TS  0|AC  0|TAMS 0x000000008a900000, 0x000000008a900000|
|  98|0x000000008aa00000, 0x000000008aa00000, 0x000000008ab00000|  0%| F|  |TS  0|AC  0|TAMS 0x000000008aa00000, 0x000000008aa00000|
|  99|0x000000008ab00000, 0x000000008ab00000, 0x000000008ac00000|  0%| F|  |TS  0|AC  0|TAMS 0x000000008ab00000, 0x000000008ab00000|
| 100|0x000000008ac00000, 0x000000008ac00000, 0x000000008ad00000|  0%| F|  |TS  0|AC  0|TAMS 0x000000008ac00000, 0x000000008ac00000|
| 101|0x000000008ad00000, 0x000000008ad00000, 0x000000008ae00000|  0%| F|  |TS  0|AC  0|TAMS 0x000000008ad00000, 0x000000008ad00000|
| 102|0x000000008ae00000, 0x000000008ae00000, 0x000000008af00000|  0%| F|  |TS  0|AC  0|TAMS 0x000000008ae00000, 0x000000008ae00000|
| 103|0x000000008af00000, 0x000000008af00000, 0x000000008b000000|  0%| F|  |TS  0|AC  0|TAMS 0x000000008af00000, 0x000000008af00000|
| 104|0x000000008b000000, 0x000000008b000000, 0x000000008b100000|  0%| F|  |TS  0|AC  0|TAMS 0x000000008b000000, 0x000000008b000000|
| 105|0x000000008b100000, 0x000000008b100000, 0x000000008b200000|  0%| F|  |TS  0|AC  0|TAMS 0x000000008b100000, 0x000000008b100000|
| 106|0x000000008b200000, 0x000000008b200000, 0x000000008b300000|  0%| F|  |TS  0|AC  0|TAMS 0x000000008b200000, 0x000000008b200000|
| 107|0x000000008b300000, 0x000000008b300000, 0x000000008b400000|  0%| F|  |TS  0|AC  0|TAMS 0x000000008b300000, 0x000000008b300000|
| 108|0x000000008b400000, 0x000000008b400000, 0x000000008b500000|  0%| F|  |TS  0|AC  0|TAMS 0x000000008b400000, 0x000000008b400000|
| 109|0x000000008b500000, 0x000000008b500000, 0x000000008b600000|  0%| F|  |TS  0|AC  0|TAMS 0x000000008b500000, 0x000000008b500000|
| 110|0x000000008b600000, 0x000000008b600000, 0x000000008b700000|  0%| F|  |TS  0|AC  0|TAMS 0x000000008b600000, 0x000000008b600000|
| 111|0x000000008b700000, 0x000000008b700000, 0x000000008b800000|  0%| F|  |TS  0|AC  0|TAMS 0x000000008b700000, 0x000000008b700000|
| 112|0x000000008b800000, 0x000000008b800000, 0x000000008b900000|  0%| F|  |TS  0|AC  0|TAMS 0x000000008b800000, 0x000000008b800000|
| 113|0x000000008b900000, 0x000000008b900000, 0x000000008ba00000|  0%| F|  |TS  0|AC  0|TAMS 0x000000008b900000, 0x000000008b900000|
| 114|0x000000008ba00000, 0x000000008ba00000, 0x000000008bb00000|  0%| F|  |TS  0|AC  0|TAMS 0x000000008ba00000, 0x000000008ba00000|
| 115|0x000000008bb00000, 0x000000008bb00000, 0x000000008bc00000|  0%| F|  |TS  0|AC  0|TAMS 0x000000008bb00000, 0x000000008bb00000|
| 116|0x000000008bc00000, 0x000000008bc00000, 0x000000008bd00000|  0%| F|  |TS  0|AC  0|TAMS 0x000000008bc00000, 0x000000008bc00000|
| 117|0x000000008bd00000, 0x000000008bd00000, 0x000000008be00000|  0%| F|  |TS  0|AC  0|TAMS 0x000000008bd00000, 0x000000008bd00000|
| 118|0x000000008be00000, 0x000000008be00000, 0x000000008bf00000|  0%| F|  |TS  0|AC  0|TAMS 0x000000008be00000, 0x000000008be00000|
| 119|0x000000008bf00000, 0x000000008bf00000, 0x000000008c000000|  0%| F|  |TS  0|AC  0|TAMS 0x000000008bf00000, 0x000000008bf00000|
| 120|0x000000008c000000, 0x000000008c000000, 0x000000008c100000|  0%| F|  |TS  0|AC  0|TAMS 0x000000008c000000, 0x000000008c000000|
| 121|0x000000008c100000, 0x000000008c1482f8, 0x000000008c200000| 28%| E|  |TS  0|AC  0|TAMS 0x000000008c100000, 0x000000008c100000|
| 122|0x000000008c200000, 0x000000008c300000, 0x000000008c300000|100%| E|CS|TS  0|AC  0|TAMS 0x000000008c200000, 0x000000008c200000|
| 123|0x000000008c300000, 0x000000008c400000, 0x000000008c400000|100%| E|CS|TS  0|AC  0|TAMS 0x000000008c300000, 0x000000008c300000|

Card table byte_map: [0x00007ff07514a000,0x00007ff075526000] byte_map_base: 0x00007ff074d26000

Marking Bits (Prev, Next): (CMBitMap*) 0x00007ff09005c3e0, (CMBitMap*) 0x00007ff09005c418
 Prev Bits: [0x00007ff04e120000, 0x00007ff050000000)
 Next Bits: [0x00007ff04c240000, 0x00007ff04e120000)

Polling page: 0x00007ff0988cc000

CodeHeap 'non-profiled nmethods': size=120032Kb used=86Kb max_used=86Kb free=119945Kb
 bounds [0x00007ff07d7a6000, 0x00007ff07da16000, 0x00007ff084cde000]
CodeHeap 'profiled nmethods': size=120032Kb used=355Kb max_used=355Kb free=119676Kb
 bounds [0x00007ff07626e000, 0x00007ff0764de000, 0x00007ff07d7a6000]
CodeHeap 'non-nmethods': size=5696Kb used=1170Kb max_used=1180Kb free=4525Kb
 bounds [0x00007ff075cde000, 0x00007ff075f4e000, 0x00007ff07626e000]
 total_blobs=671 nmethods=289 adapters=222
 compilation: enabled

Compilation events (10 events):
Event: 0.152 Thread 0x00007ff090161800 nmethod 283 0x00007ff0762c2890 code [0x00007ff0762c2ae0, 0x00007ff0762c36b8]
Event: 0.152 Thread 0x00007ff090161800  256       3       java.lang.reflect.Modifier::isStatic (13 bytes)
Event: 0.152 Thread 0x00007ff090161800 nmethod 256 0x00007ff0762c3a10 code [0x00007ff0762c3bc0, 0x00007ff0762c3d50]
Event: 0.152 Thread 0x00007ff090161800  285       3       java.lang.Class::isLocalOrAnonymousClass (5 bytes)
Event: 0.152 Thread 0x00007ff090161800 nmethod 285 0x00007ff0762c3e10 code [0x00007ff0762c3fe0, 0x00007ff0762c4238]
Event: 0.152 Thread 0x00007ff090161800  286       3       jdk.internal.org.objectweb.asm.Item::isEqualTo (354 bytes)
Event: 0.153 Thread 0x00007ff090161800 nmethod 286 0x00007ff0762c4310 code [0x00007ff0762c4580, 0x00007ff0762c5248]
Event: 0.153 Thread 0x00007ff090161800  287       3       java.lang.invoke.MemberName::getReferenceKind (12 bytes)
Event: 0.153 Thread 0x00007ff090161800 nmethod 287 0x00007ff0762c5590 code [0x00007ff0762c5740, 0x00007ff0762c58b0]
Event: 0.153 Thread 0x00007ff090161800  288       3       jdk.internal.org.objectweb.asm.MethodWriter::visitVarInsn (292 bytes)

GC Heap History (0 events):
No events

Deoptimization events (1 events):
Event: 0.111 Thread 0x00007ff090012800 Uncommon trap: reason=unstable_if action=reinterpret pc=0x00007ff07d7af7a8 method=java.lang.StringLatin1.replace([BCC)Ljava/lang/String; @ 19

Classes redefined (0 events):
No events

Internal exceptions (0 events):
No events

Events (10 events):
Event: 0.141 loading class java/lang/invoke/MethodHandles$1
Event: 0.141 loading class java/lang/invoke/MethodHandles$1 done
Event: 0.141 loading class java/lang/invoke/BoundMethodHandle$Species_L6I
Event: 0.141 loading class java/lang/invoke/BoundMethodHandle$Species_L6I done
Event: 0.142 loading class sun/invoke/util/ValueConversions$WrapperCache
Event: 0.142 loading class sun/invoke/util/ValueConversions$WrapperCache done
Event: 0.142 loading class java/lang/invoke/BoundMethodHandle$Species_L6II
Event: 0.142 loading class java/lang/invoke/BoundMethodHandle$Species_L6II done
Event: 0.151 loading class java/lang/invoke/BoundMethodHandle$Species_L6IIL
Event: 0.151 loading class java/lang/invoke/BoundMethodHandle$Species_L6IIL done


Dynamic libraries:
00400000-00401000 r-xp 00000000 08:07 8523896                            /usr/lib/jvm/java-9-oracle/bin/java
00600000-00601000 rw-p 00000000 08:07 8523896                            /usr/lib/jvm/java-9-oracle/bin/java
01fa4000-01fc5000 rw-p 00000000 00:00 0                                  [heap]
84800000-8c400000 rw-p 00000000 00:00 0 
8c400000-100000000 ---p 00000000 00:00 0 
100000000-100080000 rw-p 00000000 00:00 0 
100080000-140000000 ---p 00000000 00:00 0 
7ff014000000-7ff014021000 rw-p 00000000 00:00 0 
7ff014021000-7ff018000000 ---p 00000000 00:00 0 
7ff018000000-7ff018021000 rw-p 00000000 00:00 0 
7ff018021000-7ff01c000000 ---p 00000000 00:00 0 
7ff01c000000-7ff01c021000 rw-p 00000000 00:00 0 
7ff01c021000-7ff020000000 ---p 00000000 00:00 0 
7ff020000000-7ff020021000 rw-p 00000000 00:00 0 
7ff020021000-7ff024000000 ---p 00000000 00:00 0 
7ff024000000-7ff02408b000 rw-p 00000000 00:00 0 
7ff02408b000-7ff028000000 ---p 00000000 00:00 0 
7ff028000000-7ff0281b3000 rw-p 00000000 00:00 0 
7ff0281b3000-7ff02c000000 ---p 00000000 00:00 0 
7ff02c000000-7ff02c021000 rw-p 00000000 00:00 0 
7ff02c021000-7ff030000000 ---p 00000000 00:00 0 
7ff030000000-7ff0300d9000 rw-p 00000000 00:00 0 
7ff0300d9000-7ff034000000 ---p 00000000 00:00 0 
7ff034000000-7ff034021000 rw-p 00000000 00:00 0 
7ff034021000-7ff038000000 ---p 00000000 00:00 0 
7ff038000000-7ff038021000 rw-p 00000000 00:00 0 
7ff038021000-7ff03c000000 ---p 00000000 00:00 0 
7ff03c000000-7ff03c021000 rw-p 00000000 00:00 0 
7ff03c021000-7ff040000000 ---p 00000000 00:00 0 
7ff040000000-7ff040021000 rw-p 00000000 00:00 0 
7ff040021000-7ff044000000 ---p 00000000 00:00 0 
7ff0444bd000-7ff0447e7000 rw-p 00000000 00:00 0 
7ff0447e7000-7ff044825000 r-xp 00000000 08:07 8135357                    /usr/lib/x86_64-linux-gnu/libpcap.so.1.7.4
7ff044825000-7ff044a25000 ---p 0003e000 08:07 8135357                    /usr/lib/x86_64-linux-gnu/libpcap.so.1.7.4
7ff044a25000-7ff044a27000 r--p 0003e000 08:07 8135357                    /usr/lib/x86_64-linux-gnu/libpcap.so.1.7.4
7ff044a27000-7ff044a28000 rw-p 00040000 08:07 8135357                    /usr/lib/x86_64-linux-gnu/libpcap.so.1.7.4
7ff044a28000-7ff044a29000 rw-p 00000000 00:00 0 
7ff044a29000-7ff044a3f000 r-xp 00000000 08:07 8139177                    /usr/lib/x86_64-linux-gnu/libnet.so.1.7.0
7ff044a3f000-7ff044c3e000 ---p 00016000 08:07 8139177                    /usr/lib/x86_64-linux-gnu/libnet.so.1.7.0
7ff044c3e000-7ff044c3f000 r--p 00015000 08:07 8139177                    /usr/lib/x86_64-linux-gnu/libnet.so.1.7.0
7ff044c3f000-7ff044c40000 rw-p 00016000 08:07 8139177                    /usr/lib/x86_64-linux-gnu/libnet.so.1.7.0
7ff044c40000-7ff044c42000 rw-p 00000000 00:00 0 
7ff044c42000-7ff044c44000 r-xp 00000000 08:07 14030299                   /home/bruce/Desktop/project1/ns/adapter_demo/adapter_demo/libsimplepacketdriver_x64.so
7ff044c44000-7ff044e43000 ---p 00002000 08:07 14030299                   /home/bruce/Desktop/project1/ns/adapter_demo/adapter_demo/libsimplepacketdriver_x64.so
7ff044e43000-7ff044e44000 r--p 00001000 08:07 14030299                   /home/bruce/Desktop/project1/ns/adapter_demo/adapter_demo/libsimplepacketdriver_x64.so
7ff044e44000-7ff044e45000 rw-p 00002000 08:07 14030299                   /home/bruce/Desktop/project1/ns/adapter_demo/adapter_demo/libsimplepacketdriver_x64.so
7ff044e45000-7ff044e46000 ---p 00000000 00:00 0 
7ff044e46000-7ff044f46000 rw-p 00000000 00:00 0 
7ff044f46000-7ff044f4a000 ---p 00000000 00:00 0 
7ff044f4a000-7ff045047000 rw-p 00000000 00:00 0 
7ff045047000-7ff04504b000 ---p 00000000 00:00 0 
7ff04504b000-7ff045148000 rw-p 00000000 00:00 0 
7ff045148000-7ff04515e000 r-xp 00000000 08:07 8523984                    /usr/lib/jvm/java-9-oracle/lib/libnet.so
7ff04515e000-7ff04535d000 ---p 00016000 08:07 8523984                    /usr/lib/jvm/java-9-oracle/lib/libnet.so
7ff04535d000-7ff04535e000 rw-p 00015000 08:07 8523984                    /usr/lib/jvm/java-9-oracle/lib/libnet.so
7ff04535e000-7ff04536e000 r-xp 00000000 08:07 8524022                    /usr/lib/jvm/java-9-oracle/lib/libnio.so
7ff04536e000-7ff04556e000 ---p 00010000 08:07 8524022                    /usr/lib/jvm/java-9-oracle/lib/libnio.so
7ff04556e000-7ff04556f000 rw-p 00010000 08:07 8524022                    /usr/lib/jvm/java-9-oracle/lib/libnio.so
7ff04556f000-7ff045573000 ---p 00000000 00:00 0 
7ff045573000-7ff045670000 rw-p 00000000 00:00 0 
7ff045670000-7ff045674000 ---p 00000000 00:00 0 
7ff045674000-7ff045771000 rw-p 00000000 00:00 0 
7ff045771000-7ff045775000 ---p 00000000 00:00 0 
7ff045775000-7ff045872000 rw-p 00000000 00:00 0 
7ff045872000-7ff045876000 ---p 00000000 00:00 0 
7ff045876000-7ff045973000 rw-p 00000000 00:00 0 
7ff045973000-7ff045977000 ---p 00000000 00:00 0 
7ff045977000-7ff045a74000 rw-p 00000000 00:00 0 
7ff045a74000-7ff045eff000 r--p 00000000 08:07 8127381                    /usr/lib/locale/locale-archive
7ff045eff000-7ff045f03000 ---p 00000000 00:00 0 
7ff045f03000-7ff046000000 rw-p 00000000 00:00 0 
7ff046000000-7ff048000000 rwxp 00000000 00:00 0 
7ff048000000-7ff048021000 rw-p 00000000 00:00 0 
7ff048021000-7ff04c000000 ---p 00000000 00:00 0 
7ff04c03e000-7ff04c042000 ---p 00000000 00:00 0 
7ff04c042000-7ff04c13f000 rw-p 00000000 00:00 0 
7ff04c13f000-7ff04c140000 ---p 00000000 00:00 0 
7ff04c140000-7ff04c430000 rw-p 00000000 00:00 0 
7ff04c430000-7ff04e120000 ---p 00000000 00:00 0 
7ff04e120000-7ff04e310000 rw-p 00000000 00:00 0 
7ff04e310000-7ff050000000 ---p 00000000 00:00 0 
7ff050000000-7ff050021000 rw-p 00000000 00:00 0 
7ff050021000-7ff054000000 ---p 00000000 00:00 0 
7ff054000000-7ff054021000 rw-p 00000000 00:00 0 
7ff054021000-7ff058000000 ---p 00000000 00:00 0 
7ff058000000-7ff058021000 rw-p 00000000 00:00 0 
7ff058021000-7ff05c000000 ---p 00000000 00:00 0 
7ff05c000000-7ff05c021000 rw-p 00000000 00:00 0 
7ff05c021000-7ff060000000 ---p 00000000 00:00 0 
7ff060000000-7ff060021000 rw-p 00000000 00:00 0 
7ff060021000-7ff064000000 ---p 00000000 00:00 0 
7ff064000000-7ff064021000 rw-p 00000000 00:00 0 
7ff064021000-7ff068000000 ---p 00000000 00:00 0 
7ff068000000-7ff068021000 rw-p 00000000 00:00 0 
7ff068021000-7ff06c000000 ---p 00000000 00:00 0 
7ff06c000000-7ff06c021000 rw-p 00000000 00:00 0 
7ff06c021000-7ff070000000 ---p 00000000 00:00 0 
7ff070000000-7ff070021000 rw-p 00000000 00:00 0 
7ff070021000-7ff074000000 ---p 00000000 00:00 0 
7ff0740c3000-7ff07466a000 rw-p 00000000 00:00 0 
7ff07466a000-7ff07496a000 ---p 00000000 00:00 0 
7ff07496a000-7ff074dac000 rw-p 00000000 00:00 0 
7ff074dac000-7ff07514a000 ---p 00000000 00:00 0 
7ff07514a000-7ff075188000 rw-p 00000000 00:00 0 
7ff075188000-7ff075902000 ---p 00000000 00:00 0 
7ff075902000-7ff075940000 rw-p 00000000 00:00 0 
7ff075940000-7ff075cde000 ---p 00000000 00:00 0 
7ff075cde000-7ff075f4e000 rwxp 00000000 00:00 0 
7ff075f4e000-7ff07626e000 ---p 00000000 00:00 0 
7ff07626e000-7ff0764de000 rwxp 00000000 00:00 0 
7ff0764de000-7ff07d7a6000 ---p 00000000 00:00 0 
7ff07d7a6000-7ff07da16000 rwxp 00000000 00:00 0 
7ff07da16000-7ff084cde000 ---p 00000000 00:00 0 
7ff084cde000-7ff090000000 r--s 00000000 08:07 8523942                    /usr/lib/jvm/java-9-oracle/lib/modules
7ff090000000-7ff0902bf000 rw-p 00000000 00:00 0 
7ff0902bf000-7ff094000000 ---p 00000000 00:00 0 
7ff09401c000-7ff09409f000 rw-p 00000000 00:00 0 
7ff09409f000-7ff0940a0000 ---p 00000000 00:00 0 
7ff0940a0000-7ff0941a0000 rw-p 00000000 00:00 0 
7ff0941a0000-7ff0941a1000 ---p 00000000 00:00 0 
7ff0941a1000-7ff0942a1000 rw-p 00000000 00:00 0 
7ff0942a1000-7ff0942a2000 ---p 00000000 00:00 0 
7ff0942a2000-7ff0943a2000 rw-p 00000000 00:00 0 
7ff0943a2000-7ff0943a3000 ---p 00000000 00:00 0 
7ff0943a3000-7ff0944a3000 rw-p 00000000 00:00 0 
7ff0944a3000-7ff0944a4000 ---p 00000000 00:00 0 
7ff0944a4000-7ff0945a4000 rw-p 00000000 00:00 0 
7ff0945a4000-7ff0945a5000 ---p 00000000 00:00 0 
7ff0945a5000-7ff0946a5000 rw-p 00000000 00:00 0 
7ff0946a5000-7ff0946a6000 ---p 00000000 00:00 0 
7ff0946a6000-7ff094baa000 rw-p 00000000 00:00 0 
7ff094baa000-7ff094bab000 ---p 00000000 00:00 0 
7ff094bab000-7ff094cab000 rw-p 00000000 00:00 0 
7ff094cab000-7ff094cac000 ---p 00000000 00:00 0 
7ff094cac000-7ff094dac000 rw-p 00000000 00:00 0 
7ff094dac000-7ff094dad000 ---p 00000000 00:00 0 
7ff094dad000-7ff094ead000 rw-p 00000000 00:00 0 
7ff094ead000-7ff094eae000 ---p 00000000 00:00 0 
7ff094eae000-7ff094fb3000 rw-p 00000000 00:00 0 
7ff094fb3000-7ff095099000 ---p 00000000 00:00 0 
7ff095099000-7ff09509e000 rw-p 00000000 00:00 0 
7ff09509e000-7ff095184000 ---p 00000000 00:00 0 
7ff095184000-7ff09519e000 r-xp 00000000 08:07 8523964                    /usr/lib/jvm/java-9-oracle/lib/libjimage.so
7ff09519e000-7ff09539d000 ---p 0001a000 08:07 8523964                    /usr/lib/jvm/java-9-oracle/lib/libjimage.so
7ff09539d000-7ff09539f000 rw-p 00019000 08:07 8523964                    /usr/lib/jvm/java-9-oracle/lib/libjimage.so
7ff09539f000-7ff0953b1000 rw-p 00000000 00:00 0 
7ff0953b1000-7ff0953b8000 r-xp 00000000 08:07 8523976                    /usr/lib/jvm/java-9-oracle/lib/libzip.so
7ff0953b8000-7ff0955b7000 ---p 00007000 08:07 8523976                    /usr/lib/jvm/java-9-oracle/lib/libzip.so
7ff0955b7000-7ff0955b8000 rw-p 00006000 08:07 8523976                    /usr/lib/jvm/java-9-oracle/lib/libzip.so
7ff0955b8000-7ff0955c3000 r-xp 00000000 08:07 9180675                    /lib/x86_64-linux-gnu/libnss_files-2.23.so
7ff0955c3000-7ff0957c2000 ---p 0000b000 08:07 9180675                    /lib/x86_64-linux-gnu/libnss_files-2.23.so
7ff0957c2000-7ff0957c3000 r--p 0000a000 08:07 9180675                    /lib/x86_64-linux-gnu/libnss_files-2.23.so
7ff0957c3000-7ff0957c4000 rw-p 0000b000 08:07 9180675                    /lib/x86_64-linux-gnu/libnss_files-2.23.so
7ff0957c4000-7ff0957ca000 rw-p 00000000 00:00 0 
7ff0957ca000-7ff0957d5000 r-xp 00000000 08:07 9180660                    /lib/x86_64-linux-gnu/libnss_nis-2.23.so
7ff0957d5000-7ff0959d4000 ---p 0000b000 08:07 9180660                    /lib/x86_64-linux-gnu/libnss_nis-2.23.so
7ff0959d4000-7ff0959d5000 r--p 0000a000 08:07 9180660                    /lib/x86_64-linux-gnu/libnss_nis-2.23.so
7ff0959d5000-7ff0959d6000 rw-p 0000b000 08:07 9180660                    /lib/x86_64-linux-gnu/libnss_nis-2.23.so
7ff0959d6000-7ff0959ec000 r-xp 00000000 08:07 9180671                    /lib/x86_64-linux-gnu/libnsl-2.23.so
7ff0959ec000-7ff095beb000 ---p 00016000 08:07 9180671                    /lib/x86_64-linux-gnu/libnsl-2.23.so
7ff095beb000-7ff095bec000 r--p 00015000 08:07 9180671                    /lib/x86_64-linux-gnu/libnsl-2.23.so
7ff095bec000-7ff095bed000 rw-p 00016000 08:07 9180671                    /lib/x86_64-linux-gnu/libnsl-2.23.so
7ff095bed000-7ff095bef000 rw-p 00000000 00:00 0 
7ff095bef000-7ff095bf7000 r-xp 00000000 08:07 9180672                    /lib/x86_64-linux-gnu/libnss_compat-2.23.so
7ff095bf7000-7ff095df6000 ---p 00008000 08:07 9180672                    /lib/x86_64-linux-gnu/libnss_compat-2.23.so
7ff095df6000-7ff095df7000 r--p 00007000 08:07 9180672                    /lib/x86_64-linux-gnu/libnss_compat-2.23.so
7ff095df7000-7ff095df8000 rw-p 00008000 08:07 9180672                    /lib/x86_64-linux-gnu/libnss_compat-2.23.so
7ff095df8000-7ff095e22000 r-xp 00000000 08:07 8523961                    /usr/lib/jvm/java-9-oracle/lib/libjava.so
7ff095e22000-7ff096022000 ---p 0002a000 08:07 8523961                    /usr/lib/jvm/java-9-oracle/lib/libjava.so
7ff096022000-7ff096024000 rw-p 0002a000 08:07 8523961                    /usr/lib/jvm/java-9-oracle/lib/libjava.so
7ff096024000-7ff096031000 r-xp 00000000 08:07 8523985                    /usr/lib/jvm/java-9-oracle/lib/libverify.so
7ff096031000-7ff096230000 ---p 0000d000 08:07 8523985                    /usr/lib/jvm/java-9-oracle/lib/libverify.so
7ff096230000-7ff096232000 rw-p 0000c000 08:07 8523985                    /usr/lib/jvm/java-9-oracle/lib/libverify.so
7ff096232000-7ff096239000 r-xp 00000000 08:07 9180659                    /lib/x86_64-linux-gnu/librt-2.23.so
7ff096239000-7ff096438000 ---p 00007000 08:07 9180659                    /lib/x86_64-linux-gnu/librt-2.23.so
7ff096438000-7ff096439000 r--p 00006000 08:07 9180659                    /lib/x86_64-linux-gnu/librt-2.23.so
7ff096439000-7ff09643a000 rw-p 00007000 08:07 9180659                    /lib/x86_64-linux-gnu/librt-2.23.so
7ff09643a000-7ff096542000 r-xp 00000000 08:07 9180669                    /lib/x86_64-linux-gnu/libm-2.23.so
7ff096542000-7ff096741000 ---p 00108000 08:07 9180669                    /lib/x86_64-linux-gnu/libm-2.23.so
7ff096741000-7ff096742000 r--p 00107000 08:07 9180669                    /lib/x86_64-linux-gnu/libm-2.23.so
7ff096742000-7ff096743000 rw-p 00108000 08:07 9180669                    /lib/x86_64-linux-gnu/libm-2.23.so
7ff096743000-7ff09772a000 r-xp 00000000 08:07 8916613                    /usr/lib/jvm/java-9-oracle/lib/server/libjvm.so
7ff09772a000-7ff097929000 ---p 00fe7000 08:07 8916613                    /usr/lib/jvm/java-9-oracle/lib/server/libjvm.so
7ff097929000-7ff0979f9000 r--p 00fe6000 08:07 8916613                    /usr/lib/jvm/java-9-oracle/lib/server/libjvm.so
7ff0979f9000-7ff097a30000 rw-p 010b6000 08:07 8916613                    /usr/lib/jvm/java-9-oracle/lib/server/libjvm.so
7ff097a30000-7ff097a98000 rw-p 00000000 00:00 0 
7ff097a98000-7ff097c57000 r-xp 00000000 08:07 9180664                    /lib/x86_64-linux-gnu/libc-2.23.so
7ff097c57000-7ff097e57000 ---p 001bf000 08:07 9180664                    /lib/x86_64-linux-gnu/libc-2.23.so
7ff097e57000-7ff097e5b000 r--p 001bf000 08:07 9180664                    /lib/x86_64-linux-gnu/libc-2.23.so
7ff097e5b000-7ff097e5d000 rw-p 001c3000 08:07 9180664                    /lib/x86_64-linux-gnu/libc-2.23.so
7ff097e5d000-7ff097e61000 rw-p 00000000 00:00 0 
7ff097e61000-7ff097e64000 r-xp 00000000 08:07 9180663                    /lib/x86_64-linux-gnu/libdl-2.23.so
7ff097e64000-7ff098063000 ---p 00003000 08:07 9180663                    /lib/x86_64-linux-gnu/libdl-2.23.so
7ff098063000-7ff098064000 r--p 00002000 08:07 9180663                    /lib/x86_64-linux-gnu/libdl-2.23.so
7ff098064000-7ff098065000 rw-p 00003000 08:07 9180663                    /lib/x86_64-linux-gnu/libdl-2.23.so
7ff098065000-7ff098073000 r-xp 00000000 08:07 8523941                    /usr/lib/jvm/java-9-oracle/lib/jli/libjli.so
7ff098073000-7ff098272000 ---p 0000e000 08:07 8523941                    /usr/lib/jvm/java-9-oracle/lib/jli/libjli.so
7ff098272000-7ff098273000 rw-p 0000d000 08:07 8523941                    /usr/lib/jvm/java-9-oracle/lib/jli/libjli.so
7ff098273000-7ff09828b000 r-xp 00000000 08:07 9180670                    /lib/x86_64-linux-gnu/libpthread-2.23.so
7ff09828b000-7ff09848a000 ---p 00018000 08:07 9180670                    /lib/x86_64-linux-gnu/libpthread-2.23.so
7ff09848a000-7ff09848b000 r--p 00017000 08:07 9180670                    /lib/x86_64-linux-gnu/libpthread-2.23.so
7ff09848b000-7ff09848c000 rw-p 00018000 08:07 9180670                    /lib/x86_64-linux-gnu/libpthread-2.23.so
7ff09848c000-7ff098490000 rw-p 00000000 00:00 0 
7ff098490000-7ff0984a9000 r-xp 00000000 08:07 9179708                    /lib/x86_64-linux-gnu/libz.so.1.2.8
7ff0984a9000-7ff0986a8000 ---p 00019000 08:07 9179708                    /lib/x86_64-linux-gnu/libz.so.1.2.8
7ff0986a8000-7ff0986a9000 r--p 00018000 08:07 9179708                    /lib/x86_64-linux-gnu/libz.so.1.2.8
7ff0986a9000-7ff0986aa000 rw-p 00019000 08:07 9179708                    /lib/x86_64-linux-gnu/libz.so.1.2.8
7ff0986aa000-7ff0986d0000 r-xp 00000000 08:07 9179472                    /lib/x86_64-linux-gnu/ld-2.23.so
7ff0986ef000-7ff0987ad000 rw-p 00000000 00:00 0 
7ff0987ad000-7ff0987b2000 ---p 00000000 00:00 0 
7ff0987b2000-7ff0988b2000 rw-p 00000000 00:00 0 
7ff0988b6000-7ff0988bc000 rw-p 00000000 00:00 0 
7ff0988bc000-7ff0988c3000 ---p 00000000 00:00 0 
7ff0988c3000-7ff0988cb000 rw-s 00000000 08:07 15335433                   /tmp/hsperfdata_bruce/22214
7ff0988cb000-7ff0988cc000 rw-p 00000000 00:00 0 
7ff0988cc000-7ff0988cd000 r--p 00000000 00:00 0 
7ff0988cd000-7ff0988cf000 rw-p 00000000 00:00 0 
7ff0988cf000-7ff0988d0000 r--p 00025000 08:07 9179472                    /lib/x86_64-linux-gnu/ld-2.23.so
7ff0988d0000-7ff0988d1000 rw-p 00026000 08:07 9179472                    /lib/x86_64-linux-gnu/ld-2.23.so
7ff0988d1000-7ff0988d2000 rw-p 00000000 00:00 0 
7ffc1a363000-7ffc1a384000 rw-p 00000000 00:00 0                          [stack]
7ffc1a3f8000-7ffc1a3fa000 r--p 00000000 00:00 0                          [vvar]
7ffc1a3fa000-7ffc1a3fc000 r-xp 00000000 00:00 0                          [vdso]
ffffffffff600000-ffffffffff601000 r-xp 00000000 00:00 0                  [vsyscall]

VM Arguments:
jvm_args: -Djava.library.path=. 
java_command: PacketDriverExample
java_class_path (initial): .
Launcher Type: SUN_STANDARD

Logging:
Log output configuration:
#0: stdout all=warning uptime,level,tags
#1: stderr all=off uptime,level,tags

Environment Variables:
JAVA_HOME=/usr/lib/jvm/java-7-oracle/jre/bin/java
PATH=/usr/local/sbin:/usr/local/bin:/usr/sbin:/usr/bin:/sbin:/bin:/usr/games:/usr/local/games
SHELL=/bin/bash
DISPLAY=:0

Signal Handlers:
SIGSEGV: [libjvm.so+0xd33e60], sa_mask[0]=11111111011111111101111111111110, sa_flags=SA_RESTART|SA_SIGINFO
SIGBUS: [libjvm.so+0xd33e60], sa_mask[0]=11111111011111111101111111111110, sa_flags=SA_RESTART|SA_SIGINFO
SIGFPE: [libjvm.so+0xd33e60], sa_mask[0]=11111111011111111101111111111110, sa_flags=SA_RESTART|SA_SIGINFO
SIGPIPE: [libjvm.so+0xb4a250], sa_mask[0]=11111111011111111101111111111110, sa_flags=SA_RESTART|SA_SIGINFO
SIGXFSZ: [libjvm.so+0xb4a250], sa_mask[0]=11111111011111111101111111111110, sa_flags=SA_RESTART|SA_SIGINFO
SIGILL: [libjvm.so+0xd33e60], sa_mask[0]=11111111011111111101111111111110, sa_flags=SA_RESTART|SA_SIGINFO
SIGUSR2: [libjvm.so+0xb4a110], sa_mask[0]=00000000000000000000000000000000, sa_flags=SA_RESTART|SA_SIGINFO
SIGHUP: [libjvm.so+0xb4a320], sa_mask[0]=11111111011111111101111111111110, sa_flags=SA_RESTART|SA_SIGINFO
SIGINT: [libjvm.so+0xb4a320], sa_mask[0]=11111111011111111101111111111110, sa_flags=SA_RESTART|SA_SIGINFO
SIGTERM: [libjvm.so+0xb4a320], sa_mask[0]=11111111011111111101111111111110, sa_flags=SA_RESTART|SA_SIGINFO
SIGQUIT: [libjvm.so+0xb4a320], sa_mask[0]=11111111011111111101111111111110, sa_flags=SA_RESTART|SA_SIGINFO


---------------  S Y S T E M  ---------------

OS:DISTRIB_ID=Ubuntu
DISTRIB_RELEASE=16.04
DISTRIB_CODENAME=xenial
DISTRIB_DESCRIPTION="Ubuntu 16.04.1 LTS"
uname:Linux 4.4.0-62-generic #83-Ubuntu SMP Wed Jan 18 14:10:15 UTC 2017 x86_64
libc:glibc 2.23 NPTL 2.23 
rlimit: STACK 8192k, CORE 0k, NPROC 31179, NOFILE 65536, AS infinity
load average:1.49 0.86 0.62

/proc/meminfo:
MemTotal:        8088296 kB
MemFree:          240564 kB
MemAvailable:    3827564 kB
Buffers:          128580 kB
Cached:          4633108 kB
SwapCached:            0 kB
Active:          4586812 kB
Inactive:        2895348 kB
Active(anon):    2816700 kB
Inactive(anon):   970112 kB
Active(file):    1770112 kB
Inactive(file):  1925236 kB
Unevictable:         504 kB
Mlocked:             504 kB
SwapTotal:             0 kB
SwapFree:              0 kB
Dirty:              5516 kB
Writeback:             0 kB
AnonPages:       2720996 kB
Mapped:          1066756 kB
Shmem:           1066144 kB
Slab:             239296 kB
SReclaimable:     196596 kB
SUnreclaim:        42700 kB
KernelStack:       12256 kB
PageTables:        48088 kB
NFS_Unstable:          0 kB
Bounce:                0 kB
WritebackTmp:          0 kB
CommitLimit:     4044148 kB
Committed_AS:   10314880 kB
VmallocTotal:   34359738367 kB
VmallocUsed:           0 kB
VmallocChunk:          0 kB
HardwareCorrupted:     0 kB
AnonHugePages:   1230848 kB
CmaTotal:              0 kB
CmaFree:               0 kB
HugePages_Total:       0
HugePages_Free:        0
HugePages_Rsvd:        0
HugePages_Surp:        0
Hugepagesize:       2048 kB
DirectMap4k:      161112 kB
DirectMap2M:     6043648 kB
DirectMap1G:     2097152 kB


CPU:total 4 (initial active 4) (4 cores per cpu, 1 threads per core) family 6 model 60 stepping 3, cmov, cx8, fxsr, mmx, sse, sse2, sse3, ssse3, sse4.1, sse4.2, popcnt, avx, avx2, aes, clmul, erms, lzcnt, tsc, tscinvbit, bmi1, bmi2, fma
CPU Model and flags from /proc/cpuinfo:
model name	: Intel(R) Core(TM) i5-4460  CPU @ 3.20GHz
flags		: fpu vme de pse tsc msr pae mce cx8 apic sep mtrr pge mca cmov pat pse36 clflush dts acpi mmx fxsr sse sse2 ss ht tm pbe syscall nx pdpe1gb rdtscp lm constant_tsc arch_perfmon pebs bts rep_good nopl xtopology nonstop_tsc aperfmperf eagerfpu pni pclmulqdq dtes64 monitor ds_cpl vmx est tm2 ssse3 sdbg fma cx16 xtpr pdcm pcid sse4_1 sse4_2 x2apic movbe popcnt tsc_deadline_timer aes xsave avx f16c rdrand lahf_lm abm epb tpr_shadow vnmi flexpriority ept vpid fsgsbase tsc_adjust bmi1 avx2 smep bmi2 erms invpcid xsaveopt dtherm ida arat pln pts

Memory: 4k page, physical 8088296k(240564k free), swap 0k(0k free)

vm_info: Java HotSpot(TM) 64-Bit Server VM (9-ea+152) for linux-amd64 JRE (9-ea+152), built on Jan 11 2017 17:54:22 by "javare" with gcc 4.9.2

END.
