#
# A fatal error has been detected by the Java Runtime Environment:
#
#  SIGSEGV (0xb) at pc=0x00007f5041287134, pid=3136, tid=3137
#
# JRE version: Java(TM) SE Runtime Environment (9.0+152) (build 9-ea+152)
# Java VM: Java HotSpot(TM) 64-Bit Server VM (9-ea+152, mixed mode, tiered, compressed oops, g1 gc, linux-amd64)
# Problematic frame:
# C  [libpcap.so.0.8+0xf134]  pcap_next+0x4
#
# Core dump will be written. Default location: Core dumps may be processed with "/usr/share/apport/apport %p %s %c %P" (or dumping to /home/bruce/Desktop/project1/ns/adapter_demo/adapter_demo/core.3136)
#
# If you would like to submit a bug report, please visit:
#   http://bugreport.java.com/bugreport/crash.jsp
# The crash happened outside the Java Virtual Machine in native code.
# See problematic frame for where to report the bug.
#

---------------  S U M M A R Y ------------

Command Line: -Djava.library.path=. PacketDriverExample

Host: Intel(R) Core(TM) i5-4460  CPU @ 3.20GHz, 4 cores, 7G, Ubuntu 16.04.1 LTS
Time: Tue Feb 14 20:11:33 2017 CST elapsed time: 0 seconds (0d 0h 0m 0s)

---------------  T H R E A D  ---------------

Current thread (0x00007f508c012800):  JavaThread "main" [_thread_in_native, id=3137, stack(0x00007f5095228000,0x00007f5095328000)]

Stack: [0x00007f5095228000,0x00007f5095328000],  sp=0x00007f5095326920,  free space=1018k
Native frames: (J=compiled Java code, A=aot compiled Java code, j=interpreted, Vv=VM code, C=native code)
C  [libpcap.so.0.8+0xf134]  pcap_next+0x4
j  SimplePacketDriver.readPacket()[B+0
j  PacketDriverExample.main([Ljava/lang/String;)V+79
v  ~StubRoutines::call_stub
V  [libjvm.so+0x837620]  JavaCalls::call_helper(JavaValue*, methodHandle const&, JavaCallArguments*, Thread*)+0x3f0
V  [libjvm.so+0x89083f]  jni_invoke_static(JNIEnv_*, JavaValue*, _jobject*, JNICallType, _jmethodID*, JNI_ArgumentPusher*, Thread*) [clone .isra.88]+0x21f
V  [libjvm.so+0x89d3ae]  jni_CallStaticVoidMethod+0x14e
C  [libjli.so+0x3c52]  JavaMain+0x812
C  [libpthread.so.0+0x76ba]  start_thread+0xca

Java frames: (J=compiled Java code, j=interpreted, Vv=VM code)
j  SimplePacketDriver.readPacket()[B+0
j  PacketDriverExample.main([Ljava/lang/String;)V+79
v  ~StubRoutines::call_stub

siginfo: si_signo: 11 (SIGSEGV), si_code: 1 (SEGV_MAPERR), si_addr: 0x0000000000000260

Register to memory mapping:

RAX=0x0000000000000000 is an unknown value
RBX={method} {0x00007f5070ffeef0} 'readPacket' '()[B' in 'SimplePacketDriver'
RCX=0x00007f50946096fd: __write+0x000000000000002d in /lib/x86_64-linux-gnu/libc.so.6 at 0x00007f5094513000
RDX=0x00007f5095326980 is pointing into the stack for thread: 0x00007f508c012800
RSP=0x00007f5095326920 is pointing into the stack for thread: 0x00007f508c012800
RBP=0x00007f50953269a0 is pointing into the stack for thread: 0x00007f508c012800
RSI=0x00007f5095326980 is pointing into the stack for thread: 0x00007f508c012800
RDI=0x0000000000000000 is an unknown value
R8 =0x00007f508c000228 is an unknown value
R9 =0x0000000000000000 is an unknown value
R10=0x0000000000000077 is an unknown value
R11=0x00007f5041287130: pcap_next+0x0000000000000000 in /usr/lib/x86_64-linux-gnu/libpcap.so.0.8 at 0x00007f5041278000
R12=0x0000000000000000 is an unknown value
R13={method} {0x00007f5070ffeef0} 'readPacket' '()[B' in 'SimplePacketDriver'
R14=0x00007f5095326a20 is pointing into the stack for thread: 0x00007f508c012800
R15=0x00007f508c012800 is a thread


Registers:
RAX=0x0000000000000000, RBX=0x00007f5070ffeef0, RCX=0x00007f50946096fd, RDX=0x00007f5095326980
RSP=0x00007f5095326920, RBP=0x00007f50953269a0, RSI=0x00007f5095326980, RDI=0x0000000000000000
R8 =0x00007f508c000228, R9 =0x0000000000000000, R10=0x0000000000000077, R11=0x00007f5041287130
R12=0x0000000000000000, R13=0x00007f5070ffeef0, R14=0x00007f5095326a20, R15=0x00007f508c012800
RIP=0x00007f5041287134, EFLAGS=0x0000000000010202, CSGSFS=0x0000000000000033, ERR=0x0000000000000004
  TRAPNO=0x000000000000000e

Top of Stack: (sp=0x00007f5095326920)
0x00007f5095326920:   0000000000000000 00007f508c000228
0x00007f5095326930:   0000000000000000 00007f50945827fa
0x00007f5095326940:   00007f5070ffeef0 00007f508c25e700
0x00007f5095326950:   0000000000000002 00007f50416d40b5 

Instructions: (pc=0x00007f5041287134)
0x00007f5041287114:   e0 90 66 2e 0f 1f 84 00 00 00 00 00 eb ee 0f 1f
0x00007f5041287124:   40 00 66 2e 0f 1f 84 00 00 00 00 00 48 83 ec 38
0x00007f5041287134:   48 8b 97 60 02 00 00 64 48 8b 04 25 28 00 00 00
0x00007f5041287144:   48 89 44 24 28 31 c0 48 8d 4c 24 10 48 8d 44 24 


---------------  P R O C E S S  ---------------

Java Threads: ( => current thread )
  0x00007f508c24c800 JavaThread "Service Thread" daemon [_thread_blocked, id=3158, stack(0x00007f50419d7000,0x00007f5041ad8000)]
  0x00007f508c188000 JavaThread "Common-Cleaner" daemon [_thread_blocked, id=3157, stack(0x00007f5041ad8000,0x00007f5041bd9000)]
  0x00007f508c163800 JavaThread "Sweeper thread" daemon [_thread_blocked, id=3156, stack(0x00007f504803e000,0x00007f504813f000)]
  0x00007f508c161800 JavaThread "C1 CompilerThread2" daemon [_thread_blocked, id=3155, stack(0x00007f504813f000,0x00007f5048240000)]
  0x00007f508c15f800 JavaThread "C2 CompilerThread1" daemon [_thread_blocked, id=3154, stack(0x00007f50700f6000,0x00007f50701f7000)]
  0x00007f508c15d800 JavaThread "C2 CompilerThread0" daemon [_thread_blocked, id=3153, stack(0x00007f50701f7000,0x00007f50702f8000)]
  0x00007f508c15b800 JavaThread "Signal Dispatcher" daemon [_thread_blocked, id=3152, stack(0x00007f50702f8000,0x00007f50703f9000)]
  0x00007f508c144800 JavaThread "Finalizer" daemon [_thread_blocked, id=3151, stack(0x00007f5070884000,0x00007f5070985000)]
  0x00007f508c13e800 JavaThread "Reference Handler" daemon [_thread_blocked, id=3150, stack(0x00007f5070985000,0x00007f5070a86000)]
=>0x00007f508c012800 JavaThread "main" [_thread_in_native, id=3137, stack(0x00007f5095228000,0x00007f5095328000)]

Other Threads:
  0x00007f508c130800 VMThread "VM Thread" [stack: 0x00007f5070a87000,0x00007f5070b87000] [id=3149]
  0x00007f508c251000 WatcherThread [stack: 0x00007f50418d7000,0x00007f50419d7000] [id=3159]
  0x00007f508c029800 GCTaskThread "GC Thread#0" [stack: 0x00007f5091929000,0x00007f5091a29000] [id=3138]
  0x00007f508c02b000 GCTaskThread "GC Thread#1" [stack: 0x00007f5091828000,0x00007f5091928000] [id=3139]
  0x00007f508c02d000 GCTaskThread "GC Thread#2" [stack: 0x00007f5091727000,0x00007f5091827000] [id=3140]
  0x00007f508c02e800 GCTaskThread "GC Thread#3" [stack: 0x00007f5091626000,0x00007f5091726000] [id=3141]
  0x00007f508c05d000 ConcurrentGCThread "G1 Main Marker" [stack: 0x00007f5090088000,0x00007f5090188000] [id=3147]
  0x00007f508c05f000 ConcurrentGCThread "G1 Marker#0" [stack: 0x00007f5071802000,0x00007f5071902000] [id=3148]
  0x00007f508c036000 ConcurrentGCThread "G1 Refine#0" [stack: 0x00007f5090e1e000,0x00007f5090f1e000] [id=3145]
  0x00007f508c034000 ConcurrentGCThread "G1 Refine#1" [stack: 0x00007f5090f1f000,0x00007f509101f000] [id=3144]
  0x00007f508c032800 ConcurrentGCThread "G1 Refine#2" [stack: 0x00007f5091020000,0x00007f5091120000] [id=3143]
  0x00007f508c030800 ConcurrentGCThread "G1 Refine#3" [stack: 0x00007f5091121000,0x00007f5091221000] [id=3142]
  0x00007f508c037800 ConcurrentGCThread "G1 Young RemSet Sampling" [stack: 0x00007f5090d1d000,0x00007f5090e1d000] [id=3146]

Threads with active compile tasks:

VM state:not at safepoint (normal execution)

VM Mutex/Monitor currently owned by a thread: None

Heap address: 0x0000000084800000, size: 1976 MB, Compressed Oops mode: 32-bit
Narrow klass base: 0x0000000000000000, Narrow klass shift: 3
Compressed class space size: 1073741824 Address: 0x0000000100000000

Heap:
 garbage-first heap   total 126976K, used 2048K [0x0000000084800000, 0x00000000849003e0, 0x0000000100000000)
  region size 1024K, 3 young (3072K), 0 survivors (0K)
 Metaspace       used 5304K, capacity 5452K, committed 5632K, reserved 1056768K
  class space    used 453K, capacity 490K, committed 512K, reserved 1048576K
Heap Regions: E=young(eden), S=young(survivor), O=old, HS=humongous(starts), HC=humongous(continues), CS=collection set, F=free, A=archive, TS=gc time stamp, AC=allocation context, TAMS=top-at-mark-start (previous, next)
|   0|0x0000000084800000, 0x0000000084800000, 0x0000000084900000|  0%| F|  |TS  0|AC  0|TAMS 0x0000000084800000, 0x0000000084800000|
|   1|0x0000000084900000, 0x0000000084900000, 0x0000000084a00000|  0%| F|  |TS  0|AC  0|TAMS 0x0000000084900000, 0x0000000084900000|
|   2|0x0000000084a00000, 0x0000000084a00000, 0x0000000084b00000|  0%| F|  |TS  0|AC  0|TAMS 0x0000000084a00000, 0x0000000084a00000|
|   3|0x0000000084b00000, 0x0000000084b00000, 0x0000000084c00000|  0%| F|  |TS  0|AC  0|TAMS 0x0000000084b00000, 0x0000000084b00000|
|   4|0x0000000084c00000, 0x0000000084c00000, 0x0000000084d00000|  0%| F|  |TS  0|AC  0|TAMS 0x0000000084c00000, 0x0000000084c00000|
|   5|0x0000000084d00000, 0x0000000084d00000, 0x0000000084e00000|  0%| F|  |TS  0|AC  0|TAMS 0x0000000084d00000, 0x0000000084d00000|
|   6|0x0000000084e00000, 0x0000000084e00000, 0x0000000084f00000|  0%| F|  |TS  0|AC  0|TAMS 0x0000000084e00000, 0x0000000084e00000|
|   7|0x0000000084f00000, 0x0000000084f00000, 0x0000000085000000|  0%| F|  |TS  0|AC  0|TAMS 0x0000000084f00000, 0x0000000084f00000|
|   8|0x0000000085000000, 0x0000000085000000, 0x0000000085100000|  0%| F|  |TS  0|AC  0|TAMS 0x0000000085000000, 0x0000000085000000|
|   9|0x0000000085100000, 0x0000000085100000, 0x0000000085200000|  0%| F|  |TS  0|AC  0|TAMS 0x0000000085100000, 0x0000000085100000|
|  10|0x0000000085200000, 0x0000000085200000, 0x0000000085300000|  0%| F|  |TS  0|AC  0|TAMS 0x0000000085200000, 0x0000000085200000|
|  11|0x0000000085300000, 0x0000000085300000, 0x0000000085400000|  0%| F|  |TS  0|AC  0|TAMS 0x0000000085300000, 0x0000000085300000|
|  12|0x0000000085400000, 0x0000000085400000, 0x0000000085500000|  0%| F|  |TS  0|AC  0|TAMS 0x0000000085400000, 0x0000000085400000|
|  13|0x0000000085500000, 0x0000000085500000, 0x0000000085600000|  0%| F|  |TS  0|AC  0|TAMS 0x0000000085500000, 0x0000000085500000|
|  14|0x0000000085600000, 0x0000000085600000, 0x0000000085700000|  0%| F|  |TS  0|AC  0|TAMS 0x0000000085600000, 0x0000000085600000|
|  15|0x0000000085700000, 0x0000000085700000, 0x0000000085800000|  0%| F|  |TS  0|AC  0|TAMS 0x0000000085700000, 0x0000000085700000|
|  16|0x0000000085800000, 0x0000000085800000, 0x0000000085900000|  0%| F|  |TS  0|AC  0|TAMS 0x0000000085800000, 0x0000000085800000|
|  17|0x0000000085900000, 0x0000000085900000, 0x0000000085a00000|  0%| F|  |TS  0|AC  0|TAMS 0x0000000085900000, 0x0000000085900000|
|  18|0x0000000085a00000, 0x0000000085a00000, 0x0000000085b00000|  0%| F|  |TS  0|AC  0|TAMS 0x0000000085a00000, 0x0000000085a00000|
|  19|0x0000000085b00000, 0x0000000085b00000, 0x0000000085c00000|  0%| F|  |TS  0|AC  0|TAMS 0x0000000085b00000, 0x0000000085b00000|
|  20|0x0000000085c00000, 0x0000000085c00000, 0x0000000085d00000|  0%| F|  |TS  0|AC  0|TAMS 0x0000000085c00000, 0x0000000085c00000|
|  21|0x0000000085d00000, 0x0000000085d00000, 0x0000000085e00000|  0%| F|  |TS  0|AC  0|TAMS 0x0000000085d00000, 0x0000000085d00000|
|  22|0x0000000085e00000, 0x0000000085e00000, 0x0000000085f00000|  0%| F|  |TS  0|AC  0|TAMS 0x0000000085e00000, 0x0000000085e00000|
|  23|0x0000000085f00000, 0x0000000085f00000, 0x0000000086000000|  0%| F|  |TS  0|AC  0|TAMS 0x0000000085f00000, 0x0000000085f00000|
|  24|0x0000000086000000, 0x0000000086000000, 0x0000000086100000|  0%| F|  |TS  0|AC  0|TAMS 0x0000000086000000, 0x0000000086000000|
|  25|0x0000000086100000, 0x0000000086100000, 0x0000000086200000|  0%| F|  |TS  0|AC  0|TAMS 0x0000000086100000, 0x0000000086100000|
|  26|0x0000000086200000, 0x0000000086200000, 0x0000000086300000|  0%| F|  |TS  0|AC  0|TAMS 0x0000000086200000, 0x0000000086200000|
|  27|0x0000000086300000, 0x0000000086300000, 0x0000000086400000|  0%| F|  |TS  0|AC  0|TAMS 0x0000000086300000, 0x0000000086300000|
|  28|0x0000000086400000, 0x0000000086400000, 0x0000000086500000|  0%| F|  |TS  0|AC  0|TAMS 0x0000000086400000, 0x0000000086400000|
|  29|0x0000000086500000, 0x0000000086500000, 0x0000000086600000|  0%| F|  |TS  0|AC  0|TAMS 0x0000000086500000, 0x0000000086500000|
|  30|0x0000000086600000, 0x0000000086600000, 0x0000000086700000|  0%| F|  |TS  0|AC  0|TAMS 0x0000000086600000, 0x0000000086600000|
|  31|0x0000000086700000, 0x0000000086700000, 0x0000000086800000|  0%| F|  |TS  0|AC  0|TAMS 0x0000000086700000, 0x0000000086700000|
|  32|0x0000000086800000, 0x0000000086800000, 0x0000000086900000|  0%| F|  |TS  0|AC  0|TAMS 0x0000000086800000, 0x0000000086800000|
|  33|0x0000000086900000, 0x0000000086900000, 0x0000000086a00000|  0%| F|  |TS  0|AC  0|TAMS 0x0000000086900000, 0x0000000086900000|
|  34|0x0000000086a00000, 0x0000000086a00000, 0x0000000086b00000|  0%| F|  |TS  0|AC  0|TAMS 0x0000000086a00000, 0x0000000086a00000|
|  35|0x0000000086b00000, 0x0000000086b00000, 0x0000000086c00000|  0%| F|  |TS  0|AC  0|TAMS 0x0000000086b00000, 0x0000000086b00000|
|  36|0x0000000086c00000, 0x0000000086c00000, 0x0000000086d00000|  0%| F|  |TS  0|AC  0|TAMS 0x0000000086c00000, 0x0000000086c00000|
|  37|0x0000000086d00000, 0x0000000086d00000, 0x0000000086e00000|  0%| F|  |TS  0|AC  0|TAMS 0x0000000086d00000, 0x0000000086d00000|
|  38|0x0000000086e00000, 0x0000000086e00000, 0x0000000086f00000|  0%| F|  |TS  0|AC  0|TAMS 0x0000000086e00000, 0x0000000086e00000|
|  39|0x0000000086f00000, 0x0000000086f00000, 0x0000000087000000|  0%| F|  |TS  0|AC  0|TAMS 0x0000000086f00000, 0x0000000086f00000|
|  40|0x0000000087000000, 0x0000000087000000, 0x0000000087100000|  0%| F|  |TS  0|AC  0|TAMS 0x0000000087000000, 0x0000000087000000|
|  41|0x0000000087100000, 0x0000000087100000, 0x0000000087200000|  0%| F|  |TS  0|AC  0|TAMS 0x0000000087100000, 0x0000000087100000|
|  42|0x0000000087200000, 0x0000000087200000, 0x0000000087300000|  0%| F|  |TS  0|AC  0|TAMS 0x0000000087200000, 0x0000000087200000|
|  43|0x0000000087300000, 0x0000000087300000, 0x0000000087400000|  0%| F|  |TS  0|AC  0|TAMS 0x0000000087300000, 0x0000000087300000|
|  44|0x0000000087400000, 0x0000000087400000, 0x0000000087500000|  0%| F|  |TS  0|AC  0|TAMS 0x0000000087400000, 0x0000000087400000|
|  45|0x0000000087500000, 0x0000000087500000, 0x0000000087600000|  0%| F|  |TS  0|AC  0|TAMS 0x0000000087500000, 0x0000000087500000|
|  46|0x0000000087600000, 0x0000000087600000, 0x0000000087700000|  0%| F|  |TS  0|AC  0|TAMS 0x0000000087600000, 0x0000000087600000|
|  47|0x0000000087700000, 0x0000000087700000, 0x0000000087800000|  0%| F|  |TS  0|AC  0|TAMS 0x0000000087700000, 0x0000000087700000|
|  48|0x0000000087800000, 0x0000000087800000, 0x0000000087900000|  0%| F|  |TS  0|AC  0|TAMS 0x0000000087800000, 0x0000000087800000|
|  49|0x0000000087900000, 0x0000000087900000, 0x0000000087a00000|  0%| F|  |TS  0|AC  0|TAMS 0x0000000087900000, 0x0000000087900000|
|  50|0x0000000087a00000, 0x0000000087a00000, 0x0000000087b00000|  0%| F|  |TS  0|AC  0|TAMS 0x0000000087a00000, 0x0000000087a00000|
|  51|0x0000000087b00000, 0x0000000087b00000, 0x0000000087c00000|  0%| F|  |TS  0|AC  0|TAMS 0x0000000087b00000, 0x0000000087b00000|
|  52|0x0000000087c00000, 0x0000000087c00000, 0x0000000087d00000|  0%| F|  |TS  0|AC  0|TAMS 0x0000000087c00000, 0x0000000087c00000|
|  53|0x0000000087d00000, 0x0000000087d00000, 0x0000000087e00000|  0%| F|  |TS  0|AC  0|TAMS 0x0000000087d00000, 0x0000000087d00000|
|  54|0x0000000087e00000, 0x0000000087e00000, 0x0000000087f00000|  0%| F|  |TS  0|AC  0|TAMS 0x0000000087e00000, 0x0000000087e00000|
|  55|0x0000000087f00000, 0x0000000087f00000, 0x0000000088000000|  0%| F|  |TS  0|AC  0|TAMS 0x0000000087f00000, 0x0000000087f00000|
|  56|0x0000000088000000, 0x0000000088000000, 0x0000000088100000|  0%| F|  |TS  0|AC  0|TAMS 0x0000000088000000, 0x0000000088000000|
|  57|0x0000000088100000, 0x0000000088100000, 0x0000000088200000|  0%| F|  |TS  0|AC  0|TAMS 0x0000000088100000, 0x0000000088100000|
|  58|0x0000000088200000, 0x0000000088200000, 0x0000000088300000|  0%| F|  |TS  0|AC  0|TAMS 0x0000000088200000, 0x0000000088200000|
|  59|0x0000000088300000, 0x0000000088300000, 0x0000000088400000|  0%| F|  |TS  0|AC  0|TAMS 0x0000000088300000, 0x0000000088300000|
|  60|0x0000000088400000, 0x0000000088400000, 0x0000000088500000|  0%| F|  |TS  0|AC  0|TAMS 0x0000000088400000, 0x0000000088400000|
|  61|0x0000000088500000, 0x0000000088500000, 0x0000000088600000|  0%| F|  |TS  0|AC  0|TAMS 0x0000000088500000, 0x0000000088500000|
|  62|0x0000000088600000, 0x0000000088600000, 0x0000000088700000|  0%| F|  |TS  0|AC  0|TAMS 0x0000000088600000, 0x0000000088600000|
|  63|0x0000000088700000, 0x0000000088700000, 0x0000000088800000|  0%| F|  |TS  0|AC  0|TAMS 0x0000000088700000, 0x0000000088700000|
|  64|0x0000000088800000, 0x0000000088800000, 0x0000000088900000|  0%| F|  |TS  0|AC  0|TAMS 0x0000000088800000, 0x0000000088800000|
|  65|0x0000000088900000, 0x0000000088900000, 0x0000000088a00000|  0%| F|  |TS  0|AC  0|TAMS 0x0000000088900000, 0x0000000088900000|
|  66|0x0000000088a00000, 0x0000000088a00000, 0x0000000088b00000|  0%| F|  |TS  0|AC  0|TAMS 0x0000000088a00000, 0x0000000088a00000|
|  67|0x0000000088b00000, 0x0000000088b00000, 0x0000000088c00000|  0%| F|  |TS  0|AC  0|TAMS 0x0000000088b00000, 0x0000000088b00000|
|  68|0x0000000088c00000, 0x0000000088c00000, 0x0000000088d00000|  0%| F|  |TS  0|AC  0|TAMS 0x0000000088c00000, 0x0000000088c00000|
|  69|0x0000000088d00000, 0x0000000088d00000, 0x0000000088e00000|  0%| F|  |TS  0|AC  0|TAMS 0x0000000088d00000, 0x0000000088d00000|
|  70|0x0000000088e00000, 0x0000000088e00000, 0x0000000088f00000|  0%| F|  |TS  0|AC  0|TAMS 0x0000000088e00000, 0x0000000088e00000|
|  71|0x0000000088f00000, 0x0000000088f00000, 0x0000000089000000|  0%| F|  |TS  0|AC  0|TAMS 0x0000000088f00000, 0x0000000088f00000|
|  72|0x0000000089000000, 0x0000000089000000, 0x0000000089100000|  0%| F|  |TS  0|AC  0|TAMS 0x0000000089000000, 0x0000000089000000|
|  73|0x0000000089100000, 0x0000000089100000, 0x0000000089200000|  0%| F|  |TS  0|AC  0|TAMS 0x0000000089100000, 0x0000000089100000|
|  74|0x0000000089200000, 0x0000000089200000, 0x0000000089300000|  0%| F|  |TS  0|AC  0|TAMS 0x0000000089200000, 0x0000000089200000|
|  75|0x0000000089300000, 0x0000000089300000, 0x0000000089400000|  0%| F|  |TS  0|AC  0|TAMS 0x0000000089300000, 0x0000000089300000|
|  76|0x0000000089400000, 0x0000000089400000, 0x0000000089500000|  0%| F|  |TS  0|AC  0|TAMS 0x0000000089400000, 0x0000000089400000|
|  77|0x0000000089500000, 0x0000000089500000, 0x0000000089600000|  0%| F|  |TS  0|AC  0|TAMS 0x0000000089500000, 0x0000000089500000|
|  78|0x0000000089600000, 0x0000000089600000, 0x0000000089700000|  0%| F|  |TS  0|AC  0|TAMS 0x0000000089600000, 0x0000000089600000|
|  79|0x0000000089700000, 0x0000000089700000, 0x0000000089800000|  0%| F|  |TS  0|AC  0|TAMS 0x0000000089700000, 0x0000000089700000|
|  80|0x0000000089800000, 0x0000000089800000, 0x0000000089900000|  0%| F|  |TS  0|AC  0|TAMS 0x0000000089800000, 0x0000000089800000|
|  81|0x0000000089900000, 0x0000000089900000, 0x0000000089a00000|  0%| F|  |TS  0|AC  0|TAMS 0x0000000089900000, 0x0000000089900000|
|  82|0x0000000089a00000, 0x0000000089a00000, 0x0000000089b00000|  0%| F|  |TS  0|AC  0|TAMS 0x0000000089a00000, 0x0000000089a00000|
|  83|0x0000000089b00000, 0x0000000089b00000, 0x0000000089c00000|  0%| F|  |TS  0|AC  0|TAMS 0x0000000089b00000, 0x0000000089b00000|
|  84|0x0000000089c00000, 0x0000000089c00000, 0x0000000089d00000|  0%| F|  |TS  0|AC  0|TAMS 0x0000000089c00000, 0x0000000089c00000|
|  85|0x0000000089d00000, 0x0000000089d00000, 0x0000000089e00000|  0%| F|  |TS  0|AC  0|TAMS 0x0000000089d00000, 0x0000000089d00000|
|  86|0x0000000089e00000, 0x0000000089e00000, 0x0000000089f00000|  0%| F|  |TS  0|AC  0|TAMS 0x0000000089e00000, 0x0000000089e00000|
|  87|0x0000000089f00000, 0x0000000089f00000, 0x000000008a000000|  0%| F|  |TS  0|AC  0|TAMS 0x0000000089f00000, 0x0000000089f00000|
|  88|0x000000008a000000, 0x000000008a000000, 0x000000008a100000|  0%| F|  |TS  0|AC  0|TAMS 0x000000008a000000, 0x000000008a000000|
|  89|0x000000008a100000, 0x000000008a100000, 0x000000008a200000|  0%| F|  |TS  0|AC  0|TAMS 0x000000008a100000, 0x000000008a100000|
|  90|0x000000008a200000, 0x000000008a200000, 0x000000008a300000|  0%| F|  |TS  0|AC  0|TAMS 0x000000008a200000, 0x000000008a200000|
|  91|0x000000008a300000, 0x000000008a300000, 0x000000008a400000|  0%| F|  |TS  0|AC  0|TAMS 0x000000008a300000, 0x000000008a300000|
|  92|0x000000008a400000, 0x000000008a400000, 0x000000008a500000|  0%| F|  |TS  0|AC  0|TAMS 0x000000008a400000, 0x000000008a400000|
|  93|0x000000008a500000, 0x000000008a500000, 0x000000008a600000|  0%| F|  |TS  0|AC  0|TAMS 0x000000008a500000, 0x000000008a500000|
|  94|0x000000008a600000, 0x000000008a600000, 0x000000008a700000|  0%| F|  |TS  0|AC  0|TAMS 0x000000008a600000, 0x000000008a600000|
|  95|0x000000008a700000, 0x000000008a700000, 0x000000008a800000|  0%| F|  |TS  0|AC  0|TAMS 0x000000008a700000, 0x000000008a700000|
|  96|0x000000008a800000, 0x000000008a800000, 0x000000008a900000|  0%| F|  |TS  0|AC  0|TAMS 0x000000008a800000, 0x000000008a800000|
|  97|0x000000008a900000, 0x000000008a900000, 0x000000008aa00000|  0%| F|  |TS  0|AC  0|TAMS 0x000000008a900000, 0x000000008a900000|
|  98|0x000000008aa00000, 0x000000008aa00000, 0x000000008ab00000|  0%| F|  |TS  0|AC  0|TAMS 0x000000008aa00000, 0x000000008aa00000|
|  99|0x000000008ab00000, 0x000000008ab00000, 0x000000008ac00000|  0%| F|  |TS  0|AC  0|TAMS 0x000000008ab00000, 0x000000008ab00000|
| 100|0x000000008ac00000, 0x000000008ac00000, 0x000000008ad00000|  0%| F|  |TS  0|AC  0|TAMS 0x000000008ac00000, 0x000000008ac00000|
| 101|0x000000008ad00000, 0x000000008ad00000, 0x000000008ae00000|  0%| F|  |TS  0|AC  0|TAMS 0x000000008ad00000, 0x000000008ad00000|
| 102|0x000000008ae00000, 0x000000008ae00000, 0x000000008af00000|  0%| F|  |TS  0|AC  0|TAMS 0x000000008ae00000, 0x000000008ae00000|
| 103|0x000000008af00000, 0x000000008af00000, 0x000000008b000000|  0%| F|  |TS  0|AC  0|TAMS 0x000000008af00000, 0x000000008af00000|
| 104|0x000000008b000000, 0x000000008b000000, 0x000000008b100000|  0%| F|  |TS  0|AC  0|TAMS 0x000000008b000000, 0x000000008b000000|
| 105|0x000000008b100000, 0x000000008b100000, 0x000000008b200000|  0%| F|  |TS  0|AC  0|TAMS 0x000000008b100000, 0x000000008b100000|
| 106|0x000000008b200000, 0x000000008b200000, 0x000000008b300000|  0%| F|  |TS  0|AC  0|TAMS 0x000000008b200000, 0x000000008b200000|
| 107|0x000000008b300000, 0x000000008b300000, 0x000000008b400000|  0%| F|  |TS  0|AC  0|TAMS 0x000000008b300000, 0x000000008b300000|
| 108|0x000000008b400000, 0x000000008b400000, 0x000000008b500000|  0%| F|  |TS  0|AC  0|TAMS 0x000000008b400000, 0x000000008b400000|
| 109|0x000000008b500000, 0x000000008b500000, 0x000000008b600000|  0%| F|  |TS  0|AC  0|TAMS 0x000000008b500000, 0x000000008b500000|
| 110|0x000000008b600000, 0x000000008b600000, 0x000000008b700000|  0%| F|  |TS  0|AC  0|TAMS 0x000000008b600000, 0x000000008b600000|
| 111|0x000000008b700000, 0x000000008b700000, 0x000000008b800000|  0%| F|  |TS  0|AC  0|TAMS 0x000000008b700000, 0x000000008b700000|
| 112|0x000000008b800000, 0x000000008b800000, 0x000000008b900000|  0%| F|  |TS  0|AC  0|TAMS 0x000000008b800000, 0x000000008b800000|
| 113|0x000000008b900000, 0x000000008b900000, 0x000000008ba00000|  0%| F|  |TS  0|AC  0|TAMS 0x000000008b900000, 0x000000008b900000|
| 114|0x000000008ba00000, 0x000000008ba00000, 0x000000008bb00000|  0%| F|  |TS  0|AC  0|TAMS 0x000000008ba00000, 0x000000008ba00000|
| 115|0x000000008bb00000, 0x000000008bb00000, 0x000000008bc00000|  0%| F|  |TS  0|AC  0|TAMS 0x000000008bb00000, 0x000000008bb00000|
| 116|0x000000008bc00000, 0x000000008bc00000, 0x000000008bd00000|  0%| F|  |TS  0|AC  0|TAMS 0x000000008bc00000, 0x000000008bc00000|
| 117|0x000000008bd00000, 0x000000008bd00000, 0x000000008be00000|  0%| F|  |TS  0|AC  0|TAMS 0x000000008bd00000, 0x000000008bd00000|
| 118|0x000000008be00000, 0x000000008be00000, 0x000000008bf00000|  0%| F|  |TS  0|AC  0|TAMS 0x000000008be00000, 0x000000008be00000|
| 119|0x000000008bf00000, 0x000000008bf00000, 0x000000008c000000|  0%| F|  |TS  0|AC  0|TAMS 0x000000008bf00000, 0x000000008bf00000|
| 120|0x000000008c000000, 0x000000008c000000, 0x000000008c100000|  0%| F|  |TS  0|AC  0|TAMS 0x000000008c000000, 0x000000008c000000|
| 121|0x000000008c100000, 0x000000008c1901a0, 0x000000008c200000| 56%| E|  |TS  0|AC  0|TAMS 0x000000008c100000, 0x000000008c100000|
| 122|0x000000008c200000, 0x000000008c300000, 0x000000008c300000|100%| E|CS|TS  0|AC  0|TAMS 0x000000008c200000, 0x000000008c200000|
| 123|0x000000008c300000, 0x000000008c400000, 0x000000008c400000|100%| E|CS|TS  0|AC  0|TAMS 0x000000008c300000, 0x000000008c300000|

Card table byte_map: [0x00007f5090188000,0x00007f5090564000] byte_map_base: 0x00007f508fd64000

Marking Bits (Prev, Next): (CMBitMap*) 0x00007f508c05c3e0, (CMBitMap*) 0x00007f508c05c418
 Prev Bits: [0x00007f504a120000, 0x00007f504c000000)
 Next Bits: [0x00007f5048240000, 0x00007f504a120000)

Polling page: 0x00007f5095347000

CodeHeap 'non-profiled nmethods': size=120032Kb used=88Kb max_used=88Kb free=119943Kb
 bounds [0x00007f50797a6000, 0x00007f5079a16000, 0x00007f5080cde000]
CodeHeap 'profiled nmethods': size=120032Kb used=425Kb max_used=425Kb free=119606Kb
 bounds [0x00007f507226e000, 0x00007f50724de000, 0x00007f50797a6000]
CodeHeap 'non-nmethods': size=5696Kb used=1172Kb max_used=1183Kb free=4523Kb
 bounds [0x00007f5071cde000, 0x00007f5071f4e000, 0x00007f507226e000]
 total_blobs=690 nmethods=308 adapters=222
 compilation: enabled

Compilation events (10 events):
Event: 0.822 Thread 0x00007f508c161800 nmethod 293 0x00007f50722d2c90 code [0x00007f50722d2e40, 0x00007f50722d2ff0]
Event: 0.822 Thread 0x00007f508c161800  300       3       java.lang.invoke.InvokerBytecodeGenerator::emitPushArgument (120 bytes)
Event: 0.822 Thread 0x00007f508c161800 nmethod 300 0x00007f50722d3090 code [0x00007f50722d3360, 0x00007f50722d4328]
Event: 0.822 Thread 0x00007f508c161800  303       3       java.lang.invoke.LambdaForm$Name::replaceNames (174 bytes)
Event: 0.823 Thread 0x00007f508c161800 nmethod 303 0x00007f50722d4810 code [0x00007f50722d4a60, 0x00007f50722d5638]
Event: 0.823 Thread 0x00007f508c161800  294       3       java.lang.invoke.MemberName::isStatic (8 bytes)
Event: 0.823 Thread 0x00007f508c161800 nmethod 294 0x00007f50722d5990 code [0x00007f50722d5b40, 0x00007f50722d5d50]
Event: 0.823 Thread 0x00007f508c161800  306       3       jdk.internal.org.objectweb.asm.Frame::get (46 bytes)
Event: 0.823 Thread 0x00007f508c161800 nmethod 306 0x00007f50722d5e10 code [0x00007f50722d5fc0, 0x00007f50722d6210]
Event: 0.823 Thread 0x00007f508c161800  305       3       java.lang.Class::isLocalOrAnonymousClass (5 bytes)

GC Heap History (0 events):
No events

Deoptimization events (1 events):
Event: 0.617 Thread 0x00007f508c012800 Uncommon trap: reason=unstable_if action=reinterpret pc=0x00007f50797aeaa8 method=java.lang.StringLatin1.replace([BCC)Ljava/lang/String; @ 19

Classes redefined (0 events):
No events

Internal exceptions (0 events):
No events

Events (10 events):
Event: 0.809 loading class java/lang/invoke/MethodHandles$1
Event: 0.809 loading class java/lang/invoke/MethodHandles$1 done
Event: 0.809 loading class java/lang/invoke/BoundMethodHandle$Species_L6I
Event: 0.812 loading class java/lang/invoke/BoundMethodHandle$Species_L6I done
Event: 0.814 loading class sun/invoke/util/ValueConversions$WrapperCache
Event: 0.814 loading class sun/invoke/util/ValueConversions$WrapperCache done
Event: 0.814 loading class java/lang/invoke/BoundMethodHandle$Species_L6II
Event: 0.814 loading class java/lang/invoke/BoundMethodHandle$Species_L6II done
Event: 0.821 loading class java/lang/invoke/BoundMethodHandle$Species_L6IIL
Event: 0.821 loading class java/lang/invoke/BoundMethodHandle$Species_L6IIL done


Dynamic libraries:
00400000-00401000 r-xp 00000000 08:07 8523896                            /usr/lib/jvm/java-9-oracle/bin/java
00600000-00601000 rw-p 00000000 08:07 8523896                            /usr/lib/jvm/java-9-oracle/bin/java
00db4000-00dd5000 rw-p 00000000 00:00 0                                  [heap]
84800000-8c400000 rw-p 00000000 00:00 0 
8c400000-100000000 ---p 00000000 00:00 0 
100000000-100080000 rw-p 00000000 00:00 0 
100080000-140000000 ---p 00000000 00:00 0 
7f5010000000-7f5010021000 rw-p 00000000 00:00 0 
7f5010021000-7f5014000000 ---p 00000000 00:00 0 
7f5014000000-7f5014021000 rw-p 00000000 00:00 0 
7f5014021000-7f5018000000 ---p 00000000 00:00 0 
7f5018000000-7f5018021000 rw-p 00000000 00:00 0 
7f5018021000-7f501c000000 ---p 00000000 00:00 0 
7f501c000000-7f501c021000 rw-p 00000000 00:00 0 
7f501c021000-7f5020000000 ---p 00000000 00:00 0 
7f5020000000-7f5020040000 rw-p 00000000 00:00 0 
7f5020040000-7f5024000000 ---p 00000000 00:00 0 
7f5024000000-7f502423d000 rw-p 00000000 00:00 0 
7f502423d000-7f5028000000 ---p 00000000 00:00 0 
7f5028000000-7f5028021000 rw-p 00000000 00:00 0 
7f5028021000-7f502c000000 ---p 00000000 00:00 0 
7f502c000000-7f502c0a1000 rw-p 00000000 00:00 0 
7f502c0a1000-7f5030000000 ---p 00000000 00:00 0 
7f5030000000-7f5030021000 rw-p 00000000 00:00 0 
7f5030021000-7f5034000000 ---p 00000000 00:00 0 
7f5034000000-7f5034021000 rw-p 00000000 00:00 0 
7f5034021000-7f5038000000 ---p 00000000 00:00 0 
7f5038000000-7f5038021000 rw-p 00000000 00:00 0 
7f5038021000-7f503c000000 ---p 00000000 00:00 0 
7f503c000000-7f503c021000 rw-p 00000000 00:00 0 
7f503c021000-7f5040000000 ---p 00000000 00:00 0 
7f5040f4e000-7f5041278000 rw-p 00000000 00:00 0 
7f5041278000-7f50412b6000 r-xp 00000000 08:07 8135357                    /usr/lib/x86_64-linux-gnu/libpcap.so.1.7.4
7f50412b6000-7f50414b6000 ---p 0003e000 08:07 8135357                    /usr/lib/x86_64-linux-gnu/libpcap.so.1.7.4
7f50414b6000-7f50414b8000 r--p 0003e000 08:07 8135357                    /usr/lib/x86_64-linux-gnu/libpcap.so.1.7.4
7f50414b8000-7f50414b9000 rw-p 00040000 08:07 8135357                    /usr/lib/x86_64-linux-gnu/libpcap.so.1.7.4
7f50414b9000-7f50414ba000 rw-p 00000000 00:00 0 
7f50414ba000-7f50414d0000 r-xp 00000000 08:07 8139177                    /usr/lib/x86_64-linux-gnu/libnet.so.1.7.0
7f50414d0000-7f50416cf000 ---p 00016000 08:07 8139177                    /usr/lib/x86_64-linux-gnu/libnet.so.1.7.0
7f50416cf000-7f50416d0000 r--p 00015000 08:07 8139177                    /usr/lib/x86_64-linux-gnu/libnet.so.1.7.0
7f50416d0000-7f50416d1000 rw-p 00016000 08:07 8139177                    /usr/lib/x86_64-linux-gnu/libnet.so.1.7.0
7f50416d1000-7f50416d3000 rw-p 00000000 00:00 0 
7f50416d3000-7f50416d5000 r-xp 00000000 08:07 14030299                   /home/bruce/Desktop/project1/ns/adapter_demo/adapter_demo/libsimplepacketdriver_x64.so
7f50416d5000-7f50418d4000 ---p 00002000 08:07 14030299                   /home/bruce/Desktop/project1/ns/adapter_demo/adapter_demo/libsimplepacketdriver_x64.so
7f50418d4000-7f50418d5000 r--p 00001000 08:07 14030299                   /home/bruce/Desktop/project1/ns/adapter_demo/adapter_demo/libsimplepacketdriver_x64.so
7f50418d5000-7f50418d6000 rw-p 00002000 08:07 14030299                   /home/bruce/Desktop/project1/ns/adapter_demo/adapter_demo/libsimplepacketdriver_x64.so
7f50418d6000-7f50418d7000 ---p 00000000 00:00 0 
7f50418d7000-7f50419d7000 rw-p 00000000 00:00 0 
7f50419d7000-7f50419db000 ---p 00000000 00:00 0 
7f50419db000-7f5041ad8000 rw-p 00000000 00:00 0 
7f5041ad8000-7f5041adc000 ---p 00000000 00:00 0 
7f5041adc000-7f5041bd9000 rw-p 00000000 00:00 0 
7f5041bd9000-7f5041bef000 r-xp 00000000 08:07 8523984                    /usr/lib/jvm/java-9-oracle/lib/libnet.so
7f5041bef000-7f5041dee000 ---p 00016000 08:07 8523984                    /usr/lib/jvm/java-9-oracle/lib/libnet.so
7f5041dee000-7f5041def000 rw-p 00015000 08:07 8523984                    /usr/lib/jvm/java-9-oracle/lib/libnet.so
7f5041def000-7f5041dff000 r-xp 00000000 08:07 8524022                    /usr/lib/jvm/java-9-oracle/lib/libnio.so
7f5041dff000-7f5041fff000 ---p 00010000 08:07 8524022                    /usr/lib/jvm/java-9-oracle/lib/libnio.so
7f5041fff000-7f5042000000 rw-p 00010000 08:07 8524022                    /usr/lib/jvm/java-9-oracle/lib/libnio.so
7f5042000000-7f5044000000 rwxp 00000000 00:00 0 
7f5044000000-7f5044021000 rw-p 00000000 00:00 0 
7f5044021000-7f5048000000 ---p 00000000 00:00 0 
7f504803e000-7f5048042000 ---p 00000000 00:00 0 
7f5048042000-7f504813f000 rw-p 00000000 00:00 0 
7f504813f000-7f5048143000 ---p 00000000 00:00 0 
7f5048143000-7f5048430000 rw-p 00000000 00:00 0 
7f5048430000-7f504a120000 ---p 00000000 00:00 0 
7f504a120000-7f504a310000 rw-p 00000000 00:00 0 
7f504a310000-7f504c000000 ---p 00000000 00:00 0 
7f504c000000-7f504c021000 rw-p 00000000 00:00 0 
7f504c021000-7f5050000000 ---p 00000000 00:00 0 
7f5050000000-7f5050021000 rw-p 00000000 00:00 0 
7f5050021000-7f5054000000 ---p 00000000 00:00 0 
7f5054000000-7f5054021000 rw-p 00000000 00:00 0 
7f5054021000-7f5058000000 ---p 00000000 00:00 0 
7f5058000000-7f5058021000 rw-p 00000000 00:00 0 
7f5058021000-7f505c000000 ---p 00000000 00:00 0 
7f505c000000-7f505c021000 rw-p 00000000 00:00 0 
7f505c021000-7f5060000000 ---p 00000000 00:00 0 
7f5060000000-7f5060021000 rw-p 00000000 00:00 0 
7f5060021000-7f5064000000 ---p 00000000 00:00 0 
7f5064000000-7f5064021000 rw-p 00000000 00:00 0 
7f5064021000-7f5068000000 ---p 00000000 00:00 0 
7f5068000000-7f5068021000 rw-p 00000000 00:00 0 
7f5068021000-7f506c000000 ---p 00000000 00:00 0 
7f506c000000-7f506c021000 rw-p 00000000 00:00 0 
7f506c021000-7f5070000000 ---p 00000000 00:00 0 
7f50700c5000-7f50700f6000 rw-p 00000000 00:00 0 
7f50700f6000-7f50700fa000 ---p 00000000 00:00 0 
7f50700fa000-7f50701f7000 rw-p 00000000 00:00 0 
7f50701f7000-7f50701fb000 ---p 00000000 00:00 0 
7f50701fb000-7f50702f8000 rw-p 00000000 00:00 0 
7f50702f8000-7f50702fc000 ---p 00000000 00:00 0 
7f50702fc000-7f50703f9000 rw-p 00000000 00:00 0 
7f50703f9000-7f5070884000 r--p 00000000 08:07 8127381                    /usr/lib/locale/locale-archive
7f5070884000-7f5070888000 ---p 00000000 00:00 0 
7f5070888000-7f5070985000 rw-p 00000000 00:00 0 
7f5070985000-7f5070989000 ---p 00000000 00:00 0 
7f5070989000-7f5070a86000 rw-p 00000000 00:00 0 
7f5070a86000-7f5070a87000 ---p 00000000 00:00 0 
7f5070a87000-7f50710fd000 rw-p 00000000 00:00 0 
7f50710fd000-7f50713fd000 ---p 00000000 00:00 0 
7f50713fd000-7f5071801000 rw-p 00000000 00:00 0 
7f5071801000-7f5071802000 ---p 00000000 00:00 0 
7f5071802000-7f5071940000 rw-p 00000000 00:00 0 
7f5071940000-7f5071cde000 ---p 00000000 00:00 0 
7f5071cde000-7f5071f4e000 rwxp 00000000 00:00 0 
7f5071f4e000-7f507226e000 ---p 00000000 00:00 0 
7f507226e000-7f50724de000 rwxp 00000000 00:00 0 
7f50724de000-7f50797a6000 ---p 00000000 00:00 0 
7f50797a6000-7f5079a16000 rwxp 00000000 00:00 0 
7f5079a16000-7f5080cde000 ---p 00000000 00:00 0 
7f5080cde000-7f508c000000 r--s 00000000 08:07 8523942                    /usr/lib/jvm/java-9-oracle/lib/modules
7f508c000000-7f508c2b7000 rw-p 00000000 00:00 0 
7f508c2b7000-7f5090000000 ---p 00000000 00:00 0 
7f5090004000-7f5090087000 rw-p 00000000 00:00 0 
7f5090087000-7f5090088000 ---p 00000000 00:00 0 
7f5090088000-7f50901c6000 rw-p 00000000 00:00 0 
7f50901c6000-7f5090940000 ---p 00000000 00:00 0 
7f5090940000-7f509097e000 rw-p 00000000 00:00 0 
7f509097e000-7f5090d1c000 ---p 00000000 00:00 0 
7f5090d1c000-7f5090d1d000 ---p 00000000 00:00 0 
7f5090d1d000-7f5090e1d000 rw-p 00000000 00:00 0 
7f5090e1d000-7f5090e1e000 ---p 00000000 00:00 0 
7f5090e1e000-7f5090f1e000 rw-p 00000000 00:00 0 
7f5090f1e000-7f5090f1f000 ---p 00000000 00:00 0 
7f5090f1f000-7f509101f000 rw-p 00000000 00:00 0 
7f509101f000-7f5091020000 ---p 00000000 00:00 0 
7f5091020000-7f5091120000 rw-p 00000000 00:00 0 
7f5091120000-7f5091121000 ---p 00000000 00:00 0 
7f5091121000-7f5091625000 rw-p 00000000 00:00 0 
7f5091625000-7f5091626000 ---p 00000000 00:00 0 
7f5091626000-7f5091726000 rw-p 00000000 00:00 0 
7f5091726000-7f5091727000 ---p 00000000 00:00 0 
7f5091727000-7f5091827000 rw-p 00000000 00:00 0 
7f5091827000-7f5091828000 ---p 00000000 00:00 0 
7f5091828000-7f5091928000 rw-p 00000000 00:00 0 
7f5091928000-7f5091929000 ---p 00000000 00:00 0 
7f5091929000-7f5091a2e000 rw-p 00000000 00:00 0 
7f5091a2e000-7f5091b14000 ---p 00000000 00:00 0 
7f5091b14000-7f5091b19000 rw-p 00000000 00:00 0 
7f5091b19000-7f5091bff000 ---p 00000000 00:00 0 
7f5091bff000-7f5091c19000 r-xp 00000000 08:07 8523964                    /usr/lib/jvm/java-9-oracle/lib/libjimage.so
7f5091c19000-7f5091e18000 ---p 0001a000 08:07 8523964                    /usr/lib/jvm/java-9-oracle/lib/libjimage.so
7f5091e18000-7f5091e1a000 rw-p 00019000 08:07 8523964                    /usr/lib/jvm/java-9-oracle/lib/libjimage.so
7f5091e1a000-7f5091e2c000 rw-p 00000000 00:00 0 
7f5091e2c000-7f5091e33000 r-xp 00000000 08:07 8523976                    /usr/lib/jvm/java-9-oracle/lib/libzip.so
7f5091e33000-7f5092032000 ---p 00007000 08:07 8523976                    /usr/lib/jvm/java-9-oracle/lib/libzip.so
7f5092032000-7f5092033000 rw-p 00006000 08:07 8523976                    /usr/lib/jvm/java-9-oracle/lib/libzip.so
7f5092033000-7f509203e000 r-xp 00000000 08:07 9180675                    /lib/x86_64-linux-gnu/libnss_files-2.23.so
7f509203e000-7f509223d000 ---p 0000b000 08:07 9180675                    /lib/x86_64-linux-gnu/libnss_files-2.23.so
7f509223d000-7f509223e000 r--p 0000a000 08:07 9180675                    /lib/x86_64-linux-gnu/libnss_files-2.23.so
7f509223e000-7f509223f000 rw-p 0000b000 08:07 9180675                    /lib/x86_64-linux-gnu/libnss_files-2.23.so
7f509223f000-7f5092245000 rw-p 00000000 00:00 0 
7f5092245000-7f5092250000 r-xp 00000000 08:07 9180660                    /lib/x86_64-linux-gnu/libnss_nis-2.23.so
7f5092250000-7f509244f000 ---p 0000b000 08:07 9180660                    /lib/x86_64-linux-gnu/libnss_nis-2.23.so
7f509244f000-7f5092450000 r--p 0000a000 08:07 9180660                    /lib/x86_64-linux-gnu/libnss_nis-2.23.so
7f5092450000-7f5092451000 rw-p 0000b000 08:07 9180660                    /lib/x86_64-linux-gnu/libnss_nis-2.23.so
7f5092451000-7f5092467000 r-xp 00000000 08:07 9180671                    /lib/x86_64-linux-gnu/libnsl-2.23.so
7f5092467000-7f5092666000 ---p 00016000 08:07 9180671                    /lib/x86_64-linux-gnu/libnsl-2.23.so
7f5092666000-7f5092667000 r--p 00015000 08:07 9180671                    /lib/x86_64-linux-gnu/libnsl-2.23.so
7f5092667000-7f5092668000 rw-p 00016000 08:07 9180671                    /lib/x86_64-linux-gnu/libnsl-2.23.so
7f5092668000-7f509266a000 rw-p 00000000 00:00 0 
7f509266a000-7f5092672000 r-xp 00000000 08:07 9180672                    /lib/x86_64-linux-gnu/libnss_compat-2.23.so
7f5092672000-7f5092871000 ---p 00008000 08:07 9180672                    /lib/x86_64-linux-gnu/libnss_compat-2.23.so
7f5092871000-7f5092872000 r--p 00007000 08:07 9180672                    /lib/x86_64-linux-gnu/libnss_compat-2.23.so
7f5092872000-7f5092873000 rw-p 00008000 08:07 9180672                    /lib/x86_64-linux-gnu/libnss_compat-2.23.so
7f5092873000-7f509289d000 r-xp 00000000 08:07 8523961                    /usr/lib/jvm/java-9-oracle/lib/libjava.so
7f509289d000-7f5092a9d000 ---p 0002a000 08:07 8523961                    /usr/lib/jvm/java-9-oracle/lib/libjava.so
7f5092a9d000-7f5092a9f000 rw-p 0002a000 08:07 8523961                    /usr/lib/jvm/java-9-oracle/lib/libjava.so
7f5092a9f000-7f5092aac000 r-xp 00000000 08:07 8523985                    /usr/lib/jvm/java-9-oracle/lib/libverify.so
7f5092aac000-7f5092cab000 ---p 0000d000 08:07 8523985                    /usr/lib/jvm/java-9-oracle/lib/libverify.so
7f5092cab000-7f5092cad000 rw-p 0000c000 08:07 8523985                    /usr/lib/jvm/java-9-oracle/lib/libverify.so
7f5092cad000-7f5092cb4000 r-xp 00000000 08:07 9180659                    /lib/x86_64-linux-gnu/librt-2.23.so
7f5092cb4000-7f5092eb3000 ---p 00007000 08:07 9180659                    /lib/x86_64-linux-gnu/librt-2.23.so
7f5092eb3000-7f5092eb4000 r--p 00006000 08:07 9180659                    /lib/x86_64-linux-gnu/librt-2.23.so
7f5092eb4000-7f5092eb5000 rw-p 00007000 08:07 9180659                    /lib/x86_64-linux-gnu/librt-2.23.so
7f5092eb5000-7f5092fbd000 r-xp 00000000 08:07 9180669                    /lib/x86_64-linux-gnu/libm-2.23.so
7f5092fbd000-7f50931bc000 ---p 00108000 08:07 9180669                    /lib/x86_64-linux-gnu/libm-2.23.so
7f50931bc000-7f50931bd000 r--p 00107000 08:07 9180669                    /lib/x86_64-linux-gnu/libm-2.23.so
7f50931bd000-7f50931be000 rw-p 00108000 08:07 9180669                    /lib/x86_64-linux-gnu/libm-2.23.so
7f50931be000-7f50941a5000 r-xp 00000000 08:07 8916613                    /usr/lib/jvm/java-9-oracle/lib/server/libjvm.so
7f50941a5000-7f50943a4000 ---p 00fe7000 08:07 8916613                    /usr/lib/jvm/java-9-oracle/lib/server/libjvm.so
7f50943a4000-7f5094474000 r--p 00fe6000 08:07 8916613                    /usr/lib/jvm/java-9-oracle/lib/server/libjvm.so
7f5094474000-7f50944ab000 rw-p 010b6000 08:07 8916613                    /usr/lib/jvm/java-9-oracle/lib/server/libjvm.so
7f50944ab000-7f5094513000 rw-p 00000000 00:00 0 
7f5094513000-7f50946d2000 r-xp 00000000 08:07 9180664                    /lib/x86_64-linux-gnu/libc-2.23.so
7f50946d2000-7f50948d2000 ---p 001bf000 08:07 9180664                    /lib/x86_64-linux-gnu/libc-2.23.so
7f50948d2000-7f50948d6000 r--p 001bf000 08:07 9180664                    /lib/x86_64-linux-gnu/libc-2.23.so
7f50948d6000-7f50948d8000 rw-p 001c3000 08:07 9180664                    /lib/x86_64-linux-gnu/libc-2.23.so
7f50948d8000-7f50948dc000 rw-p 00000000 00:00 0 
7f50948dc000-7f50948df000 r-xp 00000000 08:07 9180663                    /lib/x86_64-linux-gnu/libdl-2.23.so
7f50948df000-7f5094ade000 ---p 00003000 08:07 9180663                    /lib/x86_64-linux-gnu/libdl-2.23.so
7f5094ade000-7f5094adf000 r--p 00002000 08:07 9180663                    /lib/x86_64-linux-gnu/libdl-2.23.so
7f5094adf000-7f5094ae0000 rw-p 00003000 08:07 9180663                    /lib/x86_64-linux-gnu/libdl-2.23.so
7f5094ae0000-7f5094aee000 r-xp 00000000 08:07 8523941                    /usr/lib/jvm/java-9-oracle/lib/jli/libjli.so
7f5094aee000-7f5094ced000 ---p 0000e000 08:07 8523941                    /usr/lib/jvm/java-9-oracle/lib/jli/libjli.so
7f5094ced000-7f5094cee000 rw-p 0000d000 08:07 8523941                    /usr/lib/jvm/java-9-oracle/lib/jli/libjli.so
7f5094cee000-7f5094d06000 r-xp 00000000 08:07 9180670                    /lib/x86_64-linux-gnu/libpthread-2.23.so
7f5094d06000-7f5094f05000 ---p 00018000 08:07 9180670                    /lib/x86_64-linux-gnu/libpthread-2.23.so
7f5094f05000-7f5094f06000 r--p 00017000 08:07 9180670                    /lib/x86_64-linux-gnu/libpthread-2.23.so
7f5094f06000-7f5094f07000 rw-p 00018000 08:07 9180670                    /lib/x86_64-linux-gnu/libpthread-2.23.so
7f5094f07000-7f5094f0b000 rw-p 00000000 00:00 0 
7f5094f0b000-7f5094f24000 r-xp 00000000 08:07 9179708                    /lib/x86_64-linux-gnu/libz.so.1.2.8
7f5094f24000-7f5095123000 ---p 00019000 08:07 9179708                    /lib/x86_64-linux-gnu/libz.so.1.2.8
7f5095123000-7f5095124000 r--p 00018000 08:07 9179708                    /lib/x86_64-linux-gnu/libz.so.1.2.8
7f5095124000-7f5095125000 rw-p 00019000 08:07 9179708                    /lib/x86_64-linux-gnu/libz.so.1.2.8
7f5095125000-7f509514b000 r-xp 00000000 08:07 9179472                    /lib/x86_64-linux-gnu/ld-2.23.so
7f5095169000-7f5095227000 rw-p 00000000 00:00 0 
7f5095227000-7f509522c000 ---p 00000000 00:00 0 
7f509522c000-7f509532c000 rw-p 00000000 00:00 0 
7f5095331000-7f5095337000 rw-p 00000000 00:00 0 
7f5095337000-7f509533e000 ---p 00000000 00:00 0 
7f509533e000-7f5095346000 rw-s 00000000 08:07 15991625                   /tmp/hsperfdata_bruce/3136
7f5095346000-7f5095347000 rw-p 00000000 00:00 0 
7f5095347000-7f5095348000 r--p 00000000 00:00 0 
7f5095348000-7f509534a000 rw-p 00000000 00:00 0 
7f509534a000-7f509534b000 r--p 00025000 08:07 9179472                    /lib/x86_64-linux-gnu/ld-2.23.so
7f509534b000-7f509534c000 rw-p 00026000 08:07 9179472                    /lib/x86_64-linux-gnu/ld-2.23.so
7f509534c000-7f509534d000 rw-p 00000000 00:00 0 
7ffdbead4000-7ffdbeaf5000 rw-p 00000000 00:00 0                          [stack]
7ffdbeba1000-7ffdbeba3000 r--p 00000000 00:00 0                          [vvar]
7ffdbeba3000-7ffdbeba5000 r-xp 00000000 00:00 0                          [vdso]
ffffffffff600000-ffffffffff601000 r-xp 00000000 00:00 0                  [vsyscall]

VM Arguments:
jvm_args: -Djava.library.path=. 
java_command: PacketDriverExample
java_class_path (initial): .
Launcher Type: SUN_STANDARD

Logging:
Log output configuration:
#0: stdout all=warning uptime,level,tags
#1: stderr all=off uptime,level,tags

Environment Variables:
JAVA_HOME=/usr/local/java/jdk1.8.0_121
JRE_HOME=/usr/local/java/jdk1.8.0_121/jre
PATH=/home/bruce/bin:/home/bruce/.local/bin:/usr/local/sbin:/usr/local/bin:/usr/sbin:/usr/bin:/sbin:/bin:/usr/games:/usr/local/games:/snap/bin:/usr/lib/jvm/java-9-oracle/bin:/usr/lib/jvm/java-9-oracle/db/bin:/usr/local/java/jdk1.8.0_121/bin:/usr/local/java/jdk1.8.0_121/jre/bin
SHELL=/bin/bash
DISPLAY=:0

Signal Handlers:
SIGSEGV: [libjvm.so+0xd33e60], sa_mask[0]=11111111011111111101111111111110, sa_flags=SA_RESTART|SA_SIGINFO
SIGBUS: [libjvm.so+0xd33e60], sa_mask[0]=11111111011111111101111111111110, sa_flags=SA_RESTART|SA_SIGINFO
SIGFPE: [libjvm.so+0xd33e60], sa_mask[0]=11111111011111111101111111111110, sa_flags=SA_RESTART|SA_SIGINFO
SIGPIPE: [libjvm.so+0xb4a250], sa_mask[0]=11111111011111111101111111111110, sa_flags=SA_RESTART|SA_SIGINFO
SIGXFSZ: [libjvm.so+0xb4a250], sa_mask[0]=11111111011111111101111111111110, sa_flags=SA_RESTART|SA_SIGINFO
SIGILL: [libjvm.so+0xd33e60], sa_mask[0]=11111111011111111101111111111110, sa_flags=SA_RESTART|SA_SIGINFO
SIGUSR2: [libjvm.so+0xb4a110], sa_mask[0]=00000000000000000000000000000000, sa_flags=SA_RESTART|SA_SIGINFO
SIGHUP: [libjvm.so+0xb4a320], sa_mask[0]=11111111011111111101111111111110, sa_flags=SA_RESTART|SA_SIGINFO
SIGINT: [libjvm.so+0xb4a320], sa_mask[0]=11111111011111111101111111111110, sa_flags=SA_RESTART|SA_SIGINFO
SIGTERM: [libjvm.so+0xb4a320], sa_mask[0]=11111111011111111101111111111110, sa_flags=SA_RESTART|SA_SIGINFO
SIGQUIT: [libjvm.so+0xb4a320], sa_mask[0]=11111111011111111101111111111110, sa_flags=SA_RESTART|SA_SIGINFO


---------------  S Y S T E M  ---------------

OS:DISTRIB_ID=Ubuntu
DISTRIB_RELEASE=16.04
DISTRIB_CODENAME=xenial
DISTRIB_DESCRIPTION="Ubuntu 16.04.1 LTS"
uname:Linux 4.4.0-62-generic #83-Ubuntu SMP Wed Jan 18 14:10:15 UTC 2017 x86_64
libc:glibc 2.23 NPTL 2.23 
rlimit: STACK 8192k, CORE 0k, NPROC 31155, NOFILE 65536, AS infinity
load average:0.05 0.47 0.34

/proc/meminfo:
MemTotal:        8088296 kB
MemFree:         5904140 kB
MemAvailable:    6603328 kB
Buffers:           61136 kB
Cached:          1137148 kB
SwapCached:            0 kB
Active:          1332876 kB
Inactive:         679256 kB
Active(anon):     815956 kB
Inactive(anon):   299912 kB
Active(file):     516920 kB
Inactive(file):   379344 kB
Unevictable:         336 kB
Mlocked:             336 kB
SwapTotal:             0 kB
SwapFree:              0 kB
Dirty:                 8 kB
Writeback:             0 kB
AnonPages:        814720 kB
Mapped:           258052 kB
Shmem:            301636 kB
Slab:              81584 kB
SReclaimable:      46788 kB
SUnreclaim:        34796 kB
KernelStack:        8176 kB
PageTables:        30756 kB
NFS_Unstable:          0 kB
Bounce:                0 kB
WritebackTmp:          0 kB
CommitLimit:     4044148 kB
Committed_AS:    4698844 kB
VmallocTotal:   34359738367 kB
VmallocUsed:           0 kB
VmallocChunk:          0 kB
HardwareCorrupted:     0 kB
AnonHugePages:    180224 kB
CmaTotal:              0 kB
CmaFree:               0 kB
HugePages_Total:       0
HugePages_Free:        0
HugePages_Rsvd:        0
HugePages_Surp:        0
Hugepagesize:       2048 kB
DirectMap4k:      134488 kB
DirectMap2M:     3973120 kB
DirectMap1G:     4194304 kB


CPU:total 4 (initial active 4) (4 cores per cpu, 1 threads per core) family 6 model 60 stepping 3, cmov, cx8, fxsr, mmx, sse, sse2, sse3, ssse3, sse4.1, sse4.2, popcnt, avx, avx2, aes, clmul, erms, lzcnt, tsc, tscinvbit, bmi1, bmi2, fma
CPU Model and flags from /proc/cpuinfo:
model name	: Intel(R) Core(TM) i5-4460  CPU @ 3.20GHz
flags		: fpu vme de pse tsc msr pae mce cx8 apic sep mtrr pge mca cmov pat pse36 clflush dts acpi mmx fxsr sse sse2 ss ht tm pbe syscall nx pdpe1gb rdtscp lm constant_tsc arch_perfmon pebs bts rep_good nopl xtopology nonstop_tsc aperfmperf eagerfpu pni pclmulqdq dtes64 monitor ds_cpl vmx est tm2 ssse3 sdbg fma cx16 xtpr pdcm pcid sse4_1 sse4_2 x2apic movbe popcnt tsc_deadline_timer aes xsave avx f16c rdrand lahf_lm abm epb tpr_shadow vnmi flexpriority ept vpid fsgsbase tsc_adjust bmi1 avx2 smep bmi2 erms invpcid xsaveopt dtherm ida arat pln pts

Memory: 4k page, physical 8088296k(5904140k free), swap 0k(0k free)

vm_info: Java HotSpot(TM) 64-Bit Server VM (9-ea+152) for linux-amd64 JRE (9-ea+152), built on Jan 11 2017 17:54:22 by "javare" with gcc 4.9.2

END.
