#
# A fatal error has been detected by the Java Runtime Environment:
#
#  SIGSEGV (0xb) at pc=0x00007f255d388134, pid=6491, tid=6492
#
# JRE version: Java(TM) SE Runtime Environment (9.0+152) (build 9-ea+152)
# Java VM: Java HotSpot(TM) 64-Bit Server VM (9-ea+152, mixed mode, tiered, compressed oops, g1 gc, linux-amd64)
# Problematic frame:
# C  [libpcap.so.0.8+0xf134]  pcap_next+0x4
#
# Core dump will be written. Default location: Core dumps may be processed with "/usr/share/apport/apport %p %s %c %P" (or dumping to /home/bruce/Desktop/project1/ns/adapter_demo/adapter_demo/core.6491)
#
# If you would like to submit a bug report, please visit:
#   http://bugreport.java.com/bugreport/crash.jsp
# The crash happened outside the Java Virtual Machine in native code.
# See problematic frame for where to report the bug.
#

---------------  S U M M A R Y ------------

Command Line: -Djava.library.path=. PacketDriverExample

Host: Intel(R) Core(TM) i5-4460  CPU @ 3.20GHz, 4 cores, 7G, Ubuntu 16.04.1 LTS
Time: Tue Feb 14 20:28:48 2017 CST elapsed time: 0 seconds (0d 0h 0m 0s)

---------------  T H R E A D  ---------------

Current thread (0x00007f25a8012800):  JavaThread "main" [_thread_in_native, id=6492, stack(0x00007f25b133c000,0x00007f25b143c000)]

Stack: [0x00007f25b133c000,0x00007f25b143c000],  sp=0x00007f25b143a920,  free space=1018k
Native frames: (J=compiled Java code, A=aot compiled Java code, j=interpreted, Vv=VM code, C=native code)
C  [libpcap.so.0.8+0xf134]  pcap_next+0x4
j  SimplePacketDriver.readPacket()[B+0
j  PacketDriverExample.main([Ljava/lang/String;)V+79
v  ~StubRoutines::call_stub
V  [libjvm.so+0x837620]  JavaCalls::call_helper(JavaValue*, methodHandle const&, JavaCallArguments*, Thread*)+0x3f0
V  [libjvm.so+0x89083f]  jni_invoke_static(JNIEnv_*, JavaValue*, _jobject*, JNICallType, _jmethodID*, JNI_ArgumentPusher*, Thread*) [clone .isra.88]+0x21f
V  [libjvm.so+0x89d3ae]  jni_CallStaticVoidMethod+0x14e
C  [libjli.so+0x3c52]  JavaMain+0x812
C  [libpthread.so.0+0x76ba]  start_thread+0xca

Java frames: (J=compiled Java code, j=interpreted, Vv=VM code)
j  SimplePacketDriver.readPacket()[B+0
j  PacketDriverExample.main([Ljava/lang/String;)V+79
v  ~StubRoutines::call_stub

siginfo: si_signo: 11 (SIGSEGV), si_code: 1 (SEGV_MAPERR), si_addr: 0x0000000000000260

Register to memory mapping:

RAX=0x0000000000000000 is an unknown value
RBX={method} {0x00007f258d0ffef0} 'readPacket' '()[B' in 'SimplePacketDriver'
RCX=0x00007f25b071d6fd: __write+0x000000000000002d in /lib/x86_64-linux-gnu/libc.so.6 at 0x00007f25b0627000
RDX=0x00007f25b143a980 is pointing into the stack for thread: 0x00007f25a8012800
RSP=0x00007f25b143a920 is pointing into the stack for thread: 0x00007f25a8012800
RBP=0x00007f25b143a9a0 is pointing into the stack for thread: 0x00007f25a8012800
RSI=0x00007f25b143a980 is pointing into the stack for thread: 0x00007f25a8012800
RDI=0x0000000000000000 is an unknown value
R8 =0x00007f25a8000228 is an unknown value
R9 =0x0000000000000000 is an unknown value
R10=0x0000000000000077 is an unknown value
R11=0x00007f255d388130: pcap_next+0x0000000000000000 in /usr/lib/x86_64-linux-gnu/libpcap.so.0.8 at 0x00007f255d379000
R12=0x0000000000000000 is an unknown value
R13={method} {0x00007f258d0ffef0} 'readPacket' '()[B' in 'SimplePacketDriver'
R14=0x00007f25b143aa20 is pointing into the stack for thread: 0x00007f25a8012800
R15=0x00007f25a8012800 is a thread


Registers:
RAX=0x0000000000000000, RBX=0x00007f258d0ffef0, RCX=0x00007f25b071d6fd, RDX=0x00007f25b143a980
RSP=0x00007f25b143a920, RBP=0x00007f25b143a9a0, RSI=0x00007f25b143a980, RDI=0x0000000000000000
R8 =0x00007f25a8000228, R9 =0x0000000000000000, R10=0x0000000000000077, R11=0x00007f255d388130
R12=0x0000000000000000, R13=0x00007f258d0ffef0, R14=0x00007f25b143aa20, R15=0x00007f25a8012800
RIP=0x00007f255d388134, EFLAGS=0x0000000000010202, CSGSFS=0x0000000000000033, ERR=0x0000000000000004
  TRAPNO=0x000000000000000e

Top of Stack: (sp=0x00007f25b143a920)
0x00007f25b143a920:   0000000000000000 00007f25a8000228
0x00007f25b143a930:   0000000000000000 00007f25b06967fa
0x00007f25b143a940:   00007f258d0ffef0 00007f25a824e4d0
0x00007f25b143a950:   0000000000000002 00007f255d7d50b5 

Instructions: (pc=0x00007f255d388134)
0x00007f255d388114:   e0 90 66 2e 0f 1f 84 00 00 00 00 00 eb ee 0f 1f
0x00007f255d388124:   40 00 66 2e 0f 1f 84 00 00 00 00 00 48 83 ec 38
0x00007f255d388134:   48 8b 97 60 02 00 00 64 48 8b 04 25 28 00 00 00
0x00007f255d388144:   48 89 44 24 28 31 c0 48 8d 4c 24 10 48 8d 44 24 


---------------  P R O C E S S  ---------------

Java Threads: ( => current thread )
  0x00007f25a8228000 JavaThread "Service Thread" daemon [_thread_blocked, id=6513, stack(0x00007f255dad8000,0x00007f255dbd9000)]
  0x00007f25a8190000 JavaThread "Common-Cleaner" daemon [_thread_blocked, id=6512, stack(0x00007f256403e000,0x00007f256413f000)]
  0x00007f25a8163800 JavaThread "Sweeper thread" daemon [_thread_blocked, id=6511, stack(0x00007f256413f000,0x00007f2564240000)]
  0x00007f25a8161800 JavaThread "C1 CompilerThread2" daemon [_thread_blocked, id=6510, stack(0x00007f258c0f6000,0x00007f258c1f7000)]
  0x00007f25a815f800 JavaThread "C2 CompilerThread1" daemon [_thread_blocked, id=6509, stack(0x00007f258c1f7000,0x00007f258c2f8000)]
  0x00007f25a815d800 JavaThread "C2 CompilerThread0" daemon [_thread_blocked, id=6508, stack(0x00007f258c2f8000,0x00007f258c3f9000)]
  0x00007f25a815b800 JavaThread "Signal Dispatcher" daemon [_thread_blocked, id=6507, stack(0x00007f258c3f9000,0x00007f258c4fa000)]
  0x00007f25a8144800 JavaThread "Finalizer" daemon [_thread_blocked, id=6506, stack(0x00007f258c985000,0x00007f258ca86000)]
  0x00007f25a813e800 JavaThread "Reference Handler" daemon [_thread_blocked, id=6505, stack(0x00007f258ca86000,0x00007f258cb87000)]
=>0x00007f25a8012800 JavaThread "main" [_thread_in_native, id=6492, stack(0x00007f25b133c000,0x00007f25b143c000)]

Other Threads:
  0x00007f25a8130800 VMThread "VM Thread" [stack: 0x00007f258cb88000,0x00007f258cc88000] [id=6504]
  0x00007f25a8243000 WatcherThread [stack: 0x00007f255d9d8000,0x00007f255dad8000] [id=6514]
  0x00007f25a8029800 GCTaskThread "GC Thread#0" [stack: 0x00007f25ada3d000,0x00007f25adb3d000] [id=6493]
  0x00007f25a802b000 GCTaskThread "GC Thread#1" [stack: 0x00007f25ad93c000,0x00007f25ada3c000] [id=6494]
  0x00007f25a802d000 GCTaskThread "GC Thread#2" [stack: 0x00007f25ad83b000,0x00007f25ad93b000] [id=6495]
  0x00007f25a802e800 GCTaskThread "GC Thread#3" [stack: 0x00007f25ad73a000,0x00007f25ad83a000] [id=6496]
  0x00007f25a805d000 ConcurrentGCThread "G1 Main Marker" [stack: 0x00007f25ac19c000,0x00007f25ac29c000] [id=6502]
  0x00007f25a805f000 ConcurrentGCThread "G1 Marker#0" [stack: 0x00007f25ac09b000,0x00007f25ac19b000] [id=6503]
  0x00007f25a8036000 ConcurrentGCThread "G1 Refine#0" [stack: 0x00007f25acf32000,0x00007f25ad032000] [id=6500]
  0x00007f25a8034000 ConcurrentGCThread "G1 Refine#1" [stack: 0x00007f25ad033000,0x00007f25ad133000] [id=6499]
  0x00007f25a8032800 ConcurrentGCThread "G1 Refine#2" [stack: 0x00007f25ad134000,0x00007f25ad234000] [id=6498]
  0x00007f25a8030800 ConcurrentGCThread "G1 Refine#3" [stack: 0x00007f25ad235000,0x00007f25ad335000] [id=6497]
  0x00007f25a8037800 ConcurrentGCThread "G1 Young RemSet Sampling" [stack: 0x00007f25ace31000,0x00007f25acf31000] [id=6501]

Threads with active compile tasks:

VM state:not at safepoint (normal execution)

VM Mutex/Monitor currently owned by a thread: None

Heap address: 0x0000000084800000, size: 1976 MB, Compressed Oops mode: 32-bit
Narrow klass base: 0x0000000000000000, Narrow klass shift: 3
Compressed class space size: 1073741824 Address: 0x0000000100000000

Heap:
 garbage-first heap   total 126976K, used 2048K [0x0000000084800000, 0x00000000849003e0, 0x0000000100000000)
  region size 1024K, 3 young (3072K), 0 survivors (0K)
 Metaspace       used 5289K, capacity 5388K, committed 5632K, reserved 1056768K
  class space    used 453K, capacity 490K, committed 512K, reserved 1048576K
Heap Regions: E=young(eden), S=young(survivor), O=old, HS=humongous(starts), HC=humongous(continues), CS=collection set, F=free, A=archive, TS=gc time stamp, AC=allocation context, TAMS=top-at-mark-start (previous, next)
|   0|0x0000000084800000, 0x0000000084800000, 0x0000000084900000|  0%| F|  |TS  0|AC  0|TAMS 0x0000000084800000, 0x0000000084800000|
|   1|0x0000000084900000, 0x0000000084900000, 0x0000000084a00000|  0%| F|  |TS  0|AC  0|TAMS 0x0000000084900000, 0x0000000084900000|
|   2|0x0000000084a00000, 0x0000000084a00000, 0x0000000084b00000|  0%| F|  |TS  0|AC  0|TAMS 0x0000000084a00000, 0x0000000084a00000|
|   3|0x0000000084b00000, 0x0000000084b00000, 0x0000000084c00000|  0%| F|  |TS  0|AC  0|TAMS 0x0000000084b00000, 0x0000000084b00000|
|   4|0x0000000084c00000, 0x0000000084c00000, 0x0000000084d00000|  0%| F|  |TS  0|AC  0|TAMS 0x0000000084c00000, 0x0000000084c00000|
|   5|0x0000000084d00000, 0x0000000084d00000, 0x0000000084e00000|  0%| F|  |TS  0|AC  0|TAMS 0x0000000084d00000, 0x0000000084d00000|
|   6|0x0000000084e00000, 0x0000000084e00000, 0x0000000084f00000|  0%| F|  |TS  0|AC  0|TAMS 0x0000000084e00000, 0x0000000084e00000|
|   7|0x0000000084f00000, 0x0000000084f00000, 0x0000000085000000|  0%| F|  |TS  0|AC  0|TAMS 0x0000000084f00000, 0x0000000084f00000|
|   8|0x0000000085000000, 0x0000000085000000, 0x0000000085100000|  0%| F|  |TS  0|AC  0|TAMS 0x0000000085000000, 0x0000000085000000|
|   9|0x0000000085100000, 0x0000000085100000, 0x0000000085200000|  0%| F|  |TS  0|AC  0|TAMS 0x0000000085100000, 0x0000000085100000|
|  10|0x0000000085200000, 0x0000000085200000, 0x0000000085300000|  0%| F|  |TS  0|AC  0|TAMS 0x0000000085200000, 0x0000000085200000|
|  11|0x0000000085300000, 0x0000000085300000, 0x0000000085400000|  0%| F|  |TS  0|AC  0|TAMS 0x0000000085300000, 0x0000000085300000|
|  12|0x0000000085400000, 0x0000000085400000, 0x0000000085500000|  0%| F|  |TS  0|AC  0|TAMS 0x0000000085400000, 0x0000000085400000|
|  13|0x0000000085500000, 0x0000000085500000, 0x0000000085600000|  0%| F|  |TS  0|AC  0|TAMS 0x0000000085500000, 0x0000000085500000|
|  14|0x0000000085600000, 0x0000000085600000, 0x0000000085700000|  0%| F|  |TS  0|AC  0|TAMS 0x0000000085600000, 0x0000000085600000|
|  15|0x0000000085700000, 0x0000000085700000, 0x0000000085800000|  0%| F|  |TS  0|AC  0|TAMS 0x0000000085700000, 0x0000000085700000|
|  16|0x0000000085800000, 0x0000000085800000, 0x0000000085900000|  0%| F|  |TS  0|AC  0|TAMS 0x0000000085800000, 0x0000000085800000|
|  17|0x0000000085900000, 0x0000000085900000, 0x0000000085a00000|  0%| F|  |TS  0|AC  0|TAMS 0x0000000085900000, 0x0000000085900000|
|  18|0x0000000085a00000, 0x0000000085a00000, 0x0000000085b00000|  0%| F|  |TS  0|AC  0|TAMS 0x0000000085a00000, 0x0000000085a00000|
|  19|0x0000000085b00000, 0x0000000085b00000, 0x0000000085c00000|  0%| F|  |TS  0|AC  0|TAMS 0x0000000085b00000, 0x0000000085b00000|
|  20|0x0000000085c00000, 0x0000000085c00000, 0x0000000085d00000|  0%| F|  |TS  0|AC  0|TAMS 0x0000000085c00000, 0x0000000085c00000|
|  21|0x0000000085d00000, 0x0000000085d00000, 0x0000000085e00000|  0%| F|  |TS  0|AC  0|TAMS 0x0000000085d00000, 0x0000000085d00000|
|  22|0x0000000085e00000, 0x0000000085e00000, 0x0000000085f00000|  0%| F|  |TS  0|AC  0|TAMS 0x0000000085e00000, 0x0000000085e00000|
|  23|0x0000000085f00000, 0x0000000085f00000, 0x0000000086000000|  0%| F|  |TS  0|AC  0|TAMS 0x0000000085f00000, 0x0000000085f00000|
|  24|0x0000000086000000, 0x0000000086000000, 0x0000000086100000|  0%| F|  |TS  0|AC  0|TAMS 0x0000000086000000, 0x0000000086000000|
|  25|0x0000000086100000, 0x0000000086100000, 0x0000000086200000|  0%| F|  |TS  0|AC  0|TAMS 0x0000000086100000, 0x0000000086100000|
|  26|0x0000000086200000, 0x0000000086200000, 0x0000000086300000|  0%| F|  |TS  0|AC  0|TAMS 0x0000000086200000, 0x0000000086200000|
|  27|0x0000000086300000, 0x0000000086300000, 0x0000000086400000|  0%| F|  |TS  0|AC  0|TAMS 0x0000000086300000, 0x0000000086300000|
|  28|0x0000000086400000, 0x0000000086400000, 0x0000000086500000|  0%| F|  |TS  0|AC  0|TAMS 0x0000000086400000, 0x0000000086400000|
|  29|0x0000000086500000, 0x0000000086500000, 0x0000000086600000|  0%| F|  |TS  0|AC  0|TAMS 0x0000000086500000, 0x0000000086500000|
|  30|0x0000000086600000, 0x0000000086600000, 0x0000000086700000|  0%| F|  |TS  0|AC  0|TAMS 0x0000000086600000, 0x0000000086600000|
|  31|0x0000000086700000, 0x0000000086700000, 0x0000000086800000|  0%| F|  |TS  0|AC  0|TAMS 0x0000000086700000, 0x0000000086700000|
|  32|0x0000000086800000, 0x0000000086800000, 0x0000000086900000|  0%| F|  |TS  0|AC  0|TAMS 0x0000000086800000, 0x0000000086800000|
|  33|0x0000000086900000, 0x0000000086900000, 0x0000000086a00000|  0%| F|  |TS  0|AC  0|TAMS 0x0000000086900000, 0x0000000086900000|
|  34|0x0000000086a00000, 0x0000000086a00000, 0x0000000086b00000|  0%| F|  |TS  0|AC  0|TAMS 0x0000000086a00000, 0x0000000086a00000|
|  35|0x0000000086b00000, 0x0000000086b00000, 0x0000000086c00000|  0%| F|  |TS  0|AC  0|TAMS 0x0000000086b00000, 0x0000000086b00000|
|  36|0x0000000086c00000, 0x0000000086c00000, 0x0000000086d00000|  0%| F|  |TS  0|AC  0|TAMS 0x0000000086c00000, 0x0000000086c00000|
|  37|0x0000000086d00000, 0x0000000086d00000, 0x0000000086e00000|  0%| F|  |TS  0|AC  0|TAMS 0x0000000086d00000, 0x0000000086d00000|
|  38|0x0000000086e00000, 0x0000000086e00000, 0x0000000086f00000|  0%| F|  |TS  0|AC  0|TAMS 0x0000000086e00000, 0x0000000086e00000|
|  39|0x0000000086f00000, 0x0000000086f00000, 0x0000000087000000|  0%| F|  |TS  0|AC  0|TAMS 0x0000000086f00000, 0x0000000086f00000|
|  40|0x0000000087000000, 0x0000000087000000, 0x0000000087100000|  0%| F|  |TS  0|AC  0|TAMS 0x0000000087000000, 0x0000000087000000|
|  41|0x0000000087100000, 0x0000000087100000, 0x0000000087200000|  0%| F|  |TS  0|AC  0|TAMS 0x0000000087100000, 0x0000000087100000|
|  42|0x0000000087200000, 0x0000000087200000, 0x0000000087300000|  0%| F|  |TS  0|AC  0|TAMS 0x0000000087200000, 0x0000000087200000|
|  43|0x0000000087300000, 0x0000000087300000, 0x0000000087400000|  0%| F|  |TS  0|AC  0|TAMS 0x0000000087300000, 0x0000000087300000|
|  44|0x0000000087400000, 0x0000000087400000, 0x0000000087500000|  0%| F|  |TS  0|AC  0|TAMS 0x0000000087400000, 0x0000000087400000|
|  45|0x0000000087500000, 0x0000000087500000, 0x0000000087600000|  0%| F|  |TS  0|AC  0|TAMS 0x0000000087500000, 0x0000000087500000|
|  46|0x0000000087600000, 0x0000000087600000, 0x0000000087700000|  0%| F|  |TS  0|AC  0|TAMS 0x0000000087600000, 0x0000000087600000|
|  47|0x0000000087700000, 0x0000000087700000, 0x0000000087800000|  0%| F|  |TS  0|AC  0|TAMS 0x0000000087700000, 0x0000000087700000|
|  48|0x0000000087800000, 0x0000000087800000, 0x0000000087900000|  0%| F|  |TS  0|AC  0|TAMS 0x0000000087800000, 0x0000000087800000|
|  49|0x0000000087900000, 0x0000000087900000, 0x0000000087a00000|  0%| F|  |TS  0|AC  0|TAMS 0x0000000087900000, 0x0000000087900000|
|  50|0x0000000087a00000, 0x0000000087a00000, 0x0000000087b00000|  0%| F|  |TS  0|AC  0|TAMS 0x0000000087a00000, 0x0000000087a00000|
|  51|0x0000000087b00000, 0x0000000087b00000, 0x0000000087c00000|  0%| F|  |TS  0|AC  0|TAMS 0x0000000087b00000, 0x0000000087b00000|
|  52|0x0000000087c00000, 0x0000000087c00000, 0x0000000087d00000|  0%| F|  |TS  0|AC  0|TAMS 0x0000000087c00000, 0x0000000087c00000|
|  53|0x0000000087d00000, 0x0000000087d00000, 0x0000000087e00000|  0%| F|  |TS  0|AC  0|TAMS 0x0000000087d00000, 0x0000000087d00000|
|  54|0x0000000087e00000, 0x0000000087e00000, 0x0000000087f00000|  0%| F|  |TS  0|AC  0|TAMS 0x0000000087e00000, 0x0000000087e00000|
|  55|0x0000000087f00000, 0x0000000087f00000, 0x0000000088000000|  0%| F|  |TS  0|AC  0|TAMS 0x0000000087f00000, 0x0000000087f00000|
|  56|0x0000000088000000, 0x0000000088000000, 0x0000000088100000|  0%| F|  |TS  0|AC  0|TAMS 0x0000000088000000, 0x0000000088000000|
|  57|0x0000000088100000, 0x0000000088100000, 0x0000000088200000|  0%| F|  |TS  0|AC  0|TAMS 0x0000000088100000, 0x0000000088100000|
|  58|0x0000000088200000, 0x0000000088200000, 0x0000000088300000|  0%| F|  |TS  0|AC  0|TAMS 0x0000000088200000, 0x0000000088200000|
|  59|0x0000000088300000, 0x0000000088300000, 0x0000000088400000|  0%| F|  |TS  0|AC  0|TAMS 0x0000000088300000, 0x0000000088300000|
|  60|0x0000000088400000, 0x0000000088400000, 0x0000000088500000|  0%| F|  |TS  0|AC  0|TAMS 0x0000000088400000, 0x0000000088400000|
|  61|0x0000000088500000, 0x0000000088500000, 0x0000000088600000|  0%| F|  |TS  0|AC  0|TAMS 0x0000000088500000, 0x0000000088500000|
|  62|0x0000000088600000, 0x0000000088600000, 0x0000000088700000|  0%| F|  |TS  0|AC  0|TAMS 0x0000000088600000, 0x0000000088600000|
|  63|0x0000000088700000, 0x0000000088700000, 0x0000000088800000|  0%| F|  |TS  0|AC  0|TAMS 0x0000000088700000, 0x0000000088700000|
|  64|0x0000000088800000, 0x0000000088800000, 0x0000000088900000|  0%| F|  |TS  0|AC  0|TAMS 0x0000000088800000, 0x0000000088800000|
|  65|0x0000000088900000, 0x0000000088900000, 0x0000000088a00000|  0%| F|  |TS  0|AC  0|TAMS 0x0000000088900000, 0x0000000088900000|
|  66|0x0000000088a00000, 0x0000000088a00000, 0x0000000088b00000|  0%| F|  |TS  0|AC  0|TAMS 0x0000000088a00000, 0x0000000088a00000|
|  67|0x0000000088b00000, 0x0000000088b00000, 0x0000000088c00000|  0%| F|  |TS  0|AC  0|TAMS 0x0000000088b00000, 0x0000000088b00000|
|  68|0x0000000088c00000, 0x0000000088c00000, 0x0000000088d00000|  0%| F|  |TS  0|AC  0|TAMS 0x0000000088c00000, 0x0000000088c00000|
|  69|0x0000000088d00000, 0x0000000088d00000, 0x0000000088e00000|  0%| F|  |TS  0|AC  0|TAMS 0x0000000088d00000, 0x0000000088d00000|
|  70|0x0000000088e00000, 0x0000000088e00000, 0x0000000088f00000|  0%| F|  |TS  0|AC  0|TAMS 0x0000000088e00000, 0x0000000088e00000|
|  71|0x0000000088f00000, 0x0000000088f00000, 0x0000000089000000|  0%| F|  |TS  0|AC  0|TAMS 0x0000000088f00000, 0x0000000088f00000|
|  72|0x0000000089000000, 0x0000000089000000, 0x0000000089100000|  0%| F|  |TS  0|AC  0|TAMS 0x0000000089000000, 0x0000000089000000|
|  73|0x0000000089100000, 0x0000000089100000, 0x0000000089200000|  0%| F|  |TS  0|AC  0|TAMS 0x0000000089100000, 0x0000000089100000|
|  74|0x0000000089200000, 0x0000000089200000, 0x0000000089300000|  0%| F|  |TS  0|AC  0|TAMS 0x0000000089200000, 0x0000000089200000|
|  75|0x0000000089300000, 0x0000000089300000, 0x0000000089400000|  0%| F|  |TS  0|AC  0|TAMS 0x0000000089300000, 0x0000000089300000|
|  76|0x0000000089400000, 0x0000000089400000, 0x0000000089500000|  0%| F|  |TS  0|AC  0|TAMS 0x0000000089400000, 0x0000000089400000|
|  77|0x0000000089500000, 0x0000000089500000, 0x0000000089600000|  0%| F|  |TS  0|AC  0|TAMS 0x0000000089500000, 0x0000000089500000|
|  78|0x0000000089600000, 0x0000000089600000, 0x0000000089700000|  0%| F|  |TS  0|AC  0|TAMS 0x0000000089600000, 0x0000000089600000|
|  79|0x0000000089700000, 0x0000000089700000, 0x0000000089800000|  0%| F|  |TS  0|AC  0|TAMS 0x0000000089700000, 0x0000000089700000|
|  80|0x0000000089800000, 0x0000000089800000, 0x0000000089900000|  0%| F|  |TS  0|AC  0|TAMS 0x0000000089800000, 0x0000000089800000|
|  81|0x0000000089900000, 0x0000000089900000, 0x0000000089a00000|  0%| F|  |TS  0|AC  0|TAMS 0x0000000089900000, 0x0000000089900000|
|  82|0x0000000089a00000, 0x0000000089a00000, 0x0000000089b00000|  0%| F|  |TS  0|AC  0|TAMS 0x0000000089a00000, 0x0000000089a00000|
|  83|0x0000000089b00000, 0x0000000089b00000, 0x0000000089c00000|  0%| F|  |TS  0|AC  0|TAMS 0x0000000089b00000, 0x0000000089b00000|
|  84|0x0000000089c00000, 0x0000000089c00000, 0x0000000089d00000|  0%| F|  |TS  0|AC  0|TAMS 0x0000000089c00000, 0x0000000089c00000|
|  85|0x0000000089d00000, 0x0000000089d00000, 0x0000000089e00000|  0%| F|  |TS  0|AC  0|TAMS 0x0000000089d00000, 0x0000000089d00000|
|  86|0x0000000089e00000, 0x0000000089e00000, 0x0000000089f00000|  0%| F|  |TS  0|AC  0|TAMS 0x0000000089e00000, 0x0000000089e00000|
|  87|0x0000000089f00000, 0x0000000089f00000, 0x000000008a000000|  0%| F|  |TS  0|AC  0|TAMS 0x0000000089f00000, 0x0000000089f00000|
|  88|0x000000008a000000, 0x000000008a000000, 0x000000008a100000|  0%| F|  |TS  0|AC  0|TAMS 0x000000008a000000, 0x000000008a000000|
|  89|0x000000008a100000, 0x000000008a100000, 0x000000008a200000|  0%| F|  |TS  0|AC  0|TAMS 0x000000008a100000, 0x000000008a100000|
|  90|0x000000008a200000, 0x000000008a200000, 0x000000008a300000|  0%| F|  |TS  0|AC  0|TAMS 0x000000008a200000, 0x000000008a200000|
|  91|0x000000008a300000, 0x000000008a300000, 0x000000008a400000|  0%| F|  |TS  0|AC  0|TAMS 0x000000008a300000, 0x000000008a300000|
|  92|0x000000008a400000, 0x000000008a400000, 0x000000008a500000|  0%| F|  |TS  0|AC  0|TAMS 0x000000008a400000, 0x000000008a400000|
|  93|0x000000008a500000, 0x000000008a500000, 0x000000008a600000|  0%| F|  |TS  0|AC  0|TAMS 0x000000008a500000, 0x000000008a500000|
|  94|0x000000008a600000, 0x000000008a600000, 0x000000008a700000|  0%| F|  |TS  0|AC  0|TAMS 0x000000008a600000, 0x000000008a600000|
|  95|0x000000008a700000, 0x000000008a700000, 0x000000008a800000|  0%| F|  |TS  0|AC  0|TAMS 0x000000008a700000, 0x000000008a700000|
|  96|0x000000008a800000, 0x000000008a800000, 0x000000008a900000|  0%| F|  |TS  0|AC  0|TAMS 0x000000008a800000, 0x000000008a800000|
|  97|0x000000008a900000, 0x000000008a900000, 0x000000008aa00000|  0%| F|  |TS  0|AC  0|TAMS 0x000000008a900000, 0x000000008a900000|
|  98|0x000000008aa00000, 0x000000008aa00000, 0x000000008ab00000|  0%| F|  |TS  0|AC  0|TAMS 0x000000008aa00000, 0x000000008aa00000|
|  99|0x000000008ab00000, 0x000000008ab00000, 0x000000008ac00000|  0%| F|  |TS  0|AC  0|TAMS 0x000000008ab00000, 0x000000008ab00000|
| 100|0x000000008ac00000, 0x000000008ac00000, 0x000000008ad00000|  0%| F|  |TS  0|AC  0|TAMS 0x000000008ac00000, 0x000000008ac00000|
| 101|0x000000008ad00000, 0x000000008ad00000, 0x000000008ae00000|  0%| F|  |TS  0|AC  0|TAMS 0x000000008ad00000, 0x000000008ad00000|
| 102|0x000000008ae00000, 0x000000008ae00000, 0x000000008af00000|  0%| F|  |TS  0|AC  0|TAMS 0x000000008ae00000, 0x000000008ae00000|
| 103|0x000000008af00000, 0x000000008af00000, 0x000000008b000000|  0%| F|  |TS  0|AC  0|TAMS 0x000000008af00000, 0x000000008af00000|
| 104|0x000000008b000000, 0x000000008b000000, 0x000000008b100000|  0%| F|  |TS  0|AC  0|TAMS 0x000000008b000000, 0x000000008b000000|
| 105|0x000000008b100000, 0x000000008b100000, 0x000000008b200000|  0%| F|  |TS  0|AC  0|TAMS 0x000000008b100000, 0x000000008b100000|
| 106|0x000000008b200000, 0x000000008b200000, 0x000000008b300000|  0%| F|  |TS  0|AC  0|TAMS 0x000000008b200000, 0x000000008b200000|
| 107|0x000000008b300000, 0x000000008b300000, 0x000000008b400000|  0%| F|  |TS  0|AC  0|TAMS 0x000000008b300000, 0x000000008b300000|
| 108|0x000000008b400000, 0x000000008b400000, 0x000000008b500000|  0%| F|  |TS  0|AC  0|TAMS 0x000000008b400000, 0x000000008b400000|
| 109|0x000000008b500000, 0x000000008b500000, 0x000000008b600000|  0%| F|  |TS  0|AC  0|TAMS 0x000000008b500000, 0x000000008b500000|
| 110|0x000000008b600000, 0x000000008b600000, 0x000000008b700000|  0%| F|  |TS  0|AC  0|TAMS 0x000000008b600000, 0x000000008b600000|
| 111|0x000000008b700000, 0x000000008b700000, 0x000000008b800000|  0%| F|  |TS  0|AC  0|TAMS 0x000000008b700000, 0x000000008b700000|
| 112|0x000000008b800000, 0x000000008b800000, 0x000000008b900000|  0%| F|  |TS  0|AC  0|TAMS 0x000000008b800000, 0x000000008b800000|
| 113|0x000000008b900000, 0x000000008b900000, 0x000000008ba00000|  0%| F|  |TS  0|AC  0|TAMS 0x000000008b900000, 0x000000008b900000|
| 114|0x000000008ba00000, 0x000000008ba00000, 0x000000008bb00000|  0%| F|  |TS  0|AC  0|TAMS 0x000000008ba00000, 0x000000008ba00000|
| 115|0x000000008bb00000, 0x000000008bb00000, 0x000000008bc00000|  0%| F|  |TS  0|AC  0|TAMS 0x000000008bb00000, 0x000000008bb00000|
| 116|0x000000008bc00000, 0x000000008bc00000, 0x000000008bd00000|  0%| F|  |TS  0|AC  0|TAMS 0x000000008bc00000, 0x000000008bc00000|
| 117|0x000000008bd00000, 0x000000008bd00000, 0x000000008be00000|  0%| F|  |TS  0|AC  0|TAMS 0x000000008bd00000, 0x000000008bd00000|
| 118|0x000000008be00000, 0x000000008be00000, 0x000000008bf00000|  0%| F|  |TS  0|AC  0|TAMS 0x000000008be00000, 0x000000008be00000|
| 119|0x000000008bf00000, 0x000000008bf00000, 0x000000008c000000|  0%| F|  |TS  0|AC  0|TAMS 0x000000008bf00000, 0x000000008bf00000|
| 120|0x000000008c000000, 0x000000008c000000, 0x000000008c100000|  0%| F|  |TS  0|AC  0|TAMS 0x000000008c000000, 0x000000008c000000|
| 121|0x000000008c100000, 0x000000008c18fe88, 0x000000008c200000| 56%| E|  |TS  0|AC  0|TAMS 0x000000008c100000, 0x000000008c100000|
| 122|0x000000008c200000, 0x000000008c300000, 0x000000008c300000|100%| E|CS|TS  0|AC  0|TAMS 0x000000008c200000, 0x000000008c200000|
| 123|0x000000008c300000, 0x000000008c400000, 0x000000008c400000|100%| E|CS|TS  0|AC  0|TAMS 0x000000008c300000, 0x000000008c300000|

Card table byte_map: [0x00007f25ac29c000,0x00007f25ac678000] byte_map_base: 0x00007f25abe78000

Marking Bits (Prev, Next): (CMBitMap*) 0x00007f25a805c3e0, (CMBitMap*) 0x00007f25a805c418
 Prev Bits: [0x00007f2566120000, 0x00007f2568000000)
 Next Bits: [0x00007f2564240000, 0x00007f2566120000)

Polling page: 0x00007f25b145b000

CodeHeap 'non-profiled nmethods': size=120032Kb used=86Kb max_used=86Kb free=119945Kb
 bounds [0x00007f25957a6000, 0x00007f2595a16000, 0x00007f259ccde000]
CodeHeap 'profiled nmethods': size=120032Kb used=395Kb max_used=395Kb free=119636Kb
 bounds [0x00007f258e26e000, 0x00007f258e4de000, 0x00007f25957a6000]
CodeHeap 'non-nmethods': size=5696Kb used=1171Kb max_used=1181Kb free=4524Kb
 bounds [0x00007f258dcde000, 0x00007f258df4e000, 0x00007f258e26e000]
 total_blobs=678 nmethods=298 adapters=222
 compilation: enabled

Compilation events (10 events):
Event: 0.152 Thread 0x00007f25a8161800  286       3       java.lang.invoke.MemberName::getReferenceKind (12 bytes)
Event: 0.152 Thread 0x00007f25a815d800 nmethod 285 0x00007f25957baf90 code [0x00007f25957bb120, 0x00007f25957bb2d8]
Event: 0.152 Thread 0x00007f25a8161800 nmethod 286 0x00007f258e2c9b90 code [0x00007f258e2c9d40, 0x00007f258e2c9eb0]
Event: 0.152 Thread 0x00007f25a8161800  293       3       java.lang.invoke.InvokerBytecodeGenerator::isStaticallyNameable (116 bytes)
Event: 0.153 Thread 0x00007f25a8161800 nmethod 293 0x00007f258e2c9f10 code [0x00007f258e2ca2c0, 0x00007f258e2cc408]
Event: 0.153 Thread 0x00007f25a8161800  290       3       java.lang.invoke.LambdaForm$Name::isParam (13 bytes)
Event: 0.153 Thread 0x00007f25a8161800 nmethod 290 0x00007f258e2ccc10 code [0x00007f258e2ccdc0, 0x00007f258e2ccf70]
Event: 0.153 Thread 0x00007f25a8161800  289       3       java.lang.StringBuilder::<init> (7 bytes)
Event: 0.153 Thread 0x00007f25a8161800 nmethod 289 0x00007f258e2cd010 code [0x00007f258e2cd1c0, 0x00007f258e2cd348]
Event: 0.153 Thread 0x00007f25a8161800  294       3       java.lang.invoke.MemberName::getMethodOrFieldType (72 bytes)

GC Heap History (0 events):
No events

Deoptimization events (1 events):
Event: 0.114 Thread 0x00007f25a8012800 Uncommon trap: reason=unstable_if action=reinterpret pc=0x00007f25957af028 method=java.lang.StringLatin1.replace([BCC)Ljava/lang/String; @ 19

Classes redefined (0 events):
No events

Internal exceptions (0 events):
No events

Events (10 events):
Event: 0.143 loading class java/lang/invoke/MethodHandles$1
Event: 0.143 loading class java/lang/invoke/MethodHandles$1 done
Event: 0.143 loading class java/lang/invoke/BoundMethodHandle$Species_L6I
Event: 0.143 loading class java/lang/invoke/BoundMethodHandle$Species_L6I done
Event: 0.144 loading class sun/invoke/util/ValueConversions$WrapperCache
Event: 0.144 loading class sun/invoke/util/ValueConversions$WrapperCache done
Event: 0.144 loading class java/lang/invoke/BoundMethodHandle$Species_L6II
Event: 0.144 loading class java/lang/invoke/BoundMethodHandle$Species_L6II done
Event: 0.152 loading class java/lang/invoke/BoundMethodHandle$Species_L6IIL
Event: 0.152 loading class java/lang/invoke/BoundMethodHandle$Species_L6IIL done


Dynamic libraries:
00400000-00401000 r-xp 00000000 08:07 8523896                            /usr/lib/jvm/java-9-oracle/bin/java
00600000-00601000 rw-p 00000000 08:07 8523896                            /usr/lib/jvm/java-9-oracle/bin/java
01f7e000-01f9f000 rw-p 00000000 00:00 0                                  [heap]
84800000-8c400000 rw-p 00000000 00:00 0 
8c400000-100000000 ---p 00000000 00:00 0 
100000000-100080000 rw-p 00000000 00:00 0 
100080000-140000000 ---p 00000000 00:00 0 
7f252c000000-7f252c021000 rw-p 00000000 00:00 0 
7f252c021000-7f2530000000 ---p 00000000 00:00 0 
7f2530000000-7f2530021000 rw-p 00000000 00:00 0 
7f2530021000-7f2534000000 ---p 00000000 00:00 0 
7f2534000000-7f2534021000 rw-p 00000000 00:00 0 
7f2534021000-7f2538000000 ---p 00000000 00:00 0 
7f2538000000-7f2538021000 rw-p 00000000 00:00 0 
7f2538021000-7f253c000000 ---p 00000000 00:00 0 
7f253c000000-7f253c073000 rw-p 00000000 00:00 0 
7f253c073000-7f2540000000 ---p 00000000 00:00 0 
7f2540000000-7f254015c000 rw-p 00000000 00:00 0 
7f254015c000-7f2544000000 ---p 00000000 00:00 0 
7f2544000000-7f2544021000 rw-p 00000000 00:00 0 
7f2544021000-7f2548000000 ---p 00000000 00:00 0 
7f2548000000-7f2548125000 rw-p 00000000 00:00 0 
7f2548125000-7f254c000000 ---p 00000000 00:00 0 
7f254c000000-7f254c021000 rw-p 00000000 00:00 0 
7f254c021000-7f2550000000 ---p 00000000 00:00 0 
7f2550000000-7f2550021000 rw-p 00000000 00:00 0 
7f2550021000-7f2554000000 ---p 00000000 00:00 0 
7f2554000000-7f2554021000 rw-p 00000000 00:00 0 
7f2554021000-7f2558000000 ---p 00000000 00:00 0 
7f2558000000-7f2558021000 rw-p 00000000 00:00 0 
7f2558021000-7f255c000000 ---p 00000000 00:00 0 
7f255d04f000-7f255d379000 rw-p 00000000 00:00 0 
7f255d379000-7f255d3b7000 r-xp 00000000 08:07 8135357                    /usr/lib/x86_64-linux-gnu/libpcap.so.1.7.4
7f255d3b7000-7f255d5b7000 ---p 0003e000 08:07 8135357                    /usr/lib/x86_64-linux-gnu/libpcap.so.1.7.4
7f255d5b7000-7f255d5b9000 r--p 0003e000 08:07 8135357                    /usr/lib/x86_64-linux-gnu/libpcap.so.1.7.4
7f255d5b9000-7f255d5ba000 rw-p 00040000 08:07 8135357                    /usr/lib/x86_64-linux-gnu/libpcap.so.1.7.4
7f255d5ba000-7f255d5bb000 rw-p 00000000 00:00 0 
7f255d5bb000-7f255d5d1000 r-xp 00000000 08:07 8139177                    /usr/lib/x86_64-linux-gnu/libnet.so.1.7.0
7f255d5d1000-7f255d7d0000 ---p 00016000 08:07 8139177                    /usr/lib/x86_64-linux-gnu/libnet.so.1.7.0
7f255d7d0000-7f255d7d1000 r--p 00015000 08:07 8139177                    /usr/lib/x86_64-linux-gnu/libnet.so.1.7.0
7f255d7d1000-7f255d7d2000 rw-p 00016000 08:07 8139177                    /usr/lib/x86_64-linux-gnu/libnet.so.1.7.0
7f255d7d2000-7f255d7d4000 rw-p 00000000 00:00 0 
7f255d7d4000-7f255d7d6000 r-xp 00000000 08:07 14030299                   /home/bruce/Desktop/project1/ns/adapter_demo/adapter_demo/libsimplepacketdriver_x64.so
7f255d7d6000-7f255d9d5000 ---p 00002000 08:07 14030299                   /home/bruce/Desktop/project1/ns/adapter_demo/adapter_demo/libsimplepacketdriver_x64.so
7f255d9d5000-7f255d9d6000 r--p 00001000 08:07 14030299                   /home/bruce/Desktop/project1/ns/adapter_demo/adapter_demo/libsimplepacketdriver_x64.so
7f255d9d6000-7f255d9d7000 rw-p 00002000 08:07 14030299                   /home/bruce/Desktop/project1/ns/adapter_demo/adapter_demo/libsimplepacketdriver_x64.so
7f255d9d7000-7f255d9d8000 ---p 00000000 00:00 0 
7f255d9d8000-7f255dad8000 rw-p 00000000 00:00 0 
7f255dad8000-7f255dadc000 ---p 00000000 00:00 0 
7f255dadc000-7f255dbd9000 rw-p 00000000 00:00 0 
7f255dbd9000-7f255dbef000 r-xp 00000000 08:07 8523984                    /usr/lib/jvm/java-9-oracle/lib/libnet.so
7f255dbef000-7f255ddee000 ---p 00016000 08:07 8523984                    /usr/lib/jvm/java-9-oracle/lib/libnet.so
7f255ddee000-7f255ddef000 rw-p 00015000 08:07 8523984                    /usr/lib/jvm/java-9-oracle/lib/libnet.so
7f255ddef000-7f255ddff000 r-xp 00000000 08:07 8524022                    /usr/lib/jvm/java-9-oracle/lib/libnio.so
7f255ddff000-7f255dfff000 ---p 00010000 08:07 8524022                    /usr/lib/jvm/java-9-oracle/lib/libnio.so
7f255dfff000-7f255e000000 rw-p 00010000 08:07 8524022                    /usr/lib/jvm/java-9-oracle/lib/libnio.so
7f255e000000-7f2560000000 rwxp 00000000 00:00 0 
7f2560000000-7f2560021000 rw-p 00000000 00:00 0 
7f2560021000-7f2564000000 ---p 00000000 00:00 0 
7f256403e000-7f2564042000 ---p 00000000 00:00 0 
7f2564042000-7f256413f000 rw-p 00000000 00:00 0 
7f256413f000-7f2564143000 ---p 00000000 00:00 0 
7f2564143000-7f2564430000 rw-p 00000000 00:00 0 
7f2564430000-7f2566120000 ---p 00000000 00:00 0 
7f2566120000-7f2566310000 rw-p 00000000 00:00 0 
7f2566310000-7f2568000000 ---p 00000000 00:00 0 
7f2568000000-7f2568021000 rw-p 00000000 00:00 0 
7f2568021000-7f256c000000 ---p 00000000 00:00 0 
7f256c000000-7f256c021000 rw-p 00000000 00:00 0 
7f256c021000-7f2570000000 ---p 00000000 00:00 0 
7f2570000000-7f2570021000 rw-p 00000000 00:00 0 
7f2570021000-7f2574000000 ---p 00000000 00:00 0 
7f2574000000-7f2574021000 rw-p 00000000 00:00 0 
7f2574021000-7f2578000000 ---p 00000000 00:00 0 
7f2578000000-7f2578021000 rw-p 00000000 00:00 0 
7f2578021000-7f257c000000 ---p 00000000 00:00 0 
7f257c000000-7f257c021000 rw-p 00000000 00:00 0 
7f257c021000-7f2580000000 ---p 00000000 00:00 0 
7f2580000000-7f2580021000 rw-p 00000000 00:00 0 
7f2580021000-7f2584000000 ---p 00000000 00:00 0 
7f2584000000-7f2584021000 rw-p 00000000 00:00 0 
7f2584021000-7f2588000000 ---p 00000000 00:00 0 
7f2588000000-7f2588021000 rw-p 00000000 00:00 0 
7f2588021000-7f258c000000 ---p 00000000 00:00 0 
7f258c0c5000-7f258c0f6000 rw-p 00000000 00:00 0 
7f258c0f6000-7f258c0fa000 ---p 00000000 00:00 0 
7f258c0fa000-7f258c1f7000 rw-p 00000000 00:00 0 
7f258c1f7000-7f258c1fb000 ---p 00000000 00:00 0 
7f258c1fb000-7f258c2f8000 rw-p 00000000 00:00 0 
7f258c2f8000-7f258c2fc000 ---p 00000000 00:00 0 
7f258c2fc000-7f258c3f9000 rw-p 00000000 00:00 0 
7f258c3f9000-7f258c3fd000 ---p 00000000 00:00 0 
7f258c3fd000-7f258c4fa000 rw-p 00000000 00:00 0 
7f258c4fa000-7f258c985000 r--p 00000000 08:07 8127381                    /usr/lib/locale/locale-archive
7f258c985000-7f258c989000 ---p 00000000 00:00 0 
7f258c989000-7f258ca86000 rw-p 00000000 00:00 0 
7f258ca86000-7f258ca8a000 ---p 00000000 00:00 0 
7f258ca8a000-7f258cb87000 rw-p 00000000 00:00 0 
7f258cb87000-7f258cb88000 ---p 00000000 00:00 0 
7f258cb88000-7f258d1fe000 rw-p 00000000 00:00 0 
7f258d1fe000-7f258d4fe000 ---p 00000000 00:00 0 
7f258d4fe000-7f258d940000 rw-p 00000000 00:00 0 
7f258d940000-7f258dcde000 ---p 00000000 00:00 0 
7f258dcde000-7f258df4e000 rwxp 00000000 00:00 0 
7f258df4e000-7f258e26e000 ---p 00000000 00:00 0 
7f258e26e000-7f258e4de000 rwxp 00000000 00:00 0 
7f258e4de000-7f25957a6000 ---p 00000000 00:00 0 
7f25957a6000-7f2595a16000 rwxp 00000000 00:00 0 
7f2595a16000-7f259ccde000 ---p 00000000 00:00 0 
7f259ccde000-7f25a8000000 r--s 00000000 08:07 8523942                    /usr/lib/jvm/java-9-oracle/lib/modules
7f25a8000000-7f25a82c7000 rw-p 00000000 00:00 0 
7f25a82c7000-7f25ac000000 ---p 00000000 00:00 0 
7f25ac017000-7f25ac09a000 rw-p 00000000 00:00 0 
7f25ac09a000-7f25ac09b000 ---p 00000000 00:00 0 
7f25ac09b000-7f25ac19b000 rw-p 00000000 00:00 0 
7f25ac19b000-7f25ac19c000 ---p 00000000 00:00 0 
7f25ac19c000-7f25ac2da000 rw-p 00000000 00:00 0 
7f25ac2da000-7f25aca54000 ---p 00000000 00:00 0 
7f25aca54000-7f25aca92000 rw-p 00000000 00:00 0 
7f25aca92000-7f25ace30000 ---p 00000000 00:00 0 
7f25ace30000-7f25ace31000 ---p 00000000 00:00 0 
7f25ace31000-7f25acf31000 rw-p 00000000 00:00 0 
7f25acf31000-7f25acf32000 ---p 00000000 00:00 0 
7f25acf32000-7f25ad032000 rw-p 00000000 00:00 0 
7f25ad032000-7f25ad033000 ---p 00000000 00:00 0 
7f25ad033000-7f25ad133000 rw-p 00000000 00:00 0 
7f25ad133000-7f25ad134000 ---p 00000000 00:00 0 
7f25ad134000-7f25ad234000 rw-p 00000000 00:00 0 
7f25ad234000-7f25ad235000 ---p 00000000 00:00 0 
7f25ad235000-7f25ad739000 rw-p 00000000 00:00 0 
7f25ad739000-7f25ad73a000 ---p 00000000 00:00 0 
7f25ad73a000-7f25ad83a000 rw-p 00000000 00:00 0 
7f25ad83a000-7f25ad83b000 ---p 00000000 00:00 0 
7f25ad83b000-7f25ad93b000 rw-p 00000000 00:00 0 
7f25ad93b000-7f25ad93c000 ---p 00000000 00:00 0 
7f25ad93c000-7f25ada3c000 rw-p 00000000 00:00 0 
7f25ada3c000-7f25ada3d000 ---p 00000000 00:00 0 
7f25ada3d000-7f25adb42000 rw-p 00000000 00:00 0 
7f25adb42000-7f25adc28000 ---p 00000000 00:00 0 
7f25adc28000-7f25adc2d000 rw-p 00000000 00:00 0 
7f25adc2d000-7f25add13000 ---p 00000000 00:00 0 
7f25add13000-7f25add2d000 r-xp 00000000 08:07 8523964                    /usr/lib/jvm/java-9-oracle/lib/libjimage.so
7f25add2d000-7f25adf2c000 ---p 0001a000 08:07 8523964                    /usr/lib/jvm/java-9-oracle/lib/libjimage.so
7f25adf2c000-7f25adf2e000 rw-p 00019000 08:07 8523964                    /usr/lib/jvm/java-9-oracle/lib/libjimage.so
7f25adf2e000-7f25adf40000 rw-p 00000000 00:00 0 
7f25adf40000-7f25adf47000 r-xp 00000000 08:07 8523976                    /usr/lib/jvm/java-9-oracle/lib/libzip.so
7f25adf47000-7f25ae146000 ---p 00007000 08:07 8523976                    /usr/lib/jvm/java-9-oracle/lib/libzip.so
7f25ae146000-7f25ae147000 rw-p 00006000 08:07 8523976                    /usr/lib/jvm/java-9-oracle/lib/libzip.so
7f25ae147000-7f25ae152000 r-xp 00000000 08:07 9180675                    /lib/x86_64-linux-gnu/libnss_files-2.23.so
7f25ae152000-7f25ae351000 ---p 0000b000 08:07 9180675                    /lib/x86_64-linux-gnu/libnss_files-2.23.so
7f25ae351000-7f25ae352000 r--p 0000a000 08:07 9180675                    /lib/x86_64-linux-gnu/libnss_files-2.23.so
7f25ae352000-7f25ae353000 rw-p 0000b000 08:07 9180675                    /lib/x86_64-linux-gnu/libnss_files-2.23.so
7f25ae353000-7f25ae359000 rw-p 00000000 00:00 0 
7f25ae359000-7f25ae364000 r-xp 00000000 08:07 9180660                    /lib/x86_64-linux-gnu/libnss_nis-2.23.so
7f25ae364000-7f25ae563000 ---p 0000b000 08:07 9180660                    /lib/x86_64-linux-gnu/libnss_nis-2.23.so
7f25ae563000-7f25ae564000 r--p 0000a000 08:07 9180660                    /lib/x86_64-linux-gnu/libnss_nis-2.23.so
7f25ae564000-7f25ae565000 rw-p 0000b000 08:07 9180660                    /lib/x86_64-linux-gnu/libnss_nis-2.23.so
7f25ae565000-7f25ae57b000 r-xp 00000000 08:07 9180671                    /lib/x86_64-linux-gnu/libnsl-2.23.so
7f25ae57b000-7f25ae77a000 ---p 00016000 08:07 9180671                    /lib/x86_64-linux-gnu/libnsl-2.23.so
7f25ae77a000-7f25ae77b000 r--p 00015000 08:07 9180671                    /lib/x86_64-linux-gnu/libnsl-2.23.so
7f25ae77b000-7f25ae77c000 rw-p 00016000 08:07 9180671                    /lib/x86_64-linux-gnu/libnsl-2.23.so
7f25ae77c000-7f25ae77e000 rw-p 00000000 00:00 0 
7f25ae77e000-7f25ae786000 r-xp 00000000 08:07 9180672                    /lib/x86_64-linux-gnu/libnss_compat-2.23.so
7f25ae786000-7f25ae985000 ---p 00008000 08:07 9180672                    /lib/x86_64-linux-gnu/libnss_compat-2.23.so
7f25ae985000-7f25ae986000 r--p 00007000 08:07 9180672                    /lib/x86_64-linux-gnu/libnss_compat-2.23.so
7f25ae986000-7f25ae987000 rw-p 00008000 08:07 9180672                    /lib/x86_64-linux-gnu/libnss_compat-2.23.so
7f25ae987000-7f25ae9b1000 r-xp 00000000 08:07 8523961                    /usr/lib/jvm/java-9-oracle/lib/libjava.so
7f25ae9b1000-7f25aebb1000 ---p 0002a000 08:07 8523961                    /usr/lib/jvm/java-9-oracle/lib/libjava.so
7f25aebb1000-7f25aebb3000 rw-p 0002a000 08:07 8523961                    /usr/lib/jvm/java-9-oracle/lib/libjava.so
7f25aebb3000-7f25aebc0000 r-xp 00000000 08:07 8523985                    /usr/lib/jvm/java-9-oracle/lib/libverify.so
7f25aebc0000-7f25aedbf000 ---p 0000d000 08:07 8523985                    /usr/lib/jvm/java-9-oracle/lib/libverify.so
7f25aedbf000-7f25aedc1000 rw-p 0000c000 08:07 8523985                    /usr/lib/jvm/java-9-oracle/lib/libverify.so
7f25aedc1000-7f25aedc8000 r-xp 00000000 08:07 9180659                    /lib/x86_64-linux-gnu/librt-2.23.so
7f25aedc8000-7f25aefc7000 ---p 00007000 08:07 9180659                    /lib/x86_64-linux-gnu/librt-2.23.so
7f25aefc7000-7f25aefc8000 r--p 00006000 08:07 9180659                    /lib/x86_64-linux-gnu/librt-2.23.so
7f25aefc8000-7f25aefc9000 rw-p 00007000 08:07 9180659                    /lib/x86_64-linux-gnu/librt-2.23.so
7f25aefc9000-7f25af0d1000 r-xp 00000000 08:07 9180669                    /lib/x86_64-linux-gnu/libm-2.23.so
7f25af0d1000-7f25af2d0000 ---p 00108000 08:07 9180669                    /lib/x86_64-linux-gnu/libm-2.23.so
7f25af2d0000-7f25af2d1000 r--p 00107000 08:07 9180669                    /lib/x86_64-linux-gnu/libm-2.23.so
7f25af2d1000-7f25af2d2000 rw-p 00108000 08:07 9180669                    /lib/x86_64-linux-gnu/libm-2.23.so
7f25af2d2000-7f25b02b9000 r-xp 00000000 08:07 8916613                    /usr/lib/jvm/java-9-oracle/lib/server/libjvm.so
7f25b02b9000-7f25b04b8000 ---p 00fe7000 08:07 8916613                    /usr/lib/jvm/java-9-oracle/lib/server/libjvm.so
7f25b04b8000-7f25b0588000 r--p 00fe6000 08:07 8916613                    /usr/lib/jvm/java-9-oracle/lib/server/libjvm.so
7f25b0588000-7f25b05bf000 rw-p 010b6000 08:07 8916613                    /usr/lib/jvm/java-9-oracle/lib/server/libjvm.so
7f25b05bf000-7f25b0627000 rw-p 00000000 00:00 0 
7f25b0627000-7f25b07e6000 r-xp 00000000 08:07 9180664                    /lib/x86_64-linux-gnu/libc-2.23.so
7f25b07e6000-7f25b09e6000 ---p 001bf000 08:07 9180664                    /lib/x86_64-linux-gnu/libc-2.23.so
7f25b09e6000-7f25b09ea000 r--p 001bf000 08:07 9180664                    /lib/x86_64-linux-gnu/libc-2.23.so
7f25b09ea000-7f25b09ec000 rw-p 001c3000 08:07 9180664                    /lib/x86_64-linux-gnu/libc-2.23.so
7f25b09ec000-7f25b09f0000 rw-p 00000000 00:00 0 
7f25b09f0000-7f25b09f3000 r-xp 00000000 08:07 9180663                    /lib/x86_64-linux-gnu/libdl-2.23.so
7f25b09f3000-7f25b0bf2000 ---p 00003000 08:07 9180663                    /lib/x86_64-linux-gnu/libdl-2.23.so
7f25b0bf2000-7f25b0bf3000 r--p 00002000 08:07 9180663                    /lib/x86_64-linux-gnu/libdl-2.23.so
7f25b0bf3000-7f25b0bf4000 rw-p 00003000 08:07 9180663                    /lib/x86_64-linux-gnu/libdl-2.23.so
7f25b0bf4000-7f25b0c02000 r-xp 00000000 08:07 8523941                    /usr/lib/jvm/java-9-oracle/lib/jli/libjli.so
7f25b0c02000-7f25b0e01000 ---p 0000e000 08:07 8523941                    /usr/lib/jvm/java-9-oracle/lib/jli/libjli.so
7f25b0e01000-7f25b0e02000 rw-p 0000d000 08:07 8523941                    /usr/lib/jvm/java-9-oracle/lib/jli/libjli.so
7f25b0e02000-7f25b0e1a000 r-xp 00000000 08:07 9180670                    /lib/x86_64-linux-gnu/libpthread-2.23.so
7f25b0e1a000-7f25b1019000 ---p 00018000 08:07 9180670                    /lib/x86_64-linux-gnu/libpthread-2.23.so
7f25b1019000-7f25b101a000 r--p 00017000 08:07 9180670                    /lib/x86_64-linux-gnu/libpthread-2.23.so
7f25b101a000-7f25b101b000 rw-p 00018000 08:07 9180670                    /lib/x86_64-linux-gnu/libpthread-2.23.so
7f25b101b000-7f25b101f000 rw-p 00000000 00:00 0 
7f25b101f000-7f25b1038000 r-xp 00000000 08:07 9179708                    /lib/x86_64-linux-gnu/libz.so.1.2.8
7f25b1038000-7f25b1237000 ---p 00019000 08:07 9179708                    /lib/x86_64-linux-gnu/libz.so.1.2.8
7f25b1237000-7f25b1238000 r--p 00018000 08:07 9179708                    /lib/x86_64-linux-gnu/libz.so.1.2.8
7f25b1238000-7f25b1239000 rw-p 00019000 08:07 9179708                    /lib/x86_64-linux-gnu/libz.so.1.2.8
7f25b1239000-7f25b125f000 r-xp 00000000 08:07 9179472                    /lib/x86_64-linux-gnu/ld-2.23.so
7f25b127d000-7f25b133b000 rw-p 00000000 00:00 0 
7f25b133b000-7f25b1340000 ---p 00000000 00:00 0 
7f25b1340000-7f25b1440000 rw-p 00000000 00:00 0 
7f25b1445000-7f25b144b000 rw-p 00000000 00:00 0 
7f25b144b000-7f25b1452000 ---p 00000000 00:00 0 
7f25b1452000-7f25b145a000 rw-s 00000000 08:07 15990843                   /tmp/hsperfdata_bruce/6491
7f25b145a000-7f25b145b000 rw-p 00000000 00:00 0 
7f25b145b000-7f25b145c000 r--p 00000000 00:00 0 
7f25b145c000-7f25b145e000 rw-p 00000000 00:00 0 
7f25b145e000-7f25b145f000 r--p 00025000 08:07 9179472                    /lib/x86_64-linux-gnu/ld-2.23.so
7f25b145f000-7f25b1460000 rw-p 00026000 08:07 9179472                    /lib/x86_64-linux-gnu/ld-2.23.so
7f25b1460000-7f25b1461000 rw-p 00000000 00:00 0 
7ffeb01f2000-7ffeb0213000 rw-p 00000000 00:00 0                          [stack]
7ffeb033a000-7ffeb033c000 r--p 00000000 00:00 0                          [vvar]
7ffeb033c000-7ffeb033e000 r-xp 00000000 00:00 0                          [vdso]
ffffffffff600000-ffffffffff601000 r-xp 00000000 00:00 0                  [vsyscall]

VM Arguments:
jvm_args: -Djava.library.path=. 
java_command: PacketDriverExample
java_class_path (initial): .
Launcher Type: SUN_STANDARD

Logging:
Log output configuration:
#0: stdout all=warning uptime,level,tags
#1: stderr all=off uptime,level,tags

Environment Variables:
JAVA_HOME=/usr/local/java/jdk1.8.0_121
JRE_HOME=/usr/local/java/jdk1.8.0_121/jre
PATH=/home/bruce/bin:/home/bruce/.local/bin:/usr/local/sbin:/usr/local/bin:/usr/sbin:/usr/bin:/sbin:/bin:/usr/games:/usr/local/games:/snap/bin:/usr/lib/jvm/java-9-oracle/bin:/usr/lib/jvm/java-9-oracle/db/bin:/usr/local/java/jdk1.8.0_121/bin:/usr/local/java/jdk1.8.0_121/jre/bin
SHELL=/bin/bash
DISPLAY=:0

Signal Handlers:
SIGSEGV: [libjvm.so+0xd33e60], sa_mask[0]=11111111011111111101111111111110, sa_flags=SA_RESTART|SA_SIGINFO
SIGBUS: [libjvm.so+0xd33e60], sa_mask[0]=11111111011111111101111111111110, sa_flags=SA_RESTART|SA_SIGINFO
SIGFPE: [libjvm.so+0xd33e60], sa_mask[0]=11111111011111111101111111111110, sa_flags=SA_RESTART|SA_SIGINFO
SIGPIPE: [libjvm.so+0xb4a250], sa_mask[0]=11111111011111111101111111111110, sa_flags=SA_RESTART|SA_SIGINFO
SIGXFSZ: [libjvm.so+0xb4a250], sa_mask[0]=11111111011111111101111111111110, sa_flags=SA_RESTART|SA_SIGINFO
SIGILL: [libjvm.so+0xd33e60], sa_mask[0]=11111111011111111101111111111110, sa_flags=SA_RESTART|SA_SIGINFO
SIGUSR2: [libjvm.so+0xb4a110], sa_mask[0]=00000000000000000000000000000000, sa_flags=SA_RESTART|SA_SIGINFO
SIGHUP: [libjvm.so+0xb4a320], sa_mask[0]=11111111011111111101111111111110, sa_flags=SA_RESTART|SA_SIGINFO
SIGINT: [libjvm.so+0xb4a320], sa_mask[0]=11111111011111111101111111111110, sa_flags=SA_RESTART|SA_SIGINFO
SIGTERM: [libjvm.so+0xb4a320], sa_mask[0]=11111111011111111101111111111110, sa_flags=SA_RESTART|SA_SIGINFO
SIGQUIT: [libjvm.so+0xb4a320], sa_mask[0]=11111111011111111101111111111110, sa_flags=SA_RESTART|SA_SIGINFO


---------------  S Y S T E M  ---------------

OS:DISTRIB_ID=Ubuntu
DISTRIB_RELEASE=16.04
DISTRIB_CODENAME=xenial
DISTRIB_DESCRIPTION="Ubuntu 16.04.1 LTS"
uname:Linux 4.4.0-62-generic #83-Ubuntu SMP Wed Jan 18 14:10:15 UTC 2017 x86_64
libc:glibc 2.23 NPTL 2.23 
rlimit: STACK 8192k, CORE 0k, NPROC 31155, NOFILE 65536, AS infinity
load average:0.17 0.18 0.25

/proc/meminfo:
MemTotal:        8088296 kB
MemFree:         5088836 kB
MemAvailable:    6218956 kB
Buffers:           77172 kB
Cached:          1585664 kB
SwapCached:            0 kB
Active:          1940240 kB
Inactive:         851540 kB
Active(anon):    1133820 kB
Inactive(anon):   344476 kB
Active(file):     806420 kB
Inactive(file):   507064 kB
Unevictable:         488 kB
Mlocked:             488 kB
SwapTotal:             0 kB
SwapFree:              0 kB
Dirty:               104 kB
Writeback:             0 kB
AnonPages:       1129440 kB
Mapped:           386600 kB
Shmem:            349356 kB
Slab:             111636 kB
SReclaimable:      74212 kB
SUnreclaim:        37424 kB
KernelStack:        9200 kB
PageTables:        33876 kB
NFS_Unstable:          0 kB
Bounce:                0 kB
WritebackTmp:          0 kB
CommitLimit:     4044148 kB
Committed_AS:    5752392 kB
VmallocTotal:   34359738367 kB
VmallocUsed:           0 kB
VmallocChunk:          0 kB
HardwareCorrupted:     0 kB
AnonHugePages:    552960 kB
CmaTotal:              0 kB
CmaFree:               0 kB
HugePages_Total:       0
HugePages_Free:        0
HugePages_Rsvd:        0
HugePages_Surp:        0
Hugepagesize:       2048 kB
DirectMap4k:      144728 kB
DirectMap2M:     3962880 kB
DirectMap1G:     4194304 kB


CPU:total 4 (initial active 4) (4 cores per cpu, 1 threads per core) family 6 model 60 stepping 3, cmov, cx8, fxsr, mmx, sse, sse2, sse3, ssse3, sse4.1, sse4.2, popcnt, avx, avx2, aes, clmul, erms, lzcnt, tsc, tscinvbit, bmi1, bmi2, fma
CPU Model and flags from /proc/cpuinfo:
model name	: Intel(R) Core(TM) i5-4460  CPU @ 3.20GHz
flags		: fpu vme de pse tsc msr pae mce cx8 apic sep mtrr pge mca cmov pat pse36 clflush dts acpi mmx fxsr sse sse2 ss ht tm pbe syscall nx pdpe1gb rdtscp lm constant_tsc arch_perfmon pebs bts rep_good nopl xtopology nonstop_tsc aperfmperf eagerfpu pni pclmulqdq dtes64 monitor ds_cpl vmx est tm2 ssse3 sdbg fma cx16 xtpr pdcm pcid sse4_1 sse4_2 x2apic movbe popcnt tsc_deadline_timer aes xsave avx f16c rdrand lahf_lm abm epb tpr_shadow vnmi flexpriority ept vpid fsgsbase tsc_adjust bmi1 avx2 smep bmi2 erms invpcid xsaveopt dtherm ida arat pln pts

Memory: 4k page, physical 8088296k(5088836k free), swap 0k(0k free)

vm_info: Java HotSpot(TM) 64-Bit Server VM (9-ea+152) for linux-amd64 JRE (9-ea+152), built on Jan 11 2017 17:54:22 by "javare" with gcc 4.9.2

END.
