#
# A fatal error has been detected by the Java Runtime Environment:
#
#  SIGSEGV (0xb) at pc=0x00007f4cc00f7134, pid=3210, tid=3211
#
# JRE version: Java(TM) SE Runtime Environment (9.0+152) (build 9-ea+152)
# Java VM: Java HotSpot(TM) 64-Bit Server VM (9-ea+152, mixed mode, tiered, compressed oops, g1 gc, linux-amd64)
# Problematic frame:
# C  [libpcap.so.0.8+0xf134]  pcap_next+0x4
#
# Core dump will be written. Default location: Core dumps may be processed with "/usr/share/apport/apport %p %s %c %P" (or dumping to /home/bruce/Desktop/project1/ns/adapter_demo/adapter_demo/core.3210)
#
# If you would like to submit a bug report, please visit:
#   http://bugreport.java.com/bugreport/crash.jsp
# The crash happened outside the Java Virtual Machine in native code.
# See problematic frame for where to report the bug.
#

---------------  S U M M A R Y ------------

Command Line: -Djava.library.path=. PacketDriverExample

Host: Intel(R) Core(TM) i5-4460  CPU @ 3.20GHz, 4 cores, 7G, Ubuntu 16.04.1 LTS
Time: Tue Feb 14 20:11:48 2017 CST elapsed time: 0 seconds (0d 0h 0m 0s)

---------------  T H R E A D  ---------------

Current thread (0x00007f4d0c012800):  JavaThread "main" [_thread_in_native, id=3211, stack(0x00007f4d140bf000,0x00007f4d141bf000)]

Stack: [0x00007f4d140bf000,0x00007f4d141bf000],  sp=0x00007f4d141bd920,  free space=1018k
Native frames: (J=compiled Java code, A=aot compiled Java code, j=interpreted, Vv=VM code, C=native code)
C  [libpcap.so.0.8+0xf134]  pcap_next+0x4
j  SimplePacketDriver.readPacket()[B+0
j  PacketDriverExample.main([Ljava/lang/String;)V+79
v  ~StubRoutines::call_stub
V  [libjvm.so+0x837620]  JavaCalls::call_helper(JavaValue*, methodHandle const&, JavaCallArguments*, Thread*)+0x3f0
V  [libjvm.so+0x89083f]  jni_invoke_static(JNIEnv_*, JavaValue*, _jobject*, JNICallType, _jmethodID*, JNI_ArgumentPusher*, Thread*) [clone .isra.88]+0x21f
V  [libjvm.so+0x89d3ae]  jni_CallStaticVoidMethod+0x14e
C  [libjli.so+0x3c52]  JavaMain+0x812
C  [libpthread.so.0+0x76ba]  start_thread+0xca

Java frames: (J=compiled Java code, j=interpreted, Vv=VM code)
j  SimplePacketDriver.readPacket()[B+0
j  PacketDriverExample.main([Ljava/lang/String;)V+79
v  ~StubRoutines::call_stub

siginfo: si_signo: 11 (SIGSEGV), si_code: 1 (SEGV_MAPERR), si_addr: 0x0000000000000260

Register to memory mapping:

RAX=0x0000000000000000 is an unknown value
RBX={method} {0x00007f4cc1c01ef0} 'readPacket' '()[B' in 'SimplePacketDriver'
RCX=0x00007f4d134a06fd: __write+0x000000000000002d in /lib/x86_64-linux-gnu/libc.so.6 at 0x00007f4d133aa000
RDX=0x00007f4d141bd980 is pointing into the stack for thread: 0x00007f4d0c012800
RSP=0x00007f4d141bd920 is pointing into the stack for thread: 0x00007f4d0c012800
RBP=0x00007f4d141bd9a0 is pointing into the stack for thread: 0x00007f4d0c012800
RSI=0x00007f4d141bd980 is pointing into the stack for thread: 0x00007f4d0c012800
RDI=0x0000000000000000 is an unknown value
R8 =0x00007f4d0c000228 is an unknown value
R9 =0x0000000000000000 is an unknown value
R10=0x0000000000000077 is an unknown value
R11=0x00007f4cc00f7130: pcap_next+0x0000000000000000 in /usr/lib/x86_64-linux-gnu/libpcap.so.0.8 at 0x00007f4cc00e8000
R12=0x0000000000000000 is an unknown value
R13={method} {0x00007f4cc1c01ef0} 'readPacket' '()[B' in 'SimplePacketDriver'
R14=0x00007f4d141bda20 is pointing into the stack for thread: 0x00007f4d0c012800
R15=0x00007f4d0c012800 is a thread


Registers:
RAX=0x0000000000000000, RBX=0x00007f4cc1c01ef0, RCX=0x00007f4d134a06fd, RDX=0x00007f4d141bd980
RSP=0x00007f4d141bd920, RBP=0x00007f4d141bd9a0, RSI=0x00007f4d141bd980, RDI=0x0000000000000000
R8 =0x00007f4d0c000228, R9 =0x0000000000000000, R10=0x0000000000000077, R11=0x00007f4cc00f7130
R12=0x0000000000000000, R13=0x00007f4cc1c01ef0, R14=0x00007f4d141bda20, R15=0x00007f4d0c012800
RIP=0x00007f4cc00f7134, EFLAGS=0x0000000000010202, CSGSFS=0x0000000000000033, ERR=0x0000000000000004
  TRAPNO=0x000000000000000e

Top of Stack: (sp=0x00007f4d141bd920)
0x00007f4d141bd920:   0000000000000000 00007f4d0c000228
0x00007f4d141bd930:   0000000000000000 00007f4d134197fa
0x00007f4d141bd940:   00007f4cc1c01ef0 00007f4d0c266470
0x00007f4d141bd950:   0000000000000002 00007f4cc05440b5 

Instructions: (pc=0x00007f4cc00f7134)
0x00007f4cc00f7114:   e0 90 66 2e 0f 1f 84 00 00 00 00 00 eb ee 0f 1f
0x00007f4cc00f7124:   40 00 66 2e 0f 1f 84 00 00 00 00 00 48 83 ec 38
0x00007f4cc00f7134:   48 8b 97 60 02 00 00 64 48 8b 04 25 28 00 00 00
0x00007f4cc00f7144:   48 89 44 24 28 31 c0 48 8d 4c 24 10 48 8d 44 24 


---------------  P R O C E S S  ---------------

Java Threads: ( => current thread )
  0x00007f4d0c24c000 JavaThread "Service Thread" daemon [_thread_blocked, id=3232, stack(0x00007f4cc0847000,0x00007f4cc0948000)]
  0x00007f4d0c1a8000 JavaThread "Common-Cleaner" daemon [_thread_blocked, id=3231, stack(0x00007f4cc0948000,0x00007f4cc0a49000)]
  0x00007f4d0c163800 JavaThread "Sweeper thread" daemon [_thread_blocked, id=3230, stack(0x00007f4cc0e70000,0x00007f4cc0f71000)]
  0x00007f4d0c161800 JavaThread "C1 CompilerThread2" daemon [_thread_blocked, id=3229, stack(0x00007f4cc0f71000,0x00007f4cc1072000)]
  0x00007f4d0c15f800 JavaThread "C2 CompilerThread1" daemon [_thread_blocked, id=3228, stack(0x00007f4cc1072000,0x00007f4cc1173000)]
  0x00007f4d0c15d800 JavaThread "C2 CompilerThread0" daemon [_thread_blocked, id=3227, stack(0x00007f4cc1173000,0x00007f4cc1274000)]
  0x00007f4d0c15b000 JavaThread "Signal Dispatcher" daemon [_thread_blocked, id=3226, stack(0x00007f4cc1274000,0x00007f4cc1375000)]
  0x00007f4d0c144800 JavaThread "Finalizer" daemon [_thread_blocked, id=3225, stack(0x00007f4cc803e000,0x00007f4cc813f000)]
  0x00007f4d0c13e800 JavaThread "Reference Handler" daemon [_thread_blocked, id=3224, stack(0x00007f4cc813f000,0x00007f4cc8240000)]
=>0x00007f4d0c012800 JavaThread "main" [_thread_in_native, id=3211, stack(0x00007f4d140bf000,0x00007f4d141bf000)]

Other Threads:
  0x00007f4d0c130800 VMThread "VM Thread" [stack: 0x00007f4cf00ed000,0x00007f4cf01ed000] [id=3223]
  0x00007f4d0c251000 WatcherThread [stack: 0x00007f4cc0747000,0x00007f4cc0847000] [id=3233]
  0x00007f4d0c029800 GCTaskThread "GC Thread#0" [stack: 0x00007f4d107c0000,0x00007f4d108c0000] [id=3212]
  0x00007f4d0c02b000 GCTaskThread "GC Thread#1" [stack: 0x00007f4d106bf000,0x00007f4d107bf000] [id=3213]
  0x00007f4d0c02d000 GCTaskThread "GC Thread#2" [stack: 0x00007f4d105be000,0x00007f4d106be000] [id=3214]
  0x00007f4d0c02e800 GCTaskThread "GC Thread#3" [stack: 0x00007f4d104bd000,0x00007f4d105bd000] [id=3215]
  0x00007f4d0c05d000 ConcurrentGCThread "G1 Main Marker" [stack: 0x00007f4cf0769000,0x00007f4cf0869000] [id=3221]
  0x00007f4d0c05f000 ConcurrentGCThread "G1 Marker#0" [stack: 0x00007f4cf0668000,0x00007f4cf0768000] [id=3222]
  0x00007f4d0c036000 ConcurrentGCThread "G1 Refine#0" [stack: 0x00007f4cf18db000,0x00007f4cf19db000] [id=3219]
  0x00007f4d0c034000 ConcurrentGCThread "G1 Refine#1" [stack: 0x00007f4cf19dc000,0x00007f4cf1adc000] [id=3218]
  0x00007f4d0c032800 ConcurrentGCThread "G1 Refine#2" [stack: 0x00007f4cf1add000,0x00007f4cf1bdd000] [id=3217]
  0x00007f4d0c030800 ConcurrentGCThread "G1 Refine#3" [stack: 0x00007f4cf1bde000,0x00007f4cf1cde000] [id=3216]
  0x00007f4d0c037800 ConcurrentGCThread "G1 Young RemSet Sampling" [stack: 0x00007f4cf17da000,0x00007f4cf18da000] [id=3220]

Threads with active compile tasks:

VM state:not at safepoint (normal execution)

VM Mutex/Monitor currently owned by a thread: None

Heap address: 0x0000000084800000, size: 1976 MB, Compressed Oops mode: 32-bit
Narrow klass base: 0x0000000000000000, Narrow klass shift: 3
Compressed class space size: 1073741824 Address: 0x0000000100000000

Heap:
 garbage-first heap   total 126976K, used 2048K [0x0000000084800000, 0x00000000849003e0, 0x0000000100000000)
  region size 1024K, 3 young (3072K), 0 survivors (0K)
 Metaspace       used 5300K, capacity 5452K, committed 5632K, reserved 1056768K
  class space    used 453K, capacity 490K, committed 512K, reserved 1048576K
Heap Regions: E=young(eden), S=young(survivor), O=old, HS=humongous(starts), HC=humongous(continues), CS=collection set, F=free, A=archive, TS=gc time stamp, AC=allocation context, TAMS=top-at-mark-start (previous, next)
|   0|0x0000000084800000, 0x0000000084800000, 0x0000000084900000|  0%| F|  |TS  0|AC  0|TAMS 0x0000000084800000, 0x0000000084800000|
|   1|0x0000000084900000, 0x0000000084900000, 0x0000000084a00000|  0%| F|  |TS  0|AC  0|TAMS 0x0000000084900000, 0x0000000084900000|
|   2|0x0000000084a00000, 0x0000000084a00000, 0x0000000084b00000|  0%| F|  |TS  0|AC  0|TAMS 0x0000000084a00000, 0x0000000084a00000|
|   3|0x0000000084b00000, 0x0000000084b00000, 0x0000000084c00000|  0%| F|  |TS  0|AC  0|TAMS 0x0000000084b00000, 0x0000000084b00000|
|   4|0x0000000084c00000, 0x0000000084c00000, 0x0000000084d00000|  0%| F|  |TS  0|AC  0|TAMS 0x0000000084c00000, 0x0000000084c00000|
|   5|0x0000000084d00000, 0x0000000084d00000, 0x0000000084e00000|  0%| F|  |TS  0|AC  0|TAMS 0x0000000084d00000, 0x0000000084d00000|
|   6|0x0000000084e00000, 0x0000000084e00000, 0x0000000084f00000|  0%| F|  |TS  0|AC  0|TAMS 0x0000000084e00000, 0x0000000084e00000|
|   7|0x0000000084f00000, 0x0000000084f00000, 0x0000000085000000|  0%| F|  |TS  0|AC  0|TAMS 0x0000000084f00000, 0x0000000084f00000|
|   8|0x0000000085000000, 0x0000000085000000, 0x0000000085100000|  0%| F|  |TS  0|AC  0|TAMS 0x0000000085000000, 0x0000000085000000|
|   9|0x0000000085100000, 0x0000000085100000, 0x0000000085200000|  0%| F|  |TS  0|AC  0|TAMS 0x0000000085100000, 0x0000000085100000|
|  10|0x0000000085200000, 0x0000000085200000, 0x0000000085300000|  0%| F|  |TS  0|AC  0|TAMS 0x0000000085200000, 0x0000000085200000|
|  11|0x0000000085300000, 0x0000000085300000, 0x0000000085400000|  0%| F|  |TS  0|AC  0|TAMS 0x0000000085300000, 0x0000000085300000|
|  12|0x0000000085400000, 0x0000000085400000, 0x0000000085500000|  0%| F|  |TS  0|AC  0|TAMS 0x0000000085400000, 0x0000000085400000|
|  13|0x0000000085500000, 0x0000000085500000, 0x0000000085600000|  0%| F|  |TS  0|AC  0|TAMS 0x0000000085500000, 0x0000000085500000|
|  14|0x0000000085600000, 0x0000000085600000, 0x0000000085700000|  0%| F|  |TS  0|AC  0|TAMS 0x0000000085600000, 0x0000000085600000|
|  15|0x0000000085700000, 0x0000000085700000, 0x0000000085800000|  0%| F|  |TS  0|AC  0|TAMS 0x0000000085700000, 0x0000000085700000|
|  16|0x0000000085800000, 0x0000000085800000, 0x0000000085900000|  0%| F|  |TS  0|AC  0|TAMS 0x0000000085800000, 0x0000000085800000|
|  17|0x0000000085900000, 0x0000000085900000, 0x0000000085a00000|  0%| F|  |TS  0|AC  0|TAMS 0x0000000085900000, 0x0000000085900000|
|  18|0x0000000085a00000, 0x0000000085a00000, 0x0000000085b00000|  0%| F|  |TS  0|AC  0|TAMS 0x0000000085a00000, 0x0000000085a00000|
|  19|0x0000000085b00000, 0x0000000085b00000, 0x0000000085c00000|  0%| F|  |TS  0|AC  0|TAMS 0x0000000085b00000, 0x0000000085b00000|
|  20|0x0000000085c00000, 0x0000000085c00000, 0x0000000085d00000|  0%| F|  |TS  0|AC  0|TAMS 0x0000000085c00000, 0x0000000085c00000|
|  21|0x0000000085d00000, 0x0000000085d00000, 0x0000000085e00000|  0%| F|  |TS  0|AC  0|TAMS 0x0000000085d00000, 0x0000000085d00000|
|  22|0x0000000085e00000, 0x0000000085e00000, 0x0000000085f00000|  0%| F|  |TS  0|AC  0|TAMS 0x0000000085e00000, 0x0000000085e00000|
|  23|0x0000000085f00000, 0x0000000085f00000, 0x0000000086000000|  0%| F|  |TS  0|AC  0|TAMS 0x0000000085f00000, 0x0000000085f00000|
|  24|0x0000000086000000, 0x0000000086000000, 0x0000000086100000|  0%| F|  |TS  0|AC  0|TAMS 0x0000000086000000, 0x0000000086000000|
|  25|0x0000000086100000, 0x0000000086100000, 0x0000000086200000|  0%| F|  |TS  0|AC  0|TAMS 0x0000000086100000, 0x0000000086100000|
|  26|0x0000000086200000, 0x0000000086200000, 0x0000000086300000|  0%| F|  |TS  0|AC  0|TAMS 0x0000000086200000, 0x0000000086200000|
|  27|0x0000000086300000, 0x0000000086300000, 0x0000000086400000|  0%| F|  |TS  0|AC  0|TAMS 0x0000000086300000, 0x0000000086300000|
|  28|0x0000000086400000, 0x0000000086400000, 0x0000000086500000|  0%| F|  |TS  0|AC  0|TAMS 0x0000000086400000, 0x0000000086400000|
|  29|0x0000000086500000, 0x0000000086500000, 0x0000000086600000|  0%| F|  |TS  0|AC  0|TAMS 0x0000000086500000, 0x0000000086500000|
|  30|0x0000000086600000, 0x0000000086600000, 0x0000000086700000|  0%| F|  |TS  0|AC  0|TAMS 0x0000000086600000, 0x0000000086600000|
|  31|0x0000000086700000, 0x0000000086700000, 0x0000000086800000|  0%| F|  |TS  0|AC  0|TAMS 0x0000000086700000, 0x0000000086700000|
|  32|0x0000000086800000, 0x0000000086800000, 0x0000000086900000|  0%| F|  |TS  0|AC  0|TAMS 0x0000000086800000, 0x0000000086800000|
|  33|0x0000000086900000, 0x0000000086900000, 0x0000000086a00000|  0%| F|  |TS  0|AC  0|TAMS 0x0000000086900000, 0x0000000086900000|
|  34|0x0000000086a00000, 0x0000000086a00000, 0x0000000086b00000|  0%| F|  |TS  0|AC  0|TAMS 0x0000000086a00000, 0x0000000086a00000|
|  35|0x0000000086b00000, 0x0000000086b00000, 0x0000000086c00000|  0%| F|  |TS  0|AC  0|TAMS 0x0000000086b00000, 0x0000000086b00000|
|  36|0x0000000086c00000, 0x0000000086c00000, 0x0000000086d00000|  0%| F|  |TS  0|AC  0|TAMS 0x0000000086c00000, 0x0000000086c00000|
|  37|0x0000000086d00000, 0x0000000086d00000, 0x0000000086e00000|  0%| F|  |TS  0|AC  0|TAMS 0x0000000086d00000, 0x0000000086d00000|
|  38|0x0000000086e00000, 0x0000000086e00000, 0x0000000086f00000|  0%| F|  |TS  0|AC  0|TAMS 0x0000000086e00000, 0x0000000086e00000|
|  39|0x0000000086f00000, 0x0000000086f00000, 0x0000000087000000|  0%| F|  |TS  0|AC  0|TAMS 0x0000000086f00000, 0x0000000086f00000|
|  40|0x0000000087000000, 0x0000000087000000, 0x0000000087100000|  0%| F|  |TS  0|AC  0|TAMS 0x0000000087000000, 0x0000000087000000|
|  41|0x0000000087100000, 0x0000000087100000, 0x0000000087200000|  0%| F|  |TS  0|AC  0|TAMS 0x0000000087100000, 0x0000000087100000|
|  42|0x0000000087200000, 0x0000000087200000, 0x0000000087300000|  0%| F|  |TS  0|AC  0|TAMS 0x0000000087200000, 0x0000000087200000|
|  43|0x0000000087300000, 0x0000000087300000, 0x0000000087400000|  0%| F|  |TS  0|AC  0|TAMS 0x0000000087300000, 0x0000000087300000|
|  44|0x0000000087400000, 0x0000000087400000, 0x0000000087500000|  0%| F|  |TS  0|AC  0|TAMS 0x0000000087400000, 0x0000000087400000|
|  45|0x0000000087500000, 0x0000000087500000, 0x0000000087600000|  0%| F|  |TS  0|AC  0|TAMS 0x0000000087500000, 0x0000000087500000|
|  46|0x0000000087600000, 0x0000000087600000, 0x0000000087700000|  0%| F|  |TS  0|AC  0|TAMS 0x0000000087600000, 0x0000000087600000|
|  47|0x0000000087700000, 0x0000000087700000, 0x0000000087800000|  0%| F|  |TS  0|AC  0|TAMS 0x0000000087700000, 0x0000000087700000|
|  48|0x0000000087800000, 0x0000000087800000, 0x0000000087900000|  0%| F|  |TS  0|AC  0|TAMS 0x0000000087800000, 0x0000000087800000|
|  49|0x0000000087900000, 0x0000000087900000, 0x0000000087a00000|  0%| F|  |TS  0|AC  0|TAMS 0x0000000087900000, 0x0000000087900000|
|  50|0x0000000087a00000, 0x0000000087a00000, 0x0000000087b00000|  0%| F|  |TS  0|AC  0|TAMS 0x0000000087a00000, 0x0000000087a00000|
|  51|0x0000000087b00000, 0x0000000087b00000, 0x0000000087c00000|  0%| F|  |TS  0|AC  0|TAMS 0x0000000087b00000, 0x0000000087b00000|
|  52|0x0000000087c00000, 0x0000000087c00000, 0x0000000087d00000|  0%| F|  |TS  0|AC  0|TAMS 0x0000000087c00000, 0x0000000087c00000|
|  53|0x0000000087d00000, 0x0000000087d00000, 0x0000000087e00000|  0%| F|  |TS  0|AC  0|TAMS 0x0000000087d00000, 0x0000000087d00000|
|  54|0x0000000087e00000, 0x0000000087e00000, 0x0000000087f00000|  0%| F|  |TS  0|AC  0|TAMS 0x0000000087e00000, 0x0000000087e00000|
|  55|0x0000000087f00000, 0x0000000087f00000, 0x0000000088000000|  0%| F|  |TS  0|AC  0|TAMS 0x0000000087f00000, 0x0000000087f00000|
|  56|0x0000000088000000, 0x0000000088000000, 0x0000000088100000|  0%| F|  |TS  0|AC  0|TAMS 0x0000000088000000, 0x0000000088000000|
|  57|0x0000000088100000, 0x0000000088100000, 0x0000000088200000|  0%| F|  |TS  0|AC  0|TAMS 0x0000000088100000, 0x0000000088100000|
|  58|0x0000000088200000, 0x0000000088200000, 0x0000000088300000|  0%| F|  |TS  0|AC  0|TAMS 0x0000000088200000, 0x0000000088200000|
|  59|0x0000000088300000, 0x0000000088300000, 0x0000000088400000|  0%| F|  |TS  0|AC  0|TAMS 0x0000000088300000, 0x0000000088300000|
|  60|0x0000000088400000, 0x0000000088400000, 0x0000000088500000|  0%| F|  |TS  0|AC  0|TAMS 0x0000000088400000, 0x0000000088400000|
|  61|0x0000000088500000, 0x0000000088500000, 0x0000000088600000|  0%| F|  |TS  0|AC  0|TAMS 0x0000000088500000, 0x0000000088500000|
|  62|0x0000000088600000, 0x0000000088600000, 0x0000000088700000|  0%| F|  |TS  0|AC  0|TAMS 0x0000000088600000, 0x0000000088600000|
|  63|0x0000000088700000, 0x0000000088700000, 0x0000000088800000|  0%| F|  |TS  0|AC  0|TAMS 0x0000000088700000, 0x0000000088700000|
|  64|0x0000000088800000, 0x0000000088800000, 0x0000000088900000|  0%| F|  |TS  0|AC  0|TAMS 0x0000000088800000, 0x0000000088800000|
|  65|0x0000000088900000, 0x0000000088900000, 0x0000000088a00000|  0%| F|  |TS  0|AC  0|TAMS 0x0000000088900000, 0x0000000088900000|
|  66|0x0000000088a00000, 0x0000000088a00000, 0x0000000088b00000|  0%| F|  |TS  0|AC  0|TAMS 0x0000000088a00000, 0x0000000088a00000|
|  67|0x0000000088b00000, 0x0000000088b00000, 0x0000000088c00000|  0%| F|  |TS  0|AC  0|TAMS 0x0000000088b00000, 0x0000000088b00000|
|  68|0x0000000088c00000, 0x0000000088c00000, 0x0000000088d00000|  0%| F|  |TS  0|AC  0|TAMS 0x0000000088c00000, 0x0000000088c00000|
|  69|0x0000000088d00000, 0x0000000088d00000, 0x0000000088e00000|  0%| F|  |TS  0|AC  0|TAMS 0x0000000088d00000, 0x0000000088d00000|
|  70|0x0000000088e00000, 0x0000000088e00000, 0x0000000088f00000|  0%| F|  |TS  0|AC  0|TAMS 0x0000000088e00000, 0x0000000088e00000|
|  71|0x0000000088f00000, 0x0000000088f00000, 0x0000000089000000|  0%| F|  |TS  0|AC  0|TAMS 0x0000000088f00000, 0x0000000088f00000|
|  72|0x0000000089000000, 0x0000000089000000, 0x0000000089100000|  0%| F|  |TS  0|AC  0|TAMS 0x0000000089000000, 0x0000000089000000|
|  73|0x0000000089100000, 0x0000000089100000, 0x0000000089200000|  0%| F|  |TS  0|AC  0|TAMS 0x0000000089100000, 0x0000000089100000|
|  74|0x0000000089200000, 0x0000000089200000, 0x0000000089300000|  0%| F|  |TS  0|AC  0|TAMS 0x0000000089200000, 0x0000000089200000|
|  75|0x0000000089300000, 0x0000000089300000, 0x0000000089400000|  0%| F|  |TS  0|AC  0|TAMS 0x0000000089300000, 0x0000000089300000|
|  76|0x0000000089400000, 0x0000000089400000, 0x0000000089500000|  0%| F|  |TS  0|AC  0|TAMS 0x0000000089400000, 0x0000000089400000|
|  77|0x0000000089500000, 0x0000000089500000, 0x0000000089600000|  0%| F|  |TS  0|AC  0|TAMS 0x0000000089500000, 0x0000000089500000|
|  78|0x0000000089600000, 0x0000000089600000, 0x0000000089700000|  0%| F|  |TS  0|AC  0|TAMS 0x0000000089600000, 0x0000000089600000|
|  79|0x0000000089700000, 0x0000000089700000, 0x0000000089800000|  0%| F|  |TS  0|AC  0|TAMS 0x0000000089700000, 0x0000000089700000|
|  80|0x0000000089800000, 0x0000000089800000, 0x0000000089900000|  0%| F|  |TS  0|AC  0|TAMS 0x0000000089800000, 0x0000000089800000|
|  81|0x0000000089900000, 0x0000000089900000, 0x0000000089a00000|  0%| F|  |TS  0|AC  0|TAMS 0x0000000089900000, 0x0000000089900000|
|  82|0x0000000089a00000, 0x0000000089a00000, 0x0000000089b00000|  0%| F|  |TS  0|AC  0|TAMS 0x0000000089a00000, 0x0000000089a00000|
|  83|0x0000000089b00000, 0x0000000089b00000, 0x0000000089c00000|  0%| F|  |TS  0|AC  0|TAMS 0x0000000089b00000, 0x0000000089b00000|
|  84|0x0000000089c00000, 0x0000000089c00000, 0x0000000089d00000|  0%| F|  |TS  0|AC  0|TAMS 0x0000000089c00000, 0x0000000089c00000|
|  85|0x0000000089d00000, 0x0000000089d00000, 0x0000000089e00000|  0%| F|  |TS  0|AC  0|TAMS 0x0000000089d00000, 0x0000000089d00000|
|  86|0x0000000089e00000, 0x0000000089e00000, 0x0000000089f00000|  0%| F|  |TS  0|AC  0|TAMS 0x0000000089e00000, 0x0000000089e00000|
|  87|0x0000000089f00000, 0x0000000089f00000, 0x000000008a000000|  0%| F|  |TS  0|AC  0|TAMS 0x0000000089f00000, 0x0000000089f00000|
|  88|0x000000008a000000, 0x000000008a000000, 0x000000008a100000|  0%| F|  |TS  0|AC  0|TAMS 0x000000008a000000, 0x000000008a000000|
|  89|0x000000008a100000, 0x000000008a100000, 0x000000008a200000|  0%| F|  |TS  0|AC  0|TAMS 0x000000008a100000, 0x000000008a100000|
|  90|0x000000008a200000, 0x000000008a200000, 0x000000008a300000|  0%| F|  |TS  0|AC  0|TAMS 0x000000008a200000, 0x000000008a200000|
|  91|0x000000008a300000, 0x000000008a300000, 0x000000008a400000|  0%| F|  |TS  0|AC  0|TAMS 0x000000008a300000, 0x000000008a300000|
|  92|0x000000008a400000, 0x000000008a400000, 0x000000008a500000|  0%| F|  |TS  0|AC  0|TAMS 0x000000008a400000, 0x000000008a400000|
|  93|0x000000008a500000, 0x000000008a500000, 0x000000008a600000|  0%| F|  |TS  0|AC  0|TAMS 0x000000008a500000, 0x000000008a500000|
|  94|0x000000008a600000, 0x000000008a600000, 0x000000008a700000|  0%| F|  |TS  0|AC  0|TAMS 0x000000008a600000, 0x000000008a600000|
|  95|0x000000008a700000, 0x000000008a700000, 0x000000008a800000|  0%| F|  |TS  0|AC  0|TAMS 0x000000008a700000, 0x000000008a700000|
|  96|0x000000008a800000, 0x000000008a800000, 0x000000008a900000|  0%| F|  |TS  0|AC  0|TAMS 0x000000008a800000, 0x000000008a800000|
|  97|0x000000008a900000, 0x000000008a900000, 0x000000008aa00000|  0%| F|  |TS  0|AC  0|TAMS 0x000000008a900000, 0x000000008a900000|
|  98|0x000000008aa00000, 0x000000008aa00000, 0x000000008ab00000|  0%| F|  |TS  0|AC  0|TAMS 0x000000008aa00000, 0x000000008aa00000|
|  99|0x000000008ab00000, 0x000000008ab00000, 0x000000008ac00000|  0%| F|  |TS  0|AC  0|TAMS 0x000000008ab00000, 0x000000008ab00000|
| 100|0x000000008ac00000, 0x000000008ac00000, 0x000000008ad00000|  0%| F|  |TS  0|AC  0|TAMS 0x000000008ac00000, 0x000000008ac00000|
| 101|0x000000008ad00000, 0x000000008ad00000, 0x000000008ae00000|  0%| F|  |TS  0|AC  0|TAMS 0x000000008ad00000, 0x000000008ad00000|
| 102|0x000000008ae00000, 0x000000008ae00000, 0x000000008af00000|  0%| F|  |TS  0|AC  0|TAMS 0x000000008ae00000, 0x000000008ae00000|
| 103|0x000000008af00000, 0x000000008af00000, 0x000000008b000000|  0%| F|  |TS  0|AC  0|TAMS 0x000000008af00000, 0x000000008af00000|
| 104|0x000000008b000000, 0x000000008b000000, 0x000000008b100000|  0%| F|  |TS  0|AC  0|TAMS 0x000000008b000000, 0x000000008b000000|
| 105|0x000000008b100000, 0x000000008b100000, 0x000000008b200000|  0%| F|  |TS  0|AC  0|TAMS 0x000000008b100000, 0x000000008b100000|
| 106|0x000000008b200000, 0x000000008b200000, 0x000000008b300000|  0%| F|  |TS  0|AC  0|TAMS 0x000000008b200000, 0x000000008b200000|
| 107|0x000000008b300000, 0x000000008b300000, 0x000000008b400000|  0%| F|  |TS  0|AC  0|TAMS 0x000000008b300000, 0x000000008b300000|
| 108|0x000000008b400000, 0x000000008b400000, 0x000000008b500000|  0%| F|  |TS  0|AC  0|TAMS 0x000000008b400000, 0x000000008b400000|
| 109|0x000000008b500000, 0x000000008b500000, 0x000000008b600000|  0%| F|  |TS  0|AC  0|TAMS 0x000000008b500000, 0x000000008b500000|
| 110|0x000000008b600000, 0x000000008b600000, 0x000000008b700000|  0%| F|  |TS  0|AC  0|TAMS 0x000000008b600000, 0x000000008b600000|
| 111|0x000000008b700000, 0x000000008b700000, 0x000000008b800000|  0%| F|  |TS  0|AC  0|TAMS 0x000000008b700000, 0x000000008b700000|
| 112|0x000000008b800000, 0x000000008b800000, 0x000000008b900000|  0%| F|  |TS  0|AC  0|TAMS 0x000000008b800000, 0x000000008b800000|
| 113|0x000000008b900000, 0x000000008b900000, 0x000000008ba00000|  0%| F|  |TS  0|AC  0|TAMS 0x000000008b900000, 0x000000008b900000|
| 114|0x000000008ba00000, 0x000000008ba00000, 0x000000008bb00000|  0%| F|  |TS  0|AC  0|TAMS 0x000000008ba00000, 0x000000008ba00000|
| 115|0x000000008bb00000, 0x000000008bb00000, 0x000000008bc00000|  0%| F|  |TS  0|AC  0|TAMS 0x000000008bb00000, 0x000000008bb00000|
| 116|0x000000008bc00000, 0x000000008bc00000, 0x000000008bd00000|  0%| F|  |TS  0|AC  0|TAMS 0x000000008bc00000, 0x000000008bc00000|
| 117|0x000000008bd00000, 0x000000008bd00000, 0x000000008be00000|  0%| F|  |TS  0|AC  0|TAMS 0x000000008bd00000, 0x000000008bd00000|
| 118|0x000000008be00000, 0x000000008be00000, 0x000000008bf00000|  0%| F|  |TS  0|AC  0|TAMS 0x000000008be00000, 0x000000008be00000|
| 119|0x000000008bf00000, 0x000000008bf00000, 0x000000008c000000|  0%| F|  |TS  0|AC  0|TAMS 0x000000008bf00000, 0x000000008bf00000|
| 120|0x000000008c000000, 0x000000008c000000, 0x000000008c100000|  0%| F|  |TS  0|AC  0|TAMS 0x000000008c000000, 0x000000008c000000|
| 121|0x000000008c100000, 0x000000008c148300, 0x000000008c200000| 28%| E|  |TS  0|AC  0|TAMS 0x000000008c100000, 0x000000008c100000|
| 122|0x000000008c200000, 0x000000008c300000, 0x000000008c300000|100%| E|CS|TS  0|AC  0|TAMS 0x000000008c200000, 0x000000008c200000|
| 123|0x000000008c300000, 0x000000008c400000, 0x000000008c400000|100%| E|CS|TS  0|AC  0|TAMS 0x000000008c300000, 0x000000008c300000|

Card table byte_map: [0x00007f4cf0c45000,0x00007f4cf1021000] byte_map_base: 0x00007f4cf0821000

Marking Bits (Prev, Next): (CMBitMap*) 0x00007f4d0c05c3e0, (CMBitMap*) 0x00007f4d0c05c418
 Prev Bits: [0x00007f4cca120000, 0x00007f4ccc000000)
 Next Bits: [0x00007f4cc8240000, 0x00007f4cca120000)

Polling page: 0x00007f4d141de000

CodeHeap 'non-profiled nmethods': size=120032Kb used=87Kb max_used=87Kb free=119944Kb
 bounds [0x00007f4cf97a6000, 0x00007f4cf9a16000, 0x00007f4d00cde000]
CodeHeap 'profiled nmethods': size=120032Kb used=406Kb max_used=406Kb free=119625Kb
 bounds [0x00007f4cf226e000, 0x00007f4cf24de000, 0x00007f4cf97a6000]
CodeHeap 'non-nmethods': size=5696Kb used=1171Kb max_used=1182Kb free=4524Kb
 bounds [0x00007f4cf1cde000, 0x00007f4cf1f4e000, 0x00007f4cf226e000]
 total_blobs=682 nmethods=300 adapters=222
 compilation: enabled

Compilation events (10 events):
Event: 0.110 Thread 0x00007f4d0c161800 nmethod 289 0x00007f4cf22cbf10 code [0x00007f4cf22cc180, 0x00007f4cf22ccba8]
Event: 0.110 Thread 0x00007f4d0c161800  295       3       java.lang.invoke.LambdaForm$Name::lastUseIndex (36 bytes)
Event: 0.110 Thread 0x00007f4d0c161800 nmethod 295 0x00007f4cf22cce90 code [0x00007f4cf22cd040, 0x00007f4cf22cd2f0]
Event: 0.110 Thread 0x00007f4d0c161800  285       3       java.lang.invoke.MemberName::getMethodOrFieldType (72 bytes)
Event: 0.111 Thread 0x00007f4d0c161800 nmethod 285 0x00007f4cf22cd410 code [0x00007f4cf22cd780, 0x00007f4cf22cf0e8]
Event: 0.111 Thread 0x00007f4d0c161800  292       3       java.lang.invoke.InvokerBytecodeGenerator::emitPushArgument (120 bytes)
Event: 0.111 Thread 0x00007f4d0c161800 nmethod 292 0x00007f4cf22cf710 code [0x00007f4cf22cf9e0, 0x00007f4cf22d09a8]
Event: 0.111 Thread 0x00007f4d0c161800  293       3       java.lang.invoke.InvokerBytecodeGenerator::emitLoadInsn (21 bytes)
Event: 0.112 Thread 0x00007f4d0c161800 nmethod 293 0x00007f4cf22d0e90 code [0x00007f4cf22d1060, 0x00007f4cf22d12f8]
Event: 0.112 Thread 0x00007f4d0c161800  294       3       java.lang.invoke.InvokerBytecodeGenerator::loadInsnOpcode (86 bytes)

GC Heap History (0 events):
No events

Deoptimization events (1 events):
Event: 0.071 Thread 0x00007f4d0c012800 Uncommon trap: reason=unstable_if action=reinterpret pc=0x00007f4cf97aeda8 method=java.lang.StringLatin1.replace([BCC)Ljava/lang/String; @ 19

Classes redefined (0 events):
No events

Internal exceptions (0 events):
No events

Events (10 events):
Event: 0.100 loading class java/lang/invoke/MethodHandles$1
Event: 0.100 loading class java/lang/invoke/MethodHandles$1 done
Event: 0.100 loading class java/lang/invoke/BoundMethodHandle$Species_L6I
Event: 0.100 loading class java/lang/invoke/BoundMethodHandle$Species_L6I done
Event: 0.101 loading class sun/invoke/util/ValueConversions$WrapperCache
Event: 0.101 loading class sun/invoke/util/ValueConversions$WrapperCache done
Event: 0.101 loading class java/lang/invoke/BoundMethodHandle$Species_L6II
Event: 0.101 loading class java/lang/invoke/BoundMethodHandle$Species_L6II done
Event: 0.110 loading class java/lang/invoke/BoundMethodHandle$Species_L6IIL
Event: 0.110 loading class java/lang/invoke/BoundMethodHandle$Species_L6IIL done


Dynamic libraries:
00400000-00401000 r-xp 00000000 08:07 8523896                            /usr/lib/jvm/java-9-oracle/bin/java
00600000-00601000 rw-p 00000000 08:07 8523896                            /usr/lib/jvm/java-9-oracle/bin/java
009ba000-009db000 rw-p 00000000 00:00 0                                  [heap]
84800000-8c400000 rw-p 00000000 00:00 0 
8c400000-100000000 ---p 00000000 00:00 0 
100000000-100080000 rw-p 00000000 00:00 0 
100080000-140000000 ---p 00000000 00:00 0 
7f4c8fcd6000-7f4c90000000 rw-p 00000000 00:00 0 
7f4c90000000-7f4c90021000 rw-p 00000000 00:00 0 
7f4c90021000-7f4c94000000 ---p 00000000 00:00 0 
7f4c94000000-7f4c94021000 rw-p 00000000 00:00 0 
7f4c94021000-7f4c98000000 ---p 00000000 00:00 0 
7f4c98000000-7f4c98021000 rw-p 00000000 00:00 0 
7f4c98021000-7f4c9c000000 ---p 00000000 00:00 0 
7f4c9c000000-7f4c9c021000 rw-p 00000000 00:00 0 
7f4c9c021000-7f4ca0000000 ---p 00000000 00:00 0 
7f4ca0000000-7f4ca004a000 rw-p 00000000 00:00 0 
7f4ca004a000-7f4ca4000000 ---p 00000000 00:00 0 
7f4ca4000000-7f4ca414d000 rw-p 00000000 00:00 0 
7f4ca414d000-7f4ca8000000 ---p 00000000 00:00 0 
7f4ca8000000-7f4ca8021000 rw-p 00000000 00:00 0 
7f4ca8021000-7f4cac000000 ---p 00000000 00:00 0 
7f4cac000000-7f4cac19d000 rw-p 00000000 00:00 0 
7f4cac19d000-7f4cb0000000 ---p 00000000 00:00 0 
7f4cb0000000-7f4cb0021000 rw-p 00000000 00:00 0 
7f4cb0021000-7f4cb4000000 ---p 00000000 00:00 0 
7f4cb4000000-7f4cb4021000 rw-p 00000000 00:00 0 
7f4cb4021000-7f4cb8000000 ---p 00000000 00:00 0 
7f4cb8000000-7f4cb8021000 rw-p 00000000 00:00 0 
7f4cb8021000-7f4cbc000000 ---p 00000000 00:00 0 
7f4cbc000000-7f4cbc021000 rw-p 00000000 00:00 0 
7f4cbc021000-7f4cc0000000 ---p 00000000 00:00 0 
7f4cc00e8000-7f4cc0126000 r-xp 00000000 08:07 8135357                    /usr/lib/x86_64-linux-gnu/libpcap.so.1.7.4
7f4cc0126000-7f4cc0326000 ---p 0003e000 08:07 8135357                    /usr/lib/x86_64-linux-gnu/libpcap.so.1.7.4
7f4cc0326000-7f4cc0328000 r--p 0003e000 08:07 8135357                    /usr/lib/x86_64-linux-gnu/libpcap.so.1.7.4
7f4cc0328000-7f4cc0329000 rw-p 00040000 08:07 8135357                    /usr/lib/x86_64-linux-gnu/libpcap.so.1.7.4
7f4cc0329000-7f4cc032a000 rw-p 00000000 00:00 0 
7f4cc032a000-7f4cc0340000 r-xp 00000000 08:07 8139177                    /usr/lib/x86_64-linux-gnu/libnet.so.1.7.0
7f4cc0340000-7f4cc053f000 ---p 00016000 08:07 8139177                    /usr/lib/x86_64-linux-gnu/libnet.so.1.7.0
7f4cc053f000-7f4cc0540000 r--p 00015000 08:07 8139177                    /usr/lib/x86_64-linux-gnu/libnet.so.1.7.0
7f4cc0540000-7f4cc0541000 rw-p 00016000 08:07 8139177                    /usr/lib/x86_64-linux-gnu/libnet.so.1.7.0
7f4cc0541000-7f4cc0543000 rw-p 00000000 00:00 0 
7f4cc0543000-7f4cc0545000 r-xp 00000000 08:07 14030299                   /home/bruce/Desktop/project1/ns/adapter_demo/adapter_demo/libsimplepacketdriver_x64.so
7f4cc0545000-7f4cc0744000 ---p 00002000 08:07 14030299                   /home/bruce/Desktop/project1/ns/adapter_demo/adapter_demo/libsimplepacketdriver_x64.so
7f4cc0744000-7f4cc0745000 r--p 00001000 08:07 14030299                   /home/bruce/Desktop/project1/ns/adapter_demo/adapter_demo/libsimplepacketdriver_x64.so
7f4cc0745000-7f4cc0746000 rw-p 00002000 08:07 14030299                   /home/bruce/Desktop/project1/ns/adapter_demo/adapter_demo/libsimplepacketdriver_x64.so
7f4cc0746000-7f4cc0747000 ---p 00000000 00:00 0 
7f4cc0747000-7f4cc0847000 rw-p 00000000 00:00 0 
7f4cc0847000-7f4cc084b000 ---p 00000000 00:00 0 
7f4cc084b000-7f4cc0948000 rw-p 00000000 00:00 0 
7f4cc0948000-7f4cc094c000 ---p 00000000 00:00 0 
7f4cc094c000-7f4cc0a49000 rw-p 00000000 00:00 0 
7f4cc0a49000-7f4cc0a5f000 r-xp 00000000 08:07 8523984                    /usr/lib/jvm/java-9-oracle/lib/libnet.so
7f4cc0a5f000-7f4cc0c5e000 ---p 00016000 08:07 8523984                    /usr/lib/jvm/java-9-oracle/lib/libnet.so
7f4cc0c5e000-7f4cc0c5f000 rw-p 00015000 08:07 8523984                    /usr/lib/jvm/java-9-oracle/lib/libnet.so
7f4cc0c5f000-7f4cc0c6f000 r-xp 00000000 08:07 8524022                    /usr/lib/jvm/java-9-oracle/lib/libnio.so
7f4cc0c6f000-7f4cc0e6f000 ---p 00010000 08:07 8524022                    /usr/lib/jvm/java-9-oracle/lib/libnio.so
7f4cc0e6f000-7f4cc0e70000 rw-p 00010000 08:07 8524022                    /usr/lib/jvm/java-9-oracle/lib/libnio.so
7f4cc0e70000-7f4cc0e74000 ---p 00000000 00:00 0 
7f4cc0e74000-7f4cc0f71000 rw-p 00000000 00:00 0 
7f4cc0f71000-7f4cc0f75000 ---p 00000000 00:00 0 
7f4cc0f75000-7f4cc1072000 rw-p 00000000 00:00 0 
7f4cc1072000-7f4cc1076000 ---p 00000000 00:00 0 
7f4cc1076000-7f4cc1173000 rw-p 00000000 00:00 0 
7f4cc1173000-7f4cc1177000 ---p 00000000 00:00 0 
7f4cc1177000-7f4cc1274000 rw-p 00000000 00:00 0 
7f4cc1274000-7f4cc1278000 ---p 00000000 00:00 0 
7f4cc1278000-7f4cc1375000 rw-p 00000000 00:00 0 
7f4cc1375000-7f4cc1800000 r--p 00000000 08:07 8127381                    /usr/lib/locale/locale-archive
7f4cc1800000-7f4cc1d00000 rw-p 00000000 00:00 0 
7f4cc1d00000-7f4cc2000000 ---p 00000000 00:00 0 
7f4cc2000000-7f4cc4000000 rwxp 00000000 00:00 0 
7f4cc4000000-7f4cc4021000 rw-p 00000000 00:00 0 
7f4cc4021000-7f4cc8000000 ---p 00000000 00:00 0 
7f4cc803e000-7f4cc8042000 ---p 00000000 00:00 0 
7f4cc8042000-7f4cc813f000 rw-p 00000000 00:00 0 
7f4cc813f000-7f4cc8143000 ---p 00000000 00:00 0 
7f4cc8143000-7f4cc8430000 rw-p 00000000 00:00 0 
7f4cc8430000-7f4cca120000 ---p 00000000 00:00 0 
7f4cca120000-7f4cca310000 rw-p 00000000 00:00 0 
7f4cca310000-7f4ccc000000 ---p 00000000 00:00 0 
7f4ccc000000-7f4ccc021000 rw-p 00000000 00:00 0 
7f4ccc021000-7f4cd0000000 ---p 00000000 00:00 0 
7f4cd0000000-7f4cd0021000 rw-p 00000000 00:00 0 
7f4cd0021000-7f4cd4000000 ---p 00000000 00:00 0 
7f4cd4000000-7f4cd4021000 rw-p 00000000 00:00 0 
7f4cd4021000-7f4cd8000000 ---p 00000000 00:00 0 
7f4cd8000000-7f4cd8021000 rw-p 00000000 00:00 0 
7f4cd8021000-7f4cdc000000 ---p 00000000 00:00 0 
7f4cdc000000-7f4cdc021000 rw-p 00000000 00:00 0 
7f4cdc021000-7f4ce0000000 ---p 00000000 00:00 0 
7f4ce0000000-7f4ce0021000 rw-p 00000000 00:00 0 
7f4ce0021000-7f4ce4000000 ---p 00000000 00:00 0 
7f4ce4000000-7f4ce4021000 rw-p 00000000 00:00 0 
7f4ce4021000-7f4ce8000000 ---p 00000000 00:00 0 
7f4ce8000000-7f4ce8021000 rw-p 00000000 00:00 0 
7f4ce8021000-7f4cec000000 ---p 00000000 00:00 0 
7f4cec000000-7f4cec021000 rw-p 00000000 00:00 0 
7f4cec021000-7f4cf0000000 ---p 00000000 00:00 0 
7f4cf00ec000-7f4cf00ed000 ---p 00000000 00:00 0 
7f4cf00ed000-7f4cf0667000 rw-p 00000000 00:00 0 
7f4cf0667000-7f4cf0668000 ---p 00000000 00:00 0 
7f4cf0668000-7f4cf0768000 rw-p 00000000 00:00 0 
7f4cf0768000-7f4cf0769000 ---p 00000000 00:00 0 
7f4cf0769000-7f4cf08a7000 rw-p 00000000 00:00 0 
7f4cf08a7000-7f4cf0c45000 ---p 00000000 00:00 0 
7f4cf0c45000-7f4cf0c83000 rw-p 00000000 00:00 0 
7f4cf0c83000-7f4cf13fd000 ---p 00000000 00:00 0 
7f4cf13fd000-7f4cf143b000 rw-p 00000000 00:00 0 
7f4cf143b000-7f4cf17d9000 ---p 00000000 00:00 0 
7f4cf17d9000-7f4cf17da000 ---p 00000000 00:00 0 
7f4cf17da000-7f4cf18da000 rw-p 00000000 00:00 0 
7f4cf18da000-7f4cf18db000 ---p 00000000 00:00 0 
7f4cf18db000-7f4cf19db000 rw-p 00000000 00:00 0 
7f4cf19db000-7f4cf19dc000 ---p 00000000 00:00 0 
7f4cf19dc000-7f4cf1adc000 rw-p 00000000 00:00 0 
7f4cf1adc000-7f4cf1add000 ---p 00000000 00:00 0 
7f4cf1add000-7f4cf1bdd000 rw-p 00000000 00:00 0 
7f4cf1bdd000-7f4cf1bde000 ---p 00000000 00:00 0 
7f4cf1bde000-7f4cf1cde000 rw-p 00000000 00:00 0 
7f4cf1cde000-7f4cf1f4e000 rwxp 00000000 00:00 0 
7f4cf1f4e000-7f4cf226e000 ---p 00000000 00:00 0 
7f4cf226e000-7f4cf24de000 rwxp 00000000 00:00 0 
7f4cf24de000-7f4cf97a6000 ---p 00000000 00:00 0 
7f4cf97a6000-7f4cf9a16000 rwxp 00000000 00:00 0 
7f4cf9a16000-7f4d00cde000 ---p 00000000 00:00 0 
7f4d00cde000-7f4d0c000000 r--s 00000000 08:07 8523942                    /usr/lib/jvm/java-9-oracle/lib/modules
7f4d0c000000-7f4d0c2b7000 rw-p 00000000 00:00 0 
7f4d0c2b7000-7f4d10000000 ---p 00000000 00:00 0 
7f4d10004000-7f4d104bc000 rw-p 00000000 00:00 0 
7f4d104bc000-7f4d104bd000 ---p 00000000 00:00 0 
7f4d104bd000-7f4d105bd000 rw-p 00000000 00:00 0 
7f4d105bd000-7f4d105be000 ---p 00000000 00:00 0 
7f4d105be000-7f4d106be000 rw-p 00000000 00:00 0 
7f4d106be000-7f4d106bf000 ---p 00000000 00:00 0 
7f4d106bf000-7f4d107bf000 rw-p 00000000 00:00 0 
7f4d107bf000-7f4d107c0000 ---p 00000000 00:00 0 
7f4d107c0000-7f4d108c5000 rw-p 00000000 00:00 0 
7f4d108c5000-7f4d109ab000 ---p 00000000 00:00 0 
7f4d109ab000-7f4d109b0000 rw-p 00000000 00:00 0 
7f4d109b0000-7f4d10a96000 ---p 00000000 00:00 0 
7f4d10a96000-7f4d10ab0000 r-xp 00000000 08:07 8523964                    /usr/lib/jvm/java-9-oracle/lib/libjimage.so
7f4d10ab0000-7f4d10caf000 ---p 0001a000 08:07 8523964                    /usr/lib/jvm/java-9-oracle/lib/libjimage.so
7f4d10caf000-7f4d10cb1000 rw-p 00019000 08:07 8523964                    /usr/lib/jvm/java-9-oracle/lib/libjimage.so
7f4d10cb1000-7f4d10cc3000 rw-p 00000000 00:00 0 
7f4d10cc3000-7f4d10cca000 r-xp 00000000 08:07 8523976                    /usr/lib/jvm/java-9-oracle/lib/libzip.so
7f4d10cca000-7f4d10ec9000 ---p 00007000 08:07 8523976                    /usr/lib/jvm/java-9-oracle/lib/libzip.so
7f4d10ec9000-7f4d10eca000 rw-p 00006000 08:07 8523976                    /usr/lib/jvm/java-9-oracle/lib/libzip.so
7f4d10eca000-7f4d10ed5000 r-xp 00000000 08:07 9180675                    /lib/x86_64-linux-gnu/libnss_files-2.23.so
7f4d10ed5000-7f4d110d4000 ---p 0000b000 08:07 9180675                    /lib/x86_64-linux-gnu/libnss_files-2.23.so
7f4d110d4000-7f4d110d5000 r--p 0000a000 08:07 9180675                    /lib/x86_64-linux-gnu/libnss_files-2.23.so
7f4d110d5000-7f4d110d6000 rw-p 0000b000 08:07 9180675                    /lib/x86_64-linux-gnu/libnss_files-2.23.so
7f4d110d6000-7f4d110dc000 rw-p 00000000 00:00 0 
7f4d110dc000-7f4d110e7000 r-xp 00000000 08:07 9180660                    /lib/x86_64-linux-gnu/libnss_nis-2.23.so
7f4d110e7000-7f4d112e6000 ---p 0000b000 08:07 9180660                    /lib/x86_64-linux-gnu/libnss_nis-2.23.so
7f4d112e6000-7f4d112e7000 r--p 0000a000 08:07 9180660                    /lib/x86_64-linux-gnu/libnss_nis-2.23.so
7f4d112e7000-7f4d112e8000 rw-p 0000b000 08:07 9180660                    /lib/x86_64-linux-gnu/libnss_nis-2.23.so
7f4d112e8000-7f4d112fe000 r-xp 00000000 08:07 9180671                    /lib/x86_64-linux-gnu/libnsl-2.23.so
7f4d112fe000-7f4d114fd000 ---p 00016000 08:07 9180671                    /lib/x86_64-linux-gnu/libnsl-2.23.so
7f4d114fd000-7f4d114fe000 r--p 00015000 08:07 9180671                    /lib/x86_64-linux-gnu/libnsl-2.23.so
7f4d114fe000-7f4d114ff000 rw-p 00016000 08:07 9180671                    /lib/x86_64-linux-gnu/libnsl-2.23.so
7f4d114ff000-7f4d11501000 rw-p 00000000 00:00 0 
7f4d11501000-7f4d11509000 r-xp 00000000 08:07 9180672                    /lib/x86_64-linux-gnu/libnss_compat-2.23.so
7f4d11509000-7f4d11708000 ---p 00008000 08:07 9180672                    /lib/x86_64-linux-gnu/libnss_compat-2.23.so
7f4d11708000-7f4d11709000 r--p 00007000 08:07 9180672                    /lib/x86_64-linux-gnu/libnss_compat-2.23.so
7f4d11709000-7f4d1170a000 rw-p 00008000 08:07 9180672                    /lib/x86_64-linux-gnu/libnss_compat-2.23.so
7f4d1170a000-7f4d11734000 r-xp 00000000 08:07 8523961                    /usr/lib/jvm/java-9-oracle/lib/libjava.so
7f4d11734000-7f4d11934000 ---p 0002a000 08:07 8523961                    /usr/lib/jvm/java-9-oracle/lib/libjava.so
7f4d11934000-7f4d11936000 rw-p 0002a000 08:07 8523961                    /usr/lib/jvm/java-9-oracle/lib/libjava.so
7f4d11936000-7f4d11943000 r-xp 00000000 08:07 8523985                    /usr/lib/jvm/java-9-oracle/lib/libverify.so
7f4d11943000-7f4d11b42000 ---p 0000d000 08:07 8523985                    /usr/lib/jvm/java-9-oracle/lib/libverify.so
7f4d11b42000-7f4d11b44000 rw-p 0000c000 08:07 8523985                    /usr/lib/jvm/java-9-oracle/lib/libverify.so
7f4d11b44000-7f4d11b4b000 r-xp 00000000 08:07 9180659                    /lib/x86_64-linux-gnu/librt-2.23.so
7f4d11b4b000-7f4d11d4a000 ---p 00007000 08:07 9180659                    /lib/x86_64-linux-gnu/librt-2.23.so
7f4d11d4a000-7f4d11d4b000 r--p 00006000 08:07 9180659                    /lib/x86_64-linux-gnu/librt-2.23.so
7f4d11d4b000-7f4d11d4c000 rw-p 00007000 08:07 9180659                    /lib/x86_64-linux-gnu/librt-2.23.so
7f4d11d4c000-7f4d11e54000 r-xp 00000000 08:07 9180669                    /lib/x86_64-linux-gnu/libm-2.23.so
7f4d11e54000-7f4d12053000 ---p 00108000 08:07 9180669                    /lib/x86_64-linux-gnu/libm-2.23.so
7f4d12053000-7f4d12054000 r--p 00107000 08:07 9180669                    /lib/x86_64-linux-gnu/libm-2.23.so
7f4d12054000-7f4d12055000 rw-p 00108000 08:07 9180669                    /lib/x86_64-linux-gnu/libm-2.23.so
7f4d12055000-7f4d1303c000 r-xp 00000000 08:07 8916613                    /usr/lib/jvm/java-9-oracle/lib/server/libjvm.so
7f4d1303c000-7f4d1323b000 ---p 00fe7000 08:07 8916613                    /usr/lib/jvm/java-9-oracle/lib/server/libjvm.so
7f4d1323b000-7f4d1330b000 r--p 00fe6000 08:07 8916613                    /usr/lib/jvm/java-9-oracle/lib/server/libjvm.so
7f4d1330b000-7f4d13342000 rw-p 010b6000 08:07 8916613                    /usr/lib/jvm/java-9-oracle/lib/server/libjvm.so
7f4d13342000-7f4d133aa000 rw-p 00000000 00:00 0 
7f4d133aa000-7f4d13569000 r-xp 00000000 08:07 9180664                    /lib/x86_64-linux-gnu/libc-2.23.so
7f4d13569000-7f4d13769000 ---p 001bf000 08:07 9180664                    /lib/x86_64-linux-gnu/libc-2.23.so
7f4d13769000-7f4d1376d000 r--p 001bf000 08:07 9180664                    /lib/x86_64-linux-gnu/libc-2.23.so
7f4d1376d000-7f4d1376f000 rw-p 001c3000 08:07 9180664                    /lib/x86_64-linux-gnu/libc-2.23.so
7f4d1376f000-7f4d13773000 rw-p 00000000 00:00 0 
7f4d13773000-7f4d13776000 r-xp 00000000 08:07 9180663                    /lib/x86_64-linux-gnu/libdl-2.23.so
7f4d13776000-7f4d13975000 ---p 00003000 08:07 9180663                    /lib/x86_64-linux-gnu/libdl-2.23.so
7f4d13975000-7f4d13976000 r--p 00002000 08:07 9180663                    /lib/x86_64-linux-gnu/libdl-2.23.so
7f4d13976000-7f4d13977000 rw-p 00003000 08:07 9180663                    /lib/x86_64-linux-gnu/libdl-2.23.so
7f4d13977000-7f4d13985000 r-xp 00000000 08:07 8523941                    /usr/lib/jvm/java-9-oracle/lib/jli/libjli.so
7f4d13985000-7f4d13b84000 ---p 0000e000 08:07 8523941                    /usr/lib/jvm/java-9-oracle/lib/jli/libjli.so
7f4d13b84000-7f4d13b85000 rw-p 0000d000 08:07 8523941                    /usr/lib/jvm/java-9-oracle/lib/jli/libjli.so
7f4d13b85000-7f4d13b9d000 r-xp 00000000 08:07 9180670                    /lib/x86_64-linux-gnu/libpthread-2.23.so
7f4d13b9d000-7f4d13d9c000 ---p 00018000 08:07 9180670                    /lib/x86_64-linux-gnu/libpthread-2.23.so
7f4d13d9c000-7f4d13d9d000 r--p 00017000 08:07 9180670                    /lib/x86_64-linux-gnu/libpthread-2.23.so
7f4d13d9d000-7f4d13d9e000 rw-p 00018000 08:07 9180670                    /lib/x86_64-linux-gnu/libpthread-2.23.so
7f4d13d9e000-7f4d13da2000 rw-p 00000000 00:00 0 
7f4d13da2000-7f4d13dbb000 r-xp 00000000 08:07 9179708                    /lib/x86_64-linux-gnu/libz.so.1.2.8
7f4d13dbb000-7f4d13fba000 ---p 00019000 08:07 9179708                    /lib/x86_64-linux-gnu/libz.so.1.2.8
7f4d13fba000-7f4d13fbb000 r--p 00018000 08:07 9179708                    /lib/x86_64-linux-gnu/libz.so.1.2.8
7f4d13fbb000-7f4d13fbc000 rw-p 00019000 08:07 9179708                    /lib/x86_64-linux-gnu/libz.so.1.2.8
7f4d13fbc000-7f4d13fe2000 r-xp 00000000 08:07 9179472                    /lib/x86_64-linux-gnu/ld-2.23.so
7f4d14000000-7f4d140be000 rw-p 00000000 00:00 0 
7f4d140be000-7f4d140c3000 ---p 00000000 00:00 0 
7f4d140c3000-7f4d141c3000 rw-p 00000000 00:00 0 
7f4d141c8000-7f4d141ce000 rw-p 00000000 00:00 0 
7f4d141ce000-7f4d141d5000 ---p 00000000 00:00 0 
7f4d141d5000-7f4d141dd000 rw-s 00000000 08:07 15991626                   /tmp/hsperfdata_bruce/3210
7f4d141dd000-7f4d141de000 rw-p 00000000 00:00 0 
7f4d141de000-7f4d141df000 r--p 00000000 00:00 0 
7f4d141df000-7f4d141e1000 rw-p 00000000 00:00 0 
7f4d141e1000-7f4d141e2000 r--p 00025000 08:07 9179472                    /lib/x86_64-linux-gnu/ld-2.23.so
7f4d141e2000-7f4d141e3000 rw-p 00026000 08:07 9179472                    /lib/x86_64-linux-gnu/ld-2.23.so
7f4d141e3000-7f4d141e4000 rw-p 00000000 00:00 0 
7fff8ff44000-7fff8ff65000 rw-p 00000000 00:00 0                          [stack]
7fff8ff92000-7fff8ff94000 r--p 00000000 00:00 0                          [vvar]
7fff8ff94000-7fff8ff96000 r-xp 00000000 00:00 0                          [vdso]
ffffffffff600000-ffffffffff601000 r-xp 00000000 00:00 0                  [vsyscall]

VM Arguments:
jvm_args: -Djava.library.path=. 
java_command: PacketDriverExample
java_class_path (initial): .
Launcher Type: SUN_STANDARD

Logging:
Log output configuration:
#0: stdout all=warning uptime,level,tags
#1: stderr all=off uptime,level,tags

Environment Variables:
JAVA_HOME=/usr/local/java/jdk1.8.0_121
JRE_HOME=/usr/local/java/jdk1.8.0_121/jre
PATH=/home/bruce/bin:/home/bruce/.local/bin:/usr/local/sbin:/usr/local/bin:/usr/sbin:/usr/bin:/sbin:/bin:/usr/games:/usr/local/games:/snap/bin:/usr/lib/jvm/java-9-oracle/bin:/usr/lib/jvm/java-9-oracle/db/bin:/usr/local/java/jdk1.8.0_121/bin:/usr/local/java/jdk1.8.0_121/jre/bin
SHELL=/bin/bash
DISPLAY=:0

Signal Handlers:
SIGSEGV: [libjvm.so+0xd33e60], sa_mask[0]=11111111011111111101111111111110, sa_flags=SA_RESTART|SA_SIGINFO
SIGBUS: [libjvm.so+0xd33e60], sa_mask[0]=11111111011111111101111111111110, sa_flags=SA_RESTART|SA_SIGINFO
SIGFPE: [libjvm.so+0xd33e60], sa_mask[0]=11111111011111111101111111111110, sa_flags=SA_RESTART|SA_SIGINFO
SIGPIPE: [libjvm.so+0xb4a250], sa_mask[0]=11111111011111111101111111111110, sa_flags=SA_RESTART|SA_SIGINFO
SIGXFSZ: [libjvm.so+0xb4a250], sa_mask[0]=11111111011111111101111111111110, sa_flags=SA_RESTART|SA_SIGINFO
SIGILL: [libjvm.so+0xd33e60], sa_mask[0]=11111111011111111101111111111110, sa_flags=SA_RESTART|SA_SIGINFO
SIGUSR2: [libjvm.so+0xb4a110], sa_mask[0]=00000000000000000000000000000000, sa_flags=SA_RESTART|SA_SIGINFO
SIGHUP: [libjvm.so+0xb4a320], sa_mask[0]=11111111011111111101111111111110, sa_flags=SA_RESTART|SA_SIGINFO
SIGINT: [libjvm.so+0xb4a320], sa_mask[0]=11111111011111111101111111111110, sa_flags=SA_RESTART|SA_SIGINFO
SIGTERM: [libjvm.so+0xb4a320], sa_mask[0]=11111111011111111101111111111110, sa_flags=SA_RESTART|SA_SIGINFO
SIGQUIT: [libjvm.so+0xb4a320], sa_mask[0]=11111111011111111101111111111110, sa_flags=SA_RESTART|SA_SIGINFO


---------------  S Y S T E M  ---------------

OS:DISTRIB_ID=Ubuntu
DISTRIB_RELEASE=16.04
DISTRIB_CODENAME=xenial
DISTRIB_DESCRIPTION="Ubuntu 16.04.1 LTS"
uname:Linux 4.4.0-62-generic #83-Ubuntu SMP Wed Jan 18 14:10:15 UTC 2017 x86_64
libc:glibc 2.23 NPTL 2.23 
rlimit: STACK 8192k, CORE 0k, NPROC 31155, NOFILE 65536, AS infinity
load average:1.83 0.87 0.47

/proc/meminfo:
MemTotal:        8088296 kB
MemFree:         5673304 kB
MemAvailable:    6574464 kB
Buffers:           61476 kB
Cached:          1331724 kB
SwapCached:            0 kB
Active:          1395844 kB
Inactive:         841384 kB
Active(anon):     845564 kB
Inactive(anon):   296160 kB
Active(file):     550280 kB
Inactive(file):   545224 kB
Unevictable:         336 kB
Mlocked:             336 kB
SwapTotal:             0 kB
SwapFree:              0 kB
Dirty:              6320 kB
Writeback:            92 kB
AnonPages:        844412 kB
Mapped:           261136 kB
Shmem:            297760 kB
Slab:              86988 kB
SReclaimable:      52252 kB
SUnreclaim:        34736 kB
KernelStack:        8000 kB
PageTables:        30860 kB
NFS_Unstable:          0 kB
Bounce:                0 kB
WritebackTmp:          0 kB
CommitLimit:     4044148 kB
Committed_AS:    4747104 kB
VmallocTotal:   34359738367 kB
VmallocUsed:           0 kB
VmallocChunk:          0 kB
HardwareCorrupted:     0 kB
AnonHugePages:    176128 kB
CmaTotal:              0 kB
CmaFree:               0 kB
HugePages_Total:       0
HugePages_Free:        0
HugePages_Rsvd:        0
HugePages_Surp:        0
Hugepagesize:       2048 kB
DirectMap4k:      134488 kB
DirectMap2M:     3973120 kB
DirectMap1G:     4194304 kB


CPU:total 4 (initial active 4) (4 cores per cpu, 1 threads per core) family 6 model 60 stepping 3, cmov, cx8, fxsr, mmx, sse, sse2, sse3, ssse3, sse4.1, sse4.2, popcnt, avx, avx2, aes, clmul, erms, lzcnt, tsc, tscinvbit, bmi1, bmi2, fma
CPU Model and flags from /proc/cpuinfo:
model name	: Intel(R) Core(TM) i5-4460  CPU @ 3.20GHz
flags		: fpu vme de pse tsc msr pae mce cx8 apic sep mtrr pge mca cmov pat pse36 clflush dts acpi mmx fxsr sse sse2 ss ht tm pbe syscall nx pdpe1gb rdtscp lm constant_tsc arch_perfmon pebs bts rep_good nopl xtopology nonstop_tsc aperfmperf eagerfpu pni pclmulqdq dtes64 monitor ds_cpl vmx est tm2 ssse3 sdbg fma cx16 xtpr pdcm pcid sse4_1 sse4_2 x2apic movbe popcnt tsc_deadline_timer aes xsave avx f16c rdrand lahf_lm abm epb tpr_shadow vnmi flexpriority ept vpid fsgsbase tsc_adjust bmi1 avx2 smep bmi2 erms invpcid xsaveopt dtherm ida arat pln pts

Memory: 4k page, physical 8088296k(5673304k free), swap 0k(0k free)

vm_info: Java HotSpot(TM) 64-Bit Server VM (9-ea+152) for linux-amd64 JRE (9-ea+152), built on Jan 11 2017 17:54:22 by "javare" with gcc 4.9.2

END.
