#
# A fatal error has been detected by the Java Runtime Environment:
#
#  SIGSEGV (0xb) at pc=0x00007fc3e8f84134, pid=21332, tid=21333
#
# JRE version: Java(TM) SE Runtime Environment (9.0+152) (build 9-ea+152)
# Java VM: Java HotSpot(TM) 64-Bit Server VM (9-ea+152, mixed mode, tiered, compressed oops, g1 gc, linux-amd64)
# Problematic frame:
# C  [libpcap.so.0.8+0xf134]  pcap_next+0x4
#
# Core dump will be written. Default location: Core dumps may be processed with "/usr/share/apport/apport %p %s %c %P" (or dumping to /home/bruce/Desktop/project1/ns/adapter_demo/adapter_demo/core.21332)
#
# If you would like to submit a bug report, please visit:
#   http://bugreport.java.com/bugreport/crash.jsp
# The crash happened outside the Java Virtual Machine in native code.
# See problematic frame for where to report the bug.
#

---------------  S U M M A R Y ------------

Command Line: -Djava.library.path=. PacketDriverExample

Host: Intel(R) Core(TM) i5-4460  CPU @ 3.20GHz, 4 cores, 7G, Ubuntu 16.04.1 LTS
Time: Fri Feb 10 01:31:59 2017 CST elapsed time: 0 seconds (0d 0h 0m 0s)

---------------  T H R E A D  ---------------

Current thread (0x00007fc434012800):  JavaThread "main" [_thread_in_native, id=21333, stack(0x00007fc43ced1000,0x00007fc43cfd1000)]

Stack: [0x00007fc43ced1000,0x00007fc43cfd1000],  sp=0x00007fc43cfcf920,  free space=1018k
Native frames: (J=compiled Java code, A=aot compiled Java code, j=interpreted, Vv=VM code, C=native code)
C  [libpcap.so.0.8+0xf134]  pcap_next+0x4
j  SimplePacketDriver.readPacket()[B+0
j  PacketDriverExample.main([Ljava/lang/String;)V+79
v  ~StubRoutines::call_stub
V  [libjvm.so+0x837620]  JavaCalls::call_helper(JavaValue*, methodHandle const&, JavaCallArguments*, Thread*)+0x3f0
V  [libjvm.so+0x89083f]  jni_invoke_static(JNIEnv_*, JavaValue*, _jobject*, JNICallType, _jmethodID*, JNI_ArgumentPusher*, Thread*) [clone .isra.88]+0x21f
V  [libjvm.so+0x89d3ae]  jni_CallStaticVoidMethod+0x14e
C  [libjli.so+0x3c52]  JavaMain+0x812
C  [libpthread.so.0+0x76ba]  start_thread+0xca

Java frames: (J=compiled Java code, j=interpreted, Vv=VM code)
j  SimplePacketDriver.readPacket()[B+0
j  PacketDriverExample.main([Ljava/lang/String;)V+79
v  ~StubRoutines::call_stub

siginfo: si_signo: 11 (SIGSEGV), si_code: 1 (SEGV_MAPERR), si_addr: 0x0000000000000260

Register to memory mapping:

RAX=0x0000000000000000 is an unknown value
RBX={method} {0x00007fc418d23ef0} 'readPacket' '()[B' in 'SimplePacketDriver'
RCX=0x00007fc43c2b16fd: __write+0x000000000000002d in /lib/x86_64-linux-gnu/libc.so.6 at 0x00007fc43c1bb000
RDX=0x00007fc43cfcf980 is pointing into the stack for thread: 0x00007fc434012800
RSP=0x00007fc43cfcf920 is pointing into the stack for thread: 0x00007fc434012800
RBP=0x00007fc43cfcf9a0 is pointing into the stack for thread: 0x00007fc434012800
RSI=0x00007fc43cfcf980 is pointing into the stack for thread: 0x00007fc434012800
RDI=0x0000000000000000 is an unknown value
R8 =0x00007fc434000228 is an unknown value
R9 =0x0000000000000000 is an unknown value
R10=0x0000000000000077 is an unknown value
R11=0x00007fc3e8f84130: pcap_next+0x0000000000000000 in /usr/lib/x86_64-linux-gnu/libpcap.so.0.8 at 0x00007fc3e8f75000
R12=0x0000000000000000 is an unknown value
R13={method} {0x00007fc418d23ef0} 'readPacket' '()[B' in 'SimplePacketDriver'
R14=0x00007fc43cfcfa20 is pointing into the stack for thread: 0x00007fc434012800
R15=0x00007fc434012800 is a thread


Registers:
RAX=0x0000000000000000, RBX=0x00007fc418d23ef0, RCX=0x00007fc43c2b16fd, RDX=0x00007fc43cfcf980
RSP=0x00007fc43cfcf920, RBP=0x00007fc43cfcf9a0, RSI=0x00007fc43cfcf980, RDI=0x0000000000000000
R8 =0x00007fc434000228, R9 =0x0000000000000000, R10=0x0000000000000077, R11=0x00007fc3e8f84130
R12=0x0000000000000000, R13=0x00007fc418d23ef0, R14=0x00007fc43cfcfa20, R15=0x00007fc434012800
RIP=0x00007fc3e8f84134, EFLAGS=0x0000000000010202, CSGSFS=0x0000000000000033, ERR=0x0000000000000004
  TRAPNO=0x000000000000000e

Top of Stack: (sp=0x00007fc43cfcf920)
0x00007fc43cfcf920:   0000000000000000 00007fc434000228
0x00007fc43cfcf930:   0000000000000000 00007fc43c22a7fa
0x00007fc43cfcf940:   00007fc418d23ef0 00007fc4342564d0
0x00007fc43cfcf950:   0000000000000002 00007fc3e93d10b5 

Instructions: (pc=0x00007fc3e8f84134)
0x00007fc3e8f84114:   e0 90 66 2e 0f 1f 84 00 00 00 00 00 eb ee 0f 1f
0x00007fc3e8f84124:   40 00 66 2e 0f 1f 84 00 00 00 00 00 48 83 ec 38
0x00007fc3e8f84134:   48 8b 97 60 02 00 00 64 48 8b 04 25 28 00 00 00
0x00007fc3e8f84144:   48 89 44 24 28 31 c0 48 8d 4c 24 10 48 8d 44 24 


---------------  P R O C E S S  ---------------

Java Threads: ( => current thread )
  0x00007fc434230000 JavaThread "Service Thread" daemon [_thread_blocked, id=21354, stack(0x00007fc3e96d4000,0x00007fc3e97d5000)]
  0x00007fc434198000 JavaThread "Common-Cleaner" daemon [_thread_blocked, id=21353, stack(0x00007fc3e97d5000,0x00007fc3e98d6000)]
  0x00007fc434163800 JavaThread "Sweeper thread" daemon [_thread_blocked, id=21352, stack(0x00007fc3e9cfd000,0x00007fc3e9dfe000)]
  0x00007fc434161800 JavaThread "C1 CompilerThread2" daemon [_thread_blocked, id=21351, stack(0x00007fc3e9dfe000,0x00007fc3e9eff000)]
  0x00007fc43415f800 JavaThread "C2 CompilerThread1" daemon [_thread_blocked, id=21350, stack(0x00007fc3e9eff000,0x00007fc3ea000000)]
  0x00007fc43415d800 JavaThread "C2 CompilerThread0" daemon [_thread_blocked, id=21349, stack(0x00007fc3f003e000,0x00007fc3f013f000)]
  0x00007fc43415b800 JavaThread "Signal Dispatcher" daemon [_thread_blocked, id=21348, stack(0x00007fc3f013f000,0x00007fc3f0240000)]
  0x00007fc434144800 JavaThread "Finalizer" daemon [_thread_blocked, id=21347, stack(0x00007fc418526000,0x00007fc418627000)]
  0x00007fc43413e800 JavaThread "Reference Handler" daemon [_thread_blocked, id=21346, stack(0x00007fc418627000,0x00007fc418728000)]
=>0x00007fc434012800 JavaThread "main" [_thread_in_native, id=21333, stack(0x00007fc43ced1000,0x00007fc43cfd1000)]

Other Threads:
  0x00007fc434130800 VMThread "VM Thread" [stack: 0x00007fc418729000,0x00007fc418829000] [id=21345]
  0x00007fc43424b000 WatcherThread [stack: 0x00007fc3e95d4000,0x00007fc3e96d4000] [id=21355]
  0x00007fc434029800 GCTaskThread "GC Thread#0" [stack: 0x00007fc4395d1000,0x00007fc4396d1000] [id=21334]
  0x00007fc43402b000 GCTaskThread "GC Thread#1" [stack: 0x00007fc4394d0000,0x00007fc4395d0000] [id=21335]
  0x00007fc43402d000 GCTaskThread "GC Thread#2" [stack: 0x00007fc4393cf000,0x00007fc4394cf000] [id=21336]
  0x00007fc43402e800 GCTaskThread "GC Thread#3" [stack: 0x00007fc4392ce000,0x00007fc4393ce000] [id=21337]
  0x00007fc43405d000 ConcurrentGCThread "G1 Main Marker" [stack: 0x00007fc43810c000,0x00007fc43820c000] [id=21343]
  0x00007fc43405f000 ConcurrentGCThread "G1 Marker#0" [stack: 0x00007fc43800b000,0x00007fc43810b000] [id=21344]
  0x00007fc434036000 ConcurrentGCThread "G1 Refine#0" [stack: 0x00007fc438ac6000,0x00007fc438bc6000] [id=21341]
  0x00007fc434034000 ConcurrentGCThread "G1 Refine#1" [stack: 0x00007fc438bc7000,0x00007fc438cc7000] [id=21340]
  0x00007fc434032800 ConcurrentGCThread "G1 Refine#2" [stack: 0x00007fc438cc8000,0x00007fc438dc8000] [id=21339]
  0x00007fc434030800 ConcurrentGCThread "G1 Refine#3" [stack: 0x00007fc438dc9000,0x00007fc438ec9000] [id=21338]
  0x00007fc434037800 ConcurrentGCThread "G1 Young RemSet Sampling" [stack: 0x00007fc4389c5000,0x00007fc438ac5000] [id=21342]

Threads with active compile tasks:

VM state:not at safepoint (normal execution)

VM Mutex/Monitor currently owned by a thread: None

Heap address: 0x0000000084800000, size: 1976 MB, Compressed Oops mode: 32-bit
Narrow klass base: 0x0000000000000000, Narrow klass shift: 3
Compressed class space size: 1073741824 Address: 0x0000000100000000

Heap:
 garbage-first heap   total 126976K, used 2048K [0x0000000084800000, 0x00000000849003e0, 0x0000000100000000)
  region size 1024K, 3 young (3072K), 0 survivors (0K)
 Metaspace       used 5290K, capacity 5392K, committed 5632K, reserved 1056768K
  class space    used 453K, capacity 490K, committed 512K, reserved 1048576K
Heap Regions: E=young(eden), S=young(survivor), O=old, HS=humongous(starts), HC=humongous(continues), CS=collection set, F=free, A=archive, TS=gc time stamp, AC=allocation context, TAMS=top-at-mark-start (previous, next)
|   0|0x0000000084800000, 0x0000000084800000, 0x0000000084900000|  0%| F|  |TS  0|AC  0|TAMS 0x0000000084800000, 0x0000000084800000|
|   1|0x0000000084900000, 0x0000000084900000, 0x0000000084a00000|  0%| F|  |TS  0|AC  0|TAMS 0x0000000084900000, 0x0000000084900000|
|   2|0x0000000084a00000, 0x0000000084a00000, 0x0000000084b00000|  0%| F|  |TS  0|AC  0|TAMS 0x0000000084a00000, 0x0000000084a00000|
|   3|0x0000000084b00000, 0x0000000084b00000, 0x0000000084c00000|  0%| F|  |TS  0|AC  0|TAMS 0x0000000084b00000, 0x0000000084b00000|
|   4|0x0000000084c00000, 0x0000000084c00000, 0x0000000084d00000|  0%| F|  |TS  0|AC  0|TAMS 0x0000000084c00000, 0x0000000084c00000|
|   5|0x0000000084d00000, 0x0000000084d00000, 0x0000000084e00000|  0%| F|  |TS  0|AC  0|TAMS 0x0000000084d00000, 0x0000000084d00000|
|   6|0x0000000084e00000, 0x0000000084e00000, 0x0000000084f00000|  0%| F|  |TS  0|AC  0|TAMS 0x0000000084e00000, 0x0000000084e00000|
|   7|0x0000000084f00000, 0x0000000084f00000, 0x0000000085000000|  0%| F|  |TS  0|AC  0|TAMS 0x0000000084f00000, 0x0000000084f00000|
|   8|0x0000000085000000, 0x0000000085000000, 0x0000000085100000|  0%| F|  |TS  0|AC  0|TAMS 0x0000000085000000, 0x0000000085000000|
|   9|0x0000000085100000, 0x0000000085100000, 0x0000000085200000|  0%| F|  |TS  0|AC  0|TAMS 0x0000000085100000, 0x0000000085100000|
|  10|0x0000000085200000, 0x0000000085200000, 0x0000000085300000|  0%| F|  |TS  0|AC  0|TAMS 0x0000000085200000, 0x0000000085200000|
|  11|0x0000000085300000, 0x0000000085300000, 0x0000000085400000|  0%| F|  |TS  0|AC  0|TAMS 0x0000000085300000, 0x0000000085300000|
|  12|0x0000000085400000, 0x0000000085400000, 0x0000000085500000|  0%| F|  |TS  0|AC  0|TAMS 0x0000000085400000, 0x0000000085400000|
|  13|0x0000000085500000, 0x0000000085500000, 0x0000000085600000|  0%| F|  |TS  0|AC  0|TAMS 0x0000000085500000, 0x0000000085500000|
|  14|0x0000000085600000, 0x0000000085600000, 0x0000000085700000|  0%| F|  |TS  0|AC  0|TAMS 0x0000000085600000, 0x0000000085600000|
|  15|0x0000000085700000, 0x0000000085700000, 0x0000000085800000|  0%| F|  |TS  0|AC  0|TAMS 0x0000000085700000, 0x0000000085700000|
|  16|0x0000000085800000, 0x0000000085800000, 0x0000000085900000|  0%| F|  |TS  0|AC  0|TAMS 0x0000000085800000, 0x0000000085800000|
|  17|0x0000000085900000, 0x0000000085900000, 0x0000000085a00000|  0%| F|  |TS  0|AC  0|TAMS 0x0000000085900000, 0x0000000085900000|
|  18|0x0000000085a00000, 0x0000000085a00000, 0x0000000085b00000|  0%| F|  |TS  0|AC  0|TAMS 0x0000000085a00000, 0x0000000085a00000|
|  19|0x0000000085b00000, 0x0000000085b00000, 0x0000000085c00000|  0%| F|  |TS  0|AC  0|TAMS 0x0000000085b00000, 0x0000000085b00000|
|  20|0x0000000085c00000, 0x0000000085c00000, 0x0000000085d00000|  0%| F|  |TS  0|AC  0|TAMS 0x0000000085c00000, 0x0000000085c00000|
|  21|0x0000000085d00000, 0x0000000085d00000, 0x0000000085e00000|  0%| F|  |TS  0|AC  0|TAMS 0x0000000085d00000, 0x0000000085d00000|
|  22|0x0000000085e00000, 0x0000000085e00000, 0x0000000085f00000|  0%| F|  |TS  0|AC  0|TAMS 0x0000000085e00000, 0x0000000085e00000|
|  23|0x0000000085f00000, 0x0000000085f00000, 0x0000000086000000|  0%| F|  |TS  0|AC  0|TAMS 0x0000000085f00000, 0x0000000085f00000|
|  24|0x0000000086000000, 0x0000000086000000, 0x0000000086100000|  0%| F|  |TS  0|AC  0|TAMS 0x0000000086000000, 0x0000000086000000|
|  25|0x0000000086100000, 0x0000000086100000, 0x0000000086200000|  0%| F|  |TS  0|AC  0|TAMS 0x0000000086100000, 0x0000000086100000|
|  26|0x0000000086200000, 0x0000000086200000, 0x0000000086300000|  0%| F|  |TS  0|AC  0|TAMS 0x0000000086200000, 0x0000000086200000|
|  27|0x0000000086300000, 0x0000000086300000, 0x0000000086400000|  0%| F|  |TS  0|AC  0|TAMS 0x0000000086300000, 0x0000000086300000|
|  28|0x0000000086400000, 0x0000000086400000, 0x0000000086500000|  0%| F|  |TS  0|AC  0|TAMS 0x0000000086400000, 0x0000000086400000|
|  29|0x0000000086500000, 0x0000000086500000, 0x0000000086600000|  0%| F|  |TS  0|AC  0|TAMS 0x0000000086500000, 0x0000000086500000|
|  30|0x0000000086600000, 0x0000000086600000, 0x0000000086700000|  0%| F|  |TS  0|AC  0|TAMS 0x0000000086600000, 0x0000000086600000|
|  31|0x0000000086700000, 0x0000000086700000, 0x0000000086800000|  0%| F|  |TS  0|AC  0|TAMS 0x0000000086700000, 0x0000000086700000|
|  32|0x0000000086800000, 0x0000000086800000, 0x0000000086900000|  0%| F|  |TS  0|AC  0|TAMS 0x0000000086800000, 0x0000000086800000|
|  33|0x0000000086900000, 0x0000000086900000, 0x0000000086a00000|  0%| F|  |TS  0|AC  0|TAMS 0x0000000086900000, 0x0000000086900000|
|  34|0x0000000086a00000, 0x0000000086a00000, 0x0000000086b00000|  0%| F|  |TS  0|AC  0|TAMS 0x0000000086a00000, 0x0000000086a00000|
|  35|0x0000000086b00000, 0x0000000086b00000, 0x0000000086c00000|  0%| F|  |TS  0|AC  0|TAMS 0x0000000086b00000, 0x0000000086b00000|
|  36|0x0000000086c00000, 0x0000000086c00000, 0x0000000086d00000|  0%| F|  |TS  0|AC  0|TAMS 0x0000000086c00000, 0x0000000086c00000|
|  37|0x0000000086d00000, 0x0000000086d00000, 0x0000000086e00000|  0%| F|  |TS  0|AC  0|TAMS 0x0000000086d00000, 0x0000000086d00000|
|  38|0x0000000086e00000, 0x0000000086e00000, 0x0000000086f00000|  0%| F|  |TS  0|AC  0|TAMS 0x0000000086e00000, 0x0000000086e00000|
|  39|0x0000000086f00000, 0x0000000086f00000, 0x0000000087000000|  0%| F|  |TS  0|AC  0|TAMS 0x0000000086f00000, 0x0000000086f00000|
|  40|0x0000000087000000, 0x0000000087000000, 0x0000000087100000|  0%| F|  |TS  0|AC  0|TAMS 0x0000000087000000, 0x0000000087000000|
|  41|0x0000000087100000, 0x0000000087100000, 0x0000000087200000|  0%| F|  |TS  0|AC  0|TAMS 0x0000000087100000, 0x0000000087100000|
|  42|0x0000000087200000, 0x0000000087200000, 0x0000000087300000|  0%| F|  |TS  0|AC  0|TAMS 0x0000000087200000, 0x0000000087200000|
|  43|0x0000000087300000, 0x0000000087300000, 0x0000000087400000|  0%| F|  |TS  0|AC  0|TAMS 0x0000000087300000, 0x0000000087300000|
|  44|0x0000000087400000, 0x0000000087400000, 0x0000000087500000|  0%| F|  |TS  0|AC  0|TAMS 0x0000000087400000, 0x0000000087400000|
|  45|0x0000000087500000, 0x0000000087500000, 0x0000000087600000|  0%| F|  |TS  0|AC  0|TAMS 0x0000000087500000, 0x0000000087500000|
|  46|0x0000000087600000, 0x0000000087600000, 0x0000000087700000|  0%| F|  |TS  0|AC  0|TAMS 0x0000000087600000, 0x0000000087600000|
|  47|0x0000000087700000, 0x0000000087700000, 0x0000000087800000|  0%| F|  |TS  0|AC  0|TAMS 0x0000000087700000, 0x0000000087700000|
|  48|0x0000000087800000, 0x0000000087800000, 0x0000000087900000|  0%| F|  |TS  0|AC  0|TAMS 0x0000000087800000, 0x0000000087800000|
|  49|0x0000000087900000, 0x0000000087900000, 0x0000000087a00000|  0%| F|  |TS  0|AC  0|TAMS 0x0000000087900000, 0x0000000087900000|
|  50|0x0000000087a00000, 0x0000000087a00000, 0x0000000087b00000|  0%| F|  |TS  0|AC  0|TAMS 0x0000000087a00000, 0x0000000087a00000|
|  51|0x0000000087b00000, 0x0000000087b00000, 0x0000000087c00000|  0%| F|  |TS  0|AC  0|TAMS 0x0000000087b00000, 0x0000000087b00000|
|  52|0x0000000087c00000, 0x0000000087c00000, 0x0000000087d00000|  0%| F|  |TS  0|AC  0|TAMS 0x0000000087c00000, 0x0000000087c00000|
|  53|0x0000000087d00000, 0x0000000087d00000, 0x0000000087e00000|  0%| F|  |TS  0|AC  0|TAMS 0x0000000087d00000, 0x0000000087d00000|
|  54|0x0000000087e00000, 0x0000000087e00000, 0x0000000087f00000|  0%| F|  |TS  0|AC  0|TAMS 0x0000000087e00000, 0x0000000087e00000|
|  55|0x0000000087f00000, 0x0000000087f00000, 0x0000000088000000|  0%| F|  |TS  0|AC  0|TAMS 0x0000000087f00000, 0x0000000087f00000|
|  56|0x0000000088000000, 0x0000000088000000, 0x0000000088100000|  0%| F|  |TS  0|AC  0|TAMS 0x0000000088000000, 0x0000000088000000|
|  57|0x0000000088100000, 0x0000000088100000, 0x0000000088200000|  0%| F|  |TS  0|AC  0|TAMS 0x0000000088100000, 0x0000000088100000|
|  58|0x0000000088200000, 0x0000000088200000, 0x0000000088300000|  0%| F|  |TS  0|AC  0|TAMS 0x0000000088200000, 0x0000000088200000|
|  59|0x0000000088300000, 0x0000000088300000, 0x0000000088400000|  0%| F|  |TS  0|AC  0|TAMS 0x0000000088300000, 0x0000000088300000|
|  60|0x0000000088400000, 0x0000000088400000, 0x0000000088500000|  0%| F|  |TS  0|AC  0|TAMS 0x0000000088400000, 0x0000000088400000|
|  61|0x0000000088500000, 0x0000000088500000, 0x0000000088600000|  0%| F|  |TS  0|AC  0|TAMS 0x0000000088500000, 0x0000000088500000|
|  62|0x0000000088600000, 0x0000000088600000, 0x0000000088700000|  0%| F|  |TS  0|AC  0|TAMS 0x0000000088600000, 0x0000000088600000|
|  63|0x0000000088700000, 0x0000000088700000, 0x0000000088800000|  0%| F|  |TS  0|AC  0|TAMS 0x0000000088700000, 0x0000000088700000|
|  64|0x0000000088800000, 0x0000000088800000, 0x0000000088900000|  0%| F|  |TS  0|AC  0|TAMS 0x0000000088800000, 0x0000000088800000|
|  65|0x0000000088900000, 0x0000000088900000, 0x0000000088a00000|  0%| F|  |TS  0|AC  0|TAMS 0x0000000088900000, 0x0000000088900000|
|  66|0x0000000088a00000, 0x0000000088a00000, 0x0000000088b00000|  0%| F|  |TS  0|AC  0|TAMS 0x0000000088a00000, 0x0000000088a00000|
|  67|0x0000000088b00000, 0x0000000088b00000, 0x0000000088c00000|  0%| F|  |TS  0|AC  0|TAMS 0x0000000088b00000, 0x0000000088b00000|
|  68|0x0000000088c00000, 0x0000000088c00000, 0x0000000088d00000|  0%| F|  |TS  0|AC  0|TAMS 0x0000000088c00000, 0x0000000088c00000|
|  69|0x0000000088d00000, 0x0000000088d00000, 0x0000000088e00000|  0%| F|  |TS  0|AC  0|TAMS 0x0000000088d00000, 0x0000000088d00000|
|  70|0x0000000088e00000, 0x0000000088e00000, 0x0000000088f00000|  0%| F|  |TS  0|AC  0|TAMS 0x0000000088e00000, 0x0000000088e00000|
|  71|0x0000000088f00000, 0x0000000088f00000, 0x0000000089000000|  0%| F|  |TS  0|AC  0|TAMS 0x0000000088f00000, 0x0000000088f00000|
|  72|0x0000000089000000, 0x0000000089000000, 0x0000000089100000|  0%| F|  |TS  0|AC  0|TAMS 0x0000000089000000, 0x0000000089000000|
|  73|0x0000000089100000, 0x0000000089100000, 0x0000000089200000|  0%| F|  |TS  0|AC  0|TAMS 0x0000000089100000, 0x0000000089100000|
|  74|0x0000000089200000, 0x0000000089200000, 0x0000000089300000|  0%| F|  |TS  0|AC  0|TAMS 0x0000000089200000, 0x0000000089200000|
|  75|0x0000000089300000, 0x0000000089300000, 0x0000000089400000|  0%| F|  |TS  0|AC  0|TAMS 0x0000000089300000, 0x0000000089300000|
|  76|0x0000000089400000, 0x0000000089400000, 0x0000000089500000|  0%| F|  |TS  0|AC  0|TAMS 0x0000000089400000, 0x0000000089400000|
|  77|0x0000000089500000, 0x0000000089500000, 0x0000000089600000|  0%| F|  |TS  0|AC  0|TAMS 0x0000000089500000, 0x0000000089500000|
|  78|0x0000000089600000, 0x0000000089600000, 0x0000000089700000|  0%| F|  |TS  0|AC  0|TAMS 0x0000000089600000, 0x0000000089600000|
|  79|0x0000000089700000, 0x0000000089700000, 0x0000000089800000|  0%| F|  |TS  0|AC  0|TAMS 0x0000000089700000, 0x0000000089700000|
|  80|0x0000000089800000, 0x0000000089800000, 0x0000000089900000|  0%| F|  |TS  0|AC  0|TAMS 0x0000000089800000, 0x0000000089800000|
|  81|0x0000000089900000, 0x0000000089900000, 0x0000000089a00000|  0%| F|  |TS  0|AC  0|TAMS 0x0000000089900000, 0x0000000089900000|
|  82|0x0000000089a00000, 0x0000000089a00000, 0x0000000089b00000|  0%| F|  |TS  0|AC  0|TAMS 0x0000000089a00000, 0x0000000089a00000|
|  83|0x0000000089b00000, 0x0000000089b00000, 0x0000000089c00000|  0%| F|  |TS  0|AC  0|TAMS 0x0000000089b00000, 0x0000000089b00000|
|  84|0x0000000089c00000, 0x0000000089c00000, 0x0000000089d00000|  0%| F|  |TS  0|AC  0|TAMS 0x0000000089c00000, 0x0000000089c00000|
|  85|0x0000000089d00000, 0x0000000089d00000, 0x0000000089e00000|  0%| F|  |TS  0|AC  0|TAMS 0x0000000089d00000, 0x0000000089d00000|
|  86|0x0000000089e00000, 0x0000000089e00000, 0x0000000089f00000|  0%| F|  |TS  0|AC  0|TAMS 0x0000000089e00000, 0x0000000089e00000|
|  87|0x0000000089f00000, 0x0000000089f00000, 0x000000008a000000|  0%| F|  |TS  0|AC  0|TAMS 0x0000000089f00000, 0x0000000089f00000|
|  88|0x000000008a000000, 0x000000008a000000, 0x000000008a100000|  0%| F|  |TS  0|AC  0|TAMS 0x000000008a000000, 0x000000008a000000|
|  89|0x000000008a100000, 0x000000008a100000, 0x000000008a200000|  0%| F|  |TS  0|AC  0|TAMS 0x000000008a100000, 0x000000008a100000|
|  90|0x000000008a200000, 0x000000008a200000, 0x000000008a300000|  0%| F|  |TS  0|AC  0|TAMS 0x000000008a200000, 0x000000008a200000|
|  91|0x000000008a300000, 0x000000008a300000, 0x000000008a400000|  0%| F|  |TS  0|AC  0|TAMS 0x000000008a300000, 0x000000008a300000|
|  92|0x000000008a400000, 0x000000008a400000, 0x000000008a500000|  0%| F|  |TS  0|AC  0|TAMS 0x000000008a400000, 0x000000008a400000|
|  93|0x000000008a500000, 0x000000008a500000, 0x000000008a600000|  0%| F|  |TS  0|AC  0|TAMS 0x000000008a500000, 0x000000008a500000|
|  94|0x000000008a600000, 0x000000008a600000, 0x000000008a700000|  0%| F|  |TS  0|AC  0|TAMS 0x000000008a600000, 0x000000008a600000|
|  95|0x000000008a700000, 0x000000008a700000, 0x000000008a800000|  0%| F|  |TS  0|AC  0|TAMS 0x000000008a700000, 0x000000008a700000|
|  96|0x000000008a800000, 0x000000008a800000, 0x000000008a900000|  0%| F|  |TS  0|AC  0|TAMS 0x000000008a800000, 0x000000008a800000|
|  97|0x000000008a900000, 0x000000008a900000, 0x000000008aa00000|  0%| F|  |TS  0|AC  0|TAMS 0x000000008a900000, 0x000000008a900000|
|  98|0x000000008aa00000, 0x000000008aa00000, 0x000000008ab00000|  0%| F|  |TS  0|AC  0|TAMS 0x000000008aa00000, 0x000000008aa00000|
|  99|0x000000008ab00000, 0x000000008ab00000, 0x000000008ac00000|  0%| F|  |TS  0|AC  0|TAMS 0x000000008ab00000, 0x000000008ab00000|
| 100|0x000000008ac00000, 0x000000008ac00000, 0x000000008ad00000|  0%| F|  |TS  0|AC  0|TAMS 0x000000008ac00000, 0x000000008ac00000|
| 101|0x000000008ad00000, 0x000000008ad00000, 0x000000008ae00000|  0%| F|  |TS  0|AC  0|TAMS 0x000000008ad00000, 0x000000008ad00000|
| 102|0x000000008ae00000, 0x000000008ae00000, 0x000000008af00000|  0%| F|  |TS  0|AC  0|TAMS 0x000000008ae00000, 0x000000008ae00000|
| 103|0x000000008af00000, 0x000000008af00000, 0x000000008b000000|  0%| F|  |TS  0|AC  0|TAMS 0x000000008af00000, 0x000000008af00000|
| 104|0x000000008b000000, 0x000000008b000000, 0x000000008b100000|  0%| F|  |TS  0|AC  0|TAMS 0x000000008b000000, 0x000000008b000000|
| 105|0x000000008b100000, 0x000000008b100000, 0x000000008b200000|  0%| F|  |TS  0|AC  0|TAMS 0x000000008b100000, 0x000000008b100000|
| 106|0x000000008b200000, 0x000000008b200000, 0x000000008b300000|  0%| F|  |TS  0|AC  0|TAMS 0x000000008b200000, 0x000000008b200000|
| 107|0x000000008b300000, 0x000000008b300000, 0x000000008b400000|  0%| F|  |TS  0|AC  0|TAMS 0x000000008b300000, 0x000000008b300000|
| 108|0x000000008b400000, 0x000000008b400000, 0x000000008b500000|  0%| F|  |TS  0|AC  0|TAMS 0x000000008b400000, 0x000000008b400000|
| 109|0x000000008b500000, 0x000000008b500000, 0x000000008b600000|  0%| F|  |TS  0|AC  0|TAMS 0x000000008b500000, 0x000000008b500000|
| 110|0x000000008b600000, 0x000000008b600000, 0x000000008b700000|  0%| F|  |TS  0|AC  0|TAMS 0x000000008b600000, 0x000000008b600000|
| 111|0x000000008b700000, 0x000000008b700000, 0x000000008b800000|  0%| F|  |TS  0|AC  0|TAMS 0x000000008b700000, 0x000000008b700000|
| 112|0x000000008b800000, 0x000000008b800000, 0x000000008b900000|  0%| F|  |TS  0|AC  0|TAMS 0x000000008b800000, 0x000000008b800000|
| 113|0x000000008b900000, 0x000000008b900000, 0x000000008ba00000|  0%| F|  |TS  0|AC  0|TAMS 0x000000008b900000, 0x000000008b900000|
| 114|0x000000008ba00000, 0x000000008ba00000, 0x000000008bb00000|  0%| F|  |TS  0|AC  0|TAMS 0x000000008ba00000, 0x000000008ba00000|
| 115|0x000000008bb00000, 0x000000008bb00000, 0x000000008bc00000|  0%| F|  |TS  0|AC  0|TAMS 0x000000008bb00000, 0x000000008bb00000|
| 116|0x000000008bc00000, 0x000000008bc00000, 0x000000008bd00000|  0%| F|  |TS  0|AC  0|TAMS 0x000000008bc00000, 0x000000008bc00000|
| 117|0x000000008bd00000, 0x000000008bd00000, 0x000000008be00000|  0%| F|  |TS  0|AC  0|TAMS 0x000000008bd00000, 0x000000008bd00000|
| 118|0x000000008be00000, 0x000000008be00000, 0x000000008bf00000|  0%| F|  |TS  0|AC  0|TAMS 0x000000008be00000, 0x000000008be00000|
| 119|0x000000008bf00000, 0x000000008bf00000, 0x000000008c000000|  0%| F|  |TS  0|AC  0|TAMS 0x000000008bf00000, 0x000000008bf00000|
| 120|0x000000008c000000, 0x000000008c000000, 0x000000008c100000|  0%| F|  |TS  0|AC  0|TAMS 0x000000008c000000, 0x000000008c000000|
| 121|0x000000008c100000, 0x000000008c1901a0, 0x000000008c200000| 56%| E|  |TS  0|AC  0|TAMS 0x000000008c100000, 0x000000008c100000|
| 122|0x000000008c200000, 0x000000008c300000, 0x000000008c300000|100%| E|CS|TS  0|AC  0|TAMS 0x000000008c200000, 0x000000008c200000|
| 123|0x000000008c300000, 0x000000008c400000, 0x000000008c400000|100%| E|CS|TS  0|AC  0|TAMS 0x000000008c300000, 0x000000008c300000|

Card table byte_map: [0x00007fc419902000,0x00007fc419cde000] byte_map_base: 0x00007fc4194de000

Marking Bits (Prev, Next): (CMBitMap*) 0x00007fc43405c3e0, (CMBitMap*) 0x00007fc43405c418
 Prev Bits: [0x00007fc3f2120000, 0x00007fc3f4000000)
 Next Bits: [0x00007fc3f0240000, 0x00007fc3f2120000)

Polling page: 0x00007fc43cfef000

CodeHeap 'non-profiled nmethods': size=120032Kb used=86Kb max_used=86Kb free=119945Kb
 bounds [0x00007fc4217a6000, 0x00007fc421a16000, 0x00007fc428cde000]
CodeHeap 'profiled nmethods': size=120032Kb used=399Kb max_used=399Kb free=119632Kb
 bounds [0x00007fc41a26e000, 0x00007fc41a4de000, 0x00007fc4217a6000]
CodeHeap 'non-nmethods': size=5696Kb used=1170Kb max_used=1181Kb free=4525Kb
 bounds [0x00007fc419cde000, 0x00007fc419f4e000, 0x00007fc41a26e000]
 total_blobs=681 nmethods=301 adapters=222
 compilation: enabled

Compilation events (10 events):
Event: 0.254 Thread 0x00007fc434161800 nmethod 297 0x00007fc41a2cc290 code [0x00007fc41a2cc640, 0x00007fc41a2ce788]
Event: 0.254 Thread 0x00007fc434161800  289       3       jdk.internal.org.objectweb.asm.ClassWriter::newUTF8 (70 bytes)
Event: 0.254 Thread 0x00007fc434161800 nmethod 289 0x00007fc41a2cef90 code [0x00007fc41a2cf1a0, 0x00007fc41a2cf5b8]
Event: 0.255 Thread 0x00007fc434161800  288       3       java.lang.invoke.MethodType::equals (29 bytes)
Event: 0.255 Thread 0x00007fc434161800 nmethod 288 0x00007fc41a2cf790 code [0x00007fc41a2cf960, 0x00007fc41a2cfe88]
Event: 0.255 Thread 0x00007fc434161800  296       3       java.lang.invoke.LambdaForm$Name::isParam (13 bytes)
Event: 0.255 Thread 0x00007fc434161800 nmethod 296 0x00007fc41a2cff90 code [0x00007fc41a2d0140, 0x00007fc41a2d02f0]
Event: 0.255 Thread 0x00007fc434161800  290       3       java.lang.invoke.MethodType::equals (31 bytes)
Event: 0.255 Thread 0x00007fc434161800 nmethod 290 0x00007fc41a2d0390 code [0x00007fc41a2d0540, 0x00007fc41a2d0768]
Event: 0.255 Thread 0x00007fc434161800  294       3       jdk.internal.org.objectweb.asm.MethodWriter::visitVarInsn (292 bytes)

GC Heap History (0 events):
No events

Deoptimization events (1 events):
Event: 0.077 Thread 0x00007fc434012800 Uncommon trap: reason=unstable_if action=reinterpret pc=0x00007fc4217aea28 method=java.lang.StringLatin1.replace([BCC)Ljava/lang/String; @ 19

Classes redefined (0 events):
No events

Internal exceptions (0 events):
No events

Events (10 events):
Event: 0.240 loading class java/lang/invoke/MethodHandles$1
Event: 0.240 loading class java/lang/invoke/MethodHandles$1 done
Event: 0.240 loading class java/lang/invoke/BoundMethodHandle$Species_L6I
Event: 0.240 loading class java/lang/invoke/BoundMethodHandle$Species_L6I done
Event: 0.241 loading class sun/invoke/util/ValueConversions$WrapperCache
Event: 0.241 loading class sun/invoke/util/ValueConversions$WrapperCache done
Event: 0.242 loading class java/lang/invoke/BoundMethodHandle$Species_L6II
Event: 0.242 loading class java/lang/invoke/BoundMethodHandle$Species_L6II done
Event: 0.253 loading class java/lang/invoke/BoundMethodHandle$Species_L6IIL
Event: 0.253 loading class java/lang/invoke/BoundMethodHandle$Species_L6IIL done


Dynamic libraries:
00400000-00401000 r-xp 00000000 08:07 8523896                            /usr/lib/jvm/java-9-oracle/bin/java
00600000-00601000 rw-p 00000000 08:07 8523896                            /usr/lib/jvm/java-9-oracle/bin/java
01530000-01551000 rw-p 00000000 00:00 0                                  [heap]
84800000-8c400000 rw-p 00000000 00:00 0 
8c400000-100000000 ---p 00000000 00:00 0 
100000000-100080000 rw-p 00000000 00:00 0 
100080000-140000000 ---p 00000000 00:00 0 
7fc3b8000000-7fc3b8021000 rw-p 00000000 00:00 0 
7fc3b8021000-7fc3bc000000 ---p 00000000 00:00 0 
7fc3bc000000-7fc3bc021000 rw-p 00000000 00:00 0 
7fc3bc021000-7fc3c0000000 ---p 00000000 00:00 0 
7fc3c0000000-7fc3c0021000 rw-p 00000000 00:00 0 
7fc3c0021000-7fc3c4000000 ---p 00000000 00:00 0 
7fc3c4000000-7fc3c4021000 rw-p 00000000 00:00 0 
7fc3c4021000-7fc3c8000000 ---p 00000000 00:00 0 
7fc3c8000000-7fc3c80cb000 rw-p 00000000 00:00 0 
7fc3c80cb000-7fc3cc000000 ---p 00000000 00:00 0 
7fc3cc000000-7fc3cc15d000 rw-p 00000000 00:00 0 
7fc3cc15d000-7fc3d0000000 ---p 00000000 00:00 0 
7fc3d0000000-7fc3d0021000 rw-p 00000000 00:00 0 
7fc3d0021000-7fc3d4000000 ---p 00000000 00:00 0 
7fc3d4000000-7fc3d414c000 rw-p 00000000 00:00 0 
7fc3d414c000-7fc3d8000000 ---p 00000000 00:00 0 
7fc3d8000000-7fc3d8021000 rw-p 00000000 00:00 0 
7fc3d8021000-7fc3dc000000 ---p 00000000 00:00 0 
7fc3dc000000-7fc3dc021000 rw-p 00000000 00:00 0 
7fc3dc021000-7fc3e0000000 ---p 00000000 00:00 0 
7fc3e0000000-7fc3e0021000 rw-p 00000000 00:00 0 
7fc3e0021000-7fc3e4000000 ---p 00000000 00:00 0 
7fc3e4000000-7fc3e4021000 rw-p 00000000 00:00 0 
7fc3e4021000-7fc3e8000000 ---p 00000000 00:00 0 
7fc3e8c4b000-7fc3e8f75000 rw-p 00000000 00:00 0 
7fc3e8f75000-7fc3e8fb3000 r-xp 00000000 08:07 8135357                    /usr/lib/x86_64-linux-gnu/libpcap.so.1.7.4
7fc3e8fb3000-7fc3e91b3000 ---p 0003e000 08:07 8135357                    /usr/lib/x86_64-linux-gnu/libpcap.so.1.7.4
7fc3e91b3000-7fc3e91b5000 r--p 0003e000 08:07 8135357                    /usr/lib/x86_64-linux-gnu/libpcap.so.1.7.4
7fc3e91b5000-7fc3e91b6000 rw-p 00040000 08:07 8135357                    /usr/lib/x86_64-linux-gnu/libpcap.so.1.7.4
7fc3e91b6000-7fc3e91b7000 rw-p 00000000 00:00 0 
7fc3e91b7000-7fc3e91cd000 r-xp 00000000 08:07 8139177                    /usr/lib/x86_64-linux-gnu/libnet.so.1.7.0
7fc3e91cd000-7fc3e93cc000 ---p 00016000 08:07 8139177                    /usr/lib/x86_64-linux-gnu/libnet.so.1.7.0
7fc3e93cc000-7fc3e93cd000 r--p 00015000 08:07 8139177                    /usr/lib/x86_64-linux-gnu/libnet.so.1.7.0
7fc3e93cd000-7fc3e93ce000 rw-p 00016000 08:07 8139177                    /usr/lib/x86_64-linux-gnu/libnet.so.1.7.0
7fc3e93ce000-7fc3e93d0000 rw-p 00000000 00:00 0 
7fc3e93d0000-7fc3e93d2000 r-xp 00000000 08:07 14030299                   /home/bruce/Desktop/project1/ns/adapter_demo/adapter_demo/libsimplepacketdriver_x64.so
7fc3e93d2000-7fc3e95d1000 ---p 00002000 08:07 14030299                   /home/bruce/Desktop/project1/ns/adapter_demo/adapter_demo/libsimplepacketdriver_x64.so
7fc3e95d1000-7fc3e95d2000 r--p 00001000 08:07 14030299                   /home/bruce/Desktop/project1/ns/adapter_demo/adapter_demo/libsimplepacketdriver_x64.so
7fc3e95d2000-7fc3e95d3000 rw-p 00002000 08:07 14030299                   /home/bruce/Desktop/project1/ns/adapter_demo/adapter_demo/libsimplepacketdriver_x64.so
7fc3e95d3000-7fc3e95d4000 ---p 00000000 00:00 0 
7fc3e95d4000-7fc3e96d4000 rw-p 00000000 00:00 0 
7fc3e96d4000-7fc3e96d8000 ---p 00000000 00:00 0 
7fc3e96d8000-7fc3e97d5000 rw-p 00000000 00:00 0 
7fc3e97d5000-7fc3e97d9000 ---p 00000000 00:00 0 
7fc3e97d9000-7fc3e98d6000 rw-p 00000000 00:00 0 
7fc3e98d6000-7fc3e98ec000 r-xp 00000000 08:07 8523984                    /usr/lib/jvm/java-9-oracle/lib/libnet.so
7fc3e98ec000-7fc3e9aeb000 ---p 00016000 08:07 8523984                    /usr/lib/jvm/java-9-oracle/lib/libnet.so
7fc3e9aeb000-7fc3e9aec000 rw-p 00015000 08:07 8523984                    /usr/lib/jvm/java-9-oracle/lib/libnet.so
7fc3e9aec000-7fc3e9afc000 r-xp 00000000 08:07 8524022                    /usr/lib/jvm/java-9-oracle/lib/libnio.so
7fc3e9afc000-7fc3e9cfc000 ---p 00010000 08:07 8524022                    /usr/lib/jvm/java-9-oracle/lib/libnio.so
7fc3e9cfc000-7fc3e9cfd000 rw-p 00010000 08:07 8524022                    /usr/lib/jvm/java-9-oracle/lib/libnio.so
7fc3e9cfd000-7fc3e9d01000 ---p 00000000 00:00 0 
7fc3e9d01000-7fc3e9dfe000 rw-p 00000000 00:00 0 
7fc3e9dfe000-7fc3e9e02000 ---p 00000000 00:00 0 
7fc3e9e02000-7fc3e9eff000 rw-p 00000000 00:00 0 
7fc3e9eff000-7fc3e9f03000 ---p 00000000 00:00 0 
7fc3e9f03000-7fc3ea000000 rw-p 00000000 00:00 0 
7fc3ea000000-7fc3ec000000 rwxp 00000000 00:00 0 
7fc3ec000000-7fc3ec021000 rw-p 00000000 00:00 0 
7fc3ec021000-7fc3f0000000 ---p 00000000 00:00 0 
7fc3f003e000-7fc3f0042000 ---p 00000000 00:00 0 
7fc3f0042000-7fc3f013f000 rw-p 00000000 00:00 0 
7fc3f013f000-7fc3f0143000 ---p 00000000 00:00 0 
7fc3f0143000-7fc3f0430000 rw-p 00000000 00:00 0 
7fc3f0430000-7fc3f2120000 ---p 00000000 00:00 0 
7fc3f2120000-7fc3f2310000 rw-p 00000000 00:00 0 
7fc3f2310000-7fc3f4000000 ---p 00000000 00:00 0 
7fc3f4000000-7fc3f4021000 rw-p 00000000 00:00 0 
7fc3f4021000-7fc3f8000000 ---p 00000000 00:00 0 
7fc3f8000000-7fc3f8021000 rw-p 00000000 00:00 0 
7fc3f8021000-7fc3fc000000 ---p 00000000 00:00 0 
7fc3fc000000-7fc3fc021000 rw-p 00000000 00:00 0 
7fc3fc021000-7fc400000000 ---p 00000000 00:00 0 
7fc400000000-7fc400021000 rw-p 00000000 00:00 0 
7fc400021000-7fc404000000 ---p 00000000 00:00 0 
7fc404000000-7fc404021000 rw-p 00000000 00:00 0 
7fc404021000-7fc408000000 ---p 00000000 00:00 0 
7fc408000000-7fc408021000 rw-p 00000000 00:00 0 
7fc408021000-7fc40c000000 ---p 00000000 00:00 0 
7fc40c000000-7fc40c021000 rw-p 00000000 00:00 0 
7fc40c021000-7fc410000000 ---p 00000000 00:00 0 
7fc410000000-7fc410021000 rw-p 00000000 00:00 0 
7fc410021000-7fc414000000 ---p 00000000 00:00 0 
7fc414000000-7fc414021000 rw-p 00000000 00:00 0 
7fc414021000-7fc418000000 ---p 00000000 00:00 0 
7fc41806a000-7fc41809b000 rw-p 00000000 00:00 0 
7fc41809b000-7fc418526000 r--p 00000000 08:07 8127381                    /usr/lib/locale/locale-archive
7fc418526000-7fc41852a000 ---p 00000000 00:00 0 
7fc41852a000-7fc418627000 rw-p 00000000 00:00 0 
7fc418627000-7fc41862b000 ---p 00000000 00:00 0 
7fc41862b000-7fc418728000 rw-p 00000000 00:00 0 
7fc418728000-7fc418729000 ---p 00000000 00:00 0 
7fc418729000-7fc418e22000 rw-p 00000000 00:00 0 
7fc418e22000-7fc419122000 ---p 00000000 00:00 0 
7fc419122000-7fc419564000 rw-p 00000000 00:00 0 
7fc419564000-7fc419902000 ---p 00000000 00:00 0 
7fc419902000-7fc419940000 rw-p 00000000 00:00 0 
7fc419940000-7fc419cde000 ---p 00000000 00:00 0 
7fc419cde000-7fc419f4e000 rwxp 00000000 00:00 0 
7fc419f4e000-7fc41a26e000 ---p 00000000 00:00 0 
7fc41a26e000-7fc41a4de000 rwxp 00000000 00:00 0 
7fc41a4de000-7fc4217a6000 ---p 00000000 00:00 0 
7fc4217a6000-7fc421a16000 rwxp 00000000 00:00 0 
7fc421a16000-7fc428cde000 ---p 00000000 00:00 0 
7fc428cde000-7fc434000000 r--s 00000000 08:07 8523942                    /usr/lib/jvm/java-9-oracle/lib/modules
7fc434000000-7fc4342a7000 rw-p 00000000 00:00 0 
7fc4342a7000-7fc438000000 ---p 00000000 00:00 0 
7fc43800a000-7fc43800b000 ---p 00000000 00:00 0 
7fc43800b000-7fc43810b000 rw-p 00000000 00:00 0 
7fc43810b000-7fc43810c000 ---p 00000000 00:00 0 
7fc43810c000-7fc43820c000 rw-p 00000000 00:00 0 
7fc43820c000-7fc4385e8000 ---p 00000000 00:00 0 
7fc4385e8000-7fc438626000 rw-p 00000000 00:00 0 
7fc438626000-7fc4389c4000 ---p 00000000 00:00 0 
7fc4389c4000-7fc4389c5000 ---p 00000000 00:00 0 
7fc4389c5000-7fc438ac5000 rw-p 00000000 00:00 0 
7fc438ac5000-7fc438ac6000 ---p 00000000 00:00 0 
7fc438ac6000-7fc438bc6000 rw-p 00000000 00:00 0 
7fc438bc6000-7fc438bc7000 ---p 00000000 00:00 0 
7fc438bc7000-7fc438cc7000 rw-p 00000000 00:00 0 
7fc438cc7000-7fc438cc8000 ---p 00000000 00:00 0 
7fc438cc8000-7fc438dc8000 rw-p 00000000 00:00 0 
7fc438dc8000-7fc438dc9000 ---p 00000000 00:00 0 
7fc438dc9000-7fc4392cd000 rw-p 00000000 00:00 0 
7fc4392cd000-7fc4392ce000 ---p 00000000 00:00 0 
7fc4392ce000-7fc4393ce000 rw-p 00000000 00:00 0 
7fc4393ce000-7fc4393cf000 ---p 00000000 00:00 0 
7fc4393cf000-7fc4394cf000 rw-p 00000000 00:00 0 
7fc4394cf000-7fc4394d0000 ---p 00000000 00:00 0 
7fc4394d0000-7fc4395d0000 rw-p 00000000 00:00 0 
7fc4395d0000-7fc4395d1000 ---p 00000000 00:00 0 
7fc4395d1000-7fc4396d6000 rw-p 00000000 00:00 0 
7fc4396d6000-7fc4397bc000 ---p 00000000 00:00 0 
7fc4397bc000-7fc4397c1000 rw-p 00000000 00:00 0 
7fc4397c1000-7fc4398a7000 ---p 00000000 00:00 0 
7fc4398a7000-7fc4398c1000 r-xp 00000000 08:07 8523964                    /usr/lib/jvm/java-9-oracle/lib/libjimage.so
7fc4398c1000-7fc439ac0000 ---p 0001a000 08:07 8523964                    /usr/lib/jvm/java-9-oracle/lib/libjimage.so
7fc439ac0000-7fc439ac2000 rw-p 00019000 08:07 8523964                    /usr/lib/jvm/java-9-oracle/lib/libjimage.so
7fc439ac2000-7fc439ad4000 rw-p 00000000 00:00 0 
7fc439ad4000-7fc439adb000 r-xp 00000000 08:07 8523976                    /usr/lib/jvm/java-9-oracle/lib/libzip.so
7fc439adb000-7fc439cda000 ---p 00007000 08:07 8523976                    /usr/lib/jvm/java-9-oracle/lib/libzip.so
7fc439cda000-7fc439cdb000 rw-p 00006000 08:07 8523976                    /usr/lib/jvm/java-9-oracle/lib/libzip.so
7fc439cdb000-7fc439ce6000 r-xp 00000000 08:07 9180675                    /lib/x86_64-linux-gnu/libnss_files-2.23.so
7fc439ce6000-7fc439ee5000 ---p 0000b000 08:07 9180675                    /lib/x86_64-linux-gnu/libnss_files-2.23.so
7fc439ee5000-7fc439ee6000 r--p 0000a000 08:07 9180675                    /lib/x86_64-linux-gnu/libnss_files-2.23.so
7fc439ee6000-7fc439ee7000 rw-p 0000b000 08:07 9180675                    /lib/x86_64-linux-gnu/libnss_files-2.23.so
7fc439ee7000-7fc439eed000 rw-p 00000000 00:00 0 
7fc439eed000-7fc439ef8000 r-xp 00000000 08:07 9180660                    /lib/x86_64-linux-gnu/libnss_nis-2.23.so
7fc439ef8000-7fc43a0f7000 ---p 0000b000 08:07 9180660                    /lib/x86_64-linux-gnu/libnss_nis-2.23.so
7fc43a0f7000-7fc43a0f8000 r--p 0000a000 08:07 9180660                    /lib/x86_64-linux-gnu/libnss_nis-2.23.so
7fc43a0f8000-7fc43a0f9000 rw-p 0000b000 08:07 9180660                    /lib/x86_64-linux-gnu/libnss_nis-2.23.so
7fc43a0f9000-7fc43a10f000 r-xp 00000000 08:07 9180671                    /lib/x86_64-linux-gnu/libnsl-2.23.so
7fc43a10f000-7fc43a30e000 ---p 00016000 08:07 9180671                    /lib/x86_64-linux-gnu/libnsl-2.23.so
7fc43a30e000-7fc43a30f000 r--p 00015000 08:07 9180671                    /lib/x86_64-linux-gnu/libnsl-2.23.so
7fc43a30f000-7fc43a310000 rw-p 00016000 08:07 9180671                    /lib/x86_64-linux-gnu/libnsl-2.23.so
7fc43a310000-7fc43a312000 rw-p 00000000 00:00 0 
7fc43a312000-7fc43a31a000 r-xp 00000000 08:07 9180672                    /lib/x86_64-linux-gnu/libnss_compat-2.23.so
7fc43a31a000-7fc43a519000 ---p 00008000 08:07 9180672                    /lib/x86_64-linux-gnu/libnss_compat-2.23.so
7fc43a519000-7fc43a51a000 r--p 00007000 08:07 9180672                    /lib/x86_64-linux-gnu/libnss_compat-2.23.so
7fc43a51a000-7fc43a51b000 rw-p 00008000 08:07 9180672                    /lib/x86_64-linux-gnu/libnss_compat-2.23.so
7fc43a51b000-7fc43a545000 r-xp 00000000 08:07 8523961                    /usr/lib/jvm/java-9-oracle/lib/libjava.so
7fc43a545000-7fc43a745000 ---p 0002a000 08:07 8523961                    /usr/lib/jvm/java-9-oracle/lib/libjava.so
7fc43a745000-7fc43a747000 rw-p 0002a000 08:07 8523961                    /usr/lib/jvm/java-9-oracle/lib/libjava.so
7fc43a747000-7fc43a754000 r-xp 00000000 08:07 8523985                    /usr/lib/jvm/java-9-oracle/lib/libverify.so
7fc43a754000-7fc43a953000 ---p 0000d000 08:07 8523985                    /usr/lib/jvm/java-9-oracle/lib/libverify.so
7fc43a953000-7fc43a955000 rw-p 0000c000 08:07 8523985                    /usr/lib/jvm/java-9-oracle/lib/libverify.so
7fc43a955000-7fc43a95c000 r-xp 00000000 08:07 9180659                    /lib/x86_64-linux-gnu/librt-2.23.so
7fc43a95c000-7fc43ab5b000 ---p 00007000 08:07 9180659                    /lib/x86_64-linux-gnu/librt-2.23.so
7fc43ab5b000-7fc43ab5c000 r--p 00006000 08:07 9180659                    /lib/x86_64-linux-gnu/librt-2.23.so
7fc43ab5c000-7fc43ab5d000 rw-p 00007000 08:07 9180659                    /lib/x86_64-linux-gnu/librt-2.23.so
7fc43ab5d000-7fc43ac65000 r-xp 00000000 08:07 9180669                    /lib/x86_64-linux-gnu/libm-2.23.so
7fc43ac65000-7fc43ae64000 ---p 00108000 08:07 9180669                    /lib/x86_64-linux-gnu/libm-2.23.so
7fc43ae64000-7fc43ae65000 r--p 00107000 08:07 9180669                    /lib/x86_64-linux-gnu/libm-2.23.so
7fc43ae65000-7fc43ae66000 rw-p 00108000 08:07 9180669                    /lib/x86_64-linux-gnu/libm-2.23.so
7fc43ae66000-7fc43be4d000 r-xp 00000000 08:07 8916613                    /usr/lib/jvm/java-9-oracle/lib/server/libjvm.so
7fc43be4d000-7fc43c04c000 ---p 00fe7000 08:07 8916613                    /usr/lib/jvm/java-9-oracle/lib/server/libjvm.so
7fc43c04c000-7fc43c11c000 r--p 00fe6000 08:07 8916613                    /usr/lib/jvm/java-9-oracle/lib/server/libjvm.so
7fc43c11c000-7fc43c153000 rw-p 010b6000 08:07 8916613                    /usr/lib/jvm/java-9-oracle/lib/server/libjvm.so
7fc43c153000-7fc43c1bb000 rw-p 00000000 00:00 0 
7fc43c1bb000-7fc43c37a000 r-xp 00000000 08:07 9180664                    /lib/x86_64-linux-gnu/libc-2.23.so
7fc43c37a000-7fc43c57a000 ---p 001bf000 08:07 9180664                    /lib/x86_64-linux-gnu/libc-2.23.so
7fc43c57a000-7fc43c57e000 r--p 001bf000 08:07 9180664                    /lib/x86_64-linux-gnu/libc-2.23.so
7fc43c57e000-7fc43c580000 rw-p 001c3000 08:07 9180664                    /lib/x86_64-linux-gnu/libc-2.23.so
7fc43c580000-7fc43c584000 rw-p 00000000 00:00 0 
7fc43c584000-7fc43c587000 r-xp 00000000 08:07 9180663                    /lib/x86_64-linux-gnu/libdl-2.23.so
7fc43c587000-7fc43c786000 ---p 00003000 08:07 9180663                    /lib/x86_64-linux-gnu/libdl-2.23.so
7fc43c786000-7fc43c787000 r--p 00002000 08:07 9180663                    /lib/x86_64-linux-gnu/libdl-2.23.so
7fc43c787000-7fc43c788000 rw-p 00003000 08:07 9180663                    /lib/x86_64-linux-gnu/libdl-2.23.so
7fc43c788000-7fc43c796000 r-xp 00000000 08:07 8523941                    /usr/lib/jvm/java-9-oracle/lib/jli/libjli.so
7fc43c796000-7fc43c995000 ---p 0000e000 08:07 8523941                    /usr/lib/jvm/java-9-oracle/lib/jli/libjli.so
7fc43c995000-7fc43c996000 rw-p 0000d000 08:07 8523941                    /usr/lib/jvm/java-9-oracle/lib/jli/libjli.so
7fc43c996000-7fc43c9ae000 r-xp 00000000 08:07 9180670                    /lib/x86_64-linux-gnu/libpthread-2.23.so
7fc43c9ae000-7fc43cbad000 ---p 00018000 08:07 9180670                    /lib/x86_64-linux-gnu/libpthread-2.23.so
7fc43cbad000-7fc43cbae000 r--p 00017000 08:07 9180670                    /lib/x86_64-linux-gnu/libpthread-2.23.so
7fc43cbae000-7fc43cbaf000 rw-p 00018000 08:07 9180670                    /lib/x86_64-linux-gnu/libpthread-2.23.so
7fc43cbaf000-7fc43cbb3000 rw-p 00000000 00:00 0 
7fc43cbb3000-7fc43cbcc000 r-xp 00000000 08:07 9179708                    /lib/x86_64-linux-gnu/libz.so.1.2.8
7fc43cbcc000-7fc43cdcb000 ---p 00019000 08:07 9179708                    /lib/x86_64-linux-gnu/libz.so.1.2.8
7fc43cdcb000-7fc43cdcc000 r--p 00018000 08:07 9179708                    /lib/x86_64-linux-gnu/libz.so.1.2.8
7fc43cdcc000-7fc43cdcd000 rw-p 00019000 08:07 9179708                    /lib/x86_64-linux-gnu/libz.so.1.2.8
7fc43cdcd000-7fc43cdf3000 r-xp 00000000 08:07 9179472                    /lib/x86_64-linux-gnu/ld-2.23.so
7fc43ce12000-7fc43ced0000 rw-p 00000000 00:00 0 
7fc43ced0000-7fc43ced5000 ---p 00000000 00:00 0 
7fc43ced5000-7fc43cfd5000 rw-p 00000000 00:00 0 
7fc43cfd9000-7fc43cfdf000 rw-p 00000000 00:00 0 
7fc43cfdf000-7fc43cfe6000 ---p 00000000 00:00 0 
7fc43cfe6000-7fc43cfee000 rw-s 00000000 08:07 15335433                   /tmp/hsperfdata_bruce/21332
7fc43cfee000-7fc43cfef000 rw-p 00000000 00:00 0 
7fc43cfef000-7fc43cff0000 r--p 00000000 00:00 0 
7fc43cff0000-7fc43cff2000 rw-p 00000000 00:00 0 
7fc43cff2000-7fc43cff3000 r--p 00025000 08:07 9179472                    /lib/x86_64-linux-gnu/ld-2.23.so
7fc43cff3000-7fc43cff4000 rw-p 00026000 08:07 9179472                    /lib/x86_64-linux-gnu/ld-2.23.so
7fc43cff4000-7fc43cff5000 rw-p 00000000 00:00 0 
7ffc29bc4000-7ffc29be5000 rw-p 00000000 00:00 0                          [stack]
7ffc29be6000-7ffc29be8000 r--p 00000000 00:00 0                          [vvar]
7ffc29be8000-7ffc29bea000 r-xp 00000000 00:00 0                          [vdso]
ffffffffff600000-ffffffffff601000 r-xp 00000000 00:00 0                  [vsyscall]

VM Arguments:
jvm_args: -Djava.library.path=. 
java_command: PacketDriverExample
java_class_path (initial): .
Launcher Type: SUN_STANDARD

Logging:
Log output configuration:
#0: stdout all=warning uptime,level,tags
#1: stderr all=off uptime,level,tags

Environment Variables:
JAVA_HOME=/usr/lib/jvm/java-7-oracle/jre/bin/java
PATH=/usr/local/sbin:/usr/local/bin:/usr/sbin:/usr/bin:/sbin:/bin:/usr/games:/usr/local/games
SHELL=/bin/bash
DISPLAY=:0

Signal Handlers:
SIGSEGV: [libjvm.so+0xd33e60], sa_mask[0]=11111111011111111101111111111110, sa_flags=SA_RESTART|SA_SIGINFO
SIGBUS: [libjvm.so+0xd33e60], sa_mask[0]=11111111011111111101111111111110, sa_flags=SA_RESTART|SA_SIGINFO
SIGFPE: [libjvm.so+0xd33e60], sa_mask[0]=11111111011111111101111111111110, sa_flags=SA_RESTART|SA_SIGINFO
SIGPIPE: [libjvm.so+0xb4a250], sa_mask[0]=11111111011111111101111111111110, sa_flags=SA_RESTART|SA_SIGINFO
SIGXFSZ: [libjvm.so+0xb4a250], sa_mask[0]=11111111011111111101111111111110, sa_flags=SA_RESTART|SA_SIGINFO
SIGILL: [libjvm.so+0xd33e60], sa_mask[0]=11111111011111111101111111111110, sa_flags=SA_RESTART|SA_SIGINFO
SIGUSR2: [libjvm.so+0xb4a110], sa_mask[0]=00000000000000000000000000000000, sa_flags=SA_RESTART|SA_SIGINFO
SIGHUP: [libjvm.so+0xb4a320], sa_mask[0]=11111111011111111101111111111110, sa_flags=SA_RESTART|SA_SIGINFO
SIGINT: [libjvm.so+0xb4a320], sa_mask[0]=11111111011111111101111111111110, sa_flags=SA_RESTART|SA_SIGINFO
SIGTERM: [libjvm.so+0xb4a320], sa_mask[0]=11111111011111111101111111111110, sa_flags=SA_RESTART|SA_SIGINFO
SIGQUIT: [libjvm.so+0xb4a320], sa_mask[0]=11111111011111111101111111111110, sa_flags=SA_RESTART|SA_SIGINFO


---------------  S Y S T E M  ---------------

OS:DISTRIB_ID=Ubuntu
DISTRIB_RELEASE=16.04
DISTRIB_CODENAME=xenial
DISTRIB_DESCRIPTION="Ubuntu 16.04.1 LTS"
uname:Linux 4.4.0-62-generic #83-Ubuntu SMP Wed Jan 18 14:10:15 UTC 2017 x86_64
libc:glibc 2.23 NPTL 2.23 
rlimit: STACK 8192k, CORE 0k, NPROC 31179, NOFILE 65536, AS infinity
load average:1.20 0.84 0.78

/proc/meminfo:
MemTotal:        8088296 kB
MemFree:          231684 kB
MemAvailable:    3810352 kB
Buffers:          155120 kB
Cached:          4559236 kB
SwapCached:            0 kB
Active:          4649884 kB
Inactive:        2842468 kB
Active(anon):    2864180 kB
Inactive(anon):   940996 kB
Active(file):    1785704 kB
Inactive(file):  1901472 kB
Unevictable:         504 kB
Mlocked:             504 kB
SwapTotal:             0 kB
SwapFree:              0 kB
Dirty:             47268 kB
Writeback:             0 kB
AnonPages:       2778740 kB
Mapped:          1076236 kB
Shmem:           1027172 kB
Slab:             239012 kB
SReclaimable:     196436 kB
SUnreclaim:        42576 kB
KernelStack:       12992 kB
PageTables:        49320 kB
NFS_Unstable:          0 kB
Bounce:                0 kB
WritebackTmp:          0 kB
CommitLimit:     4044148 kB
Committed_AS:   10447296 kB
VmallocTotal:   34359738367 kB
VmallocUsed:           0 kB
VmallocChunk:          0 kB
HardwareCorrupted:     0 kB
AnonHugePages:   1218560 kB
CmaTotal:              0 kB
CmaFree:               0 kB
HugePages_Total:       0
HugePages_Free:        0
HugePages_Rsvd:        0
HugePages_Surp:        0
Hugepagesize:       2048 kB
DirectMap4k:      161112 kB
DirectMap2M:     6043648 kB
DirectMap1G:     2097152 kB


CPU:total 4 (initial active 4) (4 cores per cpu, 1 threads per core) family 6 model 60 stepping 3, cmov, cx8, fxsr, mmx, sse, sse2, sse3, ssse3, sse4.1, sse4.2, popcnt, avx, avx2, aes, clmul, erms, lzcnt, tsc, tscinvbit, bmi1, bmi2, fma
CPU Model and flags from /proc/cpuinfo:
model name	: Intel(R) Core(TM) i5-4460  CPU @ 3.20GHz
flags		: fpu vme de pse tsc msr pae mce cx8 apic sep mtrr pge mca cmov pat pse36 clflush dts acpi mmx fxsr sse sse2 ss ht tm pbe syscall nx pdpe1gb rdtscp lm constant_tsc arch_perfmon pebs bts rep_good nopl xtopology nonstop_tsc aperfmperf eagerfpu pni pclmulqdq dtes64 monitor ds_cpl vmx est tm2 ssse3 sdbg fma cx16 xtpr pdcm pcid sse4_1 sse4_2 x2apic movbe popcnt tsc_deadline_timer aes xsave avx f16c rdrand lahf_lm abm epb tpr_shadow vnmi flexpriority ept vpid fsgsbase tsc_adjust bmi1 avx2 smep bmi2 erms invpcid xsaveopt dtherm ida arat pln pts

Memory: 4k page, physical 8088296k(231684k free), swap 0k(0k free)

vm_info: Java HotSpot(TM) 64-Bit Server VM (9-ea+152) for linux-amd64 JRE (9-ea+152), built on Jan 11 2017 17:54:22 by "javare" with gcc 4.9.2

END.
