#
# A fatal error has been detected by the Java Runtime Environment:
#
#  SIGSEGV (0xb) at pc=0x00007fa91af84134, pid=3416, tid=3417
#
# JRE version: Java(TM) SE Runtime Environment (9.0+152) (build 9-ea+152)
# Java VM: Java HotSpot(TM) 64-Bit Server VM (9-ea+152, mixed mode, tiered, compressed oops, g1 gc, linux-amd64)
# Problematic frame:
# C  [libpcap.so.0.8+0xf134]  pcap_next+0x4
#
# Core dump will be written. Default location: Core dumps may be processed with "/usr/share/apport/apport %p %s %c %P" (or dumping to /home/bruce/Desktop/project1/ns/adapter_demo/adapter_demo/core.3416)
#
# If you would like to submit a bug report, please visit:
#   http://bugreport.java.com/bugreport/crash.jsp
# The crash happened outside the Java Virtual Machine in native code.
# See problematic frame for where to report the bug.
#

---------------  S U M M A R Y ------------

Command Line: -Djava.library.path=. PacketDriverExample

Host: Intel(R) Core(TM) i5-4460  CPU @ 3.20GHz, 4 cores, 7G, Ubuntu 16.04.1 LTS
Time: Tue Feb 14 20:11:52 2017 CST elapsed time: 0 seconds (0d 0h 0m 0s)

---------------  T H R E A D  ---------------

Current thread (0x00007fa980012800):  JavaThread "main" [_thread_in_native, id=3417, stack(0x00007fa986e91000,0x00007fa986f91000)]

Stack: [0x00007fa986e91000,0x00007fa986f91000],  sp=0x00007fa986f8f920,  free space=1018k
Native frames: (J=compiled Java code, A=aot compiled Java code, j=interpreted, Vv=VM code, C=native code)
C  [libpcap.so.0.8+0xf134]  pcap_next+0x4
j  SimplePacketDriver.readPacket()[B+0
j  PacketDriverExample.main([Ljava/lang/String;)V+79
v  ~StubRoutines::call_stub
V  [libjvm.so+0x837620]  JavaCalls::call_helper(JavaValue*, methodHandle const&, JavaCallArguments*, Thread*)+0x3f0
V  [libjvm.so+0x89083f]  jni_invoke_static(JNIEnv_*, JavaValue*, _jobject*, JNICallType, _jmethodID*, JNI_ArgumentPusher*, Thread*) [clone .isra.88]+0x21f
V  [libjvm.so+0x89d3ae]  jni_CallStaticVoidMethod+0x14e
C  [libjli.so+0x3c52]  JavaMain+0x812
C  [libpthread.so.0+0x76ba]  start_thread+0xca

Java frames: (J=compiled Java code, j=interpreted, Vv=VM code)
j  SimplePacketDriver.readPacket()[B+0
j  PacketDriverExample.main([Ljava/lang/String;)V+79
v  ~StubRoutines::call_stub

siginfo: si_signo: 11 (SIGSEGV), si_code: 1 (SEGV_MAPERR), si_addr: 0x0000000000000260

Register to memory mapping:

RAX=0x0000000000000000 is an unknown value
RBX={method} {0x00007fa938da8ef0} 'readPacket' '()[B' in 'SimplePacketDriver'
RCX=0x00007fa9862726fd: __write+0x000000000000002d in /lib/x86_64-linux-gnu/libc.so.6 at 0x00007fa98617c000
RDX=0x00007fa986f8f980 is pointing into the stack for thread: 0x00007fa980012800
RSP=0x00007fa986f8f920 is pointing into the stack for thread: 0x00007fa980012800
RBP=0x00007fa986f8f9a0 is pointing into the stack for thread: 0x00007fa980012800
RSI=0x00007fa986f8f980 is pointing into the stack for thread: 0x00007fa980012800
RDI=0x0000000000000000 is an unknown value
R8 =0x00007fa980000228 is an unknown value
R9 =0x0000000000000000 is an unknown value
R10=0x0000000000000077 is an unknown value
R11=0x00007fa91af84130: pcap_next+0x0000000000000000 in /usr/lib/x86_64-linux-gnu/libpcap.so.0.8 at 0x00007fa91af75000
R12=0x0000000000000000 is an unknown value
R13={method} {0x00007fa938da8ef0} 'readPacket' '()[B' in 'SimplePacketDriver'
R14=0x00007fa986f8fa20 is pointing into the stack for thread: 0x00007fa980012800
R15=0x00007fa980012800 is a thread


Registers:
RAX=0x0000000000000000, RBX=0x00007fa938da8ef0, RCX=0x00007fa9862726fd, RDX=0x00007fa986f8f980
RSP=0x00007fa986f8f920, RBP=0x00007fa986f8f9a0, RSI=0x00007fa986f8f980, RDI=0x0000000000000000
R8 =0x00007fa980000228, R9 =0x0000000000000000, R10=0x0000000000000077, R11=0x00007fa91af84130
R12=0x0000000000000000, R13=0x00007fa938da8ef0, R14=0x00007fa986f8fa20, R15=0x00007fa980012800
RIP=0x00007fa91af84134, EFLAGS=0x0000000000010202, CSGSFS=0x0000000000000033, ERR=0x0000000000000004
  TRAPNO=0x000000000000000e

Top of Stack: (sp=0x00007fa986f8f920)
0x00007fa986f8f920:   0000000000000000 00007fa980000228
0x00007fa986f8f930:   0000000000000000 00007fa9861eb7fa
0x00007fa986f8f940:   00007fa938da8ef0 00007fa98023e380
0x00007fa986f8f950:   0000000000000002 00007fa91b3d10b5 

Instructions: (pc=0x00007fa91af84134)
0x00007fa91af84114:   e0 90 66 2e 0f 1f 84 00 00 00 00 00 eb ee 0f 1f
0x00007fa91af84124:   40 00 66 2e 0f 1f 84 00 00 00 00 00 48 83 ec 38
0x00007fa91af84134:   48 8b 97 60 02 00 00 64 48 8b 04 25 28 00 00 00
0x00007fa91af84144:   48 89 44 24 28 31 c0 48 8d 4c 24 10 48 8d 44 24 


---------------  P R O C E S S  ---------------

Java Threads: ( => current thread )
  0x00007fa980220000 JavaThread "Service Thread" daemon [_thread_blocked, id=3438, stack(0x00007fa91b6d4000,0x00007fa91b7d5000)]
  0x00007fa980178000 JavaThread "Common-Cleaner" daemon [_thread_blocked, id=3437, stack(0x00007fa91b7d5000,0x00007fa91b8d6000)]
  0x00007fa980163800 JavaThread "Sweeper thread" daemon [_thread_blocked, id=3436, stack(0x00007fa91bcfd000,0x00007fa91bdfe000)]
  0x00007fa980161800 JavaThread "C1 CompilerThread2" daemon [_thread_in_vm, id=3435, stack(0x00007fa91bdfe000,0x00007fa91beff000)]
  0x00007fa98015f800 JavaThread "C2 CompilerThread1" daemon [_thread_blocked, id=3434, stack(0x00007fa91beff000,0x00007fa91c000000)]
  0x00007fa98015d800 JavaThread "C2 CompilerThread0" daemon [_thread_blocked, id=3433, stack(0x00007fa938017000,0x00007fa938118000)]
  0x00007fa98015b800 JavaThread "Signal Dispatcher" daemon [_thread_blocked, id=3432, stack(0x00007fa938118000,0x00007fa938219000)]
  0x00007fa980144800 JavaThread "Finalizer" daemon [_thread_blocked, id=3431, stack(0x00007fa9386a4000,0x00007fa9387a5000)]
  0x00007fa98013e800 JavaThread "Reference Handler" daemon [_thread_blocked, id=3430, stack(0x00007fa9387a5000,0x00007fa9388a6000)]
=>0x00007fa980012800 JavaThread "main" [_thread_in_native, id=3417, stack(0x00007fa986e91000,0x00007fa986f91000)]

Other Threads:
  0x00007fa980130800 VMThread "VM Thread" [stack: 0x00007fa9388a7000,0x00007fa9389a7000] [id=3429]
  0x00007fa980233000 WatcherThread [stack: 0x00007fa91b5d4000,0x00007fa91b6d4000] [id=3439]
  0x00007fa980029800 GCTaskThread "GC Thread#0" [stack: 0x00007fa9651b6000,0x00007fa9652b6000] [id=3418]
  0x00007fa98002b000 GCTaskThread "GC Thread#1" [stack: 0x00007fa9650b5000,0x00007fa9651b5000] [id=3419]
  0x00007fa98002d000 GCTaskThread "GC Thread#2" [stack: 0x00007fa964fb4000,0x00007fa9650b4000] [id=3420]
  0x00007fa98002e800 GCTaskThread "GC Thread#3" [stack: 0x00007fa964eb3000,0x00007fa964fb3000] [id=3421]
  0x00007fa98005d000 ConcurrentGCThread "G1 Main Marker" [stack: 0x00007fa9640cd000,0x00007fa9641cd000] [id=3427]
  0x00007fa98005f000 ConcurrentGCThread "G1 Marker#0" [stack: 0x00007fa93b5ac000,0x00007fa93b6ac000] [id=3428]
  0x00007fa980036000 ConcurrentGCThread "G1 Refine#0" [stack: 0x00007fa9646ab000,0x00007fa9647ab000] [id=3425]
  0x00007fa980034000 ConcurrentGCThread "G1 Refine#1" [stack: 0x00007fa9647ac000,0x00007fa9648ac000] [id=3424]
  0x00007fa980032800 ConcurrentGCThread "G1 Refine#2" [stack: 0x00007fa9648ad000,0x00007fa9649ad000] [id=3423]
  0x00007fa980030800 ConcurrentGCThread "G1 Refine#3" [stack: 0x00007fa9649ae000,0x00007fa964aae000] [id=3422]
  0x00007fa980037800 ConcurrentGCThread "G1 Young RemSet Sampling" [stack: 0x00007fa9645aa000,0x00007fa9646aa000] [id=3426]

Threads with active compile tasks:
C1 CompilerThread2 276       1       java.lang.invoke.MethodTypeForm::erasedType (5 bytes)

VM state:not at safepoint (normal execution)

VM Mutex/Monitor currently owned by a thread: None

Heap address: 0x0000000084800000, size: 1976 MB, Compressed Oops mode: 32-bit
Narrow klass base: 0x0000000000000000, Narrow klass shift: 3
Compressed class space size: 1073741824 Address: 0x0000000100000000

Heap:
 garbage-first heap   total 126976K, used 2048K [0x0000000084800000, 0x00000000849003e0, 0x0000000100000000)
  region size 1024K, 3 young (3072K), 0 survivors (0K)
 Metaspace       used 5306K, capacity 5456K, committed 5632K, reserved 1056768K
  class space    used 453K, capacity 490K, committed 512K, reserved 1048576K
Heap Regions: E=young(eden), S=young(survivor), O=old, HS=humongous(starts), HC=humongous(continues), CS=collection set, F=free, A=archive, TS=gc time stamp, AC=allocation context, TAMS=top-at-mark-start (previous, next)
|   0|0x0000000084800000, 0x0000000084800000, 0x0000000084900000|  0%| F|  |TS  0|AC  0|TAMS 0x0000000084800000, 0x0000000084800000|
|   1|0x0000000084900000, 0x0000000084900000, 0x0000000084a00000|  0%| F|  |TS  0|AC  0|TAMS 0x0000000084900000, 0x0000000084900000|
|   2|0x0000000084a00000, 0x0000000084a00000, 0x0000000084b00000|  0%| F|  |TS  0|AC  0|TAMS 0x0000000084a00000, 0x0000000084a00000|
|   3|0x0000000084b00000, 0x0000000084b00000, 0x0000000084c00000|  0%| F|  |TS  0|AC  0|TAMS 0x0000000084b00000, 0x0000000084b00000|
|   4|0x0000000084c00000, 0x0000000084c00000, 0x0000000084d00000|  0%| F|  |TS  0|AC  0|TAMS 0x0000000084c00000, 0x0000000084c00000|
|   5|0x0000000084d00000, 0x0000000084d00000, 0x0000000084e00000|  0%| F|  |TS  0|AC  0|TAMS 0x0000000084d00000, 0x0000000084d00000|
|   6|0x0000000084e00000, 0x0000000084e00000, 0x0000000084f00000|  0%| F|  |TS  0|AC  0|TAMS 0x0000000084e00000, 0x0000000084e00000|
|   7|0x0000000084f00000, 0x0000000084f00000, 0x0000000085000000|  0%| F|  |TS  0|AC  0|TAMS 0x0000000084f00000, 0x0000000084f00000|
|   8|0x0000000085000000, 0x0000000085000000, 0x0000000085100000|  0%| F|  |TS  0|AC  0|TAMS 0x0000000085000000, 0x0000000085000000|
|   9|0x0000000085100000, 0x0000000085100000, 0x0000000085200000|  0%| F|  |TS  0|AC  0|TAMS 0x0000000085100000, 0x0000000085100000|
|  10|0x0000000085200000, 0x0000000085200000, 0x0000000085300000|  0%| F|  |TS  0|AC  0|TAMS 0x0000000085200000, 0x0000000085200000|
|  11|0x0000000085300000, 0x0000000085300000, 0x0000000085400000|  0%| F|  |TS  0|AC  0|TAMS 0x0000000085300000, 0x0000000085300000|
|  12|0x0000000085400000, 0x0000000085400000, 0x0000000085500000|  0%| F|  |TS  0|AC  0|TAMS 0x0000000085400000, 0x0000000085400000|
|  13|0x0000000085500000, 0x0000000085500000, 0x0000000085600000|  0%| F|  |TS  0|AC  0|TAMS 0x0000000085500000, 0x0000000085500000|
|  14|0x0000000085600000, 0x0000000085600000, 0x0000000085700000|  0%| F|  |TS  0|AC  0|TAMS 0x0000000085600000, 0x0000000085600000|
|  15|0x0000000085700000, 0x0000000085700000, 0x0000000085800000|  0%| F|  |TS  0|AC  0|TAMS 0x0000000085700000, 0x0000000085700000|
|  16|0x0000000085800000, 0x0000000085800000, 0x0000000085900000|  0%| F|  |TS  0|AC  0|TAMS 0x0000000085800000, 0x0000000085800000|
|  17|0x0000000085900000, 0x0000000085900000, 0x0000000085a00000|  0%| F|  |TS  0|AC  0|TAMS 0x0000000085900000, 0x0000000085900000|
|  18|0x0000000085a00000, 0x0000000085a00000, 0x0000000085b00000|  0%| F|  |TS  0|AC  0|TAMS 0x0000000085a00000, 0x0000000085a00000|
|  19|0x0000000085b00000, 0x0000000085b00000, 0x0000000085c00000|  0%| F|  |TS  0|AC  0|TAMS 0x0000000085b00000, 0x0000000085b00000|
|  20|0x0000000085c00000, 0x0000000085c00000, 0x0000000085d00000|  0%| F|  |TS  0|AC  0|TAMS 0x0000000085c00000, 0x0000000085c00000|
|  21|0x0000000085d00000, 0x0000000085d00000, 0x0000000085e00000|  0%| F|  |TS  0|AC  0|TAMS 0x0000000085d00000, 0x0000000085d00000|
|  22|0x0000000085e00000, 0x0000000085e00000, 0x0000000085f00000|  0%| F|  |TS  0|AC  0|TAMS 0x0000000085e00000, 0x0000000085e00000|
|  23|0x0000000085f00000, 0x0000000085f00000, 0x0000000086000000|  0%| F|  |TS  0|AC  0|TAMS 0x0000000085f00000, 0x0000000085f00000|
|  24|0x0000000086000000, 0x0000000086000000, 0x0000000086100000|  0%| F|  |TS  0|AC  0|TAMS 0x0000000086000000, 0x0000000086000000|
|  25|0x0000000086100000, 0x0000000086100000, 0x0000000086200000|  0%| F|  |TS  0|AC  0|TAMS 0x0000000086100000, 0x0000000086100000|
|  26|0x0000000086200000, 0x0000000086200000, 0x0000000086300000|  0%| F|  |TS  0|AC  0|TAMS 0x0000000086200000, 0x0000000086200000|
|  27|0x0000000086300000, 0x0000000086300000, 0x0000000086400000|  0%| F|  |TS  0|AC  0|TAMS 0x0000000086300000, 0x0000000086300000|
|  28|0x0000000086400000, 0x0000000086400000, 0x0000000086500000|  0%| F|  |TS  0|AC  0|TAMS 0x0000000086400000, 0x0000000086400000|
|  29|0x0000000086500000, 0x0000000086500000, 0x0000000086600000|  0%| F|  |TS  0|AC  0|TAMS 0x0000000086500000, 0x0000000086500000|
|  30|0x0000000086600000, 0x0000000086600000, 0x0000000086700000|  0%| F|  |TS  0|AC  0|TAMS 0x0000000086600000, 0x0000000086600000|
|  31|0x0000000086700000, 0x0000000086700000, 0x0000000086800000|  0%| F|  |TS  0|AC  0|TAMS 0x0000000086700000, 0x0000000086700000|
|  32|0x0000000086800000, 0x0000000086800000, 0x0000000086900000|  0%| F|  |TS  0|AC  0|TAMS 0x0000000086800000, 0x0000000086800000|
|  33|0x0000000086900000, 0x0000000086900000, 0x0000000086a00000|  0%| F|  |TS  0|AC  0|TAMS 0x0000000086900000, 0x0000000086900000|
|  34|0x0000000086a00000, 0x0000000086a00000, 0x0000000086b00000|  0%| F|  |TS  0|AC  0|TAMS 0x0000000086a00000, 0x0000000086a00000|
|  35|0x0000000086b00000, 0x0000000086b00000, 0x0000000086c00000|  0%| F|  |TS  0|AC  0|TAMS 0x0000000086b00000, 0x0000000086b00000|
|  36|0x0000000086c00000, 0x0000000086c00000, 0x0000000086d00000|  0%| F|  |TS  0|AC  0|TAMS 0x0000000086c00000, 0x0000000086c00000|
|  37|0x0000000086d00000, 0x0000000086d00000, 0x0000000086e00000|  0%| F|  |TS  0|AC  0|TAMS 0x0000000086d00000, 0x0000000086d00000|
|  38|0x0000000086e00000, 0x0000000086e00000, 0x0000000086f00000|  0%| F|  |TS  0|AC  0|TAMS 0x0000000086e00000, 0x0000000086e00000|
|  39|0x0000000086f00000, 0x0000000086f00000, 0x0000000087000000|  0%| F|  |TS  0|AC  0|TAMS 0x0000000086f00000, 0x0000000086f00000|
|  40|0x0000000087000000, 0x0000000087000000, 0x0000000087100000|  0%| F|  |TS  0|AC  0|TAMS 0x0000000087000000, 0x0000000087000000|
|  41|0x0000000087100000, 0x0000000087100000, 0x0000000087200000|  0%| F|  |TS  0|AC  0|TAMS 0x0000000087100000, 0x0000000087100000|
|  42|0x0000000087200000, 0x0000000087200000, 0x0000000087300000|  0%| F|  |TS  0|AC  0|TAMS 0x0000000087200000, 0x0000000087200000|
|  43|0x0000000087300000, 0x0000000087300000, 0x0000000087400000|  0%| F|  |TS  0|AC  0|TAMS 0x0000000087300000, 0x0000000087300000|
|  44|0x0000000087400000, 0x0000000087400000, 0x0000000087500000|  0%| F|  |TS  0|AC  0|TAMS 0x0000000087400000, 0x0000000087400000|
|  45|0x0000000087500000, 0x0000000087500000, 0x0000000087600000|  0%| F|  |TS  0|AC  0|TAMS 0x0000000087500000, 0x0000000087500000|
|  46|0x0000000087600000, 0x0000000087600000, 0x0000000087700000|  0%| F|  |TS  0|AC  0|TAMS 0x0000000087600000, 0x0000000087600000|
|  47|0x0000000087700000, 0x0000000087700000, 0x0000000087800000|  0%| F|  |TS  0|AC  0|TAMS 0x0000000087700000, 0x0000000087700000|
|  48|0x0000000087800000, 0x0000000087800000, 0x0000000087900000|  0%| F|  |TS  0|AC  0|TAMS 0x0000000087800000, 0x0000000087800000|
|  49|0x0000000087900000, 0x0000000087900000, 0x0000000087a00000|  0%| F|  |TS  0|AC  0|TAMS 0x0000000087900000, 0x0000000087900000|
|  50|0x0000000087a00000, 0x0000000087a00000, 0x0000000087b00000|  0%| F|  |TS  0|AC  0|TAMS 0x0000000087a00000, 0x0000000087a00000|
|  51|0x0000000087b00000, 0x0000000087b00000, 0x0000000087c00000|  0%| F|  |TS  0|AC  0|TAMS 0x0000000087b00000, 0x0000000087b00000|
|  52|0x0000000087c00000, 0x0000000087c00000, 0x0000000087d00000|  0%| F|  |TS  0|AC  0|TAMS 0x0000000087c00000, 0x0000000087c00000|
|  53|0x0000000087d00000, 0x0000000087d00000, 0x0000000087e00000|  0%| F|  |TS  0|AC  0|TAMS 0x0000000087d00000, 0x0000000087d00000|
|  54|0x0000000087e00000, 0x0000000087e00000, 0x0000000087f00000|  0%| F|  |TS  0|AC  0|TAMS 0x0000000087e00000, 0x0000000087e00000|
|  55|0x0000000087f00000, 0x0000000087f00000, 0x0000000088000000|  0%| F|  |TS  0|AC  0|TAMS 0x0000000087f00000, 0x0000000087f00000|
|  56|0x0000000088000000, 0x0000000088000000, 0x0000000088100000|  0%| F|  |TS  0|AC  0|TAMS 0x0000000088000000, 0x0000000088000000|
|  57|0x0000000088100000, 0x0000000088100000, 0x0000000088200000|  0%| F|  |TS  0|AC  0|TAMS 0x0000000088100000, 0x0000000088100000|
|  58|0x0000000088200000, 0x0000000088200000, 0x0000000088300000|  0%| F|  |TS  0|AC  0|TAMS 0x0000000088200000, 0x0000000088200000|
|  59|0x0000000088300000, 0x0000000088300000, 0x0000000088400000|  0%| F|  |TS  0|AC  0|TAMS 0x0000000088300000, 0x0000000088300000|
|  60|0x0000000088400000, 0x0000000088400000, 0x0000000088500000|  0%| F|  |TS  0|AC  0|TAMS 0x0000000088400000, 0x0000000088400000|
|  61|0x0000000088500000, 0x0000000088500000, 0x0000000088600000|  0%| F|  |TS  0|AC  0|TAMS 0x0000000088500000, 0x0000000088500000|
|  62|0x0000000088600000, 0x0000000088600000, 0x0000000088700000|  0%| F|  |TS  0|AC  0|TAMS 0x0000000088600000, 0x0000000088600000|
|  63|0x0000000088700000, 0x0000000088700000, 0x0000000088800000|  0%| F|  |TS  0|AC  0|TAMS 0x0000000088700000, 0x0000000088700000|
|  64|0x0000000088800000, 0x0000000088800000, 0x0000000088900000|  0%| F|  |TS  0|AC  0|TAMS 0x0000000088800000, 0x0000000088800000|
|  65|0x0000000088900000, 0x0000000088900000, 0x0000000088a00000|  0%| F|  |TS  0|AC  0|TAMS 0x0000000088900000, 0x0000000088900000|
|  66|0x0000000088a00000, 0x0000000088a00000, 0x0000000088b00000|  0%| F|  |TS  0|AC  0|TAMS 0x0000000088a00000, 0x0000000088a00000|
|  67|0x0000000088b00000, 0x0000000088b00000, 0x0000000088c00000|  0%| F|  |TS  0|AC  0|TAMS 0x0000000088b00000, 0x0000000088b00000|
|  68|0x0000000088c00000, 0x0000000088c00000, 0x0000000088d00000|  0%| F|  |TS  0|AC  0|TAMS 0x0000000088c00000, 0x0000000088c00000|
|  69|0x0000000088d00000, 0x0000000088d00000, 0x0000000088e00000|  0%| F|  |TS  0|AC  0|TAMS 0x0000000088d00000, 0x0000000088d00000|
|  70|0x0000000088e00000, 0x0000000088e00000, 0x0000000088f00000|  0%| F|  |TS  0|AC  0|TAMS 0x0000000088e00000, 0x0000000088e00000|
|  71|0x0000000088f00000, 0x0000000088f00000, 0x0000000089000000|  0%| F|  |TS  0|AC  0|TAMS 0x0000000088f00000, 0x0000000088f00000|
|  72|0x0000000089000000, 0x0000000089000000, 0x0000000089100000|  0%| F|  |TS  0|AC  0|TAMS 0x0000000089000000, 0x0000000089000000|
|  73|0x0000000089100000, 0x0000000089100000, 0x0000000089200000|  0%| F|  |TS  0|AC  0|TAMS 0x0000000089100000, 0x0000000089100000|
|  74|0x0000000089200000, 0x0000000089200000, 0x0000000089300000|  0%| F|  |TS  0|AC  0|TAMS 0x0000000089200000, 0x0000000089200000|
|  75|0x0000000089300000, 0x0000000089300000, 0x0000000089400000|  0%| F|  |TS  0|AC  0|TAMS 0x0000000089300000, 0x0000000089300000|
|  76|0x0000000089400000, 0x0000000089400000, 0x0000000089500000|  0%| F|  |TS  0|AC  0|TAMS 0x0000000089400000, 0x0000000089400000|
|  77|0x0000000089500000, 0x0000000089500000, 0x0000000089600000|  0%| F|  |TS  0|AC  0|TAMS 0x0000000089500000, 0x0000000089500000|
|  78|0x0000000089600000, 0x0000000089600000, 0x0000000089700000|  0%| F|  |TS  0|AC  0|TAMS 0x0000000089600000, 0x0000000089600000|
|  79|0x0000000089700000, 0x0000000089700000, 0x0000000089800000|  0%| F|  |TS  0|AC  0|TAMS 0x0000000089700000, 0x0000000089700000|
|  80|0x0000000089800000, 0x0000000089800000, 0x0000000089900000|  0%| F|  |TS  0|AC  0|TAMS 0x0000000089800000, 0x0000000089800000|
|  81|0x0000000089900000, 0x0000000089900000, 0x0000000089a00000|  0%| F|  |TS  0|AC  0|TAMS 0x0000000089900000, 0x0000000089900000|
|  82|0x0000000089a00000, 0x0000000089a00000, 0x0000000089b00000|  0%| F|  |TS  0|AC  0|TAMS 0x0000000089a00000, 0x0000000089a00000|
|  83|0x0000000089b00000, 0x0000000089b00000, 0x0000000089c00000|  0%| F|  |TS  0|AC  0|TAMS 0x0000000089b00000, 0x0000000089b00000|
|  84|0x0000000089c00000, 0x0000000089c00000, 0x0000000089d00000|  0%| F|  |TS  0|AC  0|TAMS 0x0000000089c00000, 0x0000000089c00000|
|  85|0x0000000089d00000, 0x0000000089d00000, 0x0000000089e00000|  0%| F|  |TS  0|AC  0|TAMS 0x0000000089d00000, 0x0000000089d00000|
|  86|0x0000000089e00000, 0x0000000089e00000, 0x0000000089f00000|  0%| F|  |TS  0|AC  0|TAMS 0x0000000089e00000, 0x0000000089e00000|
|  87|0x0000000089f00000, 0x0000000089f00000, 0x000000008a000000|  0%| F|  |TS  0|AC  0|TAMS 0x0000000089f00000, 0x0000000089f00000|
|  88|0x000000008a000000, 0x000000008a000000, 0x000000008a100000|  0%| F|  |TS  0|AC  0|TAMS 0x000000008a000000, 0x000000008a000000|
|  89|0x000000008a100000, 0x000000008a100000, 0x000000008a200000|  0%| F|  |TS  0|AC  0|TAMS 0x000000008a100000, 0x000000008a100000|
|  90|0x000000008a200000, 0x000000008a200000, 0x000000008a300000|  0%| F|  |TS  0|AC  0|TAMS 0x000000008a200000, 0x000000008a200000|
|  91|0x000000008a300000, 0x000000008a300000, 0x000000008a400000|  0%| F|  |TS  0|AC  0|TAMS 0x000000008a300000, 0x000000008a300000|
|  92|0x000000008a400000, 0x000000008a400000, 0x000000008a500000|  0%| F|  |TS  0|AC  0|TAMS 0x000000008a400000, 0x000000008a400000|
|  93|0x000000008a500000, 0x000000008a500000, 0x000000008a600000|  0%| F|  |TS  0|AC  0|TAMS 0x000000008a500000, 0x000000008a500000|
|  94|0x000000008a600000, 0x000000008a600000, 0x000000008a700000|  0%| F|  |TS  0|AC  0|TAMS 0x000000008a600000, 0x000000008a600000|
|  95|0x000000008a700000, 0x000000008a700000, 0x000000008a800000|  0%| F|  |TS  0|AC  0|TAMS 0x000000008a700000, 0x000000008a700000|
|  96|0x000000008a800000, 0x000000008a800000, 0x000000008a900000|  0%| F|  |TS  0|AC  0|TAMS 0x000000008a800000, 0x000000008a800000|
|  97|0x000000008a900000, 0x000000008a900000, 0x000000008aa00000|  0%| F|  |TS  0|AC  0|TAMS 0x000000008a900000, 0x000000008a900000|
|  98|0x000000008aa00000, 0x000000008aa00000, 0x000000008ab00000|  0%| F|  |TS  0|AC  0|TAMS 0x000000008aa00000, 0x000000008aa00000|
|  99|0x000000008ab00000, 0x000000008ab00000, 0x000000008ac00000|  0%| F|  |TS  0|AC  0|TAMS 0x000000008ab00000, 0x000000008ab00000|
| 100|0x000000008ac00000, 0x000000008ac00000, 0x000000008ad00000|  0%| F|  |TS  0|AC  0|TAMS 0x000000008ac00000, 0x000000008ac00000|
| 101|0x000000008ad00000, 0x000000008ad00000, 0x000000008ae00000|  0%| F|  |TS  0|AC  0|TAMS 0x000000008ad00000, 0x000000008ad00000|
| 102|0x000000008ae00000, 0x000000008ae00000, 0x000000008af00000|  0%| F|  |TS  0|AC  0|TAMS 0x000000008ae00000, 0x000000008ae00000|
| 103|0x000000008af00000, 0x000000008af00000, 0x000000008b000000|  0%| F|  |TS  0|AC  0|TAMS 0x000000008af00000, 0x000000008af00000|
| 104|0x000000008b000000, 0x000000008b000000, 0x000000008b100000|  0%| F|  |TS  0|AC  0|TAMS 0x000000008b000000, 0x000000008b000000|
| 105|0x000000008b100000, 0x000000008b100000, 0x000000008b200000|  0%| F|  |TS  0|AC  0|TAMS 0x000000008b100000, 0x000000008b100000|
| 106|0x000000008b200000, 0x000000008b200000, 0x000000008b300000|  0%| F|  |TS  0|AC  0|TAMS 0x000000008b200000, 0x000000008b200000|
| 107|0x000000008b300000, 0x000000008b300000, 0x000000008b400000|  0%| F|  |TS  0|AC  0|TAMS 0x000000008b300000, 0x000000008b300000|
| 108|0x000000008b400000, 0x000000008b400000, 0x000000008b500000|  0%| F|  |TS  0|AC  0|TAMS 0x000000008b400000, 0x000000008b400000|
| 109|0x000000008b500000, 0x000000008b500000, 0x000000008b600000|  0%| F|  |TS  0|AC  0|TAMS 0x000000008b500000, 0x000000008b500000|
| 110|0x000000008b600000, 0x000000008b600000, 0x000000008b700000|  0%| F|  |TS  0|AC  0|TAMS 0x000000008b600000, 0x000000008b600000|
| 111|0x000000008b700000, 0x000000008b700000, 0x000000008b800000|  0%| F|  |TS  0|AC  0|TAMS 0x000000008b700000, 0x000000008b700000|
| 112|0x000000008b800000, 0x000000008b800000, 0x000000008b900000|  0%| F|  |TS  0|AC  0|TAMS 0x000000008b800000, 0x000000008b800000|
| 113|0x000000008b900000, 0x000000008b900000, 0x000000008ba00000|  0%| F|  |TS  0|AC  0|TAMS 0x000000008b900000, 0x000000008b900000|
| 114|0x000000008ba00000, 0x000000008ba00000, 0x000000008bb00000|  0%| F|  |TS  0|AC  0|TAMS 0x000000008ba00000, 0x000000008ba00000|
| 115|0x000000008bb00000, 0x000000008bb00000, 0x000000008bc00000|  0%| F|  |TS  0|AC  0|TAMS 0x000000008bb00000, 0x000000008bb00000|
| 116|0x000000008bc00000, 0x000000008bc00000, 0x000000008bd00000|  0%| F|  |TS  0|AC  0|TAMS 0x000000008bc00000, 0x000000008bc00000|
| 117|0x000000008bd00000, 0x000000008bd00000, 0x000000008be00000|  0%| F|  |TS  0|AC  0|TAMS 0x000000008bd00000, 0x000000008bd00000|
| 118|0x000000008be00000, 0x000000008be00000, 0x000000008bf00000|  0%| F|  |TS  0|AC  0|TAMS 0x000000008be00000, 0x000000008be00000|
| 119|0x000000008bf00000, 0x000000008bf00000, 0x000000008c000000|  0%| F|  |TS  0|AC  0|TAMS 0x000000008bf00000, 0x000000008bf00000|
| 120|0x000000008c000000, 0x000000008c000000, 0x000000008c100000|  0%| F|  |TS  0|AC  0|TAMS 0x000000008c000000, 0x000000008c000000|
| 121|0x000000008c100000, 0x000000008c1901a0, 0x000000008c200000| 56%| E|  |TS  0|AC  0|TAMS 0x000000008c100000, 0x000000008c100000|
| 122|0x000000008c200000, 0x000000008c300000, 0x000000008c300000|100%| E|CS|TS  0|AC  0|TAMS 0x000000008c200000, 0x000000008c200000|
| 123|0x000000008c300000, 0x000000008c400000, 0x000000008c400000|100%| E|CS|TS  0|AC  0|TAMS 0x000000008c300000, 0x000000008c300000|

Card table byte_map: [0x00007fa93f848000,0x00007fa93fc24000] byte_map_base: 0x00007fa93f424000

Marking Bits (Prev, Next): (CMBitMap*) 0x00007fa98005c3e0, (CMBitMap*) 0x00007fa98005c418
 Prev Bits: [0x00007fa93d58c000, 0x00007fa93f46c000)
 Next Bits: [0x00007fa93b6ac000, 0x00007fa93d58c000)

Polling page: 0x00007fa986fb0000

CodeHeap 'non-profiled nmethods': size=120032Kb used=88Kb max_used=88Kb free=119943Kb
 bounds [0x00007fa96cf54000, 0x00007fa96d1c4000, 0x00007fa97448c000]
CodeHeap 'profiled nmethods': size=120032Kb used=410Kb max_used=410Kb free=119622Kb
 bounds [0x00007fa965a1c000, 0x00007fa965c8c000, 0x00007fa96cf54000]
CodeHeap 'non-nmethods': size=5696Kb used=1170Kb max_used=1181Kb free=4525Kb
 bounds [0x00007fa96548c000, 0x00007fa9656fc000, 0x00007fa965a1c000]
 total_blobs=685 nmethods=303 adapters=222
 compilation: enabled

Compilation events (10 events):
Event: 0.159 Thread 0x00007fa980161800  292       3       java.lang.invoke.LambdaForm$Name::isParam (13 bytes)
Event: 0.159 Thread 0x00007fa980161800 nmethod 292 0x00007fa965a78290 code [0x00007fa965a78440, 0x00007fa965a785f0]
Event: 0.159 Thread 0x00007fa980161800  291       3       jdk.internal.org.objectweb.asm.MethodWriter::visitVarInsn (292 bytes)
Event: 0.160 Thread 0x00007fa98015d800 nmethod 286 0x00007fa96cf69410 code [0x00007fa96cf695a0, 0x00007fa96cf69758]
Event: 0.160 Thread 0x00007fa980161800 nmethod 291 0x00007fa965a78690 code [0x00007fa965a78900, 0x00007fa965a79328]
Event: 0.160 Thread 0x00007fa980161800  296       3       java.lang.invoke.InvokerBytecodeGenerator::isStaticallyNameable (116 bytes)
Event: 0.161 Thread 0x00007fa980161800 nmethod 296 0x00007fa965a79610 code [0x00007fa965a799c0, 0x00007fa965a7bb08]
Event: 0.161 Thread 0x00007fa980161800  297       3       java.lang.invoke.MemberName::isConstructor (7 bytes)
Event: 0.161 Thread 0x00007fa980161800 nmethod 297 0x00007fa965a7c310 code [0x00007fa965a7c4c0, 0x00007fa965a7c730]
Event: 0.161 Thread 0x00007fa980161800  298       3       java.lang.invoke.MemberName::getMethodOrFieldType (72 bytes)

GC Heap History (0 events):
No events

Deoptimization events (1 events):
Event: 0.122 Thread 0x00007fa980012800 Uncommon trap: reason=unstable_if action=reinterpret pc=0x00007fa96cf5cea8 method=java.lang.StringLatin1.replace([BCC)Ljava/lang/String; @ 19

Classes redefined (0 events):
No events

Internal exceptions (0 events):
No events

Events (10 events):
Event: 0.151 loading class java/lang/invoke/MethodHandles$1
Event: 0.151 loading class java/lang/invoke/MethodHandles$1 done
Event: 0.151 loading class java/lang/invoke/BoundMethodHandle$Species_L6I
Event: 0.151 loading class java/lang/invoke/BoundMethodHandle$Species_L6I done
Event: 0.152 loading class sun/invoke/util/ValueConversions$WrapperCache
Event: 0.152 loading class sun/invoke/util/ValueConversions$WrapperCache done
Event: 0.153 loading class java/lang/invoke/BoundMethodHandle$Species_L6II
Event: 0.153 loading class java/lang/invoke/BoundMethodHandle$Species_L6II done
Event: 0.160 loading class java/lang/invoke/BoundMethodHandle$Species_L6IIL
Event: 0.160 loading class java/lang/invoke/BoundMethodHandle$Species_L6IIL done


Dynamic libraries:
00400000-00401000 r-xp 00000000 08:07 8523896                            /usr/lib/jvm/java-9-oracle/bin/java
00600000-00601000 rw-p 00000000 08:07 8523896                            /usr/lib/jvm/java-9-oracle/bin/java
00e27000-00e48000 rw-p 00000000 00:00 0                                  [heap]
84800000-8c400000 rw-p 00000000 00:00 0 
8c400000-100000000 ---p 00000000 00:00 0 
100000000-100080000 rw-p 00000000 00:00 0 
100080000-140000000 ---p 00000000 00:00 0 
7fa8fc000000-7fa8fc021000 rw-p 00000000 00:00 0 
7fa8fc021000-7fa900000000 ---p 00000000 00:00 0 
7fa904000000-7fa904021000 rw-p 00000000 00:00 0 
7fa904021000-7fa908000000 ---p 00000000 00:00 0 
7fa908000000-7fa908021000 rw-p 00000000 00:00 0 
7fa908021000-7fa90c000000 ---p 00000000 00:00 0 
7fa90c000000-7fa90c137000 rw-p 00000000 00:00 0 
7fa90c137000-7fa910000000 ---p 00000000 00:00 0 
7fa910000000-7fa910021000 rw-p 00000000 00:00 0 
7fa910021000-7fa914000000 ---p 00000000 00:00 0 
7fa914000000-7fa9140d4000 rw-p 00000000 00:00 0 
7fa9140d4000-7fa918000000 ---p 00000000 00:00 0 
7fa91ac4b000-7fa91af75000 rw-p 00000000 00:00 0 
7fa91af75000-7fa91afb3000 r-xp 00000000 08:07 8135357                    /usr/lib/x86_64-linux-gnu/libpcap.so.1.7.4
7fa91afb3000-7fa91b1b3000 ---p 0003e000 08:07 8135357                    /usr/lib/x86_64-linux-gnu/libpcap.so.1.7.4
7fa91b1b3000-7fa91b1b5000 r--p 0003e000 08:07 8135357                    /usr/lib/x86_64-linux-gnu/libpcap.so.1.7.4
7fa91b1b5000-7fa91b1b6000 rw-p 00040000 08:07 8135357                    /usr/lib/x86_64-linux-gnu/libpcap.so.1.7.4
7fa91b1b6000-7fa91b1b7000 rw-p 00000000 00:00 0 
7fa91b1b7000-7fa91b1cd000 r-xp 00000000 08:07 8139177                    /usr/lib/x86_64-linux-gnu/libnet.so.1.7.0
7fa91b1cd000-7fa91b3cc000 ---p 00016000 08:07 8139177                    /usr/lib/x86_64-linux-gnu/libnet.so.1.7.0
7fa91b3cc000-7fa91b3cd000 r--p 00015000 08:07 8139177                    /usr/lib/x86_64-linux-gnu/libnet.so.1.7.0
7fa91b3cd000-7fa91b3ce000 rw-p 00016000 08:07 8139177                    /usr/lib/x86_64-linux-gnu/libnet.so.1.7.0
7fa91b3ce000-7fa91b3d0000 rw-p 00000000 00:00 0 
7fa91b3d0000-7fa91b3d2000 r-xp 00000000 08:07 14030299                   /home/bruce/Desktop/project1/ns/adapter_demo/adapter_demo/libsimplepacketdriver_x64.so
7fa91b3d2000-7fa91b5d1000 ---p 00002000 08:07 14030299                   /home/bruce/Desktop/project1/ns/adapter_demo/adapter_demo/libsimplepacketdriver_x64.so
7fa91b5d1000-7fa91b5d2000 r--p 00001000 08:07 14030299                   /home/bruce/Desktop/project1/ns/adapter_demo/adapter_demo/libsimplepacketdriver_x64.so
7fa91b5d2000-7fa91b5d3000 rw-p 00002000 08:07 14030299                   /home/bruce/Desktop/project1/ns/adapter_demo/adapter_demo/libsimplepacketdriver_x64.so
7fa91b5d3000-7fa91b5d4000 ---p 00000000 00:00 0 
7fa91b5d4000-7fa91b6d4000 rw-p 00000000 00:00 0 
7fa91b6d4000-7fa91b6d8000 ---p 00000000 00:00 0 
7fa91b6d8000-7fa91b7d5000 rw-p 00000000 00:00 0 
7fa91b7d5000-7fa91b7d9000 ---p 00000000 00:00 0 
7fa91b7d9000-7fa91b8d6000 rw-p 00000000 00:00 0 
7fa91b8d6000-7fa91b8ec000 r-xp 00000000 08:07 8523984                    /usr/lib/jvm/java-9-oracle/lib/libnet.so
7fa91b8ec000-7fa91baeb000 ---p 00016000 08:07 8523984                    /usr/lib/jvm/java-9-oracle/lib/libnet.so
7fa91baeb000-7fa91baec000 rw-p 00015000 08:07 8523984                    /usr/lib/jvm/java-9-oracle/lib/libnet.so
7fa91baec000-7fa91bafc000 r-xp 00000000 08:07 8524022                    /usr/lib/jvm/java-9-oracle/lib/libnio.so
7fa91bafc000-7fa91bcfc000 ---p 00010000 08:07 8524022                    /usr/lib/jvm/java-9-oracle/lib/libnio.so
7fa91bcfc000-7fa91bcfd000 rw-p 00010000 08:07 8524022                    /usr/lib/jvm/java-9-oracle/lib/libnio.so
7fa91bcfd000-7fa91bd01000 ---p 00000000 00:00 0 
7fa91bd01000-7fa91bdfe000 rw-p 00000000 00:00 0 
7fa91bdfe000-7fa91be02000 ---p 00000000 00:00 0 
7fa91be02000-7fa91beff000 rw-p 00000000 00:00 0 
7fa91beff000-7fa91bf03000 ---p 00000000 00:00 0 
7fa91bf03000-7fa91c000000 rw-p 00000000 00:00 0 
7fa91c000000-7fa91c021000 rw-p 00000000 00:00 0 
7fa91c021000-7fa920000000 ---p 00000000 00:00 0 
7fa920000000-7fa920113000 rw-p 00000000 00:00 0 
7fa920113000-7fa924000000 ---p 00000000 00:00 0 
7fa924000000-7fa924021000 rw-p 00000000 00:00 0 
7fa924021000-7fa928000000 ---p 00000000 00:00 0 
7fa928000000-7fa928021000 rw-p 00000000 00:00 0 
7fa928021000-7fa92c000000 ---p 00000000 00:00 0 
7fa92c000000-7fa92c021000 rw-p 00000000 00:00 0 
7fa92c021000-7fa930000000 ---p 00000000 00:00 0 
7fa930000000-7fa930021000 rw-p 00000000 00:00 0 
7fa930021000-7fa934000000 ---p 00000000 00:00 0 
7fa934000000-7fa934021000 rw-p 00000000 00:00 0 
7fa934021000-7fa938000000 ---p 00000000 00:00 0 
7fa938017000-7fa93801b000 ---p 00000000 00:00 0 
7fa93801b000-7fa938118000 rw-p 00000000 00:00 0 
7fa938118000-7fa93811c000 ---p 00000000 00:00 0 
7fa93811c000-7fa938219000 rw-p 00000000 00:00 0 
7fa938219000-7fa9386a4000 r--p 00000000 08:07 8127381                    /usr/lib/locale/locale-archive
7fa9386a4000-7fa9386a8000 ---p 00000000 00:00 0 
7fa9386a8000-7fa9387a5000 rw-p 00000000 00:00 0 
7fa9387a5000-7fa9387a9000 ---p 00000000 00:00 0 
7fa9387a9000-7fa9388a6000 rw-p 00000000 00:00 0 
7fa9388a6000-7fa9388a7000 ---p 00000000 00:00 0 
7fa9388a7000-7fa938ea7000 rw-p 00000000 00:00 0 
7fa938ea7000-7fa9391a7000 ---p 00000000 00:00 0 
7fa9391a7000-7fa9395ab000 rw-p 00000000 00:00 0 
7fa9395ab000-7fa93b5ab000 rwxp 00000000 00:00 0 
7fa93b5ab000-7fa93b5ac000 ---p 00000000 00:00 0 
7fa93b5ac000-7fa93b89c000 rw-p 00000000 00:00 0 
7fa93b89c000-7fa93d58c000 ---p 00000000 00:00 0 
7fa93d58c000-7fa93d77c000 rw-p 00000000 00:00 0 
7fa93d77c000-7fa93f46c000 ---p 00000000 00:00 0 
7fa93f46c000-7fa93f4aa000 rw-p 00000000 00:00 0 
7fa93f4aa000-7fa93f848000 ---p 00000000 00:00 0 
7fa93f848000-7fa93f886000 rw-p 00000000 00:00 0 
7fa93f886000-7fa940000000 ---p 00000000 00:00 0 
7fa940000000-7fa940021000 rw-p 00000000 00:00 0 
7fa940021000-7fa944000000 ---p 00000000 00:00 0 
7fa944000000-7fa944021000 rw-p 00000000 00:00 0 
7fa944021000-7fa948000000 ---p 00000000 00:00 0 
7fa948000000-7fa948021000 rw-p 00000000 00:00 0 
7fa948021000-7fa94c000000 ---p 00000000 00:00 0 
7fa94c000000-7fa94c021000 rw-p 00000000 00:00 0 
7fa94c021000-7fa950000000 ---p 00000000 00:00 0 
7fa950000000-7fa950021000 rw-p 00000000 00:00 0 
7fa950021000-7fa954000000 ---p 00000000 00:00 0 
7fa954000000-7fa954021000 rw-p 00000000 00:00 0 
7fa954021000-7fa958000000 ---p 00000000 00:00 0 
7fa958000000-7fa958021000 rw-p 00000000 00:00 0 
7fa958021000-7fa95c000000 ---p 00000000 00:00 0 
7fa95c000000-7fa95c021000 rw-p 00000000 00:00 0 
7fa95c021000-7fa960000000 ---p 00000000 00:00 0 
7fa960000000-7fa960021000 rw-p 00000000 00:00 0 
7fa960021000-7fa964000000 ---p 00000000 00:00 0 
7fa964056000-7fa9640cc000 rw-p 00000000 00:00 0 
7fa9640cc000-7fa9640cd000 ---p 00000000 00:00 0 
7fa9640cd000-7fa96420b000 rw-p 00000000 00:00 0 
7fa96420b000-7fa9645a9000 ---p 00000000 00:00 0 
7fa9645a9000-7fa9645aa000 ---p 00000000 00:00 0 
7fa9645aa000-7fa9646aa000 rw-p 00000000 00:00 0 
7fa9646aa000-7fa9646ab000 ---p 00000000 00:00 0 
7fa9646ab000-7fa9647ab000 rw-p 00000000 00:00 0 
7fa9647ab000-7fa9647ac000 ---p 00000000 00:00 0 
7fa9647ac000-7fa9648ac000 rw-p 00000000 00:00 0 
7fa9648ac000-7fa9648ad000 ---p 00000000 00:00 0 
7fa9648ad000-7fa9649ad000 rw-p 00000000 00:00 0 
7fa9649ad000-7fa9649ae000 ---p 00000000 00:00 0 
7fa9649ae000-7fa964eb2000 rw-p 00000000 00:00 0 
7fa964eb2000-7fa964eb3000 ---p 00000000 00:00 0 
7fa964eb3000-7fa964fb3000 rw-p 00000000 00:00 0 
7fa964fb3000-7fa964fb4000 ---p 00000000 00:00 0 
7fa964fb4000-7fa9650b4000 rw-p 00000000 00:00 0 
7fa9650b4000-7fa9650b5000 ---p 00000000 00:00 0 
7fa9650b5000-7fa9651b5000 rw-p 00000000 00:00 0 
7fa9651b5000-7fa9651b6000 ---p 00000000 00:00 0 
7fa9651b6000-7fa9652bb000 rw-p 00000000 00:00 0 
7fa9652bb000-7fa9653a1000 ---p 00000000 00:00 0 
7fa9653a1000-7fa9653a6000 rw-p 00000000 00:00 0 
7fa9653a6000-7fa96548c000 ---p 00000000 00:00 0 
7fa96548c000-7fa9656fc000 rwxp 00000000 00:00 0 
7fa9656fc000-7fa965a1c000 ---p 00000000 00:00 0 
7fa965a1c000-7fa965c8c000 rwxp 00000000 00:00 0 
7fa965c8c000-7fa96cf54000 ---p 00000000 00:00 0 
7fa96cf54000-7fa96d1c4000 rwxp 00000000 00:00 0 
7fa96d1c4000-7fa97448c000 ---p 00000000 00:00 0 
7fa97448c000-7fa97f7ae000 r--s 00000000 08:07 8523942                    /usr/lib/jvm/java-9-oracle/lib/modules
7fa97f7ae000-7fa97f7c8000 r-xp 00000000 08:07 8523964                    /usr/lib/jvm/java-9-oracle/lib/libjimage.so
7fa97f7c8000-7fa97f9c7000 ---p 0001a000 08:07 8523964                    /usr/lib/jvm/java-9-oracle/lib/libjimage.so
7fa97f9c7000-7fa97f9c9000 rw-p 00019000 08:07 8523964                    /usr/lib/jvm/java-9-oracle/lib/libjimage.so
7fa97f9c9000-7fa97f9db000 rw-p 00000000 00:00 0 
7fa97f9db000-7fa97f9e2000 r-xp 00000000 08:07 8523976                    /usr/lib/jvm/java-9-oracle/lib/libzip.so
7fa97f9e2000-7fa97fbe1000 ---p 00007000 08:07 8523976                    /usr/lib/jvm/java-9-oracle/lib/libzip.so
7fa97fbe1000-7fa97fbe2000 rw-p 00006000 08:07 8523976                    /usr/lib/jvm/java-9-oracle/lib/libzip.so
7fa97fbe2000-7fa97fbed000 r-xp 00000000 08:07 9180675                    /lib/x86_64-linux-gnu/libnss_files-2.23.so
7fa97fbed000-7fa97fdec000 ---p 0000b000 08:07 9180675                    /lib/x86_64-linux-gnu/libnss_files-2.23.so
7fa97fdec000-7fa97fded000 r--p 0000a000 08:07 9180675                    /lib/x86_64-linux-gnu/libnss_files-2.23.so
7fa97fded000-7fa97fdee000 rw-p 0000b000 08:07 9180675                    /lib/x86_64-linux-gnu/libnss_files-2.23.so
7fa97fdee000-7fa97fdf4000 rw-p 00000000 00:00 0 
7fa97fdf4000-7fa97fdff000 r-xp 00000000 08:07 9180660                    /lib/x86_64-linux-gnu/libnss_nis-2.23.so
7fa97fdff000-7fa97fffe000 ---p 0000b000 08:07 9180660                    /lib/x86_64-linux-gnu/libnss_nis-2.23.so
7fa97fffe000-7fa97ffff000 r--p 0000a000 08:07 9180660                    /lib/x86_64-linux-gnu/libnss_nis-2.23.so
7fa97ffff000-7fa980000000 rw-p 0000b000 08:07 9180660                    /lib/x86_64-linux-gnu/libnss_nis-2.23.so
7fa980000000-7fa9802ad000 rw-p 00000000 00:00 0 
7fa9802ad000-7fa984000000 ---p 00000000 00:00 0 
7fa984006000-7fa9840ba000 rw-p 00000000 00:00 0 
7fa9840ba000-7fa9840d0000 r-xp 00000000 08:07 9180671                    /lib/x86_64-linux-gnu/libnsl-2.23.so
7fa9840d0000-7fa9842cf000 ---p 00016000 08:07 9180671                    /lib/x86_64-linux-gnu/libnsl-2.23.so
7fa9842cf000-7fa9842d0000 r--p 00015000 08:07 9180671                    /lib/x86_64-linux-gnu/libnsl-2.23.so
7fa9842d0000-7fa9842d1000 rw-p 00016000 08:07 9180671                    /lib/x86_64-linux-gnu/libnsl-2.23.so
7fa9842d1000-7fa9842d3000 rw-p 00000000 00:00 0 
7fa9842d3000-7fa9842db000 r-xp 00000000 08:07 9180672                    /lib/x86_64-linux-gnu/libnss_compat-2.23.so
7fa9842db000-7fa9844da000 ---p 00008000 08:07 9180672                    /lib/x86_64-linux-gnu/libnss_compat-2.23.so
7fa9844da000-7fa9844db000 r--p 00007000 08:07 9180672                    /lib/x86_64-linux-gnu/libnss_compat-2.23.so
7fa9844db000-7fa9844dc000 rw-p 00008000 08:07 9180672                    /lib/x86_64-linux-gnu/libnss_compat-2.23.so
7fa9844dc000-7fa984506000 r-xp 00000000 08:07 8523961                    /usr/lib/jvm/java-9-oracle/lib/libjava.so
7fa984506000-7fa984706000 ---p 0002a000 08:07 8523961                    /usr/lib/jvm/java-9-oracle/lib/libjava.so
7fa984706000-7fa984708000 rw-p 0002a000 08:07 8523961                    /usr/lib/jvm/java-9-oracle/lib/libjava.so
7fa984708000-7fa984715000 r-xp 00000000 08:07 8523985                    /usr/lib/jvm/java-9-oracle/lib/libverify.so
7fa984715000-7fa984914000 ---p 0000d000 08:07 8523985                    /usr/lib/jvm/java-9-oracle/lib/libverify.so
7fa984914000-7fa984916000 rw-p 0000c000 08:07 8523985                    /usr/lib/jvm/java-9-oracle/lib/libverify.so
7fa984916000-7fa98491d000 r-xp 00000000 08:07 9180659                    /lib/x86_64-linux-gnu/librt-2.23.so
7fa98491d000-7fa984b1c000 ---p 00007000 08:07 9180659                    /lib/x86_64-linux-gnu/librt-2.23.so
7fa984b1c000-7fa984b1d000 r--p 00006000 08:07 9180659                    /lib/x86_64-linux-gnu/librt-2.23.so
7fa984b1d000-7fa984b1e000 rw-p 00007000 08:07 9180659                    /lib/x86_64-linux-gnu/librt-2.23.so
7fa984b1e000-7fa984c26000 r-xp 00000000 08:07 9180669                    /lib/x86_64-linux-gnu/libm-2.23.so
7fa984c26000-7fa984e25000 ---p 00108000 08:07 9180669                    /lib/x86_64-linux-gnu/libm-2.23.so
7fa984e25000-7fa984e26000 r--p 00107000 08:07 9180669                    /lib/x86_64-linux-gnu/libm-2.23.so
7fa984e26000-7fa984e27000 rw-p 00108000 08:07 9180669                    /lib/x86_64-linux-gnu/libm-2.23.so
7fa984e27000-7fa985e0e000 r-xp 00000000 08:07 8916613                    /usr/lib/jvm/java-9-oracle/lib/server/libjvm.so
7fa985e0e000-7fa98600d000 ---p 00fe7000 08:07 8916613                    /usr/lib/jvm/java-9-oracle/lib/server/libjvm.so
7fa98600d000-7fa9860dd000 r--p 00fe6000 08:07 8916613                    /usr/lib/jvm/java-9-oracle/lib/server/libjvm.so
7fa9860dd000-7fa986114000 rw-p 010b6000 08:07 8916613                    /usr/lib/jvm/java-9-oracle/lib/server/libjvm.so
7fa986114000-7fa98617c000 rw-p 00000000 00:00 0 
7fa98617c000-7fa98633b000 r-xp 00000000 08:07 9180664                    /lib/x86_64-linux-gnu/libc-2.23.so
7fa98633b000-7fa98653b000 ---p 001bf000 08:07 9180664                    /lib/x86_64-linux-gnu/libc-2.23.so
7fa98653b000-7fa98653f000 r--p 001bf000 08:07 9180664                    /lib/x86_64-linux-gnu/libc-2.23.so
7fa98653f000-7fa986541000 rw-p 001c3000 08:07 9180664                    /lib/x86_64-linux-gnu/libc-2.23.so
7fa986541000-7fa986545000 rw-p 00000000 00:00 0 
7fa986545000-7fa986548000 r-xp 00000000 08:07 9180663                    /lib/x86_64-linux-gnu/libdl-2.23.so
7fa986548000-7fa986747000 ---p 00003000 08:07 9180663                    /lib/x86_64-linux-gnu/libdl-2.23.so
7fa986747000-7fa986748000 r--p 00002000 08:07 9180663                    /lib/x86_64-linux-gnu/libdl-2.23.so
7fa986748000-7fa986749000 rw-p 00003000 08:07 9180663                    /lib/x86_64-linux-gnu/libdl-2.23.so
7fa986749000-7fa986757000 r-xp 00000000 08:07 8523941                    /usr/lib/jvm/java-9-oracle/lib/jli/libjli.so
7fa986757000-7fa986956000 ---p 0000e000 08:07 8523941                    /usr/lib/jvm/java-9-oracle/lib/jli/libjli.so
7fa986956000-7fa986957000 rw-p 0000d000 08:07 8523941                    /usr/lib/jvm/java-9-oracle/lib/jli/libjli.so
7fa986957000-7fa98696f000 r-xp 00000000 08:07 9180670                    /lib/x86_64-linux-gnu/libpthread-2.23.so
7fa98696f000-7fa986b6e000 ---p 00018000 08:07 9180670                    /lib/x86_64-linux-gnu/libpthread-2.23.so
7fa986b6e000-7fa986b6f000 r--p 00017000 08:07 9180670                    /lib/x86_64-linux-gnu/libpthread-2.23.so
7fa986b6f000-7fa986b70000 rw-p 00018000 08:07 9180670                    /lib/x86_64-linux-gnu/libpthread-2.23.so
7fa986b70000-7fa986b74000 rw-p 00000000 00:00 0 
7fa986b74000-7fa986b8d000 r-xp 00000000 08:07 9179708                    /lib/x86_64-linux-gnu/libz.so.1.2.8
7fa986b8d000-7fa986d8c000 ---p 00019000 08:07 9179708                    /lib/x86_64-linux-gnu/libz.so.1.2.8
7fa986d8c000-7fa986d8d000 r--p 00018000 08:07 9179708                    /lib/x86_64-linux-gnu/libz.so.1.2.8
7fa986d8d000-7fa986d8e000 rw-p 00019000 08:07 9179708                    /lib/x86_64-linux-gnu/libz.so.1.2.8
7fa986d8e000-7fa986db4000 r-xp 00000000 08:07 9179472                    /lib/x86_64-linux-gnu/ld-2.23.so
7fa986dd2000-7fa986e90000 rw-p 00000000 00:00 0 
7fa986e90000-7fa986e95000 ---p 00000000 00:00 0 
7fa986e95000-7fa986f95000 rw-p 00000000 00:00 0 
7fa986f9a000-7fa986fa0000 rw-p 00000000 00:00 0 
7fa986fa0000-7fa986fa7000 ---p 00000000 00:00 0 
7fa986fa7000-7fa986faf000 rw-s 00000000 08:07 15991625                   /tmp/hsperfdata_bruce/3416
7fa986faf000-7fa986fb0000 rw-p 00000000 00:00 0 
7fa986fb0000-7fa986fb1000 r--p 00000000 00:00 0 
7fa986fb1000-7fa986fb3000 rw-p 00000000 00:00 0 
7fa986fb3000-7fa986fb4000 r--p 00025000 08:07 9179472                    /lib/x86_64-linux-gnu/ld-2.23.so
7fa986fb4000-7fa986fb5000 rw-p 00026000 08:07 9179472                    /lib/x86_64-linux-gnu/ld-2.23.so
7fa986fb5000-7fa986fb6000 rw-p 00000000 00:00 0 
7ffdab764000-7ffdab785000 rw-p 00000000 00:00 0                          [stack]
7ffdab7b7000-7ffdab7b9000 r--p 00000000 00:00 0                          [vvar]
7ffdab7b9000-7ffdab7bb000 r-xp 00000000 00:00 0                          [vdso]
ffffffffff600000-ffffffffff601000 r-xp 00000000 00:00 0                  [vsyscall]

VM Arguments:
jvm_args: -Djava.library.path=. 
java_command: PacketDriverExample
java_class_path (initial): .
Launcher Type: SUN_STANDARD

Logging:
Log output configuration:
#0: stdout all=warning uptime,level,tags
#1: stderr all=off uptime,level,tags

Environment Variables:
JAVA_HOME=/usr/local/java/jdk1.8.0_121
JRE_HOME=/usr/local/java/jdk1.8.0_121/jre
PATH=/home/bruce/bin:/home/bruce/.local/bin:/usr/local/sbin:/usr/local/bin:/usr/sbin:/usr/bin:/sbin:/bin:/usr/games:/usr/local/games:/snap/bin:/usr/lib/jvm/java-9-oracle/bin:/usr/lib/jvm/java-9-oracle/db/bin:/usr/local/java/jdk1.8.0_121/bin:/usr/local/java/jdk1.8.0_121/jre/bin
SHELL=/bin/bash
DISPLAY=:0

Signal Handlers:
SIGSEGV: [libjvm.so+0xd33e60], sa_mask[0]=11111111011111111101111111111110, sa_flags=SA_RESTART|SA_SIGINFO
SIGBUS: [libjvm.so+0xd33e60], sa_mask[0]=11111111011111111101111111111110, sa_flags=SA_RESTART|SA_SIGINFO
SIGFPE: [libjvm.so+0xd33e60], sa_mask[0]=11111111011111111101111111111110, sa_flags=SA_RESTART|SA_SIGINFO
SIGPIPE: [libjvm.so+0xb4a250], sa_mask[0]=11111111011111111101111111111110, sa_flags=SA_RESTART|SA_SIGINFO
SIGXFSZ: [libjvm.so+0xb4a250], sa_mask[0]=11111111011111111101111111111110, sa_flags=SA_RESTART|SA_SIGINFO
SIGILL: [libjvm.so+0xd33e60], sa_mask[0]=11111111011111111101111111111110, sa_flags=SA_RESTART|SA_SIGINFO
SIGUSR2: [libjvm.so+0xb4a110], sa_mask[0]=00000000000000000000000000000000, sa_flags=SA_RESTART|SA_SIGINFO
SIGHUP: [libjvm.so+0xb4a320], sa_mask[0]=11111111011111111101111111111110, sa_flags=SA_RESTART|SA_SIGINFO
SIGINT: [libjvm.so+0xb4a320], sa_mask[0]=11111111011111111101111111111110, sa_flags=SA_RESTART|SA_SIGINFO
SIGTERM: [libjvm.so+0xb4a320], sa_mask[0]=11111111011111111101111111111110, sa_flags=SA_RESTART|SA_SIGINFO
SIGQUIT: [libjvm.so+0xb4a320], sa_mask[0]=11111111011111111101111111111110, sa_flags=SA_RESTART|SA_SIGINFO


---------------  S Y S T E M  ---------------

OS:DISTRIB_ID=Ubuntu
DISTRIB_RELEASE=16.04
DISTRIB_CODENAME=xenial
DISTRIB_DESCRIPTION="Ubuntu 16.04.1 LTS"
uname:Linux 4.4.0-62-generic #83-Ubuntu SMP Wed Jan 18 14:10:15 UTC 2017 x86_64
libc:glibc 2.23 NPTL 2.23 
rlimit: STACK 8192k, CORE 0k, NPROC 31155, NOFILE 65536, AS infinity
load average:1.68 0.85 0.47

/proc/meminfo:
MemTotal:        8088296 kB
MemFree:         5874036 kB
MemAvailable:    6610052 kB
Buffers:           61752 kB
Cached:          1166676 kB
SwapCached:            0 kB
Active:          1394972 kB
Inactive:         646932 kB
Active(anon):     815380 kB
Inactive(anon):   293820 kB
Active(file):     579592 kB
Inactive(file):   353112 kB
Unevictable:         336 kB
Mlocked:             336 kB
SwapTotal:             0 kB
SwapFree:              0 kB
Dirty:              6524 kB
Writeback:             0 kB
AnonPages:        814140 kB
Mapped:           258964 kB
Shmem:            295472 kB
Slab:              82324 kB
SReclaimable:      47564 kB
SUnreclaim:        34760 kB
KernelStack:        7888 kB
PageTables:        30184 kB
NFS_Unstable:          0 kB
Bounce:                0 kB
WritebackTmp:          0 kB
CommitLimit:     4044148 kB
Committed_AS:    4700916 kB
VmallocTotal:   34359738367 kB
VmallocUsed:           0 kB
VmallocChunk:          0 kB
HardwareCorrupted:     0 kB
AnonHugePages:    176128 kB
CmaTotal:              0 kB
CmaFree:               0 kB
HugePages_Total:       0
HugePages_Free:        0
HugePages_Rsvd:        0
HugePages_Surp:        0
Hugepagesize:       2048 kB
DirectMap4k:      134488 kB
DirectMap2M:     3973120 kB
DirectMap1G:     4194304 kB


CPU:total 4 (initial active 4) (4 cores per cpu, 1 threads per core) family 6 model 60 stepping 3, cmov, cx8, fxsr, mmx, sse, sse2, sse3, ssse3, sse4.1, sse4.2, popcnt, avx, avx2, aes, clmul, erms, lzcnt, tsc, tscinvbit, bmi1, bmi2, fma
CPU Model and flags from /proc/cpuinfo:
model name	: Intel(R) Core(TM) i5-4460  CPU @ 3.20GHz
flags		: fpu vme de pse tsc msr pae mce cx8 apic sep mtrr pge mca cmov pat pse36 clflush dts acpi mmx fxsr sse sse2 ss ht tm pbe syscall nx pdpe1gb rdtscp lm constant_tsc arch_perfmon pebs bts rep_good nopl xtopology nonstop_tsc aperfmperf eagerfpu pni pclmulqdq dtes64 monitor ds_cpl vmx est tm2 ssse3 sdbg fma cx16 xtpr pdcm pcid sse4_1 sse4_2 x2apic movbe popcnt tsc_deadline_timer aes xsave avx f16c rdrand lahf_lm abm epb tpr_shadow vnmi flexpriority ept vpid fsgsbase tsc_adjust bmi1 avx2 smep bmi2 erms invpcid xsaveopt dtherm ida arat pln pts

Memory: 4k page, physical 8088296k(5874036k free), swap 0k(0k free)

vm_info: Java HotSpot(TM) 64-Bit Server VM (9-ea+152) for linux-amd64 JRE (9-ea+152), built on Jan 11 2017 17:54:22 by "javare" with gcc 4.9.2

END.
